[2024-05-08T19:07:31.931+0000] {manager.py:470} INFO - Processing files using up to 1 processes at a time 
[2024-05-08T19:07:31.931+0000] {manager.py:471} INFO - Process each file at most once every 30 seconds
[2024-05-08T19:07:31.932+0000] {manager.py:472} INFO - Checking for new files in /workspaces/AirFlowDB/airflow/dags every 300 seconds
[2024-05-08T19:07:31.932+0000] {manager.py:737} INFO - Searching for files in /workspaces/AirFlowDB/airflow/dags
[2024-05-08T19:07:31.943+0000] {manager.py:740} INFO - There are 51 files in /workspaces/AirFlowDB/airflow/dags
[2024-05-08T19:07:32.089+0000] {manager.py:878} INFO - 
================================================================================
DAG File Processing Stats

File Path                                                                                                                               PID    Runtime      # DAGs    # Errors  Last Runtime    Last Run
--------------------------------------------------------------------------------------------------------------------------------------  -----  ---------  --------  ----------  --------------  -------------------
/usr/local/python/3.10.13/lib/python3.10/site-packages/airflow/example_dags/plugins/decreasing_priority_weight_strategy.py                                       0           0  0.10s           2024-05-08T19:07:32
/usr/local/python/3.10.13/lib/python3.10/site-packages/airflow/example_dags/tutorial_dag.py                                                                      0           0
/usr/local/python/3.10.13/lib/python3.10/site-packages/airflow/example_dags/example_trigger_controller_dag.py                                                    0           0
/usr/local/python/3.10.13/lib/python3.10/site-packages/airflow/example_dags/example_python_decorator.py                                                          0           0
/usr/local/python/3.10.13/lib/python3.10/site-packages/airflow/example_dags/tutorial.py                                                                          0           0
/usr/local/python/3.10.13/lib/python3.10/site-packages/airflow/example_dags/example_kubernetes_executor.py                                                       0           0
/usr/local/python/3.10.13/lib/python3.10/site-packages/airflow/example_dags/example_task_group_decorator.py                                                      0           0
/usr/local/python/3.10.13/lib/python3.10/site-packages/airflow/example_dags/example_subdag_operator.py                                                           0           0
/usr/local/python/3.10.13/lib/python3.10/site-packages/airflow/example_dags/example_params_ui_tutorial.py                                                        0           0
/usr/local/python/3.10.13/lib/python3.10/site-packages/airflow/example_dags/tutorial_taskflow_api.py                                                             0           0
/usr/local/python/3.10.13/lib/python3.10/site-packages/airflow/example_dags/example_setup_teardown.py                                                            0           0
/usr/local/python/3.10.13/lib/python3.10/site-packages/airflow/example_dags/example_skip_dag.py                                                                  0           0
/usr/local/python/3.10.13/lib/python3.10/site-packages/airflow/example_dags/tutorial_taskflow_api_virtualenv.py                                                  0           0
/usr/local/python/3.10.13/lib/python3.10/site-packages/airflow/example_dags/example_external_task_marker_dag.py                                                  0           0
/usr/local/python/3.10.13/lib/python3.10/site-packages/airflow/example_dags/example_short_circuit_decorator.py                                                   0           0
/usr/local/python/3.10.13/lib/python3.10/site-packages/airflow/example_dags/example_latest_only_with_trigger.py                                                  0           0
/usr/local/python/3.10.13/lib/python3.10/site-packages/airflow/example_dags/example_dynamic_task_mapping_with_no_taskflow_operators.py                           0           0
/usr/local/python/3.10.13/lib/python3.10/site-packages/airflow/example_dags/example_bash_operator.py                                                             0           0
/usr/local/python/3.10.13/lib/python3.10/site-packages/airflow/example_dags/example_branch_python_dop_operator_3.py                                              0           0
/usr/local/python/3.10.13/lib/python3.10/site-packages/airflow/example_dags/tutorial_objectstorage.py                                                            0           0
/usr/local/python/3.10.13/lib/python3.10/site-packages/airflow/example_dags/example_time_delta_sensor_async.py                                                   0           0
/usr/local/python/3.10.13/lib/python3.10/site-packages/airflow/example_dags/example_branch_operator_decorator.py                                                 0           0
/usr/local/python/3.10.13/lib/python3.10/site-packages/airflow/example_dags/example_complex.py                                                                   0           0
/usr/local/python/3.10.13/lib/python3.10/site-packages/airflow/example_dags/example_latest_only.py                                                               0           0
/usr/local/python/3.10.13/lib/python3.10/site-packages/airflow/example_dags/example_nested_branch_dag.py                                                         0           0
/usr/local/python/3.10.13/lib/python3.10/site-packages/airflow/example_dags/example_bash_decorator.py                                                            0           0
/usr/local/python/3.10.13/lib/python3.10/site-packages/airflow/example_dags/example_passing_params_via_test_command.py                                           0           0
/usr/local/python/3.10.13/lib/python3.10/site-packages/airflow/example_dags/example_display_name.py                                                              0           0
/usr/local/python/3.10.13/lib/python3.10/site-packages/airflow/example_dags/example_task_group.py                                                                0           0
/usr/local/python/3.10.13/lib/python3.10/site-packages/airflow/example_dags/example_local_kubernetes_executor.py                                                 0           0
/usr/local/python/3.10.13/lib/python3.10/site-packages/airflow/example_dags/example_branch_datetime_operator.py                                                  0           0
/usr/local/python/3.10.13/lib/python3.10/site-packages/airflow/example_dags/example_short_circuit_operator.py                                                    0           0
/usr/local/python/3.10.13/lib/python3.10/site-packages/airflow/example_dags/example_sensors.py                                                                   0           0
/usr/local/python/3.10.13/lib/python3.10/site-packages/airflow/example_dags/example_trigger_target_dag.py                                                        0           0
/usr/local/python/3.10.13/lib/python3.10/site-packages/airflow/example_dags/example_params_trigger_ui.py                                                         0           0
/usr/local/python/3.10.13/lib/python3.10/site-packages/airflow/example_dags/example_sensor_decorator.py                                                          0           0
/usr/local/python/3.10.13/lib/python3.10/site-packages/airflow/example_dags/example_branch_day_of_week_operator.py                                               0           0
/usr/local/python/3.10.13/lib/python3.10/site-packages/airflow/example_dags/example_python_operator.py                                                           0           0
/usr/local/python/3.10.13/lib/python3.10/site-packages/airflow/example_dags/example_dynamic_task_mapping.py                                                      0           0
/usr/local/python/3.10.13/lib/python3.10/site-packages/airflow/example_dags/example_xcomargs.py                                                                  0           0
/usr/local/python/3.10.13/lib/python3.10/site-packages/airflow/example_dags/example_branch_labels.py                                                             0           0
/usr/local/python/3.10.13/lib/python3.10/site-packages/airflow/example_dags/example_setup_teardown_taskflow.py                                                   0           0
/usr/local/python/3.10.13/lib/python3.10/site-packages/airflow/example_dags/example_datasets.py                                                                  0           0
/usr/local/python/3.10.13/lib/python3.10/site-packages/airflow/example_dags/example_branch_operator.py                                                           0           0
/usr/local/python/3.10.13/lib/python3.10/site-packages/airflow/example_dags/example_dag_decorator.py                                                             0           0
/usr/local/python/3.10.13/lib/python3.10/site-packages/airflow/example_dags/example_xcom.py                                                                      0           0
/usr/local/python/3.10.13/lib/python3.10/site-packages/airflow/example_dags/example_sla_dag.py                                                                   0           0
/usr/local/python/3.10.13/lib/python3.10/site-packages/airflow/example_dags/plugins/listener_plugin.py                                                           0           0
/usr/local/python/3.10.13/lib/python3.10/site-packages/airflow/example_dags/plugins/event_listener.py                                                            0           0
/usr/local/python/3.10.13/lib/python3.10/site-packages/airflow/example_dags/plugins/workday.py                                                                   0           0
/usr/local/python/3.10.13/lib/python3.10/site-packages/airflow/example_dags/subdags/subdag.py                                                                    0           0
================================================================================
[2024-05-08T19:08:02.619+0000] {manager.py:878} INFO - 
================================================================================
DAG File Processing Stats

File Path                                                                                                                               PID    Runtime      # DAGs    # Errors  Last Runtime    Last Run
--------------------------------------------------------------------------------------------------------------------------------------  -----  ---------  --------  ----------  --------------  -------------------
/usr/local/python/3.10.13/lib/python3.10/site-packages/airflow/example_dags/plugins/workday.py                                                                   0           0  0.40s           2024-05-08T19:07:35
/usr/local/python/3.10.13/lib/python3.10/site-packages/airflow/example_dags/example_trigger_target_dag.py                                                        1           0  0.30s           2024-05-08T19:08:02
/usr/local/python/3.10.13/lib/python3.10/site-packages/airflow/example_dags/example_short_circuit_operator.py                                                    1           0  0.30s           2024-05-08T19:08:00
/usr/local/python/3.10.13/lib/python3.10/site-packages/airflow/example_dags/example_short_circuit_decorator.py                                                   1           0  0.30s           2024-05-08T19:07:52
/usr/local/python/3.10.13/lib/python3.10/site-packages/airflow/example_dags/example_passing_params_via_test_command.py                                           1           0  0.30s           2024-05-08T19:07:57
/usr/local/python/3.10.13/lib/python3.10/site-packages/airflow/example_dags/example_setup_teardown.py                                                            1           0  0.30s           2024-05-08T19:07:48
/usr/local/python/3.10.13/lib/python3.10/site-packages/airflow/example_dags/tutorial_objectstorage.py                                                            1           0  0.30s           2024-05-08T19:07:54
/usr/local/python/3.10.13/lib/python3.10/site-packages/airflow/example_dags/tutorial_dag.py                                                                      1           0  0.30s           2024-05-08T19:07:38
/usr/local/python/3.10.13/lib/python3.10/site-packages/airflow/example_dags/example_subdag_operator.py                                                           3           0  0.30s           2024-05-08T19:07:44
/usr/local/python/3.10.13/lib/python3.10/site-packages/airflow/example_dags/example_python_decorator.py                                                          1           0  0.30s           2024-05-08T19:07:41
/usr/local/python/3.10.13/lib/python3.10/site-packages/airflow/example_dags/example_skip_dag.py                                                                  1           0  0.30s           2024-05-08T19:07:49
/usr/local/python/3.10.13/lib/python3.10/site-packages/airflow/example_dags/example_task_group.py                                                                1           0  0.30s           2024-05-08T19:07:59
/usr/local/python/3.10.13/lib/python3.10/site-packages/airflow/example_dags/example_task_group_decorator.py                                                      1           0  0.30s           2024-05-08T19:07:43
/usr/local/python/3.10.13/lib/python3.10/site-packages/airflow/example_dags/example_trigger_controller_dag.py                                                    1           0  0.30s           2024-05-08T19:07:39
/usr/local/python/3.10.13/lib/python3.10/site-packages/airflow/example_dags/example_time_delta_sensor_async.py                                                   1           0  0.30s           2024-05-08T19:07:55
/usr/local/python/3.10.13/lib/python3.10/site-packages/airflow/example_dags/tutorial.py                                                                          1           0  0.30s           2024-05-08T19:07:42
/usr/local/python/3.10.13/lib/python3.10/site-packages/airflow/example_dags/tutorial_taskflow_api.py                                                             1           0  0.30s           2024-05-08T19:07:47
/usr/local/python/3.10.13/lib/python3.10/site-packages/airflow/example_dags/example_sensors.py                                                                   1           0  0.30s           2024-05-08T19:08:01
/usr/local/python/3.10.13/lib/python3.10/site-packages/airflow/example_dags/example_nested_branch_dag.py                                                         1           0  0.30s           2024-05-08T19:07:56
/usr/local/python/3.10.13/lib/python3.10/site-packages/airflow/example_dags/example_params_ui_tutorial.py                                                        1           0  0.30s           2024-05-08T19:07:46
/usr/local/python/3.10.13/lib/python3.10/site-packages/airflow/example_dags/tutorial_taskflow_api_virtualenv.py                                                  1           0  0.30s           2024-05-08T19:07:51
/usr/local/python/3.10.13/lib/python3.10/site-packages/airflow/example_dags/plugins/decreasing_priority_weight_strategy.py                                       0           0  0.10s           2024-05-08T19:07:32
/usr/local/python/3.10.13/lib/python3.10/site-packages/airflow/example_dags/plugins/event_listener.py                                                            0           0  0.10s           2024-05-08T19:07:34
/usr/local/python/3.10.13/lib/python3.10/site-packages/airflow/example_dags/subdags/subdag.py                                                                    0           0  0.10s           2024-05-08T19:07:36
/usr/local/python/3.10.13/lib/python3.10/site-packages/airflow/example_dags/plugins/listener_plugin.py                                                           0           0  0.10s           2024-05-08T19:07:33
/usr/local/python/3.10.13/lib/python3.10/site-packages/airflow/example_dags/example_kubernetes_executor.py                                                       0           0
/usr/local/python/3.10.13/lib/python3.10/site-packages/airflow/example_dags/example_external_task_marker_dag.py                                                  0           0
/usr/local/python/3.10.13/lib/python3.10/site-packages/airflow/example_dags/example_latest_only_with_trigger.py                                                  0           0
/usr/local/python/3.10.13/lib/python3.10/site-packages/airflow/example_dags/example_dynamic_task_mapping_with_no_taskflow_operators.py                           0           0
/usr/local/python/3.10.13/lib/python3.10/site-packages/airflow/example_dags/example_bash_operator.py                                                             0           0
/usr/local/python/3.10.13/lib/python3.10/site-packages/airflow/example_dags/example_branch_python_dop_operator_3.py                                              0           0
/usr/local/python/3.10.13/lib/python3.10/site-packages/airflow/example_dags/example_branch_operator_decorator.py                                                 0           0
/usr/local/python/3.10.13/lib/python3.10/site-packages/airflow/example_dags/example_complex.py                                                                   0           0
/usr/local/python/3.10.13/lib/python3.10/site-packages/airflow/example_dags/example_latest_only.py                                                               0           0
/usr/local/python/3.10.13/lib/python3.10/site-packages/airflow/example_dags/example_bash_decorator.py                                                            0           0
/usr/local/python/3.10.13/lib/python3.10/site-packages/airflow/example_dags/example_display_name.py                                                              0           0
/usr/local/python/3.10.13/lib/python3.10/site-packages/airflow/example_dags/example_local_kubernetes_executor.py                                                 0           0
/usr/local/python/3.10.13/lib/python3.10/site-packages/airflow/example_dags/example_branch_datetime_operator.py                                                  0           0
/usr/local/python/3.10.13/lib/python3.10/site-packages/airflow/example_dags/example_params_trigger_ui.py                                                         0           0
/usr/local/python/3.10.13/lib/python3.10/site-packages/airflow/example_dags/example_sensor_decorator.py                                                          0           0
/usr/local/python/3.10.13/lib/python3.10/site-packages/airflow/example_dags/example_branch_day_of_week_operator.py                                               0           0
/usr/local/python/3.10.13/lib/python3.10/site-packages/airflow/example_dags/example_python_operator.py                                                           0           0
/usr/local/python/3.10.13/lib/python3.10/site-packages/airflow/example_dags/example_dynamic_task_mapping.py                                                      0           0
/usr/local/python/3.10.13/lib/python3.10/site-packages/airflow/example_dags/example_xcomargs.py                                                                  0           0
/usr/local/python/3.10.13/lib/python3.10/site-packages/airflow/example_dags/example_branch_labels.py                                                             0           0
/usr/local/python/3.10.13/lib/python3.10/site-packages/airflow/example_dags/example_setup_teardown_taskflow.py                                                   0           0
/usr/local/python/3.10.13/lib/python3.10/site-packages/airflow/example_dags/example_datasets.py                                                                  0           0
/usr/local/python/3.10.13/lib/python3.10/site-packages/airflow/example_dags/example_branch_operator.py                                                           0           0
/usr/local/python/3.10.13/lib/python3.10/site-packages/airflow/example_dags/example_dag_decorator.py                                                             0           0
/usr/local/python/3.10.13/lib/python3.10/site-packages/airflow/example_dags/example_xcom.py                                                                      0           0
/usr/local/python/3.10.13/lib/python3.10/site-packages/airflow/example_dags/example_sla_dag.py                                                                   0           0
================================================================================
[2024-05-08T19:08:33.096+0000] {manager.py:878} INFO - 
================================================================================
DAG File Processing Stats

File Path                                                                                                                               PID    Runtime      # DAGs    # Errors  Last Runtime    Last Run
--------------------------------------------------------------------------------------------------------------------------------------  -----  ---------  --------  ----------  --------------  -------------------
/usr/local/python/3.10.13/lib/python3.10/site-packages/airflow/example_dags/plugins/workday.py                                                                   0           0  0.40s           2024-05-08T19:07:35
/usr/local/python/3.10.13/lib/python3.10/site-packages/airflow/example_dags/example_trigger_target_dag.py                                                        1           0  0.30s           2024-05-08T19:08:02
/usr/local/python/3.10.13/lib/python3.10/site-packages/airflow/example_dags/example_short_circuit_operator.py                                                    1           0  0.30s           2024-05-08T19:08:00
/usr/local/python/3.10.13/lib/python3.10/site-packages/airflow/example_dags/example_short_circuit_decorator.py                                                   1           0  0.30s           2024-05-08T19:07:52
/usr/local/python/3.10.13/lib/python3.10/site-packages/airflow/example_dags/example_bash_operator.py                                                             1           0  0.30s           2024-05-08T19:08:15
/usr/local/python/3.10.13/lib/python3.10/site-packages/airflow/example_dags/example_passing_params_via_test_command.py                                           1           0  0.30s           2024-05-08T19:07:57
/usr/local/python/3.10.13/lib/python3.10/site-packages/airflow/example_dags/example_setup_teardown.py                                                            1           0  0.30s           2024-05-08T19:07:48
/usr/local/python/3.10.13/lib/python3.10/site-packages/airflow/example_dags/tutorial_objectstorage.py                                                            1           0  0.30s           2024-05-08T19:07:54
/usr/local/python/3.10.13/lib/python3.10/site-packages/airflow/example_dags/example_xcom.py                                                                      1           0  0.30s           2024-05-08T19:08:08
/usr/local/python/3.10.13/lib/python3.10/site-packages/airflow/example_dags/tutorial_dag.py                                                                      1           0  0.30s           2024-05-08T19:07:38
/usr/local/python/3.10.13/lib/python3.10/site-packages/airflow/example_dags/example_setup_teardown_taskflow.py                                                   1           0  0.30s           2024-05-08T19:08:07
/usr/local/python/3.10.13/lib/python3.10/site-packages/airflow/example_dags/example_subdag_operator.py                                                           3           0  0.30s           2024-05-08T19:07:44
/usr/local/python/3.10.13/lib/python3.10/site-packages/airflow/example_dags/example_xcomargs.py                                                                  2           0  0.30s           2024-05-08T19:08:05
/usr/local/python/3.10.13/lib/python3.10/site-packages/airflow/example_dags/example_datasets.py                                                                 10           0  0.30s           2024-05-08T19:08:29
/usr/local/python/3.10.13/lib/python3.10/site-packages/airflow/example_dags/example_python_decorator.py                                                          1           0  0.30s           2024-05-08T19:07:41
/usr/local/python/3.10.13/lib/python3.10/site-packages/airflow/example_dags/example_latest_only_with_trigger.py                                                  1           0  0.30s           2024-05-08T19:08:13
/usr/local/python/3.10.13/lib/python3.10/site-packages/airflow/example_dags/example_python_operator.py                                                           1           0  0.30s           2024-05-08T19:08:04
/usr/local/python/3.10.13/lib/python3.10/site-packages/airflow/example_dags/example_skip_dag.py                                                                  1           0  0.30s           2024-05-08T19:07:49
/usr/local/python/3.10.13/lib/python3.10/site-packages/airflow/example_dags/example_sla_dag.py                                                                   1           0  0.30s           2024-05-08T19:08:09
/usr/local/python/3.10.13/lib/python3.10/site-packages/airflow/example_dags/example_branch_python_dop_operator_3.py                                              1           0  0.30s           2024-05-08T19:08:16
/usr/local/python/3.10.13/lib/python3.10/site-packages/airflow/example_dags/example_dynamic_task_mapping_with_no_taskflow_operators.py                           1           0  0.30s           2024-05-08T19:08:13
/usr/local/python/3.10.13/lib/python3.10/site-packages/airflow/example_dags/example_task_group.py                                                                1           0  0.30s           2024-05-08T19:07:59
/usr/local/python/3.10.13/lib/python3.10/site-packages/airflow/example_dags/example_task_group_decorator.py                                                      1           0  0.30s           2024-05-08T19:07:43
/usr/local/python/3.10.13/lib/python3.10/site-packages/airflow/example_dags/example_trigger_controller_dag.py                                                    1           0  0.30s           2024-05-08T19:07:39
/usr/local/python/3.10.13/lib/python3.10/site-packages/airflow/example_dags/example_params_trigger_ui.py                                                         1           0  0.30s           2024-05-08T19:08:02
/usr/local/python/3.10.13/lib/python3.10/site-packages/airflow/example_dags/example_external_task_marker_dag.py                                                  2           0  0.30s           2024-05-08T19:08:12
/usr/local/python/3.10.13/lib/python3.10/site-packages/airflow/example_dags/example_time_delta_sensor_async.py                                                   1           0  0.30s           2024-05-08T19:07:55
/usr/local/python/3.10.13/lib/python3.10/site-packages/airflow/example_dags/tutorial.py                                                                          1           0  0.30s           2024-05-08T19:07:42
/usr/local/python/3.10.13/lib/python3.10/site-packages/airflow/example_dags/tutorial_taskflow_api.py                                                             1           0  0.30s           2024-05-08T19:07:47
/usr/local/python/3.10.13/lib/python3.10/site-packages/airflow/example_dags/example_sensors.py                                                                   1           0  0.30s           2024-05-08T19:08:01
/usr/local/python/3.10.13/lib/python3.10/site-packages/airflow/example_dags/example_nested_branch_dag.py                                                         1           0  0.30s           2024-05-08T19:07:56
/usr/local/python/3.10.13/lib/python3.10/site-packages/airflow/example_dags/example_branch_operator_decorator.py                                                 1           0  0.30s           2024-05-08T19:08:17
/usr/local/python/3.10.13/lib/python3.10/site-packages/airflow/example_dags/example_params_ui_tutorial.py                                                        1           0  0.30s           2024-05-08T19:07:46
/usr/local/python/3.10.13/lib/python3.10/site-packages/airflow/example_dags/tutorial_taskflow_api_virtualenv.py                                                  1           0  0.30s           2024-05-08T19:07:51
/usr/local/python/3.10.13/lib/python3.10/site-packages/airflow/example_dags/example_sensor_decorator.py                                                          1           0  0.20s           2024-05-08T19:08:03
/usr/local/python/3.10.13/lib/python3.10/site-packages/airflow/example_dags/example_branch_day_of_week_operator.py                                               1           0  0.20s           2024-05-08T19:08:25
/usr/local/python/3.10.13/lib/python3.10/site-packages/airflow/example_dags/example_dynamic_task_mapping.py                                                      1           0  0.20s           2024-05-08T19:08:27
/usr/local/python/3.10.13/lib/python3.10/site-packages/airflow/example_dags/example_complex.py                                                                   1           0  0.20s           2024-05-08T19:08:19
/usr/local/python/3.10.13/lib/python3.10/site-packages/airflow/example_dags/example_branch_labels.py                                                             1           0  0.20s           2024-05-08T19:08:28
/usr/local/python/3.10.13/lib/python3.10/site-packages/airflow/example_dags/example_branch_operator.py                                                           1           0  0.20s           2024-05-08T19:08:30
/usr/local/python/3.10.13/lib/python3.10/site-packages/airflow/example_dags/example_bash_decorator.py                                                            1           0  0.20s           2024-05-08T19:08:21
/usr/local/python/3.10.13/lib/python3.10/site-packages/airflow/example_dags/example_display_name.py                                                              1           0  0.20s           2024-05-08T19:08:22
/usr/local/python/3.10.13/lib/python3.10/site-packages/airflow/example_dags/example_branch_datetime_operator.py                                                  3           0  0.20s           2024-05-08T19:08:24
/usr/local/python/3.10.13/lib/python3.10/site-packages/airflow/example_dags/example_dag_decorator.py                                                             1           0  0.20s           2024-05-08T19:08:32
/usr/local/python/3.10.13/lib/python3.10/site-packages/airflow/example_dags/example_latest_only.py                                                               1           0  0.20s           2024-05-08T19:08:20
/usr/local/python/3.10.13/lib/python3.10/site-packages/airflow/example_dags/example_kubernetes_executor.py                                                       0           0  0.10s           2024-05-08T19:08:11
/usr/local/python/3.10.13/lib/python3.10/site-packages/airflow/example_dags/plugins/decreasing_priority_weight_strategy.py                                       0           0  0.10s           2024-05-08T19:08:33
/usr/local/python/3.10.13/lib/python3.10/site-packages/airflow/example_dags/example_local_kubernetes_executor.py                                                 0           0  0.10s           2024-05-08T19:08:23
/usr/local/python/3.10.13/lib/python3.10/site-packages/airflow/example_dags/plugins/event_listener.py                                                            0           0  0.10s           2024-05-08T19:07:34
/usr/local/python/3.10.13/lib/python3.10/site-packages/airflow/example_dags/subdags/subdag.py                                                                    0           0  0.10s           2024-05-08T19:07:36
/usr/local/python/3.10.13/lib/python3.10/site-packages/airflow/example_dags/plugins/listener_plugin.py                                                           0           0  0.10s           2024-05-08T19:07:33
================================================================================
[2024-05-08T19:09:03.369+0000] {manager.py:878} INFO - 
================================================================================
DAG File Processing Stats

File Path                                                                                                                               PID    Runtime      # DAGs    # Errors  Last Runtime    Last Run
--------------------------------------------------------------------------------------------------------------------------------------  -----  ---------  --------  ----------  --------------  -------------------
/usr/local/python/3.10.13/lib/python3.10/site-packages/airflow/example_dags/example_bash_operator.py                                                             1           0  0.30s           2024-05-08T19:08:15
/usr/local/python/3.10.13/lib/python3.10/site-packages/airflow/example_dags/plugins/workday.py                                                                   0           0  0.30s           2024-05-08T19:08:36
/usr/local/python/3.10.13/lib/python3.10/site-packages/airflow/example_dags/example_datasets.py                                                                 10           0  0.30s           2024-05-08T19:08:29
/usr/local/python/3.10.13/lib/python3.10/site-packages/airflow/example_dags/example_latest_only_with_trigger.py                                                  1           0  0.30s           2024-05-08T19:08:13
/usr/local/python/3.10.13/lib/python3.10/site-packages/airflow/example_dags/example_sla_dag.py                                                                   1           0  0.30s           2024-05-08T19:08:09
/usr/local/python/3.10.13/lib/python3.10/site-packages/airflow/example_dags/example_branch_python_dop_operator_3.py                                              1           0  0.30s           2024-05-08T19:08:16
/usr/local/python/3.10.13/lib/python3.10/site-packages/airflow/example_dags/example_dynamic_task_mapping_with_no_taskflow_operators.py                           1           0  0.30s           2024-05-08T19:08:13
/usr/local/python/3.10.13/lib/python3.10/site-packages/airflow/example_dags/example_external_task_marker_dag.py                                                  2           0  0.30s           2024-05-08T19:08:12
/usr/local/python/3.10.13/lib/python3.10/site-packages/airflow/example_dags/example_branch_operator_decorator.py                                                 1           0  0.30s           2024-05-08T19:08:17
/usr/local/python/3.10.13/lib/python3.10/site-packages/airflow/example_dags/example_subdag_operator.py                                                           3           0  0.20s           2024-05-08T19:08:43
/usr/local/python/3.10.13/lib/python3.10/site-packages/airflow/example_dags/example_branch_day_of_week_operator.py                                               1           0  0.20s           2024-05-08T19:08:25
/usr/local/python/3.10.13/lib/python3.10/site-packages/airflow/example_dags/example_dynamic_task_mapping.py                                                      1           0  0.20s           2024-05-08T19:08:27
/usr/local/python/3.10.13/lib/python3.10/site-packages/airflow/example_dags/tutorial.py                                                                          1           0  0.20s           2024-05-08T19:08:41
/usr/local/python/3.10.13/lib/python3.10/site-packages/airflow/example_dags/example_sensor_decorator.py                                                          1           0  0.20s           2024-05-08T19:09:00
/usr/local/python/3.10.13/lib/python3.10/site-packages/airflow/example_dags/example_python_operator.py                                                           1           0  0.20s           2024-05-08T19:09:00
/usr/local/python/3.10.13/lib/python3.10/site-packages/airflow/example_dags/example_complex.py                                                                   1           0  0.20s           2024-05-08T19:08:19
/usr/local/python/3.10.13/lib/python3.10/site-packages/airflow/example_dags/example_branch_labels.py                                                             1           0  0.20s           2024-05-08T19:08:28
/usr/local/python/3.10.13/lib/python3.10/site-packages/airflow/example_dags/example_branch_operator.py                                                           1           0  0.20s           2024-05-08T19:08:30
/usr/local/python/3.10.13/lib/python3.10/site-packages/airflow/example_dags/example_params_ui_tutorial.py                                                        1           0  0.20s           2024-05-08T19:08:44
/usr/local/python/3.10.13/lib/python3.10/site-packages/airflow/example_dags/example_bash_decorator.py                                                            1           0  0.20s           2024-05-08T19:08:21
/usr/local/python/3.10.13/lib/python3.10/site-packages/airflow/example_dags/example_params_trigger_ui.py                                                         1           0  0.20s           2024-05-08T19:08:58
/usr/local/python/3.10.13/lib/python3.10/site-packages/airflow/example_dags/example_task_group_decorator.py                                                      1           0  0.20s           2024-05-08T19:08:42
/usr/local/python/3.10.13/lib/python3.10/site-packages/airflow/example_dags/example_display_name.py                                                              1           0  0.20s           2024-05-08T19:08:22
/usr/local/python/3.10.13/lib/python3.10/site-packages/airflow/example_dags/example_branch_datetime_operator.py                                                  3           0  0.20s           2024-05-08T19:08:24
/usr/local/python/3.10.13/lib/python3.10/site-packages/airflow/example_dags/example_dag_decorator.py                                                             1           0  0.20s           2024-05-08T19:08:32
/usr/local/python/3.10.13/lib/python3.10/site-packages/airflow/example_dags/example_latest_only.py                                                               1           0  0.20s           2024-05-08T19:08:20
/usr/local/python/3.10.13/lib/python3.10/site-packages/airflow/example_dags/example_trigger_controller_dag.py                                                    1           0  0.10s           2024-05-08T19:08:39
/usr/local/python/3.10.13/lib/python3.10/site-packages/airflow/example_dags/tutorial_taskflow_api.py                                                             1           0  0.10s           2024-05-08T19:08:45
/usr/local/python/3.10.13/lib/python3.10/site-packages/airflow/example_dags/example_skip_dag.py                                                                  1           0  0.10s           2024-05-08T19:08:47
/usr/local/python/3.10.13/lib/python3.10/site-packages/airflow/example_dags/example_setup_teardown_taskflow.py                                                   1           0  0.10s           2024-05-08T19:09:02
/usr/local/python/3.10.13/lib/python3.10/site-packages/airflow/example_dags/example_nested_branch_dag.py                                                         1           0  0.10s           2024-05-08T19:08:52
/usr/local/python/3.10.13/lib/python3.10/site-packages/airflow/example_dags/tutorial_objectstorage.py                                                            1           0  0.10s           2024-05-08T19:08:50
/usr/local/python/3.10.13/lib/python3.10/site-packages/airflow/example_dags/example_task_group.py                                                                1           0  0.10s           2024-05-08T19:08:54
/usr/local/python/3.10.13/lib/python3.10/site-packages/airflow/example_dags/example_short_circuit_decorator.py                                                   1           0  0.10s           2024-05-08T19:08:49
/usr/local/python/3.10.13/lib/python3.10/site-packages/airflow/example_dags/plugins/event_listener.py                                                            0           0  0.10s           2024-05-08T19:08:34
/usr/local/python/3.10.13/lib/python3.10/site-packages/airflow/example_dags/example_setup_teardown.py                                                            1           0  0.10s           2024-05-08T19:08:46
/usr/local/python/3.10.13/lib/python3.10/site-packages/airflow/example_dags/example_time_delta_sensor_async.py                                                   1           0  0.10s           2024-05-08T19:08:51
/usr/local/python/3.10.13/lib/python3.10/site-packages/airflow/example_dags/example_sensors.py                                                                   1           0  0.10s           2024-05-08T19:08:56
/usr/local/python/3.10.13/lib/python3.10/site-packages/airflow/example_dags/example_kubernetes_executor.py                                                       0           0  0.10s           2024-05-08T19:08:11
/usr/local/python/3.10.13/lib/python3.10/site-packages/airflow/example_dags/subdags/subdag.py                                                                    0           0  0.10s           2024-05-08T19:08:37
/usr/local/python/3.10.13/lib/python3.10/site-packages/airflow/example_dags/example_passing_params_via_test_command.py                                           1           0  0.10s           2024-05-08T19:08:53
/usr/local/python/3.10.13/lib/python3.10/site-packages/airflow/example_dags/example_short_circuit_operator.py                                                    1           0  0.10s           2024-05-08T19:08:55
/usr/local/python/3.10.13/lib/python3.10/site-packages/airflow/example_dags/plugins/decreasing_priority_weight_strategy.py                                       0           0  0.10s           2024-05-08T19:08:33
/usr/local/python/3.10.13/lib/python3.10/site-packages/airflow/example_dags/example_xcom.py                                                                      1           0  0.10s           2024-05-08T19:09:03
/usr/local/python/3.10.13/lib/python3.10/site-packages/airflow/example_dags/example_local_kubernetes_executor.py                                                 0           0  0.10s           2024-05-08T19:08:23
/usr/local/python/3.10.13/lib/python3.10/site-packages/airflow/example_dags/example_xcomargs.py                                                                  2           0  0.10s           2024-05-08T19:09:01
/usr/local/python/3.10.13/lib/python3.10/site-packages/airflow/example_dags/tutorial_taskflow_api_virtualenv.py                                                  1           0  0.10s           2024-05-08T19:08:48
/usr/local/python/3.10.13/lib/python3.10/site-packages/airflow/example_dags/plugins/listener_plugin.py                                                           0           0  0.10s           2024-05-08T19:08:33
/usr/local/python/3.10.13/lib/python3.10/site-packages/airflow/example_dags/example_python_decorator.py                                                          1           0  0.10s           2024-05-08T19:08:39
/usr/local/python/3.10.13/lib/python3.10/site-packages/airflow/example_dags/example_trigger_target_dag.py                                                        1           0  0.10s           2024-05-08T19:08:57
/usr/local/python/3.10.13/lib/python3.10/site-packages/airflow/example_dags/tutorial_dag.py                                                                      1           0  0.10s           2024-05-08T19:08:38
================================================================================
[2024-05-08T19:09:25.266+0000] {manager.py:452} INFO - Exiting gracefully upon receiving signal 15
[2024-05-08T19:11:31.257+0000] {manager.py:470} INFO - Processing files using up to 1 processes at a time 
[2024-05-08T19:11:31.257+0000] {manager.py:471} INFO - Process each file at most once every 30 seconds
[2024-05-08T19:11:31.258+0000] {manager.py:472} INFO - Checking for new files in /workspaces/AirFlowDB/airflow/dags every 300 seconds
[2024-05-08T19:11:31.258+0000] {manager.py:737} INFO - Searching for files in /workspaces/AirFlowDB/airflow/dags
[2024-05-08T19:11:31.269+0000] {manager.py:740} INFO - There are 51 files in /workspaces/AirFlowDB/airflow/dags
[2024-05-08T19:11:31.415+0000] {manager.py:878} INFO - 
================================================================================
DAG File Processing Stats

File Path                                                                                                                               PID    Runtime      # DAGs    # Errors  Last Runtime    Last Run
--------------------------------------------------------------------------------------------------------------------------------------  -----  ---------  --------  ----------  --------------  -------------------
/usr/local/python/3.10.13/lib/python3.10/site-packages/airflow/example_dags/plugins/decreasing_priority_weight_strategy.py                                       0           0  0.10s           2024-05-08T19:11:31
/usr/local/python/3.10.13/lib/python3.10/site-packages/airflow/example_dags/tutorial_dag.py                                                                      0           0
/usr/local/python/3.10.13/lib/python3.10/site-packages/airflow/example_dags/example_trigger_controller_dag.py                                                    0           0
/usr/local/python/3.10.13/lib/python3.10/site-packages/airflow/example_dags/example_python_decorator.py                                                          0           0
/usr/local/python/3.10.13/lib/python3.10/site-packages/airflow/example_dags/tutorial.py                                                                          0           0
/usr/local/python/3.10.13/lib/python3.10/site-packages/airflow/example_dags/example_kubernetes_executor.py                                                       0           0
/usr/local/python/3.10.13/lib/python3.10/site-packages/airflow/example_dags/example_task_group_decorator.py                                                      0           0
/usr/local/python/3.10.13/lib/python3.10/site-packages/airflow/example_dags/example_subdag_operator.py                                                           0           0
/usr/local/python/3.10.13/lib/python3.10/site-packages/airflow/example_dags/example_params_ui_tutorial.py                                                        0           0
/usr/local/python/3.10.13/lib/python3.10/site-packages/airflow/example_dags/tutorial_taskflow_api.py                                                             0           0
/usr/local/python/3.10.13/lib/python3.10/site-packages/airflow/example_dags/example_setup_teardown.py                                                            0           0
/usr/local/python/3.10.13/lib/python3.10/site-packages/airflow/example_dags/example_skip_dag.py                                                                  0           0
/usr/local/python/3.10.13/lib/python3.10/site-packages/airflow/example_dags/tutorial_taskflow_api_virtualenv.py                                                  0           0
/usr/local/python/3.10.13/lib/python3.10/site-packages/airflow/example_dags/example_external_task_marker_dag.py                                                  0           0
/usr/local/python/3.10.13/lib/python3.10/site-packages/airflow/example_dags/example_short_circuit_decorator.py                                                   0           0
/usr/local/python/3.10.13/lib/python3.10/site-packages/airflow/example_dags/example_latest_only_with_trigger.py                                                  0           0
/usr/local/python/3.10.13/lib/python3.10/site-packages/airflow/example_dags/example_dynamic_task_mapping_with_no_taskflow_operators.py                           0           0
/usr/local/python/3.10.13/lib/python3.10/site-packages/airflow/example_dags/example_bash_operator.py                                                             0           0
/usr/local/python/3.10.13/lib/python3.10/site-packages/airflow/example_dags/example_branch_python_dop_operator_3.py                                              0           0
/usr/local/python/3.10.13/lib/python3.10/site-packages/airflow/example_dags/tutorial_objectstorage.py                                                            0           0
/usr/local/python/3.10.13/lib/python3.10/site-packages/airflow/example_dags/example_time_delta_sensor_async.py                                                   0           0
/usr/local/python/3.10.13/lib/python3.10/site-packages/airflow/example_dags/example_branch_operator_decorator.py                                                 0           0
/usr/local/python/3.10.13/lib/python3.10/site-packages/airflow/example_dags/example_complex.py                                                                   0           0
/usr/local/python/3.10.13/lib/python3.10/site-packages/airflow/example_dags/example_latest_only.py                                                               0           0
/usr/local/python/3.10.13/lib/python3.10/site-packages/airflow/example_dags/example_nested_branch_dag.py                                                         0           0
/usr/local/python/3.10.13/lib/python3.10/site-packages/airflow/example_dags/example_bash_decorator.py                                                            0           0
/usr/local/python/3.10.13/lib/python3.10/site-packages/airflow/example_dags/example_passing_params_via_test_command.py                                           0           0
/usr/local/python/3.10.13/lib/python3.10/site-packages/airflow/example_dags/example_display_name.py                                                              0           0
/usr/local/python/3.10.13/lib/python3.10/site-packages/airflow/example_dags/example_task_group.py                                                                0           0
/usr/local/python/3.10.13/lib/python3.10/site-packages/airflow/example_dags/example_local_kubernetes_executor.py                                                 0           0
/usr/local/python/3.10.13/lib/python3.10/site-packages/airflow/example_dags/example_branch_datetime_operator.py                                                  0           0
/usr/local/python/3.10.13/lib/python3.10/site-packages/airflow/example_dags/example_short_circuit_operator.py                                                    0           0
/usr/local/python/3.10.13/lib/python3.10/site-packages/airflow/example_dags/example_sensors.py                                                                   0           0
/usr/local/python/3.10.13/lib/python3.10/site-packages/airflow/example_dags/example_trigger_target_dag.py                                                        0           0
/usr/local/python/3.10.13/lib/python3.10/site-packages/airflow/example_dags/example_params_trigger_ui.py                                                         0           0
/usr/local/python/3.10.13/lib/python3.10/site-packages/airflow/example_dags/example_sensor_decorator.py                                                          0           0
/usr/local/python/3.10.13/lib/python3.10/site-packages/airflow/example_dags/example_branch_day_of_week_operator.py                                               0           0
/usr/local/python/3.10.13/lib/python3.10/site-packages/airflow/example_dags/example_python_operator.py                                                           0           0
/usr/local/python/3.10.13/lib/python3.10/site-packages/airflow/example_dags/example_dynamic_task_mapping.py                                                      0           0
/usr/local/python/3.10.13/lib/python3.10/site-packages/airflow/example_dags/example_xcomargs.py                                                                  0           0
/usr/local/python/3.10.13/lib/python3.10/site-packages/airflow/example_dags/example_branch_labels.py                                                             0           0
/usr/local/python/3.10.13/lib/python3.10/site-packages/airflow/example_dags/example_setup_teardown_taskflow.py                                                   0           0
/usr/local/python/3.10.13/lib/python3.10/site-packages/airflow/example_dags/example_datasets.py                                                                  0           0
/usr/local/python/3.10.13/lib/python3.10/site-packages/airflow/example_dags/example_branch_operator.py                                                           0           0
/usr/local/python/3.10.13/lib/python3.10/site-packages/airflow/example_dags/example_dag_decorator.py                                                             0           0
/usr/local/python/3.10.13/lib/python3.10/site-packages/airflow/example_dags/example_xcom.py                                                                      0           0
/usr/local/python/3.10.13/lib/python3.10/site-packages/airflow/example_dags/example_sla_dag.py                                                                   0           0
/usr/local/python/3.10.13/lib/python3.10/site-packages/airflow/example_dags/plugins/listener_plugin.py                                                           0           0
/usr/local/python/3.10.13/lib/python3.10/site-packages/airflow/example_dags/plugins/event_listener.py                                                            0           0
/usr/local/python/3.10.13/lib/python3.10/site-packages/airflow/example_dags/plugins/workday.py                                                                   0           0
/usr/local/python/3.10.13/lib/python3.10/site-packages/airflow/example_dags/subdags/subdag.py                                                                    0           0
================================================================================
[2024-05-08T19:12:01.744+0000] {manager.py:878} INFO - 
================================================================================
DAG File Processing Stats

File Path                                                                                                                               PID    Runtime      # DAGs    # Errors  Last Runtime    Last Run
--------------------------------------------------------------------------------------------------------------------------------------  -----  ---------  --------  ----------  --------------  -------------------
/usr/local/python/3.10.13/lib/python3.10/site-packages/airflow/example_dags/plugins/workday.py                                                                   0           0  0.40s           2024-05-08T19:11:35
/usr/local/python/3.10.13/lib/python3.10/site-packages/airflow/example_dags/example_python_operator.py                                                           1           0  0.30s           2024-05-08T19:12:01
/usr/local/python/3.10.13/lib/python3.10/site-packages/airflow/example_dags/example_python_decorator.py                                                          1           0  0.30s           2024-05-08T19:11:39
/usr/local/python/3.10.13/lib/python3.10/site-packages/airflow/example_dags/example_nested_branch_dag.py                                                         1           0  0.30s           2024-05-08T19:11:51
/usr/local/python/3.10.13/lib/python3.10/site-packages/airflow/example_dags/tutorial_taskflow_api_virtualenv.py                                                  1           0  0.30s           2024-05-08T19:11:47
/usr/local/python/3.10.13/lib/python3.10/site-packages/airflow/example_dags/example_passing_params_via_test_command.py                                           1           0  0.20s           2024-05-08T19:11:53
/usr/local/python/3.10.13/lib/python3.10/site-packages/airflow/example_dags/example_sensors.py                                                                   1           0  0.20s           2024-05-08T19:11:56
/usr/local/python/3.10.13/lib/python3.10/site-packages/airflow/example_dags/example_short_circuit_operator.py                                                    1           0  0.20s           2024-05-08T19:11:55
/usr/local/python/3.10.13/lib/python3.10/site-packages/airflow/example_dags/tutorial_objectstorage.py                                                            1           0  0.20s           2024-05-08T19:11:50
/usr/local/python/3.10.13/lib/python3.10/site-packages/airflow/example_dags/example_params_ui_tutorial.py                                                        1           0  0.20s           2024-05-08T19:11:43
/usr/local/python/3.10.13/lib/python3.10/site-packages/airflow/example_dags/example_task_group.py                                                                1           0  0.20s           2024-05-08T19:11:54
/usr/local/python/3.10.13/lib/python3.10/site-packages/airflow/example_dags/example_trigger_target_dag.py                                                        1           0  0.20s           2024-05-08T19:11:58
/usr/local/python/3.10.13/lib/python3.10/site-packages/airflow/example_dags/example_params_trigger_ui.py                                                         1           0  0.20s           2024-05-08T19:11:59
/usr/local/python/3.10.13/lib/python3.10/site-packages/airflow/example_dags/example_sensor_decorator.py                                                          1           0  0.20s           2024-05-08T19:12:00
/usr/local/python/3.10.13/lib/python3.10/site-packages/airflow/example_dags/example_time_delta_sensor_async.py                                                   1           0  0.20s           2024-05-08T19:11:51
/usr/local/python/3.10.13/lib/python3.10/site-packages/airflow/example_dags/example_subdag_operator.py                                                           3           0  0.11s           2024-05-08T19:11:42
/usr/local/python/3.10.13/lib/python3.10/site-packages/airflow/example_dags/example_trigger_controller_dag.py                                                    1           0  0.10s           2024-05-08T19:11:38
/usr/local/python/3.10.13/lib/python3.10/site-packages/airflow/example_dags/example_skip_dag.py                                                                  1           0  0.10s           2024-05-08T19:11:46
/usr/local/python/3.10.13/lib/python3.10/site-packages/airflow/example_dags/plugins/decreasing_priority_weight_strategy.py                                       0           0  0.10s           2024-05-08T19:11:31
/usr/local/python/3.10.13/lib/python3.10/site-packages/airflow/example_dags/tutorial_dag.py                                                                      1           0  0.10s           2024-05-08T19:11:37
/usr/local/python/3.10.13/lib/python3.10/site-packages/airflow/example_dags/example_task_group_decorator.py                                                      1           0  0.10s           2024-05-08T19:11:41
/usr/local/python/3.10.13/lib/python3.10/site-packages/airflow/example_dags/example_setup_teardown.py                                                            1           0  0.10s           2024-05-08T19:11:46
/usr/local/python/3.10.13/lib/python3.10/site-packages/airflow/example_dags/tutorial_taskflow_api.py                                                             1           0  0.10s           2024-05-08T19:11:44
/usr/local/python/3.10.13/lib/python3.10/site-packages/airflow/example_dags/plugins/event_listener.py                                                            0           0  0.10s           2024-05-08T19:11:33
/usr/local/python/3.10.13/lib/python3.10/site-packages/airflow/example_dags/tutorial.py                                                                          1           0  0.10s           2024-05-08T19:11:41
/usr/local/python/3.10.13/lib/python3.10/site-packages/airflow/example_dags/plugins/listener_plugin.py                                                           0           0  0.10s           2024-05-08T19:11:32
/usr/local/python/3.10.13/lib/python3.10/site-packages/airflow/example_dags/example_short_circuit_decorator.py                                                   1           0  0.10s           2024-05-08T19:11:48
/usr/local/python/3.10.13/lib/python3.10/site-packages/airflow/example_dags/subdags/subdag.py                                                                    0           0  0.10s           2024-05-08T19:11:36
/usr/local/python/3.10.13/lib/python3.10/site-packages/airflow/example_dags/example_kubernetes_executor.py                                                       0           0
/usr/local/python/3.10.13/lib/python3.10/site-packages/airflow/example_dags/example_external_task_marker_dag.py                                                  0           0
/usr/local/python/3.10.13/lib/python3.10/site-packages/airflow/example_dags/example_latest_only_with_trigger.py                                                  0           0
/usr/local/python/3.10.13/lib/python3.10/site-packages/airflow/example_dags/example_dynamic_task_mapping_with_no_taskflow_operators.py                           0           0
/usr/local/python/3.10.13/lib/python3.10/site-packages/airflow/example_dags/example_bash_operator.py                                                             0           0
/usr/local/python/3.10.13/lib/python3.10/site-packages/airflow/example_dags/example_branch_python_dop_operator_3.py                                              0           0
/usr/local/python/3.10.13/lib/python3.10/site-packages/airflow/example_dags/example_branch_operator_decorator.py                                                 0           0
/usr/local/python/3.10.13/lib/python3.10/site-packages/airflow/example_dags/example_complex.py                                                                   0           0
/usr/local/python/3.10.13/lib/python3.10/site-packages/airflow/example_dags/example_latest_only.py                                                               0           0
/usr/local/python/3.10.13/lib/python3.10/site-packages/airflow/example_dags/example_bash_decorator.py                                                            0           0
/usr/local/python/3.10.13/lib/python3.10/site-packages/airflow/example_dags/example_display_name.py                                                              0           0
/usr/local/python/3.10.13/lib/python3.10/site-packages/airflow/example_dags/example_local_kubernetes_executor.py                                                 0           0
/usr/local/python/3.10.13/lib/python3.10/site-packages/airflow/example_dags/example_branch_datetime_operator.py                                                  0           0
/usr/local/python/3.10.13/lib/python3.10/site-packages/airflow/example_dags/example_branch_day_of_week_operator.py                                               0           0
/usr/local/python/3.10.13/lib/python3.10/site-packages/airflow/example_dags/example_dynamic_task_mapping.py                                                      0           0
/usr/local/python/3.10.13/lib/python3.10/site-packages/airflow/example_dags/example_xcomargs.py                                                                  0           0
/usr/local/python/3.10.13/lib/python3.10/site-packages/airflow/example_dags/example_branch_labels.py                                                             0           0
/usr/local/python/3.10.13/lib/python3.10/site-packages/airflow/example_dags/example_setup_teardown_taskflow.py                                                   0           0
/usr/local/python/3.10.13/lib/python3.10/site-packages/airflow/example_dags/example_datasets.py                                                                  0           0
/usr/local/python/3.10.13/lib/python3.10/site-packages/airflow/example_dags/example_branch_operator.py                                                           0           0
/usr/local/python/3.10.13/lib/python3.10/site-packages/airflow/example_dags/example_dag_decorator.py                                                             0           0
/usr/local/python/3.10.13/lib/python3.10/site-packages/airflow/example_dags/example_xcom.py                                                                      0           0
/usr/local/python/3.10.13/lib/python3.10/site-packages/airflow/example_dags/example_sla_dag.py                                                                   0           0
================================================================================
[2024-05-08T19:12:23.459+0000] {manager.py:452} INFO - Exiting gracefully upon receiving signal 15
