[2024-04-24T20:01:56.457+0000] {local_task_job_runner.py:120} INFO - ::group::Pre task execution logs
[2024-04-24T20:01:56.480+0000] {taskinstance.py:2073} INFO - Dependencies all met for dep_context=non-requeueable deps ti=<TaskInstance: example_bash_operator.runme_1 scheduled__2024-04-23T00:00:00+00:00 [queued]>
[2024-04-24T20:01:56.486+0000] {taskinstance.py:2073} INFO - Dependencies all met for dep_context=requeueable deps ti=<TaskInstance: example_bash_operator.runme_1 scheduled__2024-04-23T00:00:00+00:00 [queued]>
[2024-04-24T20:01:56.486+0000] {taskinstance.py:2303} INFO - Starting attempt 1 of 1
[2024-04-24T20:01:56.524+0000] {taskinstance.py:2327} INFO - Executing <Task(BashOperator): runme_1> on 2024-04-23 00:00:00+00:00
[2024-04-24T20:01:56.529+0000] {standard_task_runner.py:63} INFO - Started process 7094 to run task
[2024-04-24T20:01:56.534+0000] {standard_task_runner.py:90} INFO - Running: ['airflow', 'tasks', 'run', 'example_bash_operator', 'runme_1', 'scheduled__2024-04-23T00:00:00+00:00', '--job-id', '34', '--raw', '--subdir', '/usr/local/python/3.10.13/lib/python3.10/site-packages/airflow/example_dags/example_bash_operator.py', '--cfg-path', '/tmp/tmph6lu6rqw']
[2024-04-24T20:01:56.535+0000] {standard_task_runner.py:91} INFO - Job 34: Subtask runme_1
[2024-04-24T20:01:56.591+0000] {task_command.py:426} INFO - Running <TaskInstance: example_bash_operator.runme_1 scheduled__2024-04-23T00:00:00+00:00 [running]> on host codespaces-04f84a
[2024-04-24T20:01:56.700+0000] {taskinstance.py:2644} INFO - Exporting env vars: AIRFLOW_CTX_DAG_OWNER='airflow' AIRFLOW_CTX_DAG_ID='example_bash_operator' AIRFLOW_CTX_TASK_ID='runme_1' AIRFLOW_CTX_EXECUTION_DATE='2024-04-23T00:00:00+00:00' AIRFLOW_CTX_TRY_NUMBER='1' AIRFLOW_CTX_DAG_RUN_ID='scheduled__2024-04-23T00:00:00+00:00'
[2024-04-24T20:01:56.701+0000] {taskinstance.py:430} INFO - ::endgroup::
[2024-04-24T20:01:56.702+0000] {subprocess.py:63} INFO - Tmp dir root location: /tmp
[2024-04-24T20:01:56.703+0000] {subprocess.py:75} INFO - Running command: ['/usr/bin/bash', '-c', 'echo "example_bash_operator__runme_1__20240423" && sleep 1']
[2024-04-24T20:01:56.713+0000] {subprocess.py:86} INFO - Output:
[2024-04-24T20:01:56.715+0000] {subprocess.py:93} INFO - example_bash_operator__runme_1__20240423
[2024-04-24T20:01:57.719+0000] {subprocess.py:97} INFO - Command exited with return code 0
[2024-04-24T20:01:57.720+0000] {taskinstance.py:441} INFO - ::group::Post task execution logs
[2024-04-24T20:01:57.757+0000] {taskinstance.py:1205} INFO - Marking task as SUCCESS. dag_id=example_bash_operator, task_id=runme_1, execution_date=20240423T000000, start_date=20240424T200156, end_date=20240424T200157
[2024-04-24T20:01:57.835+0000] {local_task_job_runner.py:240} INFO - Task exited with return code 0
[2024-04-24T20:01:57.848+0000] {taskinstance.py:3482} INFO - 0 downstream tasks scheduled from follow-on schedule check
[2024-04-24T20:01:57.848+0000] {local_task_job_runner.py:222} INFO - ::endgroup::
