[2024-04-24T20:02:20.713+0000] {processor.py:161} INFO - Started process (PID=7532) to work on /usr/local/python/3.10.13/lib/python3.10/site-packages/airflow/example_dags/example_params_ui_tutorial.py
[2024-04-24T20:02:20.714+0000] {processor.py:830} INFO - Processing file /usr/local/python/3.10.13/lib/python3.10/site-packages/airflow/example_dags/example_params_ui_tutorial.py for tasks to queue
[2024-04-24T20:02:20.715+0000] {logging_mixin.py:188} INFO - [2024-04-24T20:02:20.715+0000] {dagbag.py:540} INFO - Filling up the DagBag from /usr/local/python/3.10.13/lib/python3.10/site-packages/airflow/example_dags/example_params_ui_tutorial.py
[2024-04-24T20:02:20.723+0000] {processor.py:840} INFO - DAG(s) 'example_params_ui_tutorial' retrieved from /usr/local/python/3.10.13/lib/python3.10/site-packages/airflow/example_dags/example_params_ui_tutorial.py
[2024-04-24T20:02:20.812+0000] {logging_mixin.py:188} INFO - [2024-04-24T20:02:20.812+0000] {dag.py:3096} INFO - Sync 1 DAGs
[2024-04-24T20:02:20.877+0000] {logging_mixin.py:188} INFO - [2024-04-24T20:02:20.876+0000] {dag.py:3954} INFO - Setting next_dagrun for example_params_ui_tutorial to None, run_after=None
[2024-04-24T20:02:20.915+0000] {processor.py:183} INFO - Processing /usr/local/python/3.10.13/lib/python3.10/site-packages/airflow/example_dags/example_params_ui_tutorial.py took 0.206 seconds
[2024-04-24T20:03:21.569+0000] {processor.py:161} INFO - Started process (PID=8317) to work on /usr/local/python/3.10.13/lib/python3.10/site-packages/airflow/example_dags/example_params_ui_tutorial.py
[2024-04-24T20:03:21.569+0000] {processor.py:830} INFO - Processing file /usr/local/python/3.10.13/lib/python3.10/site-packages/airflow/example_dags/example_params_ui_tutorial.py for tasks to queue
[2024-04-24T20:03:21.571+0000] {logging_mixin.py:188} INFO - [2024-04-24T20:03:21.570+0000] {dagbag.py:540} INFO - Filling up the DagBag from /usr/local/python/3.10.13/lib/python3.10/site-packages/airflow/example_dags/example_params_ui_tutorial.py
[2024-04-24T20:03:21.579+0000] {processor.py:840} INFO - DAG(s) 'example_params_ui_tutorial' retrieved from /usr/local/python/3.10.13/lib/python3.10/site-packages/airflow/example_dags/example_params_ui_tutorial.py
[2024-04-24T20:03:21.676+0000] {logging_mixin.py:188} INFO - [2024-04-24T20:03:21.676+0000] {dag.py:3096} INFO - Sync 1 DAGs
[2024-04-24T20:03:21.683+0000] {logging_mixin.py:188} INFO - [2024-04-24T20:03:21.683+0000] {dag.py:3954} INFO - Setting next_dagrun for example_params_ui_tutorial to None, run_after=None
[2024-04-24T20:03:21.720+0000] {processor.py:183} INFO - Processing /usr/local/python/3.10.13/lib/python3.10/site-packages/airflow/example_dags/example_params_ui_tutorial.py took 0.156 seconds
[2024-04-24T20:04:11.295+0000] {processor.py:161} INFO - Started process (PID=8790) to work on /usr/local/python/3.10.13/lib/python3.10/site-packages/airflow/example_dags/example_params_ui_tutorial.py
[2024-04-24T20:04:11.295+0000] {processor.py:830} INFO - Processing file /usr/local/python/3.10.13/lib/python3.10/site-packages/airflow/example_dags/example_params_ui_tutorial.py for tasks to queue
[2024-04-24T20:04:11.296+0000] {logging_mixin.py:188} INFO - [2024-04-24T20:04:11.296+0000] {dagbag.py:540} INFO - Filling up the DagBag from /usr/local/python/3.10.13/lib/python3.10/site-packages/airflow/example_dags/example_params_ui_tutorial.py
[2024-04-24T20:04:11.305+0000] {processor.py:840} INFO - DAG(s) 'example_params_ui_tutorial' retrieved from /usr/local/python/3.10.13/lib/python3.10/site-packages/airflow/example_dags/example_params_ui_tutorial.py
[2024-04-24T20:04:11.338+0000] {logging_mixin.py:188} INFO - [2024-04-24T20:04:11.338+0000] {dag.py:3096} INFO - Sync 1 DAGs
[2024-04-24T20:04:11.346+0000] {logging_mixin.py:188} INFO - [2024-04-24T20:04:11.346+0000] {dag.py:3954} INFO - Setting next_dagrun for example_params_ui_tutorial to None, run_after=None
[2024-04-24T20:04:11.384+0000] {processor.py:183} INFO - Processing /usr/local/python/3.10.13/lib/python3.10/site-packages/airflow/example_dags/example_params_ui_tutorial.py took 0.093 seconds
[2024-04-24T20:04:57.629+0000] {processor.py:161} INFO - Started process (PID=9200) to work on /usr/local/python/3.10.13/lib/python3.10/site-packages/airflow/example_dags/example_params_ui_tutorial.py
[2024-04-24T20:04:57.630+0000] {processor.py:830} INFO - Processing file /usr/local/python/3.10.13/lib/python3.10/site-packages/airflow/example_dags/example_params_ui_tutorial.py for tasks to queue
[2024-04-24T20:04:57.631+0000] {logging_mixin.py:188} INFO - [2024-04-24T20:04:57.631+0000] {dagbag.py:540} INFO - Filling up the DagBag from /usr/local/python/3.10.13/lib/python3.10/site-packages/airflow/example_dags/example_params_ui_tutorial.py
[2024-04-24T20:04:57.641+0000] {processor.py:840} INFO - DAG(s) 'example_params_ui_tutorial' retrieved from /usr/local/python/3.10.13/lib/python3.10/site-packages/airflow/example_dags/example_params_ui_tutorial.py
[2024-04-24T20:04:57.677+0000] {logging_mixin.py:188} INFO - [2024-04-24T20:04:57.677+0000] {dag.py:3096} INFO - Sync 1 DAGs
[2024-04-24T20:04:57.686+0000] {logging_mixin.py:188} INFO - [2024-04-24T20:04:57.686+0000] {dag.py:3954} INFO - Setting next_dagrun for example_params_ui_tutorial to None, run_after=None
[2024-04-24T20:04:57.726+0000] {processor.py:183} INFO - Processing /usr/local/python/3.10.13/lib/python3.10/site-packages/airflow/example_dags/example_params_ui_tutorial.py took 0.102 seconds
