[2024-04-24T20:02:18.033+0000] {processor.py:161} INFO - Started process (PID=7517) to work on /usr/local/python/3.10.13/lib/python3.10/site-packages/airflow/example_dags/example_task_group_decorator.py
[2024-04-24T20:02:18.034+0000] {processor.py:830} INFO - Processing file /usr/local/python/3.10.13/lib/python3.10/site-packages/airflow/example_dags/example_task_group_decorator.py for tasks to queue
[2024-04-24T20:02:18.035+0000] {logging_mixin.py:188} INFO - [2024-04-24T20:02:18.035+0000] {dagbag.py:540} INFO - Filling up the DagBag from /usr/local/python/3.10.13/lib/python3.10/site-packages/airflow/example_dags/example_task_group_decorator.py
[2024-04-24T20:02:18.048+0000] {processor.py:840} INFO - DAG(s) 'example_task_group_decorator' retrieved from /usr/local/python/3.10.13/lib/python3.10/site-packages/airflow/example_dags/example_task_group_decorator.py
[2024-04-24T20:02:18.120+0000] {logging_mixin.py:188} INFO - [2024-04-24T20:02:18.120+0000] {dag.py:3096} INFO - Sync 1 DAGs
[2024-04-24T20:02:18.268+0000] {logging_mixin.py:188} INFO - [2024-04-24T20:02:18.268+0000] {dag.py:3954} INFO - Setting next_dagrun for example_task_group_decorator to 2024-04-23 00:00:00+00:00, run_after=2024-04-24 00:00:00+00:00
[2024-04-24T20:02:18.326+0000] {processor.py:183} INFO - Processing /usr/local/python/3.10.13/lib/python3.10/site-packages/airflow/example_dags/example_task_group_decorator.py took 0.297 seconds
[2024-04-24T20:03:19.059+0000] {processor.py:161} INFO - Started process (PID=8303) to work on /usr/local/python/3.10.13/lib/python3.10/site-packages/airflow/example_dags/example_task_group_decorator.py
[2024-04-24T20:03:19.060+0000] {processor.py:830} INFO - Processing file /usr/local/python/3.10.13/lib/python3.10/site-packages/airflow/example_dags/example_task_group_decorator.py for tasks to queue
[2024-04-24T20:03:19.061+0000] {logging_mixin.py:188} INFO - [2024-04-24T20:03:19.061+0000] {dagbag.py:540} INFO - Filling up the DagBag from /usr/local/python/3.10.13/lib/python3.10/site-packages/airflow/example_dags/example_task_group_decorator.py
[2024-04-24T20:03:19.072+0000] {processor.py:840} INFO - DAG(s) 'example_task_group_decorator' retrieved from /usr/local/python/3.10.13/lib/python3.10/site-packages/airflow/example_dags/example_task_group_decorator.py
[2024-04-24T20:03:19.146+0000] {logging_mixin.py:188} INFO - [2024-04-24T20:03:19.145+0000] {dag.py:3096} INFO - Sync 1 DAGs
[2024-04-24T20:03:19.158+0000] {logging_mixin.py:188} INFO - [2024-04-24T20:03:19.158+0000] {dag.py:3954} INFO - Setting next_dagrun for example_task_group_decorator to 2024-04-23 00:00:00+00:00, run_after=2024-04-24 00:00:00+00:00
[2024-04-24T20:03:19.197+0000] {processor.py:183} INFO - Processing /usr/local/python/3.10.13/lib/python3.10/site-packages/airflow/example_dags/example_task_group_decorator.py took 0.143 seconds
[2024-04-24T20:04:09.256+0000] {processor.py:161} INFO - Started process (PID=8782) to work on /usr/local/python/3.10.13/lib/python3.10/site-packages/airflow/example_dags/example_task_group_decorator.py
[2024-04-24T20:04:09.256+0000] {processor.py:830} INFO - Processing file /usr/local/python/3.10.13/lib/python3.10/site-packages/airflow/example_dags/example_task_group_decorator.py for tasks to queue
[2024-04-24T20:04:09.258+0000] {logging_mixin.py:188} INFO - [2024-04-24T20:04:09.257+0000] {dagbag.py:540} INFO - Filling up the DagBag from /usr/local/python/3.10.13/lib/python3.10/site-packages/airflow/example_dags/example_task_group_decorator.py
[2024-04-24T20:04:09.269+0000] {processor.py:840} INFO - DAG(s) 'example_task_group_decorator' retrieved from /usr/local/python/3.10.13/lib/python3.10/site-packages/airflow/example_dags/example_task_group_decorator.py
[2024-04-24T20:04:09.283+0000] {logging_mixin.py:188} INFO - [2024-04-24T20:04:09.283+0000] {dag.py:3096} INFO - Sync 1 DAGs
[2024-04-24T20:04:09.297+0000] {logging_mixin.py:188} INFO - [2024-04-24T20:04:09.296+0000] {dag.py:3954} INFO - Setting next_dagrun for example_task_group_decorator to 2024-04-23 00:00:00+00:00, run_after=2024-04-24 00:00:00+00:00
[2024-04-24T20:04:09.333+0000] {processor.py:183} INFO - Processing /usr/local/python/3.10.13/lib/python3.10/site-packages/airflow/example_dags/example_task_group_decorator.py took 0.081 seconds
[2024-04-24T20:04:55.303+0000] {processor.py:161} INFO - Started process (PID=9185) to work on /usr/local/python/3.10.13/lib/python3.10/site-packages/airflow/example_dags/example_task_group_decorator.py
[2024-04-24T20:04:55.304+0000] {processor.py:830} INFO - Processing file /usr/local/python/3.10.13/lib/python3.10/site-packages/airflow/example_dags/example_task_group_decorator.py for tasks to queue
[2024-04-24T20:04:55.305+0000] {logging_mixin.py:188} INFO - [2024-04-24T20:04:55.305+0000] {dagbag.py:540} INFO - Filling up the DagBag from /usr/local/python/3.10.13/lib/python3.10/site-packages/airflow/example_dags/example_task_group_decorator.py
[2024-04-24T20:04:55.316+0000] {processor.py:840} INFO - DAG(s) 'example_task_group_decorator' retrieved from /usr/local/python/3.10.13/lib/python3.10/site-packages/airflow/example_dags/example_task_group_decorator.py
[2024-04-24T20:04:55.331+0000] {logging_mixin.py:188} INFO - [2024-04-24T20:04:55.331+0000] {dag.py:3096} INFO - Sync 1 DAGs
[2024-04-24T20:04:55.344+0000] {logging_mixin.py:188} INFO - [2024-04-24T20:04:55.344+0000] {dag.py:3954} INFO - Setting next_dagrun for example_task_group_decorator to 2024-04-23 00:00:00+00:00, run_after=2024-04-24 00:00:00+00:00
[2024-04-24T20:04:55.383+0000] {processor.py:183} INFO - Processing /usr/local/python/3.10.13/lib/python3.10/site-packages/airflow/example_dags/example_task_group_decorator.py took 0.084 seconds
