[2024-04-24T20:03:07.406+0000] {processor.py:161} INFO - Started process (PID=8144) to work on /usr/local/python/3.10.13/lib/python3.10/site-packages/airflow/example_dags/example_dag_decorator.py
[2024-04-24T20:03:07.406+0000] {processor.py:830} INFO - Processing file /usr/local/python/3.10.13/lib/python3.10/site-packages/airflow/example_dags/example_dag_decorator.py for tasks to queue
[2024-04-24T20:03:07.407+0000] {logging_mixin.py:188} INFO - [2024-04-24T20:03:07.407+0000] {dagbag.py:540} INFO - Filling up the DagBag from /usr/local/python/3.10.13/lib/python3.10/site-packages/airflow/example_dags/example_dag_decorator.py
[2024-04-24T20:03:07.534+0000] {processor.py:840} INFO - DAG(s) 'example_dag_decorator' retrieved from /usr/local/python/3.10.13/lib/python3.10/site-packages/airflow/example_dags/example_dag_decorator.py
[2024-04-24T20:03:07.598+0000] {logging_mixin.py:188} INFO - [2024-04-24T20:03:07.598+0000] {dag.py:3096} INFO - Sync 1 DAGs
[2024-04-24T20:03:07.604+0000] {logging_mixin.py:188} INFO - [2024-04-24T20:03:07.604+0000] {dag.py:3954} INFO - Setting next_dagrun for example_dag_decorator to None, run_after=None
[2024-04-24T20:03:07.641+0000] {processor.py:183} INFO - Processing /usr/local/python/3.10.13/lib/python3.10/site-packages/airflow/example_dags/example_dag_decorator.py took 0.240 seconds
[2024-04-24T20:04:20.521+0000] {processor.py:161} INFO - Started process (PID=8855) to work on /usr/local/python/3.10.13/lib/python3.10/site-packages/airflow/example_dags/example_dag_decorator.py
[2024-04-24T20:04:20.521+0000] {processor.py:830} INFO - Processing file /usr/local/python/3.10.13/lib/python3.10/site-packages/airflow/example_dags/example_dag_decorator.py for tasks to queue
[2024-04-24T20:04:20.523+0000] {logging_mixin.py:188} INFO - [2024-04-24T20:04:20.523+0000] {dagbag.py:540} INFO - Filling up the DagBag from /usr/local/python/3.10.13/lib/python3.10/site-packages/airflow/example_dags/example_dag_decorator.py
[2024-04-24T20:04:20.598+0000] {processor.py:840} INFO - DAG(s) 'example_dag_decorator' retrieved from /usr/local/python/3.10.13/lib/python3.10/site-packages/airflow/example_dags/example_dag_decorator.py
[2024-04-24T20:04:20.697+0000] {logging_mixin.py:188} INFO - [2024-04-24T20:04:20.696+0000] {dag.py:3096} INFO - Sync 1 DAGs
[2024-04-24T20:04:20.704+0000] {logging_mixin.py:188} INFO - [2024-04-24T20:04:20.704+0000] {dag.py:3954} INFO - Setting next_dagrun for example_dag_decorator to None, run_after=None
[2024-04-24T20:04:20.760+0000] {processor.py:183} INFO - Processing /usr/local/python/3.10.13/lib/python3.10/site-packages/airflow/example_dags/example_dag_decorator.py took 0.244 seconds
[2024-04-24T20:05:31.770+0000] {processor.py:161} INFO - Started process (PID=9625) to work on /usr/local/python/3.10.13/lib/python3.10/site-packages/airflow/example_dags/example_dag_decorator.py
[2024-04-24T20:05:31.771+0000] {processor.py:830} INFO - Processing file /usr/local/python/3.10.13/lib/python3.10/site-packages/airflow/example_dags/example_dag_decorator.py for tasks to queue
[2024-04-24T20:05:31.772+0000] {logging_mixin.py:188} INFO - [2024-04-24T20:05:31.772+0000] {dagbag.py:540} INFO - Filling up the DagBag from /usr/local/python/3.10.13/lib/python3.10/site-packages/airflow/example_dags/example_dag_decorator.py
[2024-04-24T20:05:31.839+0000] {processor.py:840} INFO - DAG(s) 'example_dag_decorator' retrieved from /usr/local/python/3.10.13/lib/python3.10/site-packages/airflow/example_dags/example_dag_decorator.py
[2024-04-24T20:05:31.912+0000] {logging_mixin.py:188} INFO - [2024-04-24T20:05:31.911+0000] {dag.py:3096} INFO - Sync 1 DAGs
[2024-04-24T20:05:31.919+0000] {logging_mixin.py:188} INFO - [2024-04-24T20:05:31.919+0000] {dag.py:3954} INFO - Setting next_dagrun for example_dag_decorator to None, run_after=None
[2024-04-24T20:05:31.962+0000] {processor.py:183} INFO - Processing /usr/local/python/3.10.13/lib/python3.10/site-packages/airflow/example_dags/example_dag_decorator.py took 0.197 seconds
[2024-04-24T20:06:41.032+0000] {processor.py:161} INFO - Started process (PID=10330) to work on /usr/local/python/3.10.13/lib/python3.10/site-packages/airflow/example_dags/example_dag_decorator.py
[2024-04-24T20:06:41.033+0000] {processor.py:830} INFO - Processing file /usr/local/python/3.10.13/lib/python3.10/site-packages/airflow/example_dags/example_dag_decorator.py for tasks to queue
[2024-04-24T20:06:41.035+0000] {logging_mixin.py:188} INFO - [2024-04-24T20:06:41.035+0000] {dagbag.py:540} INFO - Filling up the DagBag from /usr/local/python/3.10.13/lib/python3.10/site-packages/airflow/example_dags/example_dag_decorator.py
[2024-04-24T20:06:41.135+0000] {processor.py:840} INFO - DAG(s) 'example_dag_decorator' retrieved from /usr/local/python/3.10.13/lib/python3.10/site-packages/airflow/example_dags/example_dag_decorator.py
[2024-04-24T20:06:41.226+0000] {logging_mixin.py:188} INFO - [2024-04-24T20:06:41.226+0000] {dag.py:3096} INFO - Sync 1 DAGs
[2024-04-24T20:06:41.238+0000] {logging_mixin.py:188} INFO - [2024-04-24T20:06:41.238+0000] {dag.py:3954} INFO - Setting next_dagrun for example_dag_decorator to None, run_after=None
[2024-04-24T20:06:41.281+0000] {processor.py:183} INFO - Processing /usr/local/python/3.10.13/lib/python3.10/site-packages/airflow/example_dags/example_dag_decorator.py took 0.255 seconds
[2024-04-24T20:07:50.329+0000] {processor.py:161} INFO - Started process (PID=11311) to work on /usr/local/python/3.10.13/lib/python3.10/site-packages/airflow/example_dags/example_dag_decorator.py
[2024-04-24T20:07:50.330+0000] {processor.py:830} INFO - Processing file /usr/local/python/3.10.13/lib/python3.10/site-packages/airflow/example_dags/example_dag_decorator.py for tasks to queue
[2024-04-24T20:07:50.331+0000] {logging_mixin.py:188} INFO - [2024-04-24T20:07:50.331+0000] {dagbag.py:540} INFO - Filling up the DagBag from /usr/local/python/3.10.13/lib/python3.10/site-packages/airflow/example_dags/example_dag_decorator.py
[2024-04-24T20:07:50.393+0000] {processor.py:840} INFO - DAG(s) 'example_dag_decorator' retrieved from /usr/local/python/3.10.13/lib/python3.10/site-packages/airflow/example_dags/example_dag_decorator.py
[2024-04-24T20:07:50.464+0000] {logging_mixin.py:188} INFO - [2024-04-24T20:07:50.462+0000] {dag.py:3096} INFO - Sync 1 DAGs
[2024-04-24T20:07:50.474+0000] {logging_mixin.py:188} INFO - [2024-04-24T20:07:50.474+0000] {dag.py:3954} INFO - Setting next_dagrun for example_dag_decorator to None, run_after=None
[2024-04-24T20:07:50.547+0000] {processor.py:183} INFO - Processing /usr/local/python/3.10.13/lib/python3.10/site-packages/airflow/example_dags/example_dag_decorator.py took 0.223 seconds
[2024-04-24T20:08:57.076+0000] {processor.py:161} INFO - Started process (PID=12035) to work on /usr/local/python/3.10.13/lib/python3.10/site-packages/airflow/example_dags/example_dag_decorator.py
[2024-04-24T20:08:57.077+0000] {processor.py:830} INFO - Processing file /usr/local/python/3.10.13/lib/python3.10/site-packages/airflow/example_dags/example_dag_decorator.py for tasks to queue
[2024-04-24T20:08:57.078+0000] {logging_mixin.py:188} INFO - [2024-04-24T20:08:57.077+0000] {dagbag.py:540} INFO - Filling up the DagBag from /usr/local/python/3.10.13/lib/python3.10/site-packages/airflow/example_dags/example_dag_decorator.py
[2024-04-24T20:08:57.139+0000] {processor.py:840} INFO - DAG(s) 'example_dag_decorator' retrieved from /usr/local/python/3.10.13/lib/python3.10/site-packages/airflow/example_dags/example_dag_decorator.py
[2024-04-24T20:08:57.206+0000] {logging_mixin.py:188} INFO - [2024-04-24T20:08:57.205+0000] {dag.py:3096} INFO - Sync 1 DAGs
[2024-04-24T20:08:57.212+0000] {logging_mixin.py:188} INFO - [2024-04-24T20:08:57.212+0000] {dag.py:3954} INFO - Setting next_dagrun for example_dag_decorator to None, run_after=None
[2024-04-24T20:08:57.249+0000] {processor.py:183} INFO - Processing /usr/local/python/3.10.13/lib/python3.10/site-packages/airflow/example_dags/example_dag_decorator.py took 0.178 seconds
[2024-04-24T20:10:06.612+0000] {processor.py:161} INFO - Started process (PID=12767) to work on /usr/local/python/3.10.13/lib/python3.10/site-packages/airflow/example_dags/example_dag_decorator.py
[2024-04-24T20:10:06.613+0000] {processor.py:830} INFO - Processing file /usr/local/python/3.10.13/lib/python3.10/site-packages/airflow/example_dags/example_dag_decorator.py for tasks to queue
[2024-04-24T20:10:06.614+0000] {logging_mixin.py:188} INFO - [2024-04-24T20:10:06.614+0000] {dagbag.py:540} INFO - Filling up the DagBag from /usr/local/python/3.10.13/lib/python3.10/site-packages/airflow/example_dags/example_dag_decorator.py
[2024-04-24T20:10:06.675+0000] {processor.py:840} INFO - DAG(s) 'example_dag_decorator' retrieved from /usr/local/python/3.10.13/lib/python3.10/site-packages/airflow/example_dags/example_dag_decorator.py
[2024-04-24T20:10:06.741+0000] {logging_mixin.py:188} INFO - [2024-04-24T20:10:06.741+0000] {dag.py:3096} INFO - Sync 1 DAGs
[2024-04-24T20:10:06.748+0000] {logging_mixin.py:188} INFO - [2024-04-24T20:10:06.748+0000] {dag.py:3954} INFO - Setting next_dagrun for example_dag_decorator to None, run_after=None
[2024-04-24T20:10:06.787+0000] {processor.py:183} INFO - Processing /usr/local/python/3.10.13/lib/python3.10/site-packages/airflow/example_dags/example_dag_decorator.py took 0.179 seconds
[2024-04-24T20:11:14.448+0000] {processor.py:161} INFO - Started process (PID=13342) to work on /usr/local/python/3.10.13/lib/python3.10/site-packages/airflow/example_dags/example_dag_decorator.py
[2024-04-24T20:11:14.449+0000] {processor.py:830} INFO - Processing file /usr/local/python/3.10.13/lib/python3.10/site-packages/airflow/example_dags/example_dag_decorator.py for tasks to queue
[2024-04-24T20:11:14.450+0000] {logging_mixin.py:188} INFO - [2024-04-24T20:11:14.450+0000] {dagbag.py:540} INFO - Filling up the DagBag from /usr/local/python/3.10.13/lib/python3.10/site-packages/airflow/example_dags/example_dag_decorator.py
[2024-04-24T20:11:14.524+0000] {processor.py:840} INFO - DAG(s) 'example_dag_decorator' retrieved from /usr/local/python/3.10.13/lib/python3.10/site-packages/airflow/example_dags/example_dag_decorator.py
[2024-04-24T20:11:14.616+0000] {logging_mixin.py:188} INFO - [2024-04-24T20:11:14.616+0000] {dag.py:3096} INFO - Sync 1 DAGs
[2024-04-24T20:11:14.623+0000] {logging_mixin.py:188} INFO - [2024-04-24T20:11:14.623+0000] {dag.py:3954} INFO - Setting next_dagrun for example_dag_decorator to None, run_after=None
[2024-04-24T20:11:14.660+0000] {processor.py:183} INFO - Processing /usr/local/python/3.10.13/lib/python3.10/site-packages/airflow/example_dags/example_dag_decorator.py took 0.217 seconds
[2024-04-24T20:12:17.974+0000] {processor.py:161} INFO - Started process (PID=13932) to work on /usr/local/python/3.10.13/lib/python3.10/site-packages/airflow/example_dags/example_dag_decorator.py
[2024-04-24T20:12:17.975+0000] {processor.py:830} INFO - Processing file /usr/local/python/3.10.13/lib/python3.10/site-packages/airflow/example_dags/example_dag_decorator.py for tasks to queue
[2024-04-24T20:12:17.976+0000] {logging_mixin.py:188} INFO - [2024-04-24T20:12:17.976+0000] {dagbag.py:540} INFO - Filling up the DagBag from /usr/local/python/3.10.13/lib/python3.10/site-packages/airflow/example_dags/example_dag_decorator.py
[2024-04-24T20:12:18.042+0000] {processor.py:840} INFO - DAG(s) 'example_dag_decorator' retrieved from /usr/local/python/3.10.13/lib/python3.10/site-packages/airflow/example_dags/example_dag_decorator.py
[2024-04-24T20:12:18.072+0000] {logging_mixin.py:188} INFO - [2024-04-24T20:12:18.072+0000] {dag.py:3096} INFO - Sync 1 DAGs
[2024-04-24T20:12:18.086+0000] {logging_mixin.py:188} INFO - [2024-04-24T20:12:18.086+0000] {dag.py:3954} INFO - Setting next_dagrun for example_dag_decorator to None, run_after=None
[2024-04-24T20:12:18.129+0000] {processor.py:183} INFO - Processing /usr/local/python/3.10.13/lib/python3.10/site-packages/airflow/example_dags/example_dag_decorator.py took 0.159 seconds
[2024-04-24T20:13:27.639+0000] {processor.py:161} INFO - Started process (PID=14486) to work on /usr/local/python/3.10.13/lib/python3.10/site-packages/airflow/example_dags/example_dag_decorator.py
[2024-04-24T20:13:27.640+0000] {processor.py:830} INFO - Processing file /usr/local/python/3.10.13/lib/python3.10/site-packages/airflow/example_dags/example_dag_decorator.py for tasks to queue
[2024-04-24T20:13:27.641+0000] {logging_mixin.py:188} INFO - [2024-04-24T20:13:27.640+0000] {dagbag.py:540} INFO - Filling up the DagBag from /usr/local/python/3.10.13/lib/python3.10/site-packages/airflow/example_dags/example_dag_decorator.py
[2024-04-24T20:13:27.704+0000] {processor.py:840} INFO - DAG(s) 'example_dag_decorator' retrieved from /usr/local/python/3.10.13/lib/python3.10/site-packages/airflow/example_dags/example_dag_decorator.py
[2024-04-24T20:13:27.770+0000] {logging_mixin.py:188} INFO - [2024-04-24T20:13:27.770+0000] {dag.py:3096} INFO - Sync 1 DAGs
[2024-04-24T20:13:27.777+0000] {logging_mixin.py:188} INFO - [2024-04-24T20:13:27.777+0000] {dag.py:3954} INFO - Setting next_dagrun for example_dag_decorator to None, run_after=None
[2024-04-24T20:13:27.815+0000] {processor.py:183} INFO - Processing /usr/local/python/3.10.13/lib/python3.10/site-packages/airflow/example_dags/example_dag_decorator.py took 0.181 seconds
[2024-04-24T20:14:35.926+0000] {processor.py:161} INFO - Started process (PID=15195) to work on /usr/local/python/3.10.13/lib/python3.10/site-packages/airflow/example_dags/example_dag_decorator.py
[2024-04-24T20:14:35.926+0000] {processor.py:830} INFO - Processing file /usr/local/python/3.10.13/lib/python3.10/site-packages/airflow/example_dags/example_dag_decorator.py for tasks to queue
[2024-04-24T20:14:35.928+0000] {logging_mixin.py:188} INFO - [2024-04-24T20:14:35.927+0000] {dagbag.py:540} INFO - Filling up the DagBag from /usr/local/python/3.10.13/lib/python3.10/site-packages/airflow/example_dags/example_dag_decorator.py
[2024-04-24T20:14:36.031+0000] {processor.py:840} INFO - DAG(s) 'example_dag_decorator' retrieved from /usr/local/python/3.10.13/lib/python3.10/site-packages/airflow/example_dags/example_dag_decorator.py
[2024-04-24T20:14:36.044+0000] {logging_mixin.py:188} INFO - [2024-04-24T20:14:36.044+0000] {dag.py:3096} INFO - Sync 1 DAGs
[2024-04-24T20:14:36.053+0000] {logging_mixin.py:188} INFO - [2024-04-24T20:14:36.053+0000] {dag.py:3954} INFO - Setting next_dagrun for example_dag_decorator to None, run_after=None
[2024-04-24T20:14:36.091+0000] {processor.py:183} INFO - Processing /usr/local/python/3.10.13/lib/python3.10/site-packages/airflow/example_dags/example_dag_decorator.py took 0.176 seconds
