[2024-04-24T20:02:52.491+0000] {processor.py:161} INFO - Started process (PID=7866) to work on /usr/local/python/3.10.13/lib/python3.10/site-packages/airflow/example_dags/example_bash_operator.py
[2024-04-24T20:02:52.491+0000] {processor.py:830} INFO - Processing file /usr/local/python/3.10.13/lib/python3.10/site-packages/airflow/example_dags/example_bash_operator.py for tasks to queue
[2024-04-24T20:02:52.492+0000] {logging_mixin.py:188} INFO - [2024-04-24T20:02:52.492+0000] {dagbag.py:540} INFO - Filling up the DagBag from /usr/local/python/3.10.13/lib/python3.10/site-packages/airflow/example_dags/example_bash_operator.py
[2024-04-24T20:02:52.501+0000] {processor.py:840} INFO - DAG(s) 'example_bash_operator' retrieved from /usr/local/python/3.10.13/lib/python3.10/site-packages/airflow/example_dags/example_bash_operator.py
[2024-04-24T20:02:52.653+0000] {logging_mixin.py:188} INFO - [2024-04-24T20:02:52.652+0000] {dag.py:3096} INFO - Sync 1 DAGs
[2024-04-24T20:02:52.666+0000] {logging_mixin.py:188} INFO - [2024-04-24T20:02:52.666+0000] {dag.py:3954} INFO - Setting next_dagrun for example_bash_operator to 2024-04-24 00:00:00+00:00, run_after=2024-04-25 00:00:00+00:00
[2024-04-24T20:02:52.705+0000] {processor.py:183} INFO - Processing /usr/local/python/3.10.13/lib/python3.10/site-packages/airflow/example_dags/example_bash_operator.py took 0.218 seconds
[2024-04-24T20:03:47.770+0000] {processor.py:161} INFO - Started process (PID=8487) to work on /usr/local/python/3.10.13/lib/python3.10/site-packages/airflow/example_dags/example_bash_operator.py
[2024-04-24T20:03:47.770+0000] {processor.py:830} INFO - Processing file /usr/local/python/3.10.13/lib/python3.10/site-packages/airflow/example_dags/example_bash_operator.py for tasks to queue
[2024-04-24T20:03:47.772+0000] {logging_mixin.py:188} INFO - [2024-04-24T20:03:47.771+0000] {dagbag.py:540} INFO - Filling up the DagBag from /usr/local/python/3.10.13/lib/python3.10/site-packages/airflow/example_dags/example_bash_operator.py
[2024-04-24T20:03:47.780+0000] {processor.py:840} INFO - DAG(s) 'example_bash_operator' retrieved from /usr/local/python/3.10.13/lib/python3.10/site-packages/airflow/example_dags/example_bash_operator.py
[2024-04-24T20:03:47.799+0000] {logging_mixin.py:188} INFO - [2024-04-24T20:03:47.798+0000] {dag.py:3096} INFO - Sync 1 DAGs
[2024-04-24T20:03:47.813+0000] {logging_mixin.py:188} INFO - [2024-04-24T20:03:47.813+0000] {dag.py:3954} INFO - Setting next_dagrun for example_bash_operator to 2024-04-24 00:00:00+00:00, run_after=2024-04-25 00:00:00+00:00
[2024-04-24T20:03:47.852+0000] {processor.py:183} INFO - Processing /usr/local/python/3.10.13/lib/python3.10/site-packages/airflow/example_dags/example_bash_operator.py took 0.087 seconds
[2024-04-24T20:04:39.656+0000] {processor.py:161} INFO - Started process (PID=9007) to work on /usr/local/python/3.10.13/lib/python3.10/site-packages/airflow/example_dags/example_bash_operator.py
[2024-04-24T20:04:39.657+0000] {processor.py:830} INFO - Processing file /usr/local/python/3.10.13/lib/python3.10/site-packages/airflow/example_dags/example_bash_operator.py for tasks to queue
[2024-04-24T20:04:39.658+0000] {logging_mixin.py:188} INFO - [2024-04-24T20:04:39.658+0000] {dagbag.py:540} INFO - Filling up the DagBag from /usr/local/python/3.10.13/lib/python3.10/site-packages/airflow/example_dags/example_bash_operator.py
[2024-04-24T20:04:39.667+0000] {processor.py:840} INFO - DAG(s) 'example_bash_operator' retrieved from /usr/local/python/3.10.13/lib/python3.10/site-packages/airflow/example_dags/example_bash_operator.py
[2024-04-24T20:04:39.684+0000] {logging_mixin.py:188} INFO - [2024-04-24T20:04:39.683+0000] {dag.py:3096} INFO - Sync 1 DAGs
[2024-04-24T20:04:39.702+0000] {logging_mixin.py:188} INFO - [2024-04-24T20:04:39.702+0000] {dag.py:3954} INFO - Setting next_dagrun for example_bash_operator to 2024-04-24 00:00:00+00:00, run_after=2024-04-25 00:00:00+00:00
[2024-04-24T20:04:39.740+0000] {processor.py:183} INFO - Processing /usr/local/python/3.10.13/lib/python3.10/site-packages/airflow/example_dags/example_bash_operator.py took 0.088 seconds
