[2024-04-24T20:02:48.858+0000] {processor.py:161} INFO - Started process (PID=7814) to work on /usr/local/python/3.10.13/lib/python3.10/site-packages/airflow/example_dags/example_sla_dag.py
[2024-04-24T20:02:48.858+0000] {processor.py:830} INFO - Processing file /usr/local/python/3.10.13/lib/python3.10/site-packages/airflow/example_dags/example_sla_dag.py for tasks to queue
[2024-04-24T20:02:48.860+0000] {logging_mixin.py:188} INFO - [2024-04-24T20:02:48.859+0000] {dagbag.py:540} INFO - Filling up the DagBag from /usr/local/python/3.10.13/lib/python3.10/site-packages/airflow/example_dags/example_sla_dag.py
[2024-04-24T20:02:48.867+0000] {processor.py:840} INFO - DAG(s) 'example_sla_dag' retrieved from /usr/local/python/3.10.13/lib/python3.10/site-packages/airflow/example_dags/example_sla_dag.py
[2024-04-24T20:02:48.996+0000] {logging_mixin.py:188} INFO - [2024-04-24T20:02:48.996+0000] {dag.py:3096} INFO - Sync 1 DAGs
[2024-04-24T20:02:49.012+0000] {logging_mixin.py:188} INFO - [2024-04-24T20:02:49.012+0000] {dag.py:3954} INFO - Setting next_dagrun for example_sla_dag to 2024-04-24 20:00:00+00:00, run_after=2024-04-24 20:02:00+00:00
[2024-04-24T20:02:49.051+0000] {processor.py:183} INFO - Processing /usr/local/python/3.10.13/lib/python3.10/site-packages/airflow/example_dags/example_sla_dag.py took 0.197 seconds
[2024-04-24T20:03:43.944+0000] {processor.py:161} INFO - Started process (PID=8470) to work on /usr/local/python/3.10.13/lib/python3.10/site-packages/airflow/example_dags/example_sla_dag.py
[2024-04-24T20:03:43.944+0000] {processor.py:830} INFO - Processing file /usr/local/python/3.10.13/lib/python3.10/site-packages/airflow/example_dags/example_sla_dag.py for tasks to queue
[2024-04-24T20:03:43.945+0000] {logging_mixin.py:188} INFO - [2024-04-24T20:03:43.945+0000] {dagbag.py:540} INFO - Filling up the DagBag from /usr/local/python/3.10.13/lib/python3.10/site-packages/airflow/example_dags/example_sla_dag.py
[2024-04-24T20:03:44.016+0000] {processor.py:840} INFO - DAG(s) 'example_sla_dag' retrieved from /usr/local/python/3.10.13/lib/python3.10/site-packages/airflow/example_dags/example_sla_dag.py
[2024-04-24T20:03:44.024+0000] {logging_mixin.py:188} INFO - [2024-04-24T20:03:44.024+0000] {dag.py:3096} INFO - Sync 1 DAGs
[2024-04-24T20:03:44.037+0000] {logging_mixin.py:188} INFO - [2024-04-24T20:03:44.037+0000] {dag.py:3954} INFO - Setting next_dagrun for example_sla_dag to 2024-04-24 20:00:00+00:00, run_after=2024-04-24 20:02:00+00:00
[2024-04-24T20:03:44.074+0000] {processor.py:183} INFO - Processing /usr/local/python/3.10.13/lib/python3.10/site-packages/airflow/example_dags/example_sla_dag.py took 0.135 seconds
[2024-04-24T20:04:36.532+0000] {processor.py:161} INFO - Started process (PID=8966) to work on /usr/local/python/3.10.13/lib/python3.10/site-packages/airflow/example_dags/example_sla_dag.py
[2024-04-24T20:04:36.532+0000] {processor.py:830} INFO - Processing file /usr/local/python/3.10.13/lib/python3.10/site-packages/airflow/example_dags/example_sla_dag.py for tasks to queue
[2024-04-24T20:04:36.534+0000] {logging_mixin.py:188} INFO - [2024-04-24T20:04:36.533+0000] {dagbag.py:540} INFO - Filling up the DagBag from /usr/local/python/3.10.13/lib/python3.10/site-packages/airflow/example_dags/example_sla_dag.py
[2024-04-24T20:04:36.541+0000] {processor.py:840} INFO - DAG(s) 'example_sla_dag' retrieved from /usr/local/python/3.10.13/lib/python3.10/site-packages/airflow/example_dags/example_sla_dag.py
[2024-04-24T20:04:36.553+0000] {logging_mixin.py:188} INFO - [2024-04-24T20:04:36.553+0000] {dag.py:3096} INFO - Sync 1 DAGs
[2024-04-24T20:04:36.569+0000] {logging_mixin.py:188} INFO - [2024-04-24T20:04:36.569+0000] {dag.py:3954} INFO - Setting next_dagrun for example_sla_dag to 2024-04-24 20:02:00+00:00, run_after=2024-04-24 20:04:00+00:00
[2024-04-24T20:04:36.608+0000] {processor.py:183} INFO - Processing /usr/local/python/3.10.13/lib/python3.10/site-packages/airflow/example_dags/example_sla_dag.py took 0.081 seconds
