[2024-04-24T20:02:52.858+0000] {processor.py:161} INFO - Started process (PID=7873) to work on /usr/local/python/3.10.13/lib/python3.10/site-packages/airflow/example_dags/example_branch_python_dop_operator_3.py
[2024-04-24T20:02:52.858+0000] {processor.py:830} INFO - Processing file /usr/local/python/3.10.13/lib/python3.10/site-packages/airflow/example_dags/example_branch_python_dop_operator_3.py for tasks to queue
[2024-04-24T20:02:52.860+0000] {logging_mixin.py:188} INFO - [2024-04-24T20:02:52.860+0000] {dagbag.py:540} INFO - Filling up the DagBag from /usr/local/python/3.10.13/lib/python3.10/site-packages/airflow/example_dags/example_branch_python_dop_operator_3.py
[2024-04-24T20:02:52.868+0000] {processor.py:840} INFO - DAG(s) 'example_branch_dop_operator_v3' retrieved from /usr/local/python/3.10.13/lib/python3.10/site-packages/airflow/example_dags/example_branch_python_dop_operator_3.py
[2024-04-24T20:02:52.992+0000] {logging_mixin.py:188} INFO - [2024-04-24T20:02:52.992+0000] {dag.py:3096} INFO - Sync 1 DAGs
[2024-04-24T20:02:53.007+0000] {logging_mixin.py:188} INFO - [2024-04-24T20:02:53.007+0000] {dag.py:3954} INFO - Setting next_dagrun for example_branch_dop_operator_v3 to 2024-04-24 20:01:00+00:00, run_after=2024-04-24 20:02:00+00:00
[2024-04-24T20:02:53.045+0000] {processor.py:183} INFO - Processing /usr/local/python/3.10.13/lib/python3.10/site-packages/airflow/example_dags/example_branch_python_dop_operator_3.py took 0.191 seconds
[2024-04-24T20:03:48.870+0000] {processor.py:161} INFO - Started process (PID=8514) to work on /usr/local/python/3.10.13/lib/python3.10/site-packages/airflow/example_dags/example_branch_python_dop_operator_3.py
[2024-04-24T20:03:48.870+0000] {processor.py:830} INFO - Processing file /usr/local/python/3.10.13/lib/python3.10/site-packages/airflow/example_dags/example_branch_python_dop_operator_3.py for tasks to queue
[2024-04-24T20:03:48.872+0000] {logging_mixin.py:188} INFO - [2024-04-24T20:03:48.871+0000] {dagbag.py:540} INFO - Filling up the DagBag from /usr/local/python/3.10.13/lib/python3.10/site-packages/airflow/example_dags/example_branch_python_dop_operator_3.py
[2024-04-24T20:03:48.878+0000] {processor.py:840} INFO - DAG(s) 'example_branch_dop_operator_v3' retrieved from /usr/local/python/3.10.13/lib/python3.10/site-packages/airflow/example_dags/example_branch_python_dop_operator_3.py
[2024-04-24T20:03:48.888+0000] {logging_mixin.py:188} INFO - [2024-04-24T20:03:48.888+0000] {dag.py:3096} INFO - Sync 1 DAGs
[2024-04-24T20:03:48.905+0000] {logging_mixin.py:188} INFO - [2024-04-24T20:03:48.904+0000] {dag.py:3954} INFO - Setting next_dagrun for example_branch_dop_operator_v3 to 2024-04-24 20:02:00+00:00, run_after=2024-04-24 20:03:00+00:00
[2024-04-24T20:03:48.942+0000] {processor.py:183} INFO - Processing /usr/local/python/3.10.13/lib/python3.10/site-packages/airflow/example_dags/example_branch_python_dop_operator_3.py took 0.076 seconds
[2024-04-24T20:04:40.789+0000] {processor.py:161} INFO - Started process (PID=9014) to work on /usr/local/python/3.10.13/lib/python3.10/site-packages/airflow/example_dags/example_branch_python_dop_operator_3.py
[2024-04-24T20:04:40.789+0000] {processor.py:830} INFO - Processing file /usr/local/python/3.10.13/lib/python3.10/site-packages/airflow/example_dags/example_branch_python_dop_operator_3.py for tasks to queue
[2024-04-24T20:04:40.791+0000] {logging_mixin.py:188} INFO - [2024-04-24T20:04:40.790+0000] {dagbag.py:540} INFO - Filling up the DagBag from /usr/local/python/3.10.13/lib/python3.10/site-packages/airflow/example_dags/example_branch_python_dop_operator_3.py
[2024-04-24T20:04:40.797+0000] {processor.py:840} INFO - DAG(s) 'example_branch_dop_operator_v3' retrieved from /usr/local/python/3.10.13/lib/python3.10/site-packages/airflow/example_dags/example_branch_python_dop_operator_3.py
[2024-04-24T20:04:40.808+0000] {logging_mixin.py:188} INFO - [2024-04-24T20:04:40.808+0000] {dag.py:3096} INFO - Sync 1 DAGs
[2024-04-24T20:04:40.824+0000] {logging_mixin.py:188} INFO - [2024-04-24T20:04:40.824+0000] {dag.py:3954} INFO - Setting next_dagrun for example_branch_dop_operator_v3 to 2024-04-24 20:03:00+00:00, run_after=2024-04-24 20:04:00+00:00
[2024-04-24T20:04:40.866+0000] {processor.py:183} INFO - Processing /usr/local/python/3.10.13/lib/python3.10/site-packages/airflow/example_dags/example_branch_python_dop_operator_3.py took 0.082 seconds
