[2024-04-24T20:02:46.436+0000] {processor.py:161} INFO - Started process (PID=7759) to work on /usr/local/python/3.10.13/lib/python3.10/site-packages/airflow/example_dags/example_setup_teardown_taskflow.py
[2024-04-24T20:02:46.437+0000] {processor.py:830} INFO - Processing file /usr/local/python/3.10.13/lib/python3.10/site-packages/airflow/example_dags/example_setup_teardown_taskflow.py for tasks to queue
[2024-04-24T20:02:46.438+0000] {logging_mixin.py:188} INFO - [2024-04-24T20:02:46.438+0000] {dagbag.py:540} INFO - Filling up the DagBag from /usr/local/python/3.10.13/lib/python3.10/site-packages/airflow/example_dags/example_setup_teardown_taskflow.py
[2024-04-24T20:02:46.446+0000] {processor.py:840} INFO - DAG(s) 'example_setup_teardown_taskflow' retrieved from /usr/local/python/3.10.13/lib/python3.10/site-packages/airflow/example_dags/example_setup_teardown_taskflow.py
[2024-04-24T20:02:46.592+0000] {logging_mixin.py:188} INFO - [2024-04-24T20:02:46.592+0000] {dag.py:3096} INFO - Sync 1 DAGs
[2024-04-24T20:02:46.604+0000] {logging_mixin.py:188} INFO - [2024-04-24T20:02:46.604+0000] {dag.py:3954} INFO - Setting next_dagrun for example_setup_teardown_taskflow to 2024-04-23 00:00:00+00:00, run_after=2024-04-24 00:00:00+00:00
[2024-04-24T20:02:46.642+0000] {processor.py:183} INFO - Processing /usr/local/python/3.10.13/lib/python3.10/site-packages/airflow/example_dags/example_setup_teardown_taskflow.py took 0.212 seconds
[2024-04-24T20:03:41.482+0000] {processor.py:161} INFO - Started process (PID=8456) to work on /usr/local/python/3.10.13/lib/python3.10/site-packages/airflow/example_dags/example_setup_teardown_taskflow.py
[2024-04-24T20:03:41.483+0000] {processor.py:830} INFO - Processing file /usr/local/python/3.10.13/lib/python3.10/site-packages/airflow/example_dags/example_setup_teardown_taskflow.py for tasks to queue
[2024-04-24T20:03:41.484+0000] {logging_mixin.py:188} INFO - [2024-04-24T20:03:41.484+0000] {dagbag.py:540} INFO - Filling up the DagBag from /usr/local/python/3.10.13/lib/python3.10/site-packages/airflow/example_dags/example_setup_teardown_taskflow.py
[2024-04-24T20:03:41.559+0000] {processor.py:840} INFO - DAG(s) 'example_setup_teardown_taskflow' retrieved from /usr/local/python/3.10.13/lib/python3.10/site-packages/airflow/example_dags/example_setup_teardown_taskflow.py
[2024-04-24T20:03:41.570+0000] {logging_mixin.py:188} INFO - [2024-04-24T20:03:41.570+0000] {dag.py:3096} INFO - Sync 1 DAGs
[2024-04-24T20:03:41.582+0000] {logging_mixin.py:188} INFO - [2024-04-24T20:03:41.582+0000] {dag.py:3954} INFO - Setting next_dagrun for example_setup_teardown_taskflow to 2024-04-23 00:00:00+00:00, run_after=2024-04-24 00:00:00+00:00
[2024-04-24T20:03:41.630+0000] {processor.py:183} INFO - Processing /usr/local/python/3.10.13/lib/python3.10/site-packages/airflow/example_dags/example_setup_teardown_taskflow.py took 0.152 seconds
[2024-04-24T20:04:34.268+0000] {processor.py:161} INFO - Started process (PID=8952) to work on /usr/local/python/3.10.13/lib/python3.10/site-packages/airflow/example_dags/example_setup_teardown_taskflow.py
[2024-04-24T20:04:34.269+0000] {processor.py:830} INFO - Processing file /usr/local/python/3.10.13/lib/python3.10/site-packages/airflow/example_dags/example_setup_teardown_taskflow.py for tasks to queue
[2024-04-24T20:04:34.270+0000] {logging_mixin.py:188} INFO - [2024-04-24T20:04:34.270+0000] {dagbag.py:540} INFO - Filling up the DagBag from /usr/local/python/3.10.13/lib/python3.10/site-packages/airflow/example_dags/example_setup_teardown_taskflow.py
[2024-04-24T20:04:34.277+0000] {processor.py:840} INFO - DAG(s) 'example_setup_teardown_taskflow' retrieved from /usr/local/python/3.10.13/lib/python3.10/site-packages/airflow/example_dags/example_setup_teardown_taskflow.py
[2024-04-24T20:04:34.289+0000] {logging_mixin.py:188} INFO - [2024-04-24T20:04:34.289+0000] {dag.py:3096} INFO - Sync 1 DAGs
[2024-04-24T20:04:34.302+0000] {logging_mixin.py:188} INFO - [2024-04-24T20:04:34.302+0000] {dag.py:3954} INFO - Setting next_dagrun for example_setup_teardown_taskflow to 2024-04-23 00:00:00+00:00, run_after=2024-04-24 00:00:00+00:00
[2024-04-24T20:04:34.339+0000] {processor.py:183} INFO - Processing /usr/local/python/3.10.13/lib/python3.10/site-packages/airflow/example_dags/example_setup_teardown_taskflow.py took 0.076 seconds
[2024-04-24T20:05:24.435+0000] {processor.py:161} INFO - Started process (PID=9560) to work on /usr/local/python/3.10.13/lib/python3.10/site-packages/airflow/example_dags/example_setup_teardown_taskflow.py
[2024-04-24T20:05:24.436+0000] {processor.py:830} INFO - Processing file /usr/local/python/3.10.13/lib/python3.10/site-packages/airflow/example_dags/example_setup_teardown_taskflow.py for tasks to queue
[2024-04-24T20:05:24.437+0000] {logging_mixin.py:188} INFO - [2024-04-24T20:05:24.437+0000] {dagbag.py:540} INFO - Filling up the DagBag from /usr/local/python/3.10.13/lib/python3.10/site-packages/airflow/example_dags/example_setup_teardown_taskflow.py
[2024-04-24T20:05:24.444+0000] {processor.py:840} INFO - DAG(s) 'example_setup_teardown_taskflow' retrieved from /usr/local/python/3.10.13/lib/python3.10/site-packages/airflow/example_dags/example_setup_teardown_taskflow.py
[2024-04-24T20:05:24.456+0000] {logging_mixin.py:188} INFO - [2024-04-24T20:05:24.456+0000] {dag.py:3096} INFO - Sync 1 DAGs
[2024-04-24T20:05:24.473+0000] {logging_mixin.py:188} INFO - [2024-04-24T20:05:24.472+0000] {dag.py:3954} INFO - Setting next_dagrun for example_setup_teardown_taskflow to 2024-04-23 00:00:00+00:00, run_after=2024-04-24 00:00:00+00:00
[2024-04-24T20:05:24.514+0000] {processor.py:183} INFO - Processing /usr/local/python/3.10.13/lib/python3.10/site-packages/airflow/example_dags/example_setup_teardown_taskflow.py took 0.083 seconds
[2024-04-24T20:06:11.069+0000] {processor.py:161} INFO - Started process (PID=10124) to work on /usr/local/python/3.10.13/lib/python3.10/site-packages/airflow/example_dags/example_setup_teardown_taskflow.py
[2024-04-24T20:06:11.070+0000] {processor.py:830} INFO - Processing file /usr/local/python/3.10.13/lib/python3.10/site-packages/airflow/example_dags/example_setup_teardown_taskflow.py for tasks to queue
[2024-04-24T20:06:11.071+0000] {logging_mixin.py:188} INFO - [2024-04-24T20:06:11.071+0000] {dagbag.py:540} INFO - Filling up the DagBag from /usr/local/python/3.10.13/lib/python3.10/site-packages/airflow/example_dags/example_setup_teardown_taskflow.py
[2024-04-24T20:06:11.078+0000] {processor.py:840} INFO - DAG(s) 'example_setup_teardown_taskflow' retrieved from /usr/local/python/3.10.13/lib/python3.10/site-packages/airflow/example_dags/example_setup_teardown_taskflow.py
[2024-04-24T20:06:11.090+0000] {logging_mixin.py:188} INFO - [2024-04-24T20:06:11.090+0000] {dag.py:3096} INFO - Sync 1 DAGs
[2024-04-24T20:06:11.103+0000] {logging_mixin.py:188} INFO - [2024-04-24T20:06:11.103+0000] {dag.py:3954} INFO - Setting next_dagrun for example_setup_teardown_taskflow to 2024-04-23 00:00:00+00:00, run_after=2024-04-24 00:00:00+00:00
[2024-04-24T20:06:11.145+0000] {processor.py:183} INFO - Processing /usr/local/python/3.10.13/lib/python3.10/site-packages/airflow/example_dags/example_setup_teardown_taskflow.py took 0.081 seconds
[2024-04-24T20:06:56.575+0000] {processor.py:161} INFO - Started process (PID=10567) to work on /usr/local/python/3.10.13/lib/python3.10/site-packages/airflow/example_dags/example_setup_teardown_taskflow.py
[2024-04-24T20:06:56.576+0000] {processor.py:830} INFO - Processing file /usr/local/python/3.10.13/lib/python3.10/site-packages/airflow/example_dags/example_setup_teardown_taskflow.py for tasks to queue
[2024-04-24T20:06:56.577+0000] {logging_mixin.py:188} INFO - [2024-04-24T20:06:56.577+0000] {dagbag.py:540} INFO - Filling up the DagBag from /usr/local/python/3.10.13/lib/python3.10/site-packages/airflow/example_dags/example_setup_teardown_taskflow.py
[2024-04-24T20:06:56.585+0000] {processor.py:840} INFO - DAG(s) 'example_setup_teardown_taskflow' retrieved from /usr/local/python/3.10.13/lib/python3.10/site-packages/airflow/example_dags/example_setup_teardown_taskflow.py
[2024-04-24T20:06:56.599+0000] {logging_mixin.py:188} INFO - [2024-04-24T20:06:56.599+0000] {dag.py:3096} INFO - Sync 1 DAGs
[2024-04-24T20:06:56.613+0000] {logging_mixin.py:188} INFO - [2024-04-24T20:06:56.613+0000] {dag.py:3954} INFO - Setting next_dagrun for example_setup_teardown_taskflow to 2024-04-23 00:00:00+00:00, run_after=2024-04-24 00:00:00+00:00
[2024-04-24T20:06:56.651+0000] {processor.py:183} INFO - Processing /usr/local/python/3.10.13/lib/python3.10/site-packages/airflow/example_dags/example_setup_teardown_taskflow.py took 0.081 seconds
[2024-04-24T20:07:42.970+0000] {processor.py:161} INFO - Started process (PID=11214) to work on /usr/local/python/3.10.13/lib/python3.10/site-packages/airflow/example_dags/example_setup_teardown_taskflow.py
[2024-04-24T20:07:42.971+0000] {processor.py:830} INFO - Processing file /usr/local/python/3.10.13/lib/python3.10/site-packages/airflow/example_dags/example_setup_teardown_taskflow.py for tasks to queue
[2024-04-24T20:07:42.972+0000] {logging_mixin.py:188} INFO - [2024-04-24T20:07:42.972+0000] {dagbag.py:540} INFO - Filling up the DagBag from /usr/local/python/3.10.13/lib/python3.10/site-packages/airflow/example_dags/example_setup_teardown_taskflow.py
[2024-04-24T20:07:42.979+0000] {processor.py:840} INFO - DAG(s) 'example_setup_teardown_taskflow' retrieved from /usr/local/python/3.10.13/lib/python3.10/site-packages/airflow/example_dags/example_setup_teardown_taskflow.py
[2024-04-24T20:07:42.991+0000] {logging_mixin.py:188} INFO - [2024-04-24T20:07:42.991+0000] {dag.py:3096} INFO - Sync 1 DAGs
[2024-04-24T20:07:43.005+0000] {logging_mixin.py:188} INFO - [2024-04-24T20:07:43.005+0000] {dag.py:3954} INFO - Setting next_dagrun for example_setup_teardown_taskflow to 2024-04-23 00:00:00+00:00, run_after=2024-04-24 00:00:00+00:00
[2024-04-24T20:07:43.043+0000] {processor.py:183} INFO - Processing /usr/local/python/3.10.13/lib/python3.10/site-packages/airflow/example_dags/example_setup_teardown_taskflow.py took 0.077 seconds
[2024-04-24T20:08:29.318+0000] {processor.py:161} INFO - Started process (PID=11773) to work on /usr/local/python/3.10.13/lib/python3.10/site-packages/airflow/example_dags/example_setup_teardown_taskflow.py
[2024-04-24T20:08:29.319+0000] {processor.py:830} INFO - Processing file /usr/local/python/3.10.13/lib/python3.10/site-packages/airflow/example_dags/example_setup_teardown_taskflow.py for tasks to queue
[2024-04-24T20:08:29.320+0000] {logging_mixin.py:188} INFO - [2024-04-24T20:08:29.319+0000] {dagbag.py:540} INFO - Filling up the DagBag from /usr/local/python/3.10.13/lib/python3.10/site-packages/airflow/example_dags/example_setup_teardown_taskflow.py
[2024-04-24T20:08:29.326+0000] {processor.py:840} INFO - DAG(s) 'example_setup_teardown_taskflow' retrieved from /usr/local/python/3.10.13/lib/python3.10/site-packages/airflow/example_dags/example_setup_teardown_taskflow.py
[2024-04-24T20:08:29.339+0000] {logging_mixin.py:188} INFO - [2024-04-24T20:08:29.338+0000] {dag.py:3096} INFO - Sync 1 DAGs
[2024-04-24T20:08:29.352+0000] {logging_mixin.py:188} INFO - [2024-04-24T20:08:29.352+0000] {dag.py:3954} INFO - Setting next_dagrun for example_setup_teardown_taskflow to 2024-04-23 00:00:00+00:00, run_after=2024-04-24 00:00:00+00:00
[2024-04-24T20:08:29.393+0000] {processor.py:183} INFO - Processing /usr/local/python/3.10.13/lib/python3.10/site-packages/airflow/example_dags/example_setup_teardown_taskflow.py took 0.079 seconds
[2024-04-24T20:09:14.706+0000] {processor.py:161} INFO - Started process (PID=12159) to work on /usr/local/python/3.10.13/lib/python3.10/site-packages/airflow/example_dags/example_setup_teardown_taskflow.py
[2024-04-24T20:09:14.707+0000] {processor.py:830} INFO - Processing file /usr/local/python/3.10.13/lib/python3.10/site-packages/airflow/example_dags/example_setup_teardown_taskflow.py for tasks to queue
[2024-04-24T20:09:14.708+0000] {logging_mixin.py:188} INFO - [2024-04-24T20:09:14.708+0000] {dagbag.py:540} INFO - Filling up the DagBag from /usr/local/python/3.10.13/lib/python3.10/site-packages/airflow/example_dags/example_setup_teardown_taskflow.py
[2024-04-24T20:09:14.715+0000] {processor.py:840} INFO - DAG(s) 'example_setup_teardown_taskflow' retrieved from /usr/local/python/3.10.13/lib/python3.10/site-packages/airflow/example_dags/example_setup_teardown_taskflow.py
[2024-04-24T20:09:14.727+0000] {logging_mixin.py:188} INFO - [2024-04-24T20:09:14.727+0000] {dag.py:3096} INFO - Sync 1 DAGs
[2024-04-24T20:09:14.740+0000] {logging_mixin.py:188} INFO - [2024-04-24T20:09:14.740+0000] {dag.py:3954} INFO - Setting next_dagrun for example_setup_teardown_taskflow to 2024-04-23 00:00:00+00:00, run_after=2024-04-24 00:00:00+00:00
[2024-04-24T20:09:14.783+0000] {processor.py:183} INFO - Processing /usr/local/python/3.10.13/lib/python3.10/site-packages/airflow/example_dags/example_setup_teardown_taskflow.py took 0.081 seconds
[2024-04-24T20:10:02.410+0000] {processor.py:161} INFO - Started process (PID=12666) to work on /usr/local/python/3.10.13/lib/python3.10/site-packages/airflow/example_dags/example_setup_teardown_taskflow.py
[2024-04-24T20:10:02.410+0000] {processor.py:830} INFO - Processing file /usr/local/python/3.10.13/lib/python3.10/site-packages/airflow/example_dags/example_setup_teardown_taskflow.py for tasks to queue
[2024-04-24T20:10:02.411+0000] {logging_mixin.py:188} INFO - [2024-04-24T20:10:02.411+0000] {dagbag.py:540} INFO - Filling up the DagBag from /usr/local/python/3.10.13/lib/python3.10/site-packages/airflow/example_dags/example_setup_teardown_taskflow.py
[2024-04-24T20:10:02.418+0000] {processor.py:840} INFO - DAG(s) 'example_setup_teardown_taskflow' retrieved from /usr/local/python/3.10.13/lib/python3.10/site-packages/airflow/example_dags/example_setup_teardown_taskflow.py
[2024-04-24T20:10:02.430+0000] {logging_mixin.py:188} INFO - [2024-04-24T20:10:02.430+0000] {dag.py:3096} INFO - Sync 1 DAGs
[2024-04-24T20:10:02.444+0000] {logging_mixin.py:188} INFO - [2024-04-24T20:10:02.443+0000] {dag.py:3954} INFO - Setting next_dagrun for example_setup_teardown_taskflow to 2024-04-23 00:00:00+00:00, run_after=2024-04-24 00:00:00+00:00
[2024-04-24T20:10:02.483+0000] {processor.py:183} INFO - Processing /usr/local/python/3.10.13/lib/python3.10/site-packages/airflow/example_dags/example_setup_teardown_taskflow.py took 0.077 seconds
[2024-04-24T20:11:09.886+0000] {processor.py:161} INFO - Started process (PID=13320) to work on /usr/local/python/3.10.13/lib/python3.10/site-packages/airflow/example_dags/example_setup_teardown_taskflow.py
[2024-04-24T20:11:09.887+0000] {processor.py:830} INFO - Processing file /usr/local/python/3.10.13/lib/python3.10/site-packages/airflow/example_dags/example_setup_teardown_taskflow.py for tasks to queue
[2024-04-24T20:11:09.889+0000] {logging_mixin.py:188} INFO - [2024-04-24T20:11:09.888+0000] {dagbag.py:540} INFO - Filling up the DagBag from /usr/local/python/3.10.13/lib/python3.10/site-packages/airflow/example_dags/example_setup_teardown_taskflow.py
[2024-04-24T20:11:09.899+0000] {processor.py:840} INFO - DAG(s) 'example_setup_teardown_taskflow' retrieved from /usr/local/python/3.10.13/lib/python3.10/site-packages/airflow/example_dags/example_setup_teardown_taskflow.py
[2024-04-24T20:11:09.912+0000] {logging_mixin.py:188} INFO - [2024-04-24T20:11:09.912+0000] {dag.py:3096} INFO - Sync 1 DAGs
[2024-04-24T20:11:09.925+0000] {logging_mixin.py:188} INFO - [2024-04-24T20:11:09.925+0000] {dag.py:3954} INFO - Setting next_dagrun for example_setup_teardown_taskflow to 2024-04-23 00:00:00+00:00, run_after=2024-04-24 00:00:00+00:00
[2024-04-24T20:11:09.963+0000] {processor.py:183} INFO - Processing /usr/local/python/3.10.13/lib/python3.10/site-packages/airflow/example_dags/example_setup_teardown_taskflow.py took 0.084 seconds
[2024-04-24T20:11:54.660+0000] {processor.py:161} INFO - Started process (PID=13688) to work on /usr/local/python/3.10.13/lib/python3.10/site-packages/airflow/example_dags/example_setup_teardown_taskflow.py
[2024-04-24T20:11:54.661+0000] {processor.py:830} INFO - Processing file /usr/local/python/3.10.13/lib/python3.10/site-packages/airflow/example_dags/example_setup_teardown_taskflow.py for tasks to queue
[2024-04-24T20:11:54.662+0000] {logging_mixin.py:188} INFO - [2024-04-24T20:11:54.662+0000] {dagbag.py:540} INFO - Filling up the DagBag from /usr/local/python/3.10.13/lib/python3.10/site-packages/airflow/example_dags/example_setup_teardown_taskflow.py
[2024-04-24T20:11:54.672+0000] {processor.py:840} INFO - DAG(s) 'example_setup_teardown_taskflow' retrieved from /usr/local/python/3.10.13/lib/python3.10/site-packages/airflow/example_dags/example_setup_teardown_taskflow.py
[2024-04-24T20:11:54.719+0000] {logging_mixin.py:188} INFO - [2024-04-24T20:11:54.718+0000] {dag.py:3096} INFO - Sync 1 DAGs
[2024-04-24T20:11:54.732+0000] {logging_mixin.py:188} INFO - [2024-04-24T20:11:54.732+0000] {dag.py:3954} INFO - Setting next_dagrun for example_setup_teardown_taskflow to 2024-04-23 00:00:00+00:00, run_after=2024-04-24 00:00:00+00:00
[2024-04-24T20:11:54.768+0000] {processor.py:183} INFO - Processing /usr/local/python/3.10.13/lib/python3.10/site-packages/airflow/example_dags/example_setup_teardown_taskflow.py took 0.115 seconds
[2024-04-24T20:13:00.909+0000] {processor.py:161} INFO - Started process (PID=14290) to work on /usr/local/python/3.10.13/lib/python3.10/site-packages/airflow/example_dags/example_setup_teardown_taskflow.py
[2024-04-24T20:13:00.910+0000] {processor.py:830} INFO - Processing file /usr/local/python/3.10.13/lib/python3.10/site-packages/airflow/example_dags/example_setup_teardown_taskflow.py for tasks to queue
[2024-04-24T20:13:00.911+0000] {logging_mixin.py:188} INFO - [2024-04-24T20:13:00.910+0000] {dagbag.py:540} INFO - Filling up the DagBag from /usr/local/python/3.10.13/lib/python3.10/site-packages/airflow/example_dags/example_setup_teardown_taskflow.py
[2024-04-24T20:13:00.918+0000] {processor.py:840} INFO - DAG(s) 'example_setup_teardown_taskflow' retrieved from /usr/local/python/3.10.13/lib/python3.10/site-packages/airflow/example_dags/example_setup_teardown_taskflow.py
[2024-04-24T20:13:00.932+0000] {logging_mixin.py:188} INFO - [2024-04-24T20:13:00.931+0000] {dag.py:3096} INFO - Sync 1 DAGs
[2024-04-24T20:13:00.945+0000] {logging_mixin.py:188} INFO - [2024-04-24T20:13:00.944+0000] {dag.py:3954} INFO - Setting next_dagrun for example_setup_teardown_taskflow to 2024-04-23 00:00:00+00:00, run_after=2024-04-24 00:00:00+00:00
[2024-04-24T20:13:00.982+0000] {processor.py:183} INFO - Processing /usr/local/python/3.10.13/lib/python3.10/site-packages/airflow/example_dags/example_setup_teardown_taskflow.py took 0.078 seconds
[2024-04-24T20:14:07.838+0000] {processor.py:161} INFO - Started process (PID=14986) to work on /usr/local/python/3.10.13/lib/python3.10/site-packages/airflow/example_dags/example_setup_teardown_taskflow.py
[2024-04-24T20:14:07.838+0000] {processor.py:830} INFO - Processing file /usr/local/python/3.10.13/lib/python3.10/site-packages/airflow/example_dags/example_setup_teardown_taskflow.py for tasks to queue
[2024-04-24T20:14:07.840+0000] {logging_mixin.py:188} INFO - [2024-04-24T20:14:07.839+0000] {dagbag.py:540} INFO - Filling up the DagBag from /usr/local/python/3.10.13/lib/python3.10/site-packages/airflow/example_dags/example_setup_teardown_taskflow.py
[2024-04-24T20:14:07.847+0000] {processor.py:840} INFO - DAG(s) 'example_setup_teardown_taskflow' retrieved from /usr/local/python/3.10.13/lib/python3.10/site-packages/airflow/example_dags/example_setup_teardown_taskflow.py
[2024-04-24T20:14:07.859+0000] {logging_mixin.py:188} INFO - [2024-04-24T20:14:07.859+0000] {dag.py:3096} INFO - Sync 1 DAGs
[2024-04-24T20:14:07.873+0000] {logging_mixin.py:188} INFO - [2024-04-24T20:14:07.873+0000] {dag.py:3954} INFO - Setting next_dagrun for example_setup_teardown_taskflow to 2024-04-23 00:00:00+00:00, run_after=2024-04-24 00:00:00+00:00
[2024-04-24T20:14:07.917+0000] {processor.py:183} INFO - Processing /usr/local/python/3.10.13/lib/python3.10/site-packages/airflow/example_dags/example_setup_teardown_taskflow.py took 0.083 seconds
[2024-04-24T20:14:52.193+0000] {processor.py:161} INFO - Started process (PID=15379) to work on /usr/local/python/3.10.13/lib/python3.10/site-packages/airflow/example_dags/example_setup_teardown_taskflow.py
[2024-04-24T20:14:52.194+0000] {processor.py:830} INFO - Processing file /usr/local/python/3.10.13/lib/python3.10/site-packages/airflow/example_dags/example_setup_teardown_taskflow.py for tasks to queue
[2024-04-24T20:14:52.195+0000] {logging_mixin.py:188} INFO - [2024-04-24T20:14:52.195+0000] {dagbag.py:540} INFO - Filling up the DagBag from /usr/local/python/3.10.13/lib/python3.10/site-packages/airflow/example_dags/example_setup_teardown_taskflow.py
[2024-04-24T20:14:52.202+0000] {processor.py:840} INFO - DAG(s) 'example_setup_teardown_taskflow' retrieved from /usr/local/python/3.10.13/lib/python3.10/site-packages/airflow/example_dags/example_setup_teardown_taskflow.py
[2024-04-24T20:14:52.214+0000] {logging_mixin.py:188} INFO - [2024-04-24T20:14:52.214+0000] {dag.py:3096} INFO - Sync 1 DAGs
[2024-04-24T20:14:52.227+0000] {logging_mixin.py:188} INFO - [2024-04-24T20:14:52.227+0000] {dag.py:3954} INFO - Setting next_dagrun for example_setup_teardown_taskflow to 2024-04-23 00:00:00+00:00, run_after=2024-04-24 00:00:00+00:00
[2024-04-24T20:14:52.272+0000] {processor.py:183} INFO - Processing /usr/local/python/3.10.13/lib/python3.10/site-packages/airflow/example_dags/example_setup_teardown_taskflow.py took 0.083 seconds
