[2024-04-24T20:02:30.885+0000] {processor.py:161} INFO - Started process (PID=7602) to work on /usr/local/python/3.10.13/lib/python3.10/site-packages/airflow/example_dags/example_time_delta_sensor_async.py
[2024-04-24T20:02:30.886+0000] {processor.py:830} INFO - Processing file /usr/local/python/3.10.13/lib/python3.10/site-packages/airflow/example_dags/example_time_delta_sensor_async.py for tasks to queue
[2024-04-24T20:02:30.887+0000] {logging_mixin.py:188} INFO - [2024-04-24T20:02:30.887+0000] {dagbag.py:540} INFO - Filling up the DagBag from /usr/local/python/3.10.13/lib/python3.10/site-packages/airflow/example_dags/example_time_delta_sensor_async.py
[2024-04-24T20:02:30.891+0000] {processor.py:840} INFO - DAG(s) 'example_time_delta_sensor_async' retrieved from /usr/local/python/3.10.13/lib/python3.10/site-packages/airflow/example_dags/example_time_delta_sensor_async.py
[2024-04-24T20:02:31.018+0000] {logging_mixin.py:188} INFO - [2024-04-24T20:02:31.018+0000] {dag.py:3096} INFO - Sync 1 DAGs
[2024-04-24T20:02:31.025+0000] {logging_mixin.py:188} INFO - [2024-04-24T20:02:31.025+0000] {dag.py:3954} INFO - Setting next_dagrun for example_time_delta_sensor_async to None, run_after=None
[2024-04-24T20:02:31.062+0000] {processor.py:183} INFO - Processing /usr/local/python/3.10.13/lib/python3.10/site-packages/airflow/example_dags/example_time_delta_sensor_async.py took 0.181 seconds
[2024-04-24T20:03:29.591+0000] {processor.py:161} INFO - Started process (PID=8374) to work on /usr/local/python/3.10.13/lib/python3.10/site-packages/airflow/example_dags/example_time_delta_sensor_async.py
[2024-04-24T20:03:29.591+0000] {processor.py:830} INFO - Processing file /usr/local/python/3.10.13/lib/python3.10/site-packages/airflow/example_dags/example_time_delta_sensor_async.py for tasks to queue
[2024-04-24T20:03:29.593+0000] {logging_mixin.py:188} INFO - [2024-04-24T20:03:29.593+0000] {dagbag.py:540} INFO - Filling up the DagBag from /usr/local/python/3.10.13/lib/python3.10/site-packages/airflow/example_dags/example_time_delta_sensor_async.py
[2024-04-24T20:03:29.597+0000] {processor.py:840} INFO - DAG(s) 'example_time_delta_sensor_async' retrieved from /usr/local/python/3.10.13/lib/python3.10/site-packages/airflow/example_dags/example_time_delta_sensor_async.py
[2024-04-24T20:03:29.712+0000] {logging_mixin.py:188} INFO - [2024-04-24T20:03:29.712+0000] {dag.py:3096} INFO - Sync 1 DAGs
[2024-04-24T20:03:29.725+0000] {logging_mixin.py:188} INFO - [2024-04-24T20:03:29.725+0000] {dag.py:3954} INFO - Setting next_dagrun for example_time_delta_sensor_async to None, run_after=None
[2024-04-24T20:03:29.796+0000] {processor.py:183} INFO - Processing /usr/local/python/3.10.13/lib/python3.10/site-packages/airflow/example_dags/example_time_delta_sensor_async.py took 0.210 seconds
[2024-04-24T20:04:19.389+0000] {processor.py:161} INFO - Started process (PID=8854) to work on /usr/local/python/3.10.13/lib/python3.10/site-packages/airflow/example_dags/example_time_delta_sensor_async.py
[2024-04-24T20:04:19.389+0000] {processor.py:830} INFO - Processing file /usr/local/python/3.10.13/lib/python3.10/site-packages/airflow/example_dags/example_time_delta_sensor_async.py for tasks to queue
[2024-04-24T20:04:19.391+0000] {logging_mixin.py:188} INFO - [2024-04-24T20:04:19.391+0000] {dagbag.py:540} INFO - Filling up the DagBag from /usr/local/python/3.10.13/lib/python3.10/site-packages/airflow/example_dags/example_time_delta_sensor_async.py
[2024-04-24T20:04:19.394+0000] {processor.py:840} INFO - DAG(s) 'example_time_delta_sensor_async' retrieved from /usr/local/python/3.10.13/lib/python3.10/site-packages/airflow/example_dags/example_time_delta_sensor_async.py
[2024-04-24T20:04:19.405+0000] {logging_mixin.py:188} INFO - [2024-04-24T20:04:19.404+0000] {dag.py:3096} INFO - Sync 1 DAGs
[2024-04-24T20:04:19.414+0000] {logging_mixin.py:188} INFO - [2024-04-24T20:04:19.413+0000] {dag.py:3954} INFO - Setting next_dagrun for example_time_delta_sensor_async to None, run_after=None
[2024-04-24T20:04:19.451+0000] {processor.py:183} INFO - Processing /usr/local/python/3.10.13/lib/python3.10/site-packages/airflow/example_dags/example_time_delta_sensor_async.py took 0.067 seconds
[2024-04-24T20:05:12.521+0000] {processor.py:161} INFO - Started process (PID=9460) to work on /usr/local/python/3.10.13/lib/python3.10/site-packages/airflow/example_dags/example_time_delta_sensor_async.py
[2024-04-24T20:05:12.522+0000] {processor.py:830} INFO - Processing file /usr/local/python/3.10.13/lib/python3.10/site-packages/airflow/example_dags/example_time_delta_sensor_async.py for tasks to queue
[2024-04-24T20:05:12.523+0000] {logging_mixin.py:188} INFO - [2024-04-24T20:05:12.523+0000] {dagbag.py:540} INFO - Filling up the DagBag from /usr/local/python/3.10.13/lib/python3.10/site-packages/airflow/example_dags/example_time_delta_sensor_async.py
[2024-04-24T20:05:12.528+0000] {processor.py:840} INFO - DAG(s) 'example_time_delta_sensor_async' retrieved from /usr/local/python/3.10.13/lib/python3.10/site-packages/airflow/example_dags/example_time_delta_sensor_async.py
[2024-04-24T20:05:12.539+0000] {logging_mixin.py:188} INFO - [2024-04-24T20:05:12.539+0000] {dag.py:3096} INFO - Sync 1 DAGs
[2024-04-24T20:05:12.549+0000] {logging_mixin.py:188} INFO - [2024-04-24T20:05:12.549+0000] {dag.py:3954} INFO - Setting next_dagrun for example_time_delta_sensor_async to None, run_after=None
[2024-04-24T20:05:12.655+0000] {processor.py:183} INFO - Processing /usr/local/python/3.10.13/lib/python3.10/site-packages/airflow/example_dags/example_time_delta_sensor_async.py took 0.139 seconds
[2024-04-24T20:05:59.775+0000] {processor.py:161} INFO - Started process (PID=9975) to work on /usr/local/python/3.10.13/lib/python3.10/site-packages/airflow/example_dags/example_time_delta_sensor_async.py
[2024-04-24T20:05:59.776+0000] {processor.py:830} INFO - Processing file /usr/local/python/3.10.13/lib/python3.10/site-packages/airflow/example_dags/example_time_delta_sensor_async.py for tasks to queue
[2024-04-24T20:05:59.777+0000] {logging_mixin.py:188} INFO - [2024-04-24T20:05:59.776+0000] {dagbag.py:540} INFO - Filling up the DagBag from /usr/local/python/3.10.13/lib/python3.10/site-packages/airflow/example_dags/example_time_delta_sensor_async.py
[2024-04-24T20:05:59.780+0000] {processor.py:840} INFO - DAG(s) 'example_time_delta_sensor_async' retrieved from /usr/local/python/3.10.13/lib/python3.10/site-packages/airflow/example_dags/example_time_delta_sensor_async.py
[2024-04-24T20:05:59.792+0000] {logging_mixin.py:188} INFO - [2024-04-24T20:05:59.792+0000] {dag.py:3096} INFO - Sync 1 DAGs
[2024-04-24T20:05:59.800+0000] {logging_mixin.py:188} INFO - [2024-04-24T20:05:59.800+0000] {dag.py:3954} INFO - Setting next_dagrun for example_time_delta_sensor_async to None, run_after=None
[2024-04-24T20:05:59.841+0000] {processor.py:183} INFO - Processing /usr/local/python/3.10.13/lib/python3.10/site-packages/airflow/example_dags/example_time_delta_sensor_async.py took 0.070 seconds
[2024-04-24T20:06:45.997+0000] {processor.py:161} INFO - Started process (PID=10371) to work on /usr/local/python/3.10.13/lib/python3.10/site-packages/airflow/example_dags/example_time_delta_sensor_async.py
[2024-04-24T20:06:45.998+0000] {processor.py:830} INFO - Processing file /usr/local/python/3.10.13/lib/python3.10/site-packages/airflow/example_dags/example_time_delta_sensor_async.py for tasks to queue
[2024-04-24T20:06:45.999+0000] {logging_mixin.py:188} INFO - [2024-04-24T20:06:45.999+0000] {dagbag.py:540} INFO - Filling up the DagBag from /usr/local/python/3.10.13/lib/python3.10/site-packages/airflow/example_dags/example_time_delta_sensor_async.py
[2024-04-24T20:06:46.002+0000] {processor.py:840} INFO - DAG(s) 'example_time_delta_sensor_async' retrieved from /usr/local/python/3.10.13/lib/python3.10/site-packages/airflow/example_dags/example_time_delta_sensor_async.py
[2024-04-24T20:06:46.013+0000] {logging_mixin.py:188} INFO - [2024-04-24T20:06:46.013+0000] {dag.py:3096} INFO - Sync 1 DAGs
[2024-04-24T20:06:46.021+0000] {logging_mixin.py:188} INFO - [2024-04-24T20:06:46.021+0000] {dag.py:3954} INFO - Setting next_dagrun for example_time_delta_sensor_async to None, run_after=None
[2024-04-24T20:06:46.059+0000] {processor.py:183} INFO - Processing /usr/local/python/3.10.13/lib/python3.10/site-packages/airflow/example_dags/example_time_delta_sensor_async.py took 0.066 seconds
[2024-04-24T20:07:32.001+0000] {processor.py:161} INFO - Started process (PID=10952) to work on /usr/local/python/3.10.13/lib/python3.10/site-packages/airflow/example_dags/example_time_delta_sensor_async.py
[2024-04-24T20:07:32.002+0000] {processor.py:830} INFO - Processing file /usr/local/python/3.10.13/lib/python3.10/site-packages/airflow/example_dags/example_time_delta_sensor_async.py for tasks to queue
[2024-04-24T20:07:32.004+0000] {logging_mixin.py:188} INFO - [2024-04-24T20:07:32.003+0000] {dagbag.py:540} INFO - Filling up the DagBag from /usr/local/python/3.10.13/lib/python3.10/site-packages/airflow/example_dags/example_time_delta_sensor_async.py
[2024-04-24T20:07:32.008+0000] {processor.py:840} INFO - DAG(s) 'example_time_delta_sensor_async' retrieved from /usr/local/python/3.10.13/lib/python3.10/site-packages/airflow/example_dags/example_time_delta_sensor_async.py
[2024-04-24T20:07:32.020+0000] {logging_mixin.py:188} INFO - [2024-04-24T20:07:32.020+0000] {dag.py:3096} INFO - Sync 1 DAGs
[2024-04-24T20:07:32.028+0000] {logging_mixin.py:188} INFO - [2024-04-24T20:07:32.028+0000] {dag.py:3954} INFO - Setting next_dagrun for example_time_delta_sensor_async to None, run_after=None
[2024-04-24T20:07:32.068+0000] {processor.py:183} INFO - Processing /usr/local/python/3.10.13/lib/python3.10/site-packages/airflow/example_dags/example_time_delta_sensor_async.py took 0.072 seconds
[2024-04-24T20:08:18.998+0000] {processor.py:161} INFO - Started process (PID=11698) to work on /usr/local/python/3.10.13/lib/python3.10/site-packages/airflow/example_dags/example_time_delta_sensor_async.py
[2024-04-24T20:08:18.999+0000] {processor.py:830} INFO - Processing file /usr/local/python/3.10.13/lib/python3.10/site-packages/airflow/example_dags/example_time_delta_sensor_async.py for tasks to queue
[2024-04-24T20:08:19.000+0000] {logging_mixin.py:188} INFO - [2024-04-24T20:08:19.000+0000] {dagbag.py:540} INFO - Filling up the DagBag from /usr/local/python/3.10.13/lib/python3.10/site-packages/airflow/example_dags/example_time_delta_sensor_async.py
[2024-04-24T20:08:19.004+0000] {processor.py:840} INFO - DAG(s) 'example_time_delta_sensor_async' retrieved from /usr/local/python/3.10.13/lib/python3.10/site-packages/airflow/example_dags/example_time_delta_sensor_async.py
[2024-04-24T20:08:19.015+0000] {logging_mixin.py:188} INFO - [2024-04-24T20:08:19.014+0000] {dag.py:3096} INFO - Sync 1 DAGs
[2024-04-24T20:08:19.023+0000] {logging_mixin.py:188} INFO - [2024-04-24T20:08:19.022+0000] {dag.py:3954} INFO - Setting next_dagrun for example_time_delta_sensor_async to None, run_after=None
[2024-04-24T20:08:19.060+0000] {processor.py:183} INFO - Processing /usr/local/python/3.10.13/lib/python3.10/site-packages/airflow/example_dags/example_time_delta_sensor_async.py took 0.065 seconds
[2024-04-24T20:09:03.442+0000] {processor.py:161} INFO - Started process (PID=12085) to work on /usr/local/python/3.10.13/lib/python3.10/site-packages/airflow/example_dags/example_time_delta_sensor_async.py
[2024-04-24T20:09:03.442+0000] {processor.py:830} INFO - Processing file /usr/local/python/3.10.13/lib/python3.10/site-packages/airflow/example_dags/example_time_delta_sensor_async.py for tasks to queue
[2024-04-24T20:09:03.443+0000] {logging_mixin.py:188} INFO - [2024-04-24T20:09:03.443+0000] {dagbag.py:540} INFO - Filling up the DagBag from /usr/local/python/3.10.13/lib/python3.10/site-packages/airflow/example_dags/example_time_delta_sensor_async.py
[2024-04-24T20:09:03.447+0000] {processor.py:840} INFO - DAG(s) 'example_time_delta_sensor_async' retrieved from /usr/local/python/3.10.13/lib/python3.10/site-packages/airflow/example_dags/example_time_delta_sensor_async.py
[2024-04-24T20:09:03.457+0000] {logging_mixin.py:188} INFO - [2024-04-24T20:09:03.457+0000] {dag.py:3096} INFO - Sync 1 DAGs
[2024-04-24T20:09:03.466+0000] {logging_mixin.py:188} INFO - [2024-04-24T20:09:03.466+0000] {dag.py:3954} INFO - Setting next_dagrun for example_time_delta_sensor_async to None, run_after=None
[2024-04-24T20:09:03.504+0000] {processor.py:183} INFO - Processing /usr/local/python/3.10.13/lib/python3.10/site-packages/airflow/example_dags/example_time_delta_sensor_async.py took 0.067 seconds
[2024-04-24T20:09:50.660+0000] {processor.py:161} INFO - Started process (PID=12432) to work on /usr/local/python/3.10.13/lib/python3.10/site-packages/airflow/example_dags/example_time_delta_sensor_async.py
[2024-04-24T20:09:50.661+0000] {processor.py:830} INFO - Processing file /usr/local/python/3.10.13/lib/python3.10/site-packages/airflow/example_dags/example_time_delta_sensor_async.py for tasks to queue
[2024-04-24T20:09:50.662+0000] {logging_mixin.py:188} INFO - [2024-04-24T20:09:50.662+0000] {dagbag.py:540} INFO - Filling up the DagBag from /usr/local/python/3.10.13/lib/python3.10/site-packages/airflow/example_dags/example_time_delta_sensor_async.py
[2024-04-24T20:09:50.666+0000] {processor.py:840} INFO - DAG(s) 'example_time_delta_sensor_async' retrieved from /usr/local/python/3.10.13/lib/python3.10/site-packages/airflow/example_dags/example_time_delta_sensor_async.py
[2024-04-24T20:09:50.677+0000] {logging_mixin.py:188} INFO - [2024-04-24T20:09:50.677+0000] {dag.py:3096} INFO - Sync 1 DAGs
[2024-04-24T20:09:50.685+0000] {logging_mixin.py:188} INFO - [2024-04-24T20:09:50.685+0000] {dag.py:3954} INFO - Setting next_dagrun for example_time_delta_sensor_async to None, run_after=None
[2024-04-24T20:09:50.726+0000] {processor.py:183} INFO - Processing /usr/local/python/3.10.13/lib/python3.10/site-packages/airflow/example_dags/example_time_delta_sensor_async.py took 0.070 seconds
[2024-04-24T20:10:34.801+0000] {processor.py:161} INFO - Started process (PID=13009) to work on /usr/local/python/3.10.13/lib/python3.10/site-packages/airflow/example_dags/example_time_delta_sensor_async.py
[2024-04-24T20:10:34.802+0000] {processor.py:830} INFO - Processing file /usr/local/python/3.10.13/lib/python3.10/site-packages/airflow/example_dags/example_time_delta_sensor_async.py for tasks to queue
[2024-04-24T20:10:34.803+0000] {logging_mixin.py:188} INFO - [2024-04-24T20:10:34.803+0000] {dagbag.py:540} INFO - Filling up the DagBag from /usr/local/python/3.10.13/lib/python3.10/site-packages/airflow/example_dags/example_time_delta_sensor_async.py
[2024-04-24T20:10:34.808+0000] {processor.py:840} INFO - DAG(s) 'example_time_delta_sensor_async' retrieved from /usr/local/python/3.10.13/lib/python3.10/site-packages/airflow/example_dags/example_time_delta_sensor_async.py
[2024-04-24T20:10:34.825+0000] {logging_mixin.py:188} INFO - [2024-04-24T20:10:34.825+0000] {dag.py:3096} INFO - Sync 1 DAGs
[2024-04-24T20:10:34.837+0000] {logging_mixin.py:188} INFO - [2024-04-24T20:10:34.837+0000] {dag.py:3954} INFO - Setting next_dagrun for example_time_delta_sensor_async to None, run_after=None
[2024-04-24T20:10:34.881+0000] {processor.py:183} INFO - Processing /usr/local/python/3.10.13/lib/python3.10/site-packages/airflow/example_dags/example_time_delta_sensor_async.py took 0.085 seconds
[2024-04-24T20:11:22.373+0000] {processor.py:161} INFO - Started process (PID=13405) to work on /usr/local/python/3.10.13/lib/python3.10/site-packages/airflow/example_dags/example_time_delta_sensor_async.py
[2024-04-24T20:11:22.373+0000] {processor.py:830} INFO - Processing file /usr/local/python/3.10.13/lib/python3.10/site-packages/airflow/example_dags/example_time_delta_sensor_async.py for tasks to queue
[2024-04-24T20:11:22.375+0000] {logging_mixin.py:188} INFO - [2024-04-24T20:11:22.375+0000] {dagbag.py:540} INFO - Filling up the DagBag from /usr/local/python/3.10.13/lib/python3.10/site-packages/airflow/example_dags/example_time_delta_sensor_async.py
[2024-04-24T20:11:22.379+0000] {processor.py:840} INFO - DAG(s) 'example_time_delta_sensor_async' retrieved from /usr/local/python/3.10.13/lib/python3.10/site-packages/airflow/example_dags/example_time_delta_sensor_async.py
[2024-04-24T20:11:22.394+0000] {logging_mixin.py:188} INFO - [2024-04-24T20:11:22.394+0000] {dag.py:3096} INFO - Sync 1 DAGs
[2024-04-24T20:11:22.407+0000] {logging_mixin.py:188} INFO - [2024-04-24T20:11:22.407+0000] {dag.py:3954} INFO - Setting next_dagrun for example_time_delta_sensor_async to None, run_after=None
[2024-04-24T20:11:22.448+0000] {processor.py:183} INFO - Processing /usr/local/python/3.10.13/lib/python3.10/site-packages/airflow/example_dags/example_time_delta_sensor_async.py took 0.082 seconds
[2024-04-24T20:12:06.341+0000] {processor.py:161} INFO - Started process (PID=13836) to work on /usr/local/python/3.10.13/lib/python3.10/site-packages/airflow/example_dags/example_time_delta_sensor_async.py
[2024-04-24T20:12:06.342+0000] {processor.py:830} INFO - Processing file /usr/local/python/3.10.13/lib/python3.10/site-packages/airflow/example_dags/example_time_delta_sensor_async.py for tasks to queue
[2024-04-24T20:12:06.343+0000] {logging_mixin.py:188} INFO - [2024-04-24T20:12:06.343+0000] {dagbag.py:540} INFO - Filling up the DagBag from /usr/local/python/3.10.13/lib/python3.10/site-packages/airflow/example_dags/example_time_delta_sensor_async.py
[2024-04-24T20:12:06.346+0000] {processor.py:840} INFO - DAG(s) 'example_time_delta_sensor_async' retrieved from /usr/local/python/3.10.13/lib/python3.10/site-packages/airflow/example_dags/example_time_delta_sensor_async.py
[2024-04-24T20:12:06.365+0000] {logging_mixin.py:188} INFO - [2024-04-24T20:12:06.365+0000] {dag.py:3096} INFO - Sync 1 DAGs
[2024-04-24T20:12:06.378+0000] {logging_mixin.py:188} INFO - [2024-04-24T20:12:06.378+0000] {dag.py:3954} INFO - Setting next_dagrun for example_time_delta_sensor_async to None, run_after=None
[2024-04-24T20:12:06.424+0000] {processor.py:183} INFO - Processing /usr/local/python/3.10.13/lib/python3.10/site-packages/airflow/example_dags/example_time_delta_sensor_async.py took 0.093 seconds
[2024-04-24T20:12:50.085+0000] {processor.py:161} INFO - Started process (PID=14155) to work on /usr/local/python/3.10.13/lib/python3.10/site-packages/airflow/example_dags/example_time_delta_sensor_async.py
[2024-04-24T20:12:50.085+0000] {processor.py:830} INFO - Processing file /usr/local/python/3.10.13/lib/python3.10/site-packages/airflow/example_dags/example_time_delta_sensor_async.py for tasks to queue
[2024-04-24T20:12:50.087+0000] {logging_mixin.py:188} INFO - [2024-04-24T20:12:50.087+0000] {dagbag.py:540} INFO - Filling up the DagBag from /usr/local/python/3.10.13/lib/python3.10/site-packages/airflow/example_dags/example_time_delta_sensor_async.py
[2024-04-24T20:12:50.092+0000] {processor.py:840} INFO - DAG(s) 'example_time_delta_sensor_async' retrieved from /usr/local/python/3.10.13/lib/python3.10/site-packages/airflow/example_dags/example_time_delta_sensor_async.py
[2024-04-24T20:12:50.107+0000] {logging_mixin.py:188} INFO - [2024-04-24T20:12:50.107+0000] {dag.py:3096} INFO - Sync 1 DAGs
[2024-04-24T20:12:50.119+0000] {logging_mixin.py:188} INFO - [2024-04-24T20:12:50.119+0000] {dag.py:3954} INFO - Setting next_dagrun for example_time_delta_sensor_async to None, run_after=None
[2024-04-24T20:12:50.157+0000] {processor.py:183} INFO - Processing /usr/local/python/3.10.13/lib/python3.10/site-packages/airflow/example_dags/example_time_delta_sensor_async.py took 0.078 seconds
[2024-04-24T20:13:35.380+0000] {processor.py:161} INFO - Started process (PID=14526) to work on /usr/local/python/3.10.13/lib/python3.10/site-packages/airflow/example_dags/example_time_delta_sensor_async.py
[2024-04-24T20:13:35.381+0000] {processor.py:830} INFO - Processing file /usr/local/python/3.10.13/lib/python3.10/site-packages/airflow/example_dags/example_time_delta_sensor_async.py for tasks to queue
[2024-04-24T20:13:35.382+0000] {logging_mixin.py:188} INFO - [2024-04-24T20:13:35.382+0000] {dagbag.py:540} INFO - Filling up the DagBag from /usr/local/python/3.10.13/lib/python3.10/site-packages/airflow/example_dags/example_time_delta_sensor_async.py
[2024-04-24T20:13:35.385+0000] {processor.py:840} INFO - DAG(s) 'example_time_delta_sensor_async' retrieved from /usr/local/python/3.10.13/lib/python3.10/site-packages/airflow/example_dags/example_time_delta_sensor_async.py
[2024-04-24T20:13:35.396+0000] {logging_mixin.py:188} INFO - [2024-04-24T20:13:35.396+0000] {dag.py:3096} INFO - Sync 1 DAGs
[2024-04-24T20:13:35.404+0000] {logging_mixin.py:188} INFO - [2024-04-24T20:13:35.404+0000] {dag.py:3954} INFO - Setting next_dagrun for example_time_delta_sensor_async to None, run_after=None
[2024-04-24T20:13:35.443+0000] {processor.py:183} INFO - Processing /usr/local/python/3.10.13/lib/python3.10/site-packages/airflow/example_dags/example_time_delta_sensor_async.py took 0.068 seconds
[2024-04-24T20:14:20.747+0000] {processor.py:161} INFO - Started process (PID=15100) to work on /usr/local/python/3.10.13/lib/python3.10/site-packages/airflow/example_dags/example_time_delta_sensor_async.py
[2024-04-24T20:14:20.748+0000] {processor.py:830} INFO - Processing file /usr/local/python/3.10.13/lib/python3.10/site-packages/airflow/example_dags/example_time_delta_sensor_async.py for tasks to queue
[2024-04-24T20:14:20.749+0000] {logging_mixin.py:188} INFO - [2024-04-24T20:14:20.749+0000] {dagbag.py:540} INFO - Filling up the DagBag from /usr/local/python/3.10.13/lib/python3.10/site-packages/airflow/example_dags/example_time_delta_sensor_async.py
[2024-04-24T20:14:20.753+0000] {processor.py:840} INFO - DAG(s) 'example_time_delta_sensor_async' retrieved from /usr/local/python/3.10.13/lib/python3.10/site-packages/airflow/example_dags/example_time_delta_sensor_async.py
[2024-04-24T20:14:20.764+0000] {logging_mixin.py:188} INFO - [2024-04-24T20:14:20.764+0000] {dag.py:3096} INFO - Sync 1 DAGs
[2024-04-24T20:14:20.772+0000] {logging_mixin.py:188} INFO - [2024-04-24T20:14:20.772+0000] {dag.py:3954} INFO - Setting next_dagrun for example_time_delta_sensor_async to None, run_after=None
[2024-04-24T20:14:20.810+0000] {processor.py:183} INFO - Processing /usr/local/python/3.10.13/lib/python3.10/site-packages/airflow/example_dags/example_time_delta_sensor_async.py took 0.068 seconds
[2024-04-24T20:15:04.808+0000] {processor.py:161} INFO - Started process (PID=15461) to work on /usr/local/python/3.10.13/lib/python3.10/site-packages/airflow/example_dags/example_time_delta_sensor_async.py
[2024-04-24T20:15:04.809+0000] {processor.py:830} INFO - Processing file /usr/local/python/3.10.13/lib/python3.10/site-packages/airflow/example_dags/example_time_delta_sensor_async.py for tasks to queue
[2024-04-24T20:15:04.810+0000] {logging_mixin.py:188} INFO - [2024-04-24T20:15:04.810+0000] {dagbag.py:540} INFO - Filling up the DagBag from /usr/local/python/3.10.13/lib/python3.10/site-packages/airflow/example_dags/example_time_delta_sensor_async.py
[2024-04-24T20:15:04.814+0000] {processor.py:840} INFO - DAG(s) 'example_time_delta_sensor_async' retrieved from /usr/local/python/3.10.13/lib/python3.10/site-packages/airflow/example_dags/example_time_delta_sensor_async.py
[2024-04-24T20:15:04.824+0000] {logging_mixin.py:188} INFO - [2024-04-24T20:15:04.824+0000] {dag.py:3096} INFO - Sync 1 DAGs
[2024-04-24T20:15:04.832+0000] {logging_mixin.py:188} INFO - [2024-04-24T20:15:04.832+0000] {dag.py:3954} INFO - Setting next_dagrun for example_time_delta_sensor_async to None, run_after=None
[2024-04-24T20:15:04.870+0000] {processor.py:183} INFO - Processing /usr/local/python/3.10.13/lib/python3.10/site-packages/airflow/example_dags/example_time_delta_sensor_async.py took 0.066 seconds
