[2024-04-24T20:02:24.371+0000] {processor.py:161} INFO - Started process (PID=7547) to work on /usr/local/python/3.10.13/lib/python3.10/site-packages/airflow/example_dags/example_skip_dag.py
[2024-04-24T20:02:24.372+0000] {processor.py:830} INFO - Processing file /usr/local/python/3.10.13/lib/python3.10/site-packages/airflow/example_dags/example_skip_dag.py for tasks to queue
[2024-04-24T20:02:24.373+0000] {logging_mixin.py:188} INFO - [2024-04-24T20:02:24.373+0000] {dagbag.py:540} INFO - Filling up the DagBag from /usr/local/python/3.10.13/lib/python3.10/site-packages/airflow/example_dags/example_skip_dag.py
[2024-04-24T20:02:24.378+0000] {processor.py:840} INFO - DAG(s) 'example_skip_dag' retrieved from /usr/local/python/3.10.13/lib/python3.10/site-packages/airflow/example_dags/example_skip_dag.py
[2024-04-24T20:02:24.447+0000] {logging_mixin.py:188} INFO - [2024-04-24T20:02:24.447+0000] {dag.py:3096} INFO - Sync 1 DAGs
[2024-04-24T20:02:24.523+0000] {logging_mixin.py:188} INFO - [2024-04-24T20:02:24.523+0000] {dag.py:3954} INFO - Setting next_dagrun for example_skip_dag to 2024-04-23 00:00:00+00:00, run_after=2024-04-24 00:00:00+00:00
[2024-04-24T20:02:24.564+0000] {processor.py:183} INFO - Processing /usr/local/python/3.10.13/lib/python3.10/site-packages/airflow/example_dags/example_skip_dag.py took 0.199 seconds
[2024-04-24T20:03:24.331+0000] {processor.py:161} INFO - Started process (PID=8333) to work on /usr/local/python/3.10.13/lib/python3.10/site-packages/airflow/example_dags/example_skip_dag.py
[2024-04-24T20:03:24.331+0000] {processor.py:830} INFO - Processing file /usr/local/python/3.10.13/lib/python3.10/site-packages/airflow/example_dags/example_skip_dag.py for tasks to queue
[2024-04-24T20:03:24.333+0000] {logging_mixin.py:188} INFO - [2024-04-24T20:03:24.332+0000] {dagbag.py:540} INFO - Filling up the DagBag from /usr/local/python/3.10.13/lib/python3.10/site-packages/airflow/example_dags/example_skip_dag.py
[2024-04-24T20:03:24.337+0000] {processor.py:840} INFO - DAG(s) 'example_skip_dag' retrieved from /usr/local/python/3.10.13/lib/python3.10/site-packages/airflow/example_dags/example_skip_dag.py
[2024-04-24T20:03:24.412+0000] {logging_mixin.py:188} INFO - [2024-04-24T20:03:24.412+0000] {dag.py:3096} INFO - Sync 1 DAGs
[2024-04-24T20:03:24.423+0000] {logging_mixin.py:188} INFO - [2024-04-24T20:03:24.423+0000] {dag.py:3954} INFO - Setting next_dagrun for example_skip_dag to 2024-04-23 00:00:00+00:00, run_after=2024-04-24 00:00:00+00:00
[2024-04-24T20:03:24.461+0000] {processor.py:183} INFO - Processing /usr/local/python/3.10.13/lib/python3.10/site-packages/airflow/example_dags/example_skip_dag.py took 0.135 seconds
[2024-04-24T20:04:14.717+0000] {processor.py:161} INFO - Started process (PID=8812) to work on /usr/local/python/3.10.13/lib/python3.10/site-packages/airflow/example_dags/example_skip_dag.py
[2024-04-24T20:04:14.718+0000] {processor.py:830} INFO - Processing file /usr/local/python/3.10.13/lib/python3.10/site-packages/airflow/example_dags/example_skip_dag.py for tasks to queue
[2024-04-24T20:04:14.719+0000] {logging_mixin.py:188} INFO - [2024-04-24T20:04:14.719+0000] {dagbag.py:540} INFO - Filling up the DagBag from /usr/local/python/3.10.13/lib/python3.10/site-packages/airflow/example_dags/example_skip_dag.py
[2024-04-24T20:04:14.724+0000] {processor.py:840} INFO - DAG(s) 'example_skip_dag' retrieved from /usr/local/python/3.10.13/lib/python3.10/site-packages/airflow/example_dags/example_skip_dag.py
[2024-04-24T20:04:14.736+0000] {logging_mixin.py:188} INFO - [2024-04-24T20:04:14.736+0000] {dag.py:3096} INFO - Sync 1 DAGs
[2024-04-24T20:04:14.750+0000] {logging_mixin.py:188} INFO - [2024-04-24T20:04:14.750+0000] {dag.py:3954} INFO - Setting next_dagrun for example_skip_dag to 2024-04-23 00:00:00+00:00, run_after=2024-04-24 00:00:00+00:00
[2024-04-24T20:04:14.789+0000] {processor.py:183} INFO - Processing /usr/local/python/3.10.13/lib/python3.10/site-packages/airflow/example_dags/example_skip_dag.py took 0.076 seconds
[2024-04-24T20:05:01.156+0000] {processor.py:161} INFO - Started process (PID=9261) to work on /usr/local/python/3.10.13/lib/python3.10/site-packages/airflow/example_dags/example_skip_dag.py
[2024-04-24T20:05:01.157+0000] {processor.py:830} INFO - Processing file /usr/local/python/3.10.13/lib/python3.10/site-packages/airflow/example_dags/example_skip_dag.py for tasks to queue
[2024-04-24T20:05:01.159+0000] {logging_mixin.py:188} INFO - [2024-04-24T20:05:01.158+0000] {dagbag.py:540} INFO - Filling up the DagBag from /usr/local/python/3.10.13/lib/python3.10/site-packages/airflow/example_dags/example_skip_dag.py
[2024-04-24T20:05:01.164+0000] {processor.py:840} INFO - DAG(s) 'example_skip_dag' retrieved from /usr/local/python/3.10.13/lib/python3.10/site-packages/airflow/example_dags/example_skip_dag.py
[2024-04-24T20:05:01.177+0000] {logging_mixin.py:188} INFO - [2024-04-24T20:05:01.177+0000] {dag.py:3096} INFO - Sync 1 DAGs
[2024-04-24T20:05:01.192+0000] {logging_mixin.py:188} INFO - [2024-04-24T20:05:01.192+0000] {dag.py:3954} INFO - Setting next_dagrun for example_skip_dag to 2024-04-23 00:00:00+00:00, run_after=2024-04-24 00:00:00+00:00
[2024-04-24T20:05:01.232+0000] {processor.py:183} INFO - Processing /usr/local/python/3.10.13/lib/python3.10/site-packages/airflow/example_dags/example_skip_dag.py took 0.081 seconds
[2024-04-24T20:05:48.946+0000] {processor.py:161} INFO - Started process (PID=9765) to work on /usr/local/python/3.10.13/lib/python3.10/site-packages/airflow/example_dags/example_skip_dag.py
[2024-04-24T20:05:48.947+0000] {processor.py:830} INFO - Processing file /usr/local/python/3.10.13/lib/python3.10/site-packages/airflow/example_dags/example_skip_dag.py for tasks to queue
[2024-04-24T20:05:48.948+0000] {logging_mixin.py:188} INFO - [2024-04-24T20:05:48.948+0000] {dagbag.py:540} INFO - Filling up the DagBag from /usr/local/python/3.10.13/lib/python3.10/site-packages/airflow/example_dags/example_skip_dag.py
[2024-04-24T20:05:48.952+0000] {processor.py:840} INFO - DAG(s) 'example_skip_dag' retrieved from /usr/local/python/3.10.13/lib/python3.10/site-packages/airflow/example_dags/example_skip_dag.py
[2024-04-24T20:05:48.965+0000] {logging_mixin.py:188} INFO - [2024-04-24T20:05:48.964+0000] {dag.py:3096} INFO - Sync 1 DAGs
[2024-04-24T20:05:48.978+0000] {logging_mixin.py:188} INFO - [2024-04-24T20:05:48.977+0000] {dag.py:3954} INFO - Setting next_dagrun for example_skip_dag to 2024-04-23 00:00:00+00:00, run_after=2024-04-24 00:00:00+00:00
[2024-04-24T20:05:49.015+0000] {processor.py:183} INFO - Processing /usr/local/python/3.10.13/lib/python3.10/site-packages/airflow/example_dags/example_skip_dag.py took 0.073 seconds
[2024-04-24T20:06:34.735+0000] {processor.py:161} INFO - Started process (PID=10293) to work on /usr/local/python/3.10.13/lib/python3.10/site-packages/airflow/example_dags/example_skip_dag.py
[2024-04-24T20:06:34.736+0000] {processor.py:830} INFO - Processing file /usr/local/python/3.10.13/lib/python3.10/site-packages/airflow/example_dags/example_skip_dag.py for tasks to queue
[2024-04-24T20:06:34.737+0000] {logging_mixin.py:188} INFO - [2024-04-24T20:06:34.737+0000] {dagbag.py:540} INFO - Filling up the DagBag from /usr/local/python/3.10.13/lib/python3.10/site-packages/airflow/example_dags/example_skip_dag.py
[2024-04-24T20:06:34.742+0000] {processor.py:840} INFO - DAG(s) 'example_skip_dag' retrieved from /usr/local/python/3.10.13/lib/python3.10/site-packages/airflow/example_dags/example_skip_dag.py
[2024-04-24T20:06:34.753+0000] {logging_mixin.py:188} INFO - [2024-04-24T20:06:34.753+0000] {dag.py:3096} INFO - Sync 1 DAGs
[2024-04-24T20:06:34.767+0000] {logging_mixin.py:188} INFO - [2024-04-24T20:06:34.767+0000] {dag.py:3954} INFO - Setting next_dagrun for example_skip_dag to 2024-04-23 00:00:00+00:00, run_after=2024-04-24 00:00:00+00:00
[2024-04-24T20:06:34.805+0000] {processor.py:183} INFO - Processing /usr/local/python/3.10.13/lib/python3.10/site-packages/airflow/example_dags/example_skip_dag.py took 0.074 seconds
[2024-04-24T20:07:21.614+0000] {processor.py:161} INFO - Started process (PID=10857) to work on /usr/local/python/3.10.13/lib/python3.10/site-packages/airflow/example_dags/example_skip_dag.py
[2024-04-24T20:07:21.615+0000] {processor.py:830} INFO - Processing file /usr/local/python/3.10.13/lib/python3.10/site-packages/airflow/example_dags/example_skip_dag.py for tasks to queue
[2024-04-24T20:07:21.616+0000] {logging_mixin.py:188} INFO - [2024-04-24T20:07:21.616+0000] {dagbag.py:540} INFO - Filling up the DagBag from /usr/local/python/3.10.13/lib/python3.10/site-packages/airflow/example_dags/example_skip_dag.py
[2024-04-24T20:07:21.621+0000] {processor.py:840} INFO - DAG(s) 'example_skip_dag' retrieved from /usr/local/python/3.10.13/lib/python3.10/site-packages/airflow/example_dags/example_skip_dag.py
[2024-04-24T20:07:21.632+0000] {logging_mixin.py:188} INFO - [2024-04-24T20:07:21.632+0000] {dag.py:3096} INFO - Sync 1 DAGs
[2024-04-24T20:07:21.645+0000] {logging_mixin.py:188} INFO - [2024-04-24T20:07:21.645+0000] {dag.py:3954} INFO - Setting next_dagrun for example_skip_dag to 2024-04-23 00:00:00+00:00, run_after=2024-04-24 00:00:00+00:00
[2024-04-24T20:07:21.706+0000] {processor.py:183} INFO - Processing /usr/local/python/3.10.13/lib/python3.10/site-packages/airflow/example_dags/example_skip_dag.py took 0.096 seconds
[2024-04-24T20:08:08.194+0000] {processor.py:161} INFO - Started process (PID=11623) to work on /usr/local/python/3.10.13/lib/python3.10/site-packages/airflow/example_dags/example_skip_dag.py
[2024-04-24T20:08:08.194+0000] {processor.py:830} INFO - Processing file /usr/local/python/3.10.13/lib/python3.10/site-packages/airflow/example_dags/example_skip_dag.py for tasks to queue
[2024-04-24T20:08:08.195+0000] {logging_mixin.py:188} INFO - [2024-04-24T20:08:08.195+0000] {dagbag.py:540} INFO - Filling up the DagBag from /usr/local/python/3.10.13/lib/python3.10/site-packages/airflow/example_dags/example_skip_dag.py
[2024-04-24T20:08:08.200+0000] {processor.py:840} INFO - DAG(s) 'example_skip_dag' retrieved from /usr/local/python/3.10.13/lib/python3.10/site-packages/airflow/example_dags/example_skip_dag.py
[2024-04-24T20:08:08.212+0000] {logging_mixin.py:188} INFO - [2024-04-24T20:08:08.211+0000] {dag.py:3096} INFO - Sync 1 DAGs
[2024-04-24T20:08:08.225+0000] {logging_mixin.py:188} INFO - [2024-04-24T20:08:08.225+0000] {dag.py:3954} INFO - Setting next_dagrun for example_skip_dag to 2024-04-23 00:00:00+00:00, run_after=2024-04-24 00:00:00+00:00
[2024-04-24T20:08:08.264+0000] {processor.py:183} INFO - Processing /usr/local/python/3.10.13/lib/python3.10/site-packages/airflow/example_dags/example_skip_dag.py took 0.075 seconds
[2024-04-24T20:08:53.310+0000] {processor.py:161} INFO - Started process (PID=12013) to work on /usr/local/python/3.10.13/lib/python3.10/site-packages/airflow/example_dags/example_skip_dag.py
[2024-04-24T20:08:53.310+0000] {processor.py:830} INFO - Processing file /usr/local/python/3.10.13/lib/python3.10/site-packages/airflow/example_dags/example_skip_dag.py for tasks to queue
[2024-04-24T20:08:53.312+0000] {logging_mixin.py:188} INFO - [2024-04-24T20:08:53.311+0000] {dagbag.py:540} INFO - Filling up the DagBag from /usr/local/python/3.10.13/lib/python3.10/site-packages/airflow/example_dags/example_skip_dag.py
[2024-04-24T20:08:53.316+0000] {processor.py:840} INFO - DAG(s) 'example_skip_dag' retrieved from /usr/local/python/3.10.13/lib/python3.10/site-packages/airflow/example_dags/example_skip_dag.py
[2024-04-24T20:08:53.328+0000] {logging_mixin.py:188} INFO - [2024-04-24T20:08:53.328+0000] {dag.py:3096} INFO - Sync 1 DAGs
[2024-04-24T20:08:53.342+0000] {logging_mixin.py:188} INFO - [2024-04-24T20:08:53.342+0000] {dag.py:3954} INFO - Setting next_dagrun for example_skip_dag to 2024-04-23 00:00:00+00:00, run_after=2024-04-24 00:00:00+00:00
[2024-04-24T20:08:53.379+0000] {processor.py:183} INFO - Processing /usr/local/python/3.10.13/lib/python3.10/site-packages/airflow/example_dags/example_skip_dag.py took 0.074 seconds
[2024-04-24T20:09:37.660+0000] {processor.py:161} INFO - Started process (PID=12318) to work on /usr/local/python/3.10.13/lib/python3.10/site-packages/airflow/example_dags/example_skip_dag.py
[2024-04-24T20:09:37.660+0000] {processor.py:830} INFO - Processing file /usr/local/python/3.10.13/lib/python3.10/site-packages/airflow/example_dags/example_skip_dag.py for tasks to queue
[2024-04-24T20:09:37.662+0000] {logging_mixin.py:188} INFO - [2024-04-24T20:09:37.661+0000] {dagbag.py:540} INFO - Filling up the DagBag from /usr/local/python/3.10.13/lib/python3.10/site-packages/airflow/example_dags/example_skip_dag.py
[2024-04-24T20:09:37.667+0000] {processor.py:840} INFO - DAG(s) 'example_skip_dag' retrieved from /usr/local/python/3.10.13/lib/python3.10/site-packages/airflow/example_dags/example_skip_dag.py
[2024-04-24T20:09:37.679+0000] {logging_mixin.py:188} INFO - [2024-04-24T20:09:37.679+0000] {dag.py:3096} INFO - Sync 1 DAGs
[2024-04-24T20:09:37.692+0000] {logging_mixin.py:188} INFO - [2024-04-24T20:09:37.692+0000] {dag.py:3954} INFO - Setting next_dagrun for example_skip_dag to 2024-04-23 00:00:00+00:00, run_after=2024-04-24 00:00:00+00:00
[2024-04-24T20:09:37.729+0000] {processor.py:183} INFO - Processing /usr/local/python/3.10.13/lib/python3.10/site-packages/airflow/example_dags/example_skip_dag.py took 0.074 seconds
[2024-04-24T20:10:23.314+0000] {processor.py:161} INFO - Started process (PID=12931) to work on /usr/local/python/3.10.13/lib/python3.10/site-packages/airflow/example_dags/example_skip_dag.py
[2024-04-24T20:10:23.314+0000] {processor.py:830} INFO - Processing file /usr/local/python/3.10.13/lib/python3.10/site-packages/airflow/example_dags/example_skip_dag.py for tasks to queue
[2024-04-24T20:10:23.315+0000] {logging_mixin.py:188} INFO - [2024-04-24T20:10:23.315+0000] {dagbag.py:540} INFO - Filling up the DagBag from /usr/local/python/3.10.13/lib/python3.10/site-packages/airflow/example_dags/example_skip_dag.py
[2024-04-24T20:10:23.320+0000] {processor.py:840} INFO - DAG(s) 'example_skip_dag' retrieved from /usr/local/python/3.10.13/lib/python3.10/site-packages/airflow/example_dags/example_skip_dag.py
[2024-04-24T20:10:23.335+0000] {logging_mixin.py:188} INFO - [2024-04-24T20:10:23.335+0000] {dag.py:3096} INFO - Sync 1 DAGs
[2024-04-24T20:10:23.353+0000] {logging_mixin.py:188} INFO - [2024-04-24T20:10:23.352+0000] {dag.py:3954} INFO - Setting next_dagrun for example_skip_dag to 2024-04-23 00:00:00+00:00, run_after=2024-04-24 00:00:00+00:00
[2024-04-24T20:10:23.390+0000] {processor.py:183} INFO - Processing /usr/local/python/3.10.13/lib/python3.10/site-packages/airflow/example_dags/example_skip_dag.py took 0.081 seconds
[2024-04-24T20:11:16.678+0000] {processor.py:161} INFO - Started process (PID=13376) to work on /usr/local/python/3.10.13/lib/python3.10/site-packages/airflow/example_dags/example_skip_dag.py
[2024-04-24T20:11:16.679+0000] {processor.py:830} INFO - Processing file /usr/local/python/3.10.13/lib/python3.10/site-packages/airflow/example_dags/example_skip_dag.py for tasks to queue
[2024-04-24T20:11:16.680+0000] {logging_mixin.py:188} INFO - [2024-04-24T20:11:16.680+0000] {dagbag.py:540} INFO - Filling up the DagBag from /usr/local/python/3.10.13/lib/python3.10/site-packages/airflow/example_dags/example_skip_dag.py
[2024-04-24T20:11:16.685+0000] {processor.py:840} INFO - DAG(s) 'example_skip_dag' retrieved from /usr/local/python/3.10.13/lib/python3.10/site-packages/airflow/example_dags/example_skip_dag.py
[2024-04-24T20:11:16.696+0000] {logging_mixin.py:188} INFO - [2024-04-24T20:11:16.696+0000] {dag.py:3096} INFO - Sync 1 DAGs
[2024-04-24T20:11:16.710+0000] {logging_mixin.py:188} INFO - [2024-04-24T20:11:16.709+0000] {dag.py:3954} INFO - Setting next_dagrun for example_skip_dag to 2024-04-23 00:00:00+00:00, run_after=2024-04-24 00:00:00+00:00
[2024-04-24T20:11:16.748+0000] {processor.py:183} INFO - Processing /usr/local/python/3.10.13/lib/python3.10/site-packages/airflow/example_dags/example_skip_dag.py took 0.074 seconds
[2024-04-24T20:12:01.333+0000] {processor.py:161} INFO - Started process (PID=13805) to work on /usr/local/python/3.10.13/lib/python3.10/site-packages/airflow/example_dags/example_skip_dag.py
[2024-04-24T20:12:01.334+0000] {processor.py:830} INFO - Processing file /usr/local/python/3.10.13/lib/python3.10/site-packages/airflow/example_dags/example_skip_dag.py for tasks to queue
[2024-04-24T20:12:01.335+0000] {logging_mixin.py:188} INFO - [2024-04-24T20:12:01.335+0000] {dagbag.py:540} INFO - Filling up the DagBag from /usr/local/python/3.10.13/lib/python3.10/site-packages/airflow/example_dags/example_skip_dag.py
[2024-04-24T20:12:01.339+0000] {processor.py:840} INFO - DAG(s) 'example_skip_dag' retrieved from /usr/local/python/3.10.13/lib/python3.10/site-packages/airflow/example_dags/example_skip_dag.py
[2024-04-24T20:12:01.351+0000] {logging_mixin.py:188} INFO - [2024-04-24T20:12:01.351+0000] {dag.py:3096} INFO - Sync 1 DAGs
[2024-04-24T20:12:01.364+0000] {logging_mixin.py:188} INFO - [2024-04-24T20:12:01.364+0000] {dag.py:3954} INFO - Setting next_dagrun for example_skip_dag to 2024-04-23 00:00:00+00:00, run_after=2024-04-24 00:00:00+00:00
[2024-04-24T20:12:01.404+0000] {processor.py:183} INFO - Processing /usr/local/python/3.10.13/lib/python3.10/site-packages/airflow/example_dags/example_skip_dag.py took 0.075 seconds
[2024-04-24T20:12:44.641+0000] {processor.py:161} INFO - Started process (PID=14107) to work on /usr/local/python/3.10.13/lib/python3.10/site-packages/airflow/example_dags/example_skip_dag.py
[2024-04-24T20:12:44.642+0000] {processor.py:830} INFO - Processing file /usr/local/python/3.10.13/lib/python3.10/site-packages/airflow/example_dags/example_skip_dag.py for tasks to queue
[2024-04-24T20:12:44.643+0000] {logging_mixin.py:188} INFO - [2024-04-24T20:12:44.643+0000] {dagbag.py:540} INFO - Filling up the DagBag from /usr/local/python/3.10.13/lib/python3.10/site-packages/airflow/example_dags/example_skip_dag.py
[2024-04-24T20:12:44.648+0000] {processor.py:840} INFO - DAG(s) 'example_skip_dag' retrieved from /usr/local/python/3.10.13/lib/python3.10/site-packages/airflow/example_dags/example_skip_dag.py
[2024-04-24T20:12:44.659+0000] {logging_mixin.py:188} INFO - [2024-04-24T20:12:44.659+0000] {dag.py:3096} INFO - Sync 1 DAGs
[2024-04-24T20:12:44.672+0000] {logging_mixin.py:188} INFO - [2024-04-24T20:12:44.672+0000] {dag.py:3954} INFO - Setting next_dagrun for example_skip_dag to 2024-04-23 00:00:00+00:00, run_after=2024-04-24 00:00:00+00:00
[2024-04-24T20:12:44.711+0000] {processor.py:183} INFO - Processing /usr/local/python/3.10.13/lib/python3.10/site-packages/airflow/example_dags/example_skip_dag.py took 0.075 seconds
[2024-04-24T20:13:30.223+0000] {processor.py:161} INFO - Started process (PID=14495) to work on /usr/local/python/3.10.13/lib/python3.10/site-packages/airflow/example_dags/example_skip_dag.py
[2024-04-24T20:13:30.223+0000] {processor.py:830} INFO - Processing file /usr/local/python/3.10.13/lib/python3.10/site-packages/airflow/example_dags/example_skip_dag.py for tasks to queue
[2024-04-24T20:13:30.225+0000] {logging_mixin.py:188} INFO - [2024-04-24T20:13:30.225+0000] {dagbag.py:540} INFO - Filling up the DagBag from /usr/local/python/3.10.13/lib/python3.10/site-packages/airflow/example_dags/example_skip_dag.py
[2024-04-24T20:13:30.230+0000] {processor.py:840} INFO - DAG(s) 'example_skip_dag' retrieved from /usr/local/python/3.10.13/lib/python3.10/site-packages/airflow/example_dags/example_skip_dag.py
[2024-04-24T20:13:30.241+0000] {logging_mixin.py:188} INFO - [2024-04-24T20:13:30.241+0000] {dag.py:3096} INFO - Sync 1 DAGs
[2024-04-24T20:13:30.255+0000] {logging_mixin.py:188} INFO - [2024-04-24T20:13:30.255+0000] {dag.py:3954} INFO - Setting next_dagrun for example_skip_dag to 2024-04-23 00:00:00+00:00, run_after=2024-04-24 00:00:00+00:00
[2024-04-24T20:13:30.293+0000] {processor.py:183} INFO - Processing /usr/local/python/3.10.13/lib/python3.10/site-packages/airflow/example_dags/example_skip_dag.py took 0.077 seconds
[2024-04-24T20:14:15.868+0000] {processor.py:161} INFO - Started process (PID=15052) to work on /usr/local/python/3.10.13/lib/python3.10/site-packages/airflow/example_dags/example_skip_dag.py
[2024-04-24T20:14:15.869+0000] {processor.py:830} INFO - Processing file /usr/local/python/3.10.13/lib/python3.10/site-packages/airflow/example_dags/example_skip_dag.py for tasks to queue
[2024-04-24T20:14:15.870+0000] {logging_mixin.py:188} INFO - [2024-04-24T20:14:15.869+0000] {dagbag.py:540} INFO - Filling up the DagBag from /usr/local/python/3.10.13/lib/python3.10/site-packages/airflow/example_dags/example_skip_dag.py
[2024-04-24T20:14:15.874+0000] {processor.py:840} INFO - DAG(s) 'example_skip_dag' retrieved from /usr/local/python/3.10.13/lib/python3.10/site-packages/airflow/example_dags/example_skip_dag.py
[2024-04-24T20:14:15.886+0000] {logging_mixin.py:188} INFO - [2024-04-24T20:14:15.885+0000] {dag.py:3096} INFO - Sync 1 DAGs
[2024-04-24T20:14:15.898+0000] {logging_mixin.py:188} INFO - [2024-04-24T20:14:15.898+0000] {dag.py:3954} INFO - Setting next_dagrun for example_skip_dag to 2024-04-23 00:00:00+00:00, run_after=2024-04-24 00:00:00+00:00
[2024-04-24T20:14:15.936+0000] {processor.py:183} INFO - Processing /usr/local/python/3.10.13/lib/python3.10/site-packages/airflow/example_dags/example_skip_dag.py took 0.072 seconds
[2024-04-24T20:14:59.631+0000] {processor.py:161} INFO - Started process (PID=15437) to work on /usr/local/python/3.10.13/lib/python3.10/site-packages/airflow/example_dags/example_skip_dag.py
[2024-04-24T20:14:59.631+0000] {processor.py:830} INFO - Processing file /usr/local/python/3.10.13/lib/python3.10/site-packages/airflow/example_dags/example_skip_dag.py for tasks to queue
[2024-04-24T20:14:59.632+0000] {logging_mixin.py:188} INFO - [2024-04-24T20:14:59.632+0000] {dagbag.py:540} INFO - Filling up the DagBag from /usr/local/python/3.10.13/lib/python3.10/site-packages/airflow/example_dags/example_skip_dag.py
[2024-04-24T20:14:59.637+0000] {processor.py:840} INFO - DAG(s) 'example_skip_dag' retrieved from /usr/local/python/3.10.13/lib/python3.10/site-packages/airflow/example_dags/example_skip_dag.py
[2024-04-24T20:14:59.649+0000] {logging_mixin.py:188} INFO - [2024-04-24T20:14:59.649+0000] {dag.py:3096} INFO - Sync 1 DAGs
[2024-04-24T20:14:59.662+0000] {logging_mixin.py:188} INFO - [2024-04-24T20:14:59.662+0000] {dag.py:3954} INFO - Setting next_dagrun for example_skip_dag to 2024-04-23 00:00:00+00:00, run_after=2024-04-24 00:00:00+00:00
[2024-04-24T20:14:59.699+0000] {processor.py:183} INFO - Processing /usr/local/python/3.10.13/lib/python3.10/site-packages/airflow/example_dags/example_skip_dag.py took 0.073 seconds
