[2024-04-24T20:02:27.020+0000] {processor.py:161} INFO - Started process (PID=7561) to work on /usr/local/python/3.10.13/lib/python3.10/site-packages/airflow/example_dags/example_short_circuit_decorator.py
[2024-04-24T20:02:27.021+0000] {processor.py:830} INFO - Processing file /usr/local/python/3.10.13/lib/python3.10/site-packages/airflow/example_dags/example_short_circuit_decorator.py for tasks to queue
[2024-04-24T20:02:27.022+0000] {logging_mixin.py:188} INFO - [2024-04-24T20:02:27.022+0000] {dagbag.py:540} INFO - Filling up the DagBag from /usr/local/python/3.10.13/lib/python3.10/site-packages/airflow/example_dags/example_short_circuit_decorator.py
[2024-04-24T20:02:27.029+0000] {processor.py:840} INFO - DAG(s) 'example_short_circuit_decorator' retrieved from /usr/local/python/3.10.13/lib/python3.10/site-packages/airflow/example_dags/example_short_circuit_decorator.py
[2024-04-24T20:02:27.109+0000] {logging_mixin.py:188} INFO - [2024-04-24T20:02:27.109+0000] {dag.py:3096} INFO - Sync 1 DAGs
[2024-04-24T20:02:27.217+0000] {logging_mixin.py:188} INFO - [2024-04-24T20:02:27.217+0000] {dag.py:3954} INFO - Setting next_dagrun for example_short_circuit_decorator to 2024-04-23 00:00:00+00:00, run_after=2024-04-24 00:00:00+00:00
[2024-04-24T20:02:27.261+0000] {processor.py:183} INFO - Processing /usr/local/python/3.10.13/lib/python3.10/site-packages/airflow/example_dags/example_short_circuit_decorator.py took 0.245 seconds
[2024-04-24T20:03:26.823+0000] {processor.py:161} INFO - Started process (PID=8341) to work on /usr/local/python/3.10.13/lib/python3.10/site-packages/airflow/example_dags/example_short_circuit_decorator.py
[2024-04-24T20:03:26.824+0000] {processor.py:830} INFO - Processing file /usr/local/python/3.10.13/lib/python3.10/site-packages/airflow/example_dags/example_short_circuit_decorator.py for tasks to queue
[2024-04-24T20:03:26.825+0000] {logging_mixin.py:188} INFO - [2024-04-24T20:03:26.825+0000] {dagbag.py:540} INFO - Filling up the DagBag from /usr/local/python/3.10.13/lib/python3.10/site-packages/airflow/example_dags/example_short_circuit_decorator.py
[2024-04-24T20:03:26.832+0000] {processor.py:840} INFO - DAG(s) 'example_short_circuit_decorator' retrieved from /usr/local/python/3.10.13/lib/python3.10/site-packages/airflow/example_dags/example_short_circuit_decorator.py
[2024-04-24T20:03:26.910+0000] {logging_mixin.py:188} INFO - [2024-04-24T20:03:26.910+0000] {dag.py:3096} INFO - Sync 1 DAGs
[2024-04-24T20:03:26.922+0000] {logging_mixin.py:188} INFO - [2024-04-24T20:03:26.922+0000] {dag.py:3954} INFO - Setting next_dagrun for example_short_circuit_decorator to 2024-04-23 00:00:00+00:00, run_after=2024-04-24 00:00:00+00:00
[2024-04-24T20:03:26.961+0000] {processor.py:183} INFO - Processing /usr/local/python/3.10.13/lib/python3.10/site-packages/airflow/example_dags/example_short_circuit_decorator.py took 0.142 seconds
[2024-04-24T20:04:16.453+0000] {processor.py:161} INFO - Started process (PID=8814) to work on /usr/local/python/3.10.13/lib/python3.10/site-packages/airflow/example_dags/example_short_circuit_decorator.py
[2024-04-24T20:04:16.453+0000] {processor.py:830} INFO - Processing file /usr/local/python/3.10.13/lib/python3.10/site-packages/airflow/example_dags/example_short_circuit_decorator.py for tasks to queue
[2024-04-24T20:04:16.454+0000] {logging_mixin.py:188} INFO - [2024-04-24T20:04:16.454+0000] {dagbag.py:540} INFO - Filling up the DagBag from /usr/local/python/3.10.13/lib/python3.10/site-packages/airflow/example_dags/example_short_circuit_decorator.py
[2024-04-24T20:04:16.461+0000] {processor.py:840} INFO - DAG(s) 'example_short_circuit_decorator' retrieved from /usr/local/python/3.10.13/lib/python3.10/site-packages/airflow/example_dags/example_short_circuit_decorator.py
[2024-04-24T20:04:16.475+0000] {logging_mixin.py:188} INFO - [2024-04-24T20:04:16.475+0000] {dag.py:3096} INFO - Sync 1 DAGs
[2024-04-24T20:04:16.488+0000] {logging_mixin.py:188} INFO - [2024-04-24T20:04:16.488+0000] {dag.py:3954} INFO - Setting next_dagrun for example_short_circuit_decorator to 2024-04-23 00:00:00+00:00, run_after=2024-04-24 00:00:00+00:00
[2024-04-24T20:04:16.525+0000] {processor.py:183} INFO - Processing /usr/local/python/3.10.13/lib/python3.10/site-packages/airflow/example_dags/example_short_circuit_decorator.py took 0.077 seconds
[2024-04-24T20:05:02.890+0000] {processor.py:161} INFO - Started process (PID=9310) to work on /usr/local/python/3.10.13/lib/python3.10/site-packages/airflow/example_dags/example_short_circuit_decorator.py
[2024-04-24T20:05:02.891+0000] {processor.py:830} INFO - Processing file /usr/local/python/3.10.13/lib/python3.10/site-packages/airflow/example_dags/example_short_circuit_decorator.py for tasks to queue
[2024-04-24T20:05:02.892+0000] {logging_mixin.py:188} INFO - [2024-04-24T20:05:02.892+0000] {dagbag.py:540} INFO - Filling up the DagBag from /usr/local/python/3.10.13/lib/python3.10/site-packages/airflow/example_dags/example_short_circuit_decorator.py
[2024-04-24T20:05:02.899+0000] {processor.py:840} INFO - DAG(s) 'example_short_circuit_decorator' retrieved from /usr/local/python/3.10.13/lib/python3.10/site-packages/airflow/example_dags/example_short_circuit_decorator.py
[2024-04-24T20:05:02.916+0000] {logging_mixin.py:188} INFO - [2024-04-24T20:05:02.916+0000] {dag.py:3096} INFO - Sync 1 DAGs
[2024-04-24T20:05:02.930+0000] {logging_mixin.py:188} INFO - [2024-04-24T20:05:02.930+0000] {dag.py:3954} INFO - Setting next_dagrun for example_short_circuit_decorator to 2024-04-23 00:00:00+00:00, run_after=2024-04-24 00:00:00+00:00
[2024-04-24T20:05:02.968+0000] {processor.py:183} INFO - Processing /usr/local/python/3.10.13/lib/python3.10/site-packages/airflow/example_dags/example_short_circuit_decorator.py took 0.082 seconds
