[2024-04-24T20:03:02.743+0000] {processor.py:161} INFO - Started process (PID=8062) to work on /usr/local/python/3.10.13/lib/python3.10/site-packages/airflow/example_dags/example_dynamic_task_mapping.py
[2024-04-24T20:03:02.744+0000] {processor.py:830} INFO - Processing file /usr/local/python/3.10.13/lib/python3.10/site-packages/airflow/example_dags/example_dynamic_task_mapping.py for tasks to queue
[2024-04-24T20:03:02.746+0000] {logging_mixin.py:188} INFO - [2024-04-24T20:03:02.745+0000] {dagbag.py:540} INFO - Filling up the DagBag from /usr/local/python/3.10.13/lib/python3.10/site-packages/airflow/example_dags/example_dynamic_task_mapping.py
[2024-04-24T20:03:02.751+0000] {processor.py:840} INFO - DAG(s) 'example_dynamic_task_mapping' retrieved from /usr/local/python/3.10.13/lib/python3.10/site-packages/airflow/example_dags/example_dynamic_task_mapping.py
[2024-04-24T20:03:02.907+0000] {logging_mixin.py:188} INFO - [2024-04-24T20:03:02.907+0000] {dag.py:3096} INFO - Sync 1 DAGs
[2024-04-24T20:03:02.926+0000] {logging_mixin.py:188} INFO - [2024-04-24T20:03:02.926+0000] {dag.py:3954} INFO - Setting next_dagrun for example_dynamic_task_mapping to 2022-03-04 00:00:00+00:00, run_after=2022-03-05 00:00:00+00:00
[2024-04-24T20:03:02.967+0000] {processor.py:183} INFO - Processing /usr/local/python/3.10.13/lib/python3.10/site-packages/airflow/example_dags/example_dynamic_task_mapping.py took 0.230 seconds
[2024-04-24T20:03:56.973+0000] {processor.py:161} INFO - Started process (PID=8681) to work on /usr/local/python/3.10.13/lib/python3.10/site-packages/airflow/example_dags/example_dynamic_task_mapping.py
[2024-04-24T20:03:56.974+0000] {processor.py:830} INFO - Processing file /usr/local/python/3.10.13/lib/python3.10/site-packages/airflow/example_dags/example_dynamic_task_mapping.py for tasks to queue
[2024-04-24T20:03:56.975+0000] {logging_mixin.py:188} INFO - [2024-04-24T20:03:56.975+0000] {dagbag.py:540} INFO - Filling up the DagBag from /usr/local/python/3.10.13/lib/python3.10/site-packages/airflow/example_dags/example_dynamic_task_mapping.py
[2024-04-24T20:03:56.980+0000] {processor.py:840} INFO - DAG(s) 'example_dynamic_task_mapping' retrieved from /usr/local/python/3.10.13/lib/python3.10/site-packages/airflow/example_dags/example_dynamic_task_mapping.py
[2024-04-24T20:03:56.991+0000] {logging_mixin.py:188} INFO - [2024-04-24T20:03:56.990+0000] {dag.py:3096} INFO - Sync 1 DAGs
[2024-04-24T20:03:57.004+0000] {logging_mixin.py:188} INFO - [2024-04-24T20:03:57.003+0000] {dag.py:3954} INFO - Setting next_dagrun for example_dynamic_task_mapping to 2022-03-04 00:00:00+00:00, run_after=2022-03-05 00:00:00+00:00
[2024-04-24T20:03:57.052+0000] {processor.py:183} INFO - Processing /usr/local/python/3.10.13/lib/python3.10/site-packages/airflow/example_dags/example_dynamic_task_mapping.py took 0.083 seconds
[2024-04-24T20:05:06.311+0000] {processor.py:161} INFO - Started process (PID=9350) to work on /usr/local/python/3.10.13/lib/python3.10/site-packages/airflow/example_dags/example_dynamic_task_mapping.py
[2024-04-24T20:05:06.312+0000] {processor.py:830} INFO - Processing file /usr/local/python/3.10.13/lib/python3.10/site-packages/airflow/example_dags/example_dynamic_task_mapping.py for tasks to queue
[2024-04-24T20:05:06.313+0000] {logging_mixin.py:188} INFO - [2024-04-24T20:05:06.313+0000] {dagbag.py:540} INFO - Filling up the DagBag from /usr/local/python/3.10.13/lib/python3.10/site-packages/airflow/example_dags/example_dynamic_task_mapping.py
[2024-04-24T20:05:06.317+0000] {processor.py:840} INFO - DAG(s) 'example_dynamic_task_mapping' retrieved from /usr/local/python/3.10.13/lib/python3.10/site-packages/airflow/example_dags/example_dynamic_task_mapping.py
[2024-04-24T20:05:06.328+0000] {logging_mixin.py:188} INFO - [2024-04-24T20:05:06.327+0000] {dag.py:3096} INFO - Sync 1 DAGs
[2024-04-24T20:05:06.340+0000] {logging_mixin.py:188} INFO - [2024-04-24T20:05:06.340+0000] {dag.py:3954} INFO - Setting next_dagrun for example_dynamic_task_mapping to 2022-03-04 00:00:00+00:00, run_after=2022-03-05 00:00:00+00:00
[2024-04-24T20:05:06.380+0000] {processor.py:183} INFO - Processing /usr/local/python/3.10.13/lib/python3.10/site-packages/airflow/example_dags/example_dynamic_task_mapping.py took 0.073 seconds
[2024-04-24T20:06:16.421+0000] {processor.py:161} INFO - Started process (PID=10161) to work on /usr/local/python/3.10.13/lib/python3.10/site-packages/airflow/example_dags/example_dynamic_task_mapping.py
[2024-04-24T20:06:16.421+0000] {processor.py:830} INFO - Processing file /usr/local/python/3.10.13/lib/python3.10/site-packages/airflow/example_dags/example_dynamic_task_mapping.py for tasks to queue
[2024-04-24T20:06:16.422+0000] {logging_mixin.py:188} INFO - [2024-04-24T20:06:16.422+0000] {dagbag.py:540} INFO - Filling up the DagBag from /usr/local/python/3.10.13/lib/python3.10/site-packages/airflow/example_dags/example_dynamic_task_mapping.py
[2024-04-24T20:06:16.427+0000] {processor.py:840} INFO - DAG(s) 'example_dynamic_task_mapping' retrieved from /usr/local/python/3.10.13/lib/python3.10/site-packages/airflow/example_dags/example_dynamic_task_mapping.py
[2024-04-24T20:06:16.437+0000] {logging_mixin.py:188} INFO - [2024-04-24T20:06:16.437+0000] {dag.py:3096} INFO - Sync 1 DAGs
[2024-04-24T20:06:16.450+0000] {logging_mixin.py:188} INFO - [2024-04-24T20:06:16.450+0000] {dag.py:3954} INFO - Setting next_dagrun for example_dynamic_task_mapping to 2022-03-04 00:00:00+00:00, run_after=2022-03-05 00:00:00+00:00
[2024-04-24T20:06:16.489+0000] {processor.py:183} INFO - Processing /usr/local/python/3.10.13/lib/python3.10/site-packages/airflow/example_dags/example_dynamic_task_mapping.py took 0.073 seconds
[2024-04-24T20:07:25.293+0000] {processor.py:161} INFO - Started process (PID=10903) to work on /usr/local/python/3.10.13/lib/python3.10/site-packages/airflow/example_dags/example_dynamic_task_mapping.py
[2024-04-24T20:07:25.294+0000] {processor.py:830} INFO - Processing file /usr/local/python/3.10.13/lib/python3.10/site-packages/airflow/example_dags/example_dynamic_task_mapping.py for tasks to queue
[2024-04-24T20:07:25.295+0000] {logging_mixin.py:188} INFO - [2024-04-24T20:07:25.295+0000] {dagbag.py:540} INFO - Filling up the DagBag from /usr/local/python/3.10.13/lib/python3.10/site-packages/airflow/example_dags/example_dynamic_task_mapping.py
[2024-04-24T20:07:25.299+0000] {processor.py:840} INFO - DAG(s) 'example_dynamic_task_mapping' retrieved from /usr/local/python/3.10.13/lib/python3.10/site-packages/airflow/example_dags/example_dynamic_task_mapping.py
[2024-04-24T20:07:25.310+0000] {logging_mixin.py:188} INFO - [2024-04-24T20:07:25.309+0000] {dag.py:3096} INFO - Sync 1 DAGs
[2024-04-24T20:07:25.322+0000] {logging_mixin.py:188} INFO - [2024-04-24T20:07:25.322+0000] {dag.py:3954} INFO - Setting next_dagrun for example_dynamic_task_mapping to 2022-03-04 00:00:00+00:00, run_after=2022-03-05 00:00:00+00:00
[2024-04-24T20:07:25.372+0000] {processor.py:183} INFO - Processing /usr/local/python/3.10.13/lib/python3.10/site-packages/airflow/example_dags/example_dynamic_task_mapping.py took 0.083 seconds
[2024-04-24T20:08:35.640+0000] {processor.py:161} INFO - Started process (PID=11823) to work on /usr/local/python/3.10.13/lib/python3.10/site-packages/airflow/example_dags/example_dynamic_task_mapping.py
[2024-04-24T20:08:35.641+0000] {processor.py:830} INFO - Processing file /usr/local/python/3.10.13/lib/python3.10/site-packages/airflow/example_dags/example_dynamic_task_mapping.py for tasks to queue
[2024-04-24T20:08:35.642+0000] {logging_mixin.py:188} INFO - [2024-04-24T20:08:35.642+0000] {dagbag.py:540} INFO - Filling up the DagBag from /usr/local/python/3.10.13/lib/python3.10/site-packages/airflow/example_dags/example_dynamic_task_mapping.py
[2024-04-24T20:08:35.647+0000] {processor.py:840} INFO - DAG(s) 'example_dynamic_task_mapping' retrieved from /usr/local/python/3.10.13/lib/python3.10/site-packages/airflow/example_dags/example_dynamic_task_mapping.py
[2024-04-24T20:08:35.657+0000] {logging_mixin.py:188} INFO - [2024-04-24T20:08:35.657+0000] {dag.py:3096} INFO - Sync 1 DAGs
[2024-04-24T20:08:35.671+0000] {logging_mixin.py:188} INFO - [2024-04-24T20:08:35.671+0000] {dag.py:3954} INFO - Setting next_dagrun for example_dynamic_task_mapping to 2022-03-04 00:00:00+00:00, run_after=2022-03-05 00:00:00+00:00
[2024-04-24T20:08:35.710+0000] {processor.py:183} INFO - Processing /usr/local/python/3.10.13/lib/python3.10/site-packages/airflow/example_dags/example_dynamic_task_mapping.py took 0.073 seconds
[2024-04-24T20:09:42.823+0000] {processor.py:161} INFO - Started process (PID=12343) to work on /usr/local/python/3.10.13/lib/python3.10/site-packages/airflow/example_dags/example_dynamic_task_mapping.py
[2024-04-24T20:09:42.824+0000] {processor.py:830} INFO - Processing file /usr/local/python/3.10.13/lib/python3.10/site-packages/airflow/example_dags/example_dynamic_task_mapping.py for tasks to queue
[2024-04-24T20:09:42.825+0000] {logging_mixin.py:188} INFO - [2024-04-24T20:09:42.825+0000] {dagbag.py:540} INFO - Filling up the DagBag from /usr/local/python/3.10.13/lib/python3.10/site-packages/airflow/example_dags/example_dynamic_task_mapping.py
[2024-04-24T20:09:42.829+0000] {processor.py:840} INFO - DAG(s) 'example_dynamic_task_mapping' retrieved from /usr/local/python/3.10.13/lib/python3.10/site-packages/airflow/example_dags/example_dynamic_task_mapping.py
[2024-04-24T20:09:42.840+0000] {logging_mixin.py:188} INFO - [2024-04-24T20:09:42.840+0000] {dag.py:3096} INFO - Sync 1 DAGs
[2024-04-24T20:09:42.853+0000] {logging_mixin.py:188} INFO - [2024-04-24T20:09:42.853+0000] {dag.py:3954} INFO - Setting next_dagrun for example_dynamic_task_mapping to 2022-03-04 00:00:00+00:00, run_after=2022-03-05 00:00:00+00:00
[2024-04-24T20:09:42.890+0000] {processor.py:183} INFO - Processing /usr/local/python/3.10.13/lib/python3.10/site-packages/airflow/example_dags/example_dynamic_task_mapping.py took 0.072 seconds
[2024-04-24T20:10:49.116+0000] {processor.py:161} INFO - Started process (PID=13116) to work on /usr/local/python/3.10.13/lib/python3.10/site-packages/airflow/example_dags/example_dynamic_task_mapping.py
[2024-04-24T20:10:49.116+0000] {processor.py:830} INFO - Processing file /usr/local/python/3.10.13/lib/python3.10/site-packages/airflow/example_dags/example_dynamic_task_mapping.py for tasks to queue
[2024-04-24T20:10:49.117+0000] {logging_mixin.py:188} INFO - [2024-04-24T20:10:49.117+0000] {dagbag.py:540} INFO - Filling up the DagBag from /usr/local/python/3.10.13/lib/python3.10/site-packages/airflow/example_dags/example_dynamic_task_mapping.py
[2024-04-24T20:10:49.122+0000] {processor.py:840} INFO - DAG(s) 'example_dynamic_task_mapping' retrieved from /usr/local/python/3.10.13/lib/python3.10/site-packages/airflow/example_dags/example_dynamic_task_mapping.py
[2024-04-24T20:10:49.132+0000] {logging_mixin.py:188} INFO - [2024-04-24T20:10:49.132+0000] {dag.py:3096} INFO - Sync 1 DAGs
[2024-04-24T20:10:49.146+0000] {logging_mixin.py:188} INFO - [2024-04-24T20:10:49.145+0000] {dag.py:3954} INFO - Setting next_dagrun for example_dynamic_task_mapping to 2022-03-04 00:00:00+00:00, run_after=2022-03-05 00:00:00+00:00
[2024-04-24T20:10:49.184+0000] {processor.py:183} INFO - Processing /usr/local/python/3.10.13/lib/python3.10/site-packages/airflow/example_dags/example_dynamic_task_mapping.py took 0.073 seconds
[2024-04-24T20:11:57.332+0000] {processor.py:161} INFO - Started process (PID=13782) to work on /usr/local/python/3.10.13/lib/python3.10/site-packages/airflow/example_dags/example_dynamic_task_mapping.py
[2024-04-24T20:11:57.332+0000] {processor.py:830} INFO - Processing file /usr/local/python/3.10.13/lib/python3.10/site-packages/airflow/example_dags/example_dynamic_task_mapping.py for tasks to queue
[2024-04-24T20:11:57.334+0000] {logging_mixin.py:188} INFO - [2024-04-24T20:11:57.333+0000] {dagbag.py:540} INFO - Filling up the DagBag from /usr/local/python/3.10.13/lib/python3.10/site-packages/airflow/example_dags/example_dynamic_task_mapping.py
[2024-04-24T20:11:57.338+0000] {processor.py:840} INFO - DAG(s) 'example_dynamic_task_mapping' retrieved from /usr/local/python/3.10.13/lib/python3.10/site-packages/airflow/example_dags/example_dynamic_task_mapping.py
[2024-04-24T20:11:57.349+0000] {logging_mixin.py:188} INFO - [2024-04-24T20:11:57.348+0000] {dag.py:3096} INFO - Sync 1 DAGs
[2024-04-24T20:11:57.362+0000] {logging_mixin.py:188} INFO - [2024-04-24T20:11:57.361+0000] {dag.py:3954} INFO - Setting next_dagrun for example_dynamic_task_mapping to 2022-03-04 00:00:00+00:00, run_after=2022-03-05 00:00:00+00:00
[2024-04-24T20:11:57.400+0000] {processor.py:183} INFO - Processing /usr/local/python/3.10.13/lib/python3.10/site-packages/airflow/example_dags/example_dynamic_task_mapping.py took 0.072 seconds
[2024-04-24T20:13:04.331+0000] {processor.py:161} INFO - Started process (PID=14306) to work on /usr/local/python/3.10.13/lib/python3.10/site-packages/airflow/example_dags/example_dynamic_task_mapping.py
[2024-04-24T20:13:04.332+0000] {processor.py:830} INFO - Processing file /usr/local/python/3.10.13/lib/python3.10/site-packages/airflow/example_dags/example_dynamic_task_mapping.py for tasks to queue
[2024-04-24T20:13:04.333+0000] {logging_mixin.py:188} INFO - [2024-04-24T20:13:04.332+0000] {dagbag.py:540} INFO - Filling up the DagBag from /usr/local/python/3.10.13/lib/python3.10/site-packages/airflow/example_dags/example_dynamic_task_mapping.py
[2024-04-24T20:13:04.337+0000] {processor.py:840} INFO - DAG(s) 'example_dynamic_task_mapping' retrieved from /usr/local/python/3.10.13/lib/python3.10/site-packages/airflow/example_dags/example_dynamic_task_mapping.py
[2024-04-24T20:13:04.348+0000] {logging_mixin.py:188} INFO - [2024-04-24T20:13:04.347+0000] {dag.py:3096} INFO - Sync 1 DAGs
[2024-04-24T20:13:04.362+0000] {logging_mixin.py:188} INFO - [2024-04-24T20:13:04.362+0000] {dag.py:3954} INFO - Setting next_dagrun for example_dynamic_task_mapping to 2022-03-04 00:00:00+00:00, run_after=2022-03-05 00:00:00+00:00
[2024-04-24T20:13:04.404+0000] {processor.py:183} INFO - Processing /usr/local/python/3.10.13/lib/python3.10/site-packages/airflow/example_dags/example_dynamic_task_mapping.py took 0.077 seconds
[2024-04-24T20:14:11.864+0000] {processor.py:161} INFO - Started process (PID=15029) to work on /usr/local/python/3.10.13/lib/python3.10/site-packages/airflow/example_dags/example_dynamic_task_mapping.py
[2024-04-24T20:14:11.865+0000] {processor.py:830} INFO - Processing file /usr/local/python/3.10.13/lib/python3.10/site-packages/airflow/example_dags/example_dynamic_task_mapping.py for tasks to queue
[2024-04-24T20:14:11.867+0000] {logging_mixin.py:188} INFO - [2024-04-24T20:14:11.866+0000] {dagbag.py:540} INFO - Filling up the DagBag from /usr/local/python/3.10.13/lib/python3.10/site-packages/airflow/example_dags/example_dynamic_task_mapping.py
[2024-04-24T20:14:11.871+0000] {processor.py:840} INFO - DAG(s) 'example_dynamic_task_mapping' retrieved from /usr/local/python/3.10.13/lib/python3.10/site-packages/airflow/example_dags/example_dynamic_task_mapping.py
[2024-04-24T20:14:11.881+0000] {logging_mixin.py:188} INFO - [2024-04-24T20:14:11.881+0000] {dag.py:3096} INFO - Sync 1 DAGs
[2024-04-24T20:14:11.894+0000] {logging_mixin.py:188} INFO - [2024-04-24T20:14:11.894+0000] {dag.py:3954} INFO - Setting next_dagrun for example_dynamic_task_mapping to 2022-03-04 00:00:00+00:00, run_after=2022-03-05 00:00:00+00:00
[2024-04-24T20:14:11.932+0000] {processor.py:183} INFO - Processing /usr/local/python/3.10.13/lib/python3.10/site-packages/airflow/example_dags/example_dynamic_task_mapping.py took 0.071 seconds
[2024-04-24T20:15:17.867+0000] {processor.py:161} INFO - Started process (PID=15548) to work on /usr/local/python/3.10.13/lib/python3.10/site-packages/airflow/example_dags/example_dynamic_task_mapping.py
[2024-04-24T20:15:17.868+0000] {processor.py:830} INFO - Processing file /usr/local/python/3.10.13/lib/python3.10/site-packages/airflow/example_dags/example_dynamic_task_mapping.py for tasks to queue
[2024-04-24T20:15:17.869+0000] {logging_mixin.py:188} INFO - [2024-04-24T20:15:17.869+0000] {dagbag.py:540} INFO - Filling up the DagBag from /usr/local/python/3.10.13/lib/python3.10/site-packages/airflow/example_dags/example_dynamic_task_mapping.py
[2024-04-24T20:15:17.874+0000] {processor.py:840} INFO - DAG(s) 'example_dynamic_task_mapping' retrieved from /usr/local/python/3.10.13/lib/python3.10/site-packages/airflow/example_dags/example_dynamic_task_mapping.py
[2024-04-24T20:15:17.884+0000] {logging_mixin.py:188} INFO - [2024-04-24T20:15:17.884+0000] {dag.py:3096} INFO - Sync 1 DAGs
[2024-04-24T20:15:17.897+0000] {logging_mixin.py:188} INFO - [2024-04-24T20:15:17.897+0000] {dag.py:3954} INFO - Setting next_dagrun for example_dynamic_task_mapping to 2022-03-04 00:00:00+00:00, run_after=2022-03-05 00:00:00+00:00
[2024-04-24T20:15:17.935+0000] {processor.py:183} INFO - Processing /usr/local/python/3.10.13/lib/python3.10/site-packages/airflow/example_dags/example_dynamic_task_mapping.py took 0.073 seconds
