[2024-04-24T20:02:57.857+0000] {processor.py:161} INFO - Started process (PID=7976) to work on /usr/local/python/3.10.13/lib/python3.10/site-packages/airflow/example_dags/example_bash_decorator.py
[2024-04-24T20:02:57.857+0000] {processor.py:830} INFO - Processing file /usr/local/python/3.10.13/lib/python3.10/site-packages/airflow/example_dags/example_bash_decorator.py for tasks to queue
[2024-04-24T20:02:57.858+0000] {logging_mixin.py:188} INFO - [2024-04-24T20:02:57.858+0000] {dagbag.py:540} INFO - Filling up the DagBag from /usr/local/python/3.10.13/lib/python3.10/site-packages/airflow/example_dags/example_bash_decorator.py
[2024-04-24T20:02:57.868+0000] {processor.py:840} INFO - DAG(s) 'example_bash_decorator' retrieved from /usr/local/python/3.10.13/lib/python3.10/site-packages/airflow/example_dags/example_bash_decorator.py
[2024-04-24T20:02:57.993+0000] {logging_mixin.py:188} INFO - [2024-04-24T20:02:57.993+0000] {dag.py:3096} INFO - Sync 1 DAGs
[2024-04-24T20:02:58.000+0000] {logging_mixin.py:188} INFO - [2024-04-24T20:02:58.000+0000] {dag.py:3954} INFO - Setting next_dagrun for example_bash_decorator to None, run_after=None
[2024-04-24T20:02:58.041+0000] {processor.py:183} INFO - Processing /usr/local/python/3.10.13/lib/python3.10/site-packages/airflow/example_dags/example_bash_decorator.py took 0.189 seconds
[2024-04-24T20:03:52.955+0000] {processor.py:161} INFO - Started process (PID=8598) to work on /usr/local/python/3.10.13/lib/python3.10/site-packages/airflow/example_dags/example_bash_decorator.py
[2024-04-24T20:03:52.956+0000] {processor.py:830} INFO - Processing file /usr/local/python/3.10.13/lib/python3.10/site-packages/airflow/example_dags/example_bash_decorator.py for tasks to queue
[2024-04-24T20:03:52.957+0000] {logging_mixin.py:188} INFO - [2024-04-24T20:03:52.957+0000] {dagbag.py:540} INFO - Filling up the DagBag from /usr/local/python/3.10.13/lib/python3.10/site-packages/airflow/example_dags/example_bash_decorator.py
[2024-04-24T20:03:52.967+0000] {processor.py:840} INFO - DAG(s) 'example_bash_decorator' retrieved from /usr/local/python/3.10.13/lib/python3.10/site-packages/airflow/example_dags/example_bash_decorator.py
[2024-04-24T20:03:52.981+0000] {logging_mixin.py:188} INFO - [2024-04-24T20:03:52.980+0000] {dag.py:3096} INFO - Sync 1 DAGs
[2024-04-24T20:03:52.989+0000] {logging_mixin.py:188} INFO - [2024-04-24T20:03:52.989+0000] {dag.py:3954} INFO - Setting next_dagrun for example_bash_decorator to None, run_after=None
[2024-04-24T20:03:53.028+0000] {processor.py:183} INFO - Processing /usr/local/python/3.10.13/lib/python3.10/site-packages/airflow/example_dags/example_bash_decorator.py took 0.076 seconds
[2024-04-24T20:04:44.591+0000] {processor.py:161} INFO - Started process (PID=9032) to work on /usr/local/python/3.10.13/lib/python3.10/site-packages/airflow/example_dags/example_bash_decorator.py
[2024-04-24T20:04:44.592+0000] {processor.py:830} INFO - Processing file /usr/local/python/3.10.13/lib/python3.10/site-packages/airflow/example_dags/example_bash_decorator.py for tasks to queue
[2024-04-24T20:04:44.594+0000] {logging_mixin.py:188} INFO - [2024-04-24T20:04:44.593+0000] {dagbag.py:540} INFO - Filling up the DagBag from /usr/local/python/3.10.13/lib/python3.10/site-packages/airflow/example_dags/example_bash_decorator.py
[2024-04-24T20:04:44.606+0000] {processor.py:840} INFO - DAG(s) 'example_bash_decorator' retrieved from /usr/local/python/3.10.13/lib/python3.10/site-packages/airflow/example_dags/example_bash_decorator.py
[2024-04-24T20:04:44.624+0000] {logging_mixin.py:188} INFO - [2024-04-24T20:04:44.623+0000] {dag.py:3096} INFO - Sync 1 DAGs
[2024-04-24T20:04:44.633+0000] {logging_mixin.py:188} INFO - [2024-04-24T20:04:44.633+0000] {dag.py:3954} INFO - Setting next_dagrun for example_bash_decorator to None, run_after=None
[2024-04-24T20:04:44.671+0000] {processor.py:183} INFO - Processing /usr/local/python/3.10.13/lib/python3.10/site-packages/airflow/example_dags/example_bash_decorator.py took 0.086 seconds
[2024-04-24T20:05:54.612+0000] {processor.py:161} INFO - Started process (PID=9881) to work on /usr/local/python/3.10.13/lib/python3.10/site-packages/airflow/example_dags/example_bash_decorator.py
[2024-04-24T20:05:54.613+0000] {processor.py:830} INFO - Processing file /usr/local/python/3.10.13/lib/python3.10/site-packages/airflow/example_dags/example_bash_decorator.py for tasks to queue
[2024-04-24T20:05:54.614+0000] {logging_mixin.py:188} INFO - [2024-04-24T20:05:54.614+0000] {dagbag.py:540} INFO - Filling up the DagBag from /usr/local/python/3.10.13/lib/python3.10/site-packages/airflow/example_dags/example_bash_decorator.py
[2024-04-24T20:05:54.624+0000] {processor.py:840} INFO - DAG(s) 'example_bash_decorator' retrieved from /usr/local/python/3.10.13/lib/python3.10/site-packages/airflow/example_dags/example_bash_decorator.py
[2024-04-24T20:05:54.637+0000] {logging_mixin.py:188} INFO - [2024-04-24T20:05:54.637+0000] {dag.py:3096} INFO - Sync 1 DAGs
[2024-04-24T20:05:54.645+0000] {logging_mixin.py:188} INFO - [2024-04-24T20:05:54.645+0000] {dag.py:3954} INFO - Setting next_dagrun for example_bash_decorator to None, run_after=None
[2024-04-24T20:05:54.687+0000] {processor.py:183} INFO - Processing /usr/local/python/3.10.13/lib/python3.10/site-packages/airflow/example_dags/example_bash_decorator.py took 0.079 seconds
[2024-04-24T20:07:05.001+0000] {processor.py:161} INFO - Started process (PID=10708) to work on /usr/local/python/3.10.13/lib/python3.10/site-packages/airflow/example_dags/example_bash_decorator.py
[2024-04-24T20:07:05.002+0000] {processor.py:830} INFO - Processing file /usr/local/python/3.10.13/lib/python3.10/site-packages/airflow/example_dags/example_bash_decorator.py for tasks to queue
[2024-04-24T20:07:05.003+0000] {logging_mixin.py:188} INFO - [2024-04-24T20:07:05.002+0000] {dagbag.py:540} INFO - Filling up the DagBag from /usr/local/python/3.10.13/lib/python3.10/site-packages/airflow/example_dags/example_bash_decorator.py
[2024-04-24T20:07:05.013+0000] {processor.py:840} INFO - DAG(s) 'example_bash_decorator' retrieved from /usr/local/python/3.10.13/lib/python3.10/site-packages/airflow/example_dags/example_bash_decorator.py
[2024-04-24T20:07:05.026+0000] {logging_mixin.py:188} INFO - [2024-04-24T20:07:05.026+0000] {dag.py:3096} INFO - Sync 1 DAGs
[2024-04-24T20:07:05.033+0000] {logging_mixin.py:188} INFO - [2024-04-24T20:07:05.033+0000] {dag.py:3954} INFO - Setting next_dagrun for example_bash_decorator to None, run_after=None
[2024-04-24T20:07:05.072+0000] {processor.py:183} INFO - Processing /usr/local/python/3.10.13/lib/python3.10/site-packages/airflow/example_dags/example_bash_decorator.py took 0.075 seconds
[2024-04-24T20:08:13.839+0000] {processor.py:161} INFO - Started process (PID=11674) to work on /usr/local/python/3.10.13/lib/python3.10/site-packages/airflow/example_dags/example_bash_decorator.py
[2024-04-24T20:08:13.840+0000] {processor.py:830} INFO - Processing file /usr/local/python/3.10.13/lib/python3.10/site-packages/airflow/example_dags/example_bash_decorator.py for tasks to queue
[2024-04-24T20:08:13.841+0000] {logging_mixin.py:188} INFO - [2024-04-24T20:08:13.841+0000] {dagbag.py:540} INFO - Filling up the DagBag from /usr/local/python/3.10.13/lib/python3.10/site-packages/airflow/example_dags/example_bash_decorator.py
[2024-04-24T20:08:13.850+0000] {processor.py:840} INFO - DAG(s) 'example_bash_decorator' retrieved from /usr/local/python/3.10.13/lib/python3.10/site-packages/airflow/example_dags/example_bash_decorator.py
[2024-04-24T20:08:13.863+0000] {logging_mixin.py:188} INFO - [2024-04-24T20:08:13.863+0000] {dag.py:3096} INFO - Sync 1 DAGs
[2024-04-24T20:08:13.871+0000] {logging_mixin.py:188} INFO - [2024-04-24T20:08:13.871+0000] {dag.py:3954} INFO - Setting next_dagrun for example_bash_decorator to None, run_after=None
[2024-04-24T20:08:13.909+0000] {processor.py:183} INFO - Processing /usr/local/python/3.10.13/lib/python3.10/site-packages/airflow/example_dags/example_bash_decorator.py took 0.074 seconds
[2024-04-24T20:09:20.538+0000] {processor.py:161} INFO - Started process (PID=12189) to work on /usr/local/python/3.10.13/lib/python3.10/site-packages/airflow/example_dags/example_bash_decorator.py
[2024-04-24T20:09:20.539+0000] {processor.py:830} INFO - Processing file /usr/local/python/3.10.13/lib/python3.10/site-packages/airflow/example_dags/example_bash_decorator.py for tasks to queue
[2024-04-24T20:09:20.540+0000] {logging_mixin.py:188} INFO - [2024-04-24T20:09:20.540+0000] {dagbag.py:540} INFO - Filling up the DagBag from /usr/local/python/3.10.13/lib/python3.10/site-packages/airflow/example_dags/example_bash_decorator.py
[2024-04-24T20:09:20.550+0000] {processor.py:840} INFO - DAG(s) 'example_bash_decorator' retrieved from /usr/local/python/3.10.13/lib/python3.10/site-packages/airflow/example_dags/example_bash_decorator.py
[2024-04-24T20:09:20.565+0000] {logging_mixin.py:188} INFO - [2024-04-24T20:09:20.565+0000] {dag.py:3096} INFO - Sync 1 DAGs
[2024-04-24T20:09:20.573+0000] {logging_mixin.py:188} INFO - [2024-04-24T20:09:20.573+0000] {dag.py:3954} INFO - Setting next_dagrun for example_bash_decorator to None, run_after=None
[2024-04-24T20:09:20.611+0000] {processor.py:183} INFO - Processing /usr/local/python/3.10.13/lib/python3.10/site-packages/airflow/example_dags/example_bash_decorator.py took 0.077 seconds
[2024-04-24T20:10:27.923+0000] {processor.py:161} INFO - Started process (PID=12972) to work on /usr/local/python/3.10.13/lib/python3.10/site-packages/airflow/example_dags/example_bash_decorator.py
[2024-04-24T20:10:27.924+0000] {processor.py:830} INFO - Processing file /usr/local/python/3.10.13/lib/python3.10/site-packages/airflow/example_dags/example_bash_decorator.py for tasks to queue
[2024-04-24T20:10:27.925+0000] {logging_mixin.py:188} INFO - [2024-04-24T20:10:27.925+0000] {dagbag.py:540} INFO - Filling up the DagBag from /usr/local/python/3.10.13/lib/python3.10/site-packages/airflow/example_dags/example_bash_decorator.py
[2024-04-24T20:10:27.935+0000] {processor.py:840} INFO - DAG(s) 'example_bash_decorator' retrieved from /usr/local/python/3.10.13/lib/python3.10/site-packages/airflow/example_dags/example_bash_decorator.py
[2024-04-24T20:10:27.948+0000] {logging_mixin.py:188} INFO - [2024-04-24T20:10:27.948+0000] {dag.py:3096} INFO - Sync 1 DAGs
[2024-04-24T20:10:27.956+0000] {logging_mixin.py:188} INFO - [2024-04-24T20:10:27.955+0000] {dag.py:3954} INFO - Setting next_dagrun for example_bash_decorator to None, run_after=None
[2024-04-24T20:10:28.000+0000] {processor.py:183} INFO - Processing /usr/local/python/3.10.13/lib/python3.10/site-packages/airflow/example_dags/example_bash_decorator.py took 0.082 seconds
[2024-04-24T20:11:36.951+0000] {processor.py:161} INFO - Started process (PID=13522) to work on /usr/local/python/3.10.13/lib/python3.10/site-packages/airflow/example_dags/example_bash_decorator.py
[2024-04-24T20:11:36.952+0000] {processor.py:830} INFO - Processing file /usr/local/python/3.10.13/lib/python3.10/site-packages/airflow/example_dags/example_bash_decorator.py for tasks to queue
[2024-04-24T20:11:36.953+0000] {logging_mixin.py:188} INFO - [2024-04-24T20:11:36.952+0000] {dagbag.py:540} INFO - Filling up the DagBag from /usr/local/python/3.10.13/lib/python3.10/site-packages/airflow/example_dags/example_bash_decorator.py
[2024-04-24T20:11:36.962+0000] {processor.py:840} INFO - DAG(s) 'example_bash_decorator' retrieved from /usr/local/python/3.10.13/lib/python3.10/site-packages/airflow/example_dags/example_bash_decorator.py
[2024-04-24T20:11:36.976+0000] {logging_mixin.py:188} INFO - [2024-04-24T20:11:36.975+0000] {dag.py:3096} INFO - Sync 1 DAGs
[2024-04-24T20:11:36.983+0000] {logging_mixin.py:188} INFO - [2024-04-24T20:11:36.983+0000] {dag.py:3954} INFO - Setting next_dagrun for example_bash_decorator to None, run_after=None
[2024-04-24T20:11:37.021+0000] {processor.py:183} INFO - Processing /usr/local/python/3.10.13/lib/python3.10/site-packages/airflow/example_dags/example_bash_decorator.py took 0.075 seconds
[2024-04-24T20:12:42.013+0000] {processor.py:161} INFO - Started process (PID=14098) to work on /usr/local/python/3.10.13/lib/python3.10/site-packages/airflow/example_dags/example_bash_decorator.py
[2024-04-24T20:12:42.014+0000] {processor.py:830} INFO - Processing file /usr/local/python/3.10.13/lib/python3.10/site-packages/airflow/example_dags/example_bash_decorator.py for tasks to queue
[2024-04-24T20:12:42.015+0000] {logging_mixin.py:188} INFO - [2024-04-24T20:12:42.015+0000] {dagbag.py:540} INFO - Filling up the DagBag from /usr/local/python/3.10.13/lib/python3.10/site-packages/airflow/example_dags/example_bash_decorator.py
[2024-04-24T20:12:42.025+0000] {processor.py:840} INFO - DAG(s) 'example_bash_decorator' retrieved from /usr/local/python/3.10.13/lib/python3.10/site-packages/airflow/example_dags/example_bash_decorator.py
[2024-04-24T20:12:42.044+0000] {logging_mixin.py:188} INFO - [2024-04-24T20:12:42.043+0000] {dag.py:3096} INFO - Sync 1 DAGs
[2024-04-24T20:12:42.056+0000] {logging_mixin.py:188} INFO - [2024-04-24T20:12:42.055+0000] {dag.py:3954} INFO - Setting next_dagrun for example_bash_decorator to None, run_after=None
[2024-04-24T20:12:42.118+0000] {processor.py:183} INFO - Processing /usr/local/python/3.10.13/lib/python3.10/site-packages/airflow/example_dags/example_bash_decorator.py took 0.109 seconds
[2024-04-24T20:13:50.858+0000] {processor.py:161} INFO - Started process (PID=14664) to work on /usr/local/python/3.10.13/lib/python3.10/site-packages/airflow/example_dags/example_bash_decorator.py
[2024-04-24T20:13:50.859+0000] {processor.py:830} INFO - Processing file /usr/local/python/3.10.13/lib/python3.10/site-packages/airflow/example_dags/example_bash_decorator.py for tasks to queue
[2024-04-24T20:13:50.860+0000] {logging_mixin.py:188} INFO - [2024-04-24T20:13:50.860+0000] {dagbag.py:540} INFO - Filling up the DagBag from /usr/local/python/3.10.13/lib/python3.10/site-packages/airflow/example_dags/example_bash_decorator.py
[2024-04-24T20:13:50.870+0000] {processor.py:840} INFO - DAG(s) 'example_bash_decorator' retrieved from /usr/local/python/3.10.13/lib/python3.10/site-packages/airflow/example_dags/example_bash_decorator.py
[2024-04-24T20:13:50.883+0000] {logging_mixin.py:188} INFO - [2024-04-24T20:13:50.883+0000] {dag.py:3096} INFO - Sync 1 DAGs
[2024-04-24T20:13:50.891+0000] {logging_mixin.py:188} INFO - [2024-04-24T20:13:50.891+0000] {dag.py:3954} INFO - Setting next_dagrun for example_bash_decorator to None, run_after=None
[2024-04-24T20:13:50.930+0000] {processor.py:183} INFO - Processing /usr/local/python/3.10.13/lib/python3.10/site-packages/airflow/example_dags/example_bash_decorator.py took 0.076 seconds
[2024-04-24T20:14:57.353+0000] {processor.py:161} INFO - Started process (PID=15409) to work on /usr/local/python/3.10.13/lib/python3.10/site-packages/airflow/example_dags/example_bash_decorator.py
[2024-04-24T20:14:57.354+0000] {processor.py:830} INFO - Processing file /usr/local/python/3.10.13/lib/python3.10/site-packages/airflow/example_dags/example_bash_decorator.py for tasks to queue
[2024-04-24T20:14:57.355+0000] {logging_mixin.py:188} INFO - [2024-04-24T20:14:57.355+0000] {dagbag.py:540} INFO - Filling up the DagBag from /usr/local/python/3.10.13/lib/python3.10/site-packages/airflow/example_dags/example_bash_decorator.py
[2024-04-24T20:14:57.365+0000] {processor.py:840} INFO - DAG(s) 'example_bash_decorator' retrieved from /usr/local/python/3.10.13/lib/python3.10/site-packages/airflow/example_dags/example_bash_decorator.py
[2024-04-24T20:14:57.379+0000] {logging_mixin.py:188} INFO - [2024-04-24T20:14:57.379+0000] {dag.py:3096} INFO - Sync 1 DAGs
[2024-04-24T20:14:57.386+0000] {logging_mixin.py:188} INFO - [2024-04-24T20:14:57.386+0000] {dag.py:3954} INFO - Setting next_dagrun for example_bash_decorator to None, run_after=None
[2024-04-24T20:14:57.424+0000] {processor.py:183} INFO - Processing /usr/local/python/3.10.13/lib/python3.10/site-packages/airflow/example_dags/example_bash_decorator.py took 0.075 seconds
