[2024-04-24T20:03:06.075+0000] {processor.py:161} INFO - Started process (PID=8102) to work on /usr/local/python/3.10.13/lib/python3.10/site-packages/airflow/example_dags/example_branch_operator.py
[2024-04-24T20:03:06.075+0000] {processor.py:830} INFO - Processing file /usr/local/python/3.10.13/lib/python3.10/site-packages/airflow/example_dags/example_branch_operator.py for tasks to queue
[2024-04-24T20:03:06.077+0000] {logging_mixin.py:188} INFO - [2024-04-24T20:03:06.076+0000] {dagbag.py:540} INFO - Filling up the DagBag from /usr/local/python/3.10.13/lib/python3.10/site-packages/airflow/example_dags/example_branch_operator.py
[2024-04-24T20:03:06.090+0000] {processor.py:840} INFO - DAG(s) 'example_branch_operator' retrieved from /usr/local/python/3.10.13/lib/python3.10/site-packages/airflow/example_dags/example_branch_operator.py
[2024-04-24T20:03:06.233+0000] {logging_mixin.py:188} INFO - [2024-04-24T20:03:06.233+0000] {dag.py:3096} INFO - Sync 1 DAGs
[2024-04-24T20:03:06.245+0000] {logging_mixin.py:188} INFO - [2024-04-24T20:03:06.245+0000] {dag.py:3954} INFO - Setting next_dagrun for example_branch_operator to 2024-04-23 00:00:00+00:00, run_after=2024-04-24 00:00:00+00:00
[2024-04-24T20:03:06.283+0000] {processor.py:183} INFO - Processing /usr/local/python/3.10.13/lib/python3.10/site-packages/airflow/example_dags/example_branch_operator.py took 0.213 seconds
[2024-04-24T20:04:00.257+0000] {processor.py:161} INFO - Started process (PID=8715) to work on /usr/local/python/3.10.13/lib/python3.10/site-packages/airflow/example_dags/example_branch_operator.py
[2024-04-24T20:04:00.258+0000] {processor.py:830} INFO - Processing file /usr/local/python/3.10.13/lib/python3.10/site-packages/airflow/example_dags/example_branch_operator.py for tasks to queue
[2024-04-24T20:04:00.259+0000] {logging_mixin.py:188} INFO - [2024-04-24T20:04:00.259+0000] {dagbag.py:540} INFO - Filling up the DagBag from /usr/local/python/3.10.13/lib/python3.10/site-packages/airflow/example_dags/example_branch_operator.py
[2024-04-24T20:04:00.273+0000] {processor.py:840} INFO - DAG(s) 'example_branch_operator' retrieved from /usr/local/python/3.10.13/lib/python3.10/site-packages/airflow/example_dags/example_branch_operator.py
[2024-04-24T20:04:00.291+0000] {logging_mixin.py:188} INFO - [2024-04-24T20:04:00.291+0000] {dag.py:3096} INFO - Sync 1 DAGs
[2024-04-24T20:04:00.306+0000] {logging_mixin.py:188} INFO - [2024-04-24T20:04:00.306+0000] {dag.py:3954} INFO - Setting next_dagrun for example_branch_operator to 2024-04-23 00:00:00+00:00, run_after=2024-04-24 00:00:00+00:00
[2024-04-24T20:04:00.344+0000] {processor.py:183} INFO - Processing /usr/local/python/3.10.13/lib/python3.10/site-packages/airflow/example_dags/example_branch_operator.py took 0.091 seconds
[2024-04-24T20:05:09.303+0000] {processor.py:161} INFO - Started process (PID=9403) to work on /usr/local/python/3.10.13/lib/python3.10/site-packages/airflow/example_dags/example_branch_operator.py
[2024-04-24T20:05:09.303+0000] {processor.py:830} INFO - Processing file /usr/local/python/3.10.13/lib/python3.10/site-packages/airflow/example_dags/example_branch_operator.py for tasks to queue
[2024-04-24T20:05:09.305+0000] {logging_mixin.py:188} INFO - [2024-04-24T20:05:09.304+0000] {dagbag.py:540} INFO - Filling up the DagBag from /usr/local/python/3.10.13/lib/python3.10/site-packages/airflow/example_dags/example_branch_operator.py
[2024-04-24T20:05:09.318+0000] {processor.py:840} INFO - DAG(s) 'example_branch_operator' retrieved from /usr/local/python/3.10.13/lib/python3.10/site-packages/airflow/example_dags/example_branch_operator.py
[2024-04-24T20:05:09.335+0000] {logging_mixin.py:188} INFO - [2024-04-24T20:05:09.335+0000] {dag.py:3096} INFO - Sync 1 DAGs
[2024-04-24T20:05:09.350+0000] {logging_mixin.py:188} INFO - [2024-04-24T20:05:09.350+0000] {dag.py:3954} INFO - Setting next_dagrun for example_branch_operator to 2024-04-23 00:00:00+00:00, run_after=2024-04-24 00:00:00+00:00
[2024-04-24T20:05:09.388+0000] {processor.py:183} INFO - Processing /usr/local/python/3.10.13/lib/python3.10/site-packages/airflow/example_dags/example_branch_operator.py took 0.090 seconds
