[2024-04-24T20:02:54.121+0000] {processor.py:161} INFO - Started process (PID=7899) to work on /usr/local/python/3.10.13/lib/python3.10/site-packages/airflow/example_dags/example_branch_operator_decorator.py
[2024-04-24T20:02:54.121+0000] {processor.py:830} INFO - Processing file /usr/local/python/3.10.13/lib/python3.10/site-packages/airflow/example_dags/example_branch_operator_decorator.py for tasks to queue
[2024-04-24T20:02:54.122+0000] {logging_mixin.py:188} INFO - [2024-04-24T20:02:54.122+0000] {dagbag.py:540} INFO - Filling up the DagBag from /usr/local/python/3.10.13/lib/python3.10/site-packages/airflow/example_dags/example_branch_operator_decorator.py
[2024-04-24T20:02:54.139+0000] {processor.py:840} INFO - DAG(s) 'example_branch_python_operator_decorator' retrieved from /usr/local/python/3.10.13/lib/python3.10/site-packages/airflow/example_dags/example_branch_operator_decorator.py
[2024-04-24T20:02:54.268+0000] {logging_mixin.py:188} INFO - [2024-04-24T20:02:54.268+0000] {dag.py:3096} INFO - Sync 1 DAGs
[2024-04-24T20:02:54.280+0000] {logging_mixin.py:188} INFO - [2024-04-24T20:02:54.280+0000] {dag.py:3954} INFO - Setting next_dagrun for example_branch_python_operator_decorator to 2024-04-23 00:00:00+00:00, run_after=2024-04-24 00:00:00+00:00
[2024-04-24T20:02:54.320+0000] {processor.py:183} INFO - Processing /usr/local/python/3.10.13/lib/python3.10/site-packages/airflow/example_dags/example_branch_operator_decorator.py took 0.203 seconds
[2024-04-24T20:03:49.153+0000] {processor.py:161} INFO - Started process (PID=8515) to work on /usr/local/python/3.10.13/lib/python3.10/site-packages/airflow/example_dags/example_branch_operator_decorator.py
[2024-04-24T20:03:49.153+0000] {processor.py:830} INFO - Processing file /usr/local/python/3.10.13/lib/python3.10/site-packages/airflow/example_dags/example_branch_operator_decorator.py for tasks to queue
[2024-04-24T20:03:49.155+0000] {logging_mixin.py:188} INFO - [2024-04-24T20:03:49.154+0000] {dagbag.py:540} INFO - Filling up the DagBag from /usr/local/python/3.10.13/lib/python3.10/site-packages/airflow/example_dags/example_branch_operator_decorator.py
[2024-04-24T20:03:49.178+0000] {processor.py:840} INFO - DAG(s) 'example_branch_python_operator_decorator' retrieved from /usr/local/python/3.10.13/lib/python3.10/site-packages/airflow/example_dags/example_branch_operator_decorator.py
[2024-04-24T20:03:49.527+0000] {logging_mixin.py:188} INFO - [2024-04-24T20:03:49.527+0000] {dag.py:3096} INFO - Sync 1 DAGs
[2024-04-24T20:03:49.563+0000] {logging_mixin.py:188} INFO - [2024-04-24T20:03:49.563+0000] {dag.py:3954} INFO - Setting next_dagrun for example_branch_python_operator_decorator to 2024-04-23 00:00:00+00:00, run_after=2024-04-24 00:00:00+00:00
[2024-04-24T20:03:49.916+0000] {processor.py:183} INFO - Processing /usr/local/python/3.10.13/lib/python3.10/site-packages/airflow/example_dags/example_branch_operator_decorator.py took 0.769 seconds
[2024-04-24T20:04:41.920+0000] {processor.py:161} INFO - Started process (PID=9023) to work on /usr/local/python/3.10.13/lib/python3.10/site-packages/airflow/example_dags/example_branch_operator_decorator.py
[2024-04-24T20:04:41.920+0000] {processor.py:830} INFO - Processing file /usr/local/python/3.10.13/lib/python3.10/site-packages/airflow/example_dags/example_branch_operator_decorator.py for tasks to queue
[2024-04-24T20:04:41.921+0000] {logging_mixin.py:188} INFO - [2024-04-24T20:04:41.921+0000] {dagbag.py:540} INFO - Filling up the DagBag from /usr/local/python/3.10.13/lib/python3.10/site-packages/airflow/example_dags/example_branch_operator_decorator.py
[2024-04-24T20:04:41.937+0000] {processor.py:840} INFO - DAG(s) 'example_branch_python_operator_decorator' retrieved from /usr/local/python/3.10.13/lib/python3.10/site-packages/airflow/example_dags/example_branch_operator_decorator.py
[2024-04-24T20:04:41.956+0000] {logging_mixin.py:188} INFO - [2024-04-24T20:04:41.956+0000] {dag.py:3096} INFO - Sync 1 DAGs
[2024-04-24T20:04:41.970+0000] {logging_mixin.py:188} INFO - [2024-04-24T20:04:41.969+0000] {dag.py:3954} INFO - Setting next_dagrun for example_branch_python_operator_decorator to 2024-04-23 00:00:00+00:00, run_after=2024-04-24 00:00:00+00:00
[2024-04-24T20:04:42.007+0000] {processor.py:183} INFO - Processing /usr/local/python/3.10.13/lib/python3.10/site-packages/airflow/example_dags/example_branch_operator_decorator.py took 0.092 seconds
[2024-04-24T20:05:51.971+0000] {processor.py:161} INFO - Started process (PID=9872) to work on /usr/local/python/3.10.13/lib/python3.10/site-packages/airflow/example_dags/example_branch_operator_decorator.py
[2024-04-24T20:05:51.972+0000] {processor.py:830} INFO - Processing file /usr/local/python/3.10.13/lib/python3.10/site-packages/airflow/example_dags/example_branch_operator_decorator.py for tasks to queue
[2024-04-24T20:05:51.973+0000] {logging_mixin.py:188} INFO - [2024-04-24T20:05:51.973+0000] {dagbag.py:540} INFO - Filling up the DagBag from /usr/local/python/3.10.13/lib/python3.10/site-packages/airflow/example_dags/example_branch_operator_decorator.py
[2024-04-24T20:05:51.991+0000] {processor.py:840} INFO - DAG(s) 'example_branch_python_operator_decorator' retrieved from /usr/local/python/3.10.13/lib/python3.10/site-packages/airflow/example_dags/example_branch_operator_decorator.py
[2024-04-24T20:05:52.010+0000] {logging_mixin.py:188} INFO - [2024-04-24T20:05:52.010+0000] {dag.py:3096} INFO - Sync 1 DAGs
[2024-04-24T20:05:52.024+0000] {logging_mixin.py:188} INFO - [2024-04-24T20:05:52.024+0000] {dag.py:3954} INFO - Setting next_dagrun for example_branch_python_operator_decorator to 2024-04-23 00:00:00+00:00, run_after=2024-04-24 00:00:00+00:00
[2024-04-24T20:05:52.063+0000] {processor.py:183} INFO - Processing /usr/local/python/3.10.13/lib/python3.10/site-packages/airflow/example_dags/example_branch_operator_decorator.py took 0.097 seconds
[2024-04-24T20:07:01.571+0000] {processor.py:161} INFO - Started process (PID=10668) to work on /usr/local/python/3.10.13/lib/python3.10/site-packages/airflow/example_dags/example_branch_operator_decorator.py
[2024-04-24T20:07:01.571+0000] {processor.py:830} INFO - Processing file /usr/local/python/3.10.13/lib/python3.10/site-packages/airflow/example_dags/example_branch_operator_decorator.py for tasks to queue
[2024-04-24T20:07:01.573+0000] {logging_mixin.py:188} INFO - [2024-04-24T20:07:01.572+0000] {dagbag.py:540} INFO - Filling up the DagBag from /usr/local/python/3.10.13/lib/python3.10/site-packages/airflow/example_dags/example_branch_operator_decorator.py
[2024-04-24T20:07:01.589+0000] {processor.py:840} INFO - DAG(s) 'example_branch_python_operator_decorator' retrieved from /usr/local/python/3.10.13/lib/python3.10/site-packages/airflow/example_dags/example_branch_operator_decorator.py
[2024-04-24T20:07:01.611+0000] {logging_mixin.py:188} INFO - [2024-04-24T20:07:01.611+0000] {dag.py:3096} INFO - Sync 1 DAGs
[2024-04-24T20:07:01.625+0000] {logging_mixin.py:188} INFO - [2024-04-24T20:07:01.624+0000] {dag.py:3954} INFO - Setting next_dagrun for example_branch_python_operator_decorator to 2024-04-23 00:00:00+00:00, run_after=2024-04-24 00:00:00+00:00
[2024-04-24T20:07:01.662+0000] {processor.py:183} INFO - Processing /usr/local/python/3.10.13/lib/python3.10/site-packages/airflow/example_dags/example_branch_operator_decorator.py took 0.096 seconds
[2024-04-24T20:08:11.767+0000] {processor.py:161} INFO - Started process (PID=11645) to work on /usr/local/python/3.10.13/lib/python3.10/site-packages/airflow/example_dags/example_branch_operator_decorator.py
[2024-04-24T20:08:11.767+0000] {processor.py:830} INFO - Processing file /usr/local/python/3.10.13/lib/python3.10/site-packages/airflow/example_dags/example_branch_operator_decorator.py for tasks to queue
[2024-04-24T20:08:11.769+0000] {logging_mixin.py:188} INFO - [2024-04-24T20:08:11.768+0000] {dagbag.py:540} INFO - Filling up the DagBag from /usr/local/python/3.10.13/lib/python3.10/site-packages/airflow/example_dags/example_branch_operator_decorator.py
[2024-04-24T20:08:11.785+0000] {processor.py:840} INFO - DAG(s) 'example_branch_python_operator_decorator' retrieved from /usr/local/python/3.10.13/lib/python3.10/site-packages/airflow/example_dags/example_branch_operator_decorator.py
[2024-04-24T20:08:11.804+0000] {logging_mixin.py:188} INFO - [2024-04-24T20:08:11.804+0000] {dag.py:3096} INFO - Sync 1 DAGs
[2024-04-24T20:08:11.818+0000] {logging_mixin.py:188} INFO - [2024-04-24T20:08:11.818+0000] {dag.py:3954} INFO - Setting next_dagrun for example_branch_python_operator_decorator to 2024-04-23 00:00:00+00:00, run_after=2024-04-24 00:00:00+00:00
[2024-04-24T20:08:11.856+0000] {processor.py:183} INFO - Processing /usr/local/python/3.10.13/lib/python3.10/site-packages/airflow/example_dags/example_branch_operator_decorator.py took 0.094 seconds
[2024-04-24T20:09:17.046+0000] {processor.py:161} INFO - Started process (PID=12174) to work on /usr/local/python/3.10.13/lib/python3.10/site-packages/airflow/example_dags/example_branch_operator_decorator.py
[2024-04-24T20:09:17.046+0000] {processor.py:830} INFO - Processing file /usr/local/python/3.10.13/lib/python3.10/site-packages/airflow/example_dags/example_branch_operator_decorator.py for tasks to queue
[2024-04-24T20:09:17.048+0000] {logging_mixin.py:188} INFO - [2024-04-24T20:09:17.048+0000] {dagbag.py:540} INFO - Filling up the DagBag from /usr/local/python/3.10.13/lib/python3.10/site-packages/airflow/example_dags/example_branch_operator_decorator.py
[2024-04-24T20:09:17.073+0000] {processor.py:840} INFO - DAG(s) 'example_branch_python_operator_decorator' retrieved from /usr/local/python/3.10.13/lib/python3.10/site-packages/airflow/example_dags/example_branch_operator_decorator.py
[2024-04-24T20:09:17.116+0000] {logging_mixin.py:188} INFO - [2024-04-24T20:09:17.116+0000] {dag.py:3096} INFO - Sync 1 DAGs
[2024-04-24T20:09:17.165+0000] {logging_mixin.py:188} INFO - [2024-04-24T20:09:17.165+0000] {dag.py:3954} INFO - Setting next_dagrun for example_branch_python_operator_decorator to 2024-04-23 00:00:00+00:00, run_after=2024-04-24 00:00:00+00:00
[2024-04-24T20:09:17.202+0000] {processor.py:183} INFO - Processing /usr/local/python/3.10.13/lib/python3.10/site-packages/airflow/example_dags/example_branch_operator_decorator.py took 0.161 seconds
[2024-04-24T20:10:24.627+0000] {processor.py:161} INFO - Started process (PID=12945) to work on /usr/local/python/3.10.13/lib/python3.10/site-packages/airflow/example_dags/example_branch_operator_decorator.py
[2024-04-24T20:10:24.628+0000] {processor.py:830} INFO - Processing file /usr/local/python/3.10.13/lib/python3.10/site-packages/airflow/example_dags/example_branch_operator_decorator.py for tasks to queue
[2024-04-24T20:10:24.629+0000] {logging_mixin.py:188} INFO - [2024-04-24T20:10:24.629+0000] {dagbag.py:540} INFO - Filling up the DagBag from /usr/local/python/3.10.13/lib/python3.10/site-packages/airflow/example_dags/example_branch_operator_decorator.py
[2024-04-24T20:10:24.656+0000] {processor.py:840} INFO - DAG(s) 'example_branch_python_operator_decorator' retrieved from /usr/local/python/3.10.13/lib/python3.10/site-packages/airflow/example_dags/example_branch_operator_decorator.py
[2024-04-24T20:10:24.691+0000] {logging_mixin.py:188} INFO - [2024-04-24T20:10:24.690+0000] {dag.py:3096} INFO - Sync 1 DAGs
[2024-04-24T20:10:24.717+0000] {logging_mixin.py:188} INFO - [2024-04-24T20:10:24.717+0000] {dag.py:3954} INFO - Setting next_dagrun for example_branch_python_operator_decorator to 2024-04-23 00:00:00+00:00, run_after=2024-04-24 00:00:00+00:00
[2024-04-24T20:10:24.759+0000] {processor.py:183} INFO - Processing /usr/local/python/3.10.13/lib/python3.10/site-packages/airflow/example_dags/example_branch_operator_decorator.py took 0.143 seconds
[2024-04-24T20:11:34.951+0000] {processor.py:161} INFO - Started process (PID=13487) to work on /usr/local/python/3.10.13/lib/python3.10/site-packages/airflow/example_dags/example_branch_operator_decorator.py
[2024-04-24T20:11:34.952+0000] {processor.py:830} INFO - Processing file /usr/local/python/3.10.13/lib/python3.10/site-packages/airflow/example_dags/example_branch_operator_decorator.py for tasks to queue
[2024-04-24T20:11:34.953+0000] {logging_mixin.py:188} INFO - [2024-04-24T20:11:34.953+0000] {dagbag.py:540} INFO - Filling up the DagBag from /usr/local/python/3.10.13/lib/python3.10/site-packages/airflow/example_dags/example_branch_operator_decorator.py
[2024-04-24T20:11:34.970+0000] {processor.py:840} INFO - DAG(s) 'example_branch_python_operator_decorator' retrieved from /usr/local/python/3.10.13/lib/python3.10/site-packages/airflow/example_dags/example_branch_operator_decorator.py
[2024-04-24T20:11:34.987+0000] {logging_mixin.py:188} INFO - [2024-04-24T20:11:34.987+0000] {dag.py:3096} INFO - Sync 1 DAGs
[2024-04-24T20:11:35.001+0000] {logging_mixin.py:188} INFO - [2024-04-24T20:11:35.001+0000] {dag.py:3954} INFO - Setting next_dagrun for example_branch_python_operator_decorator to 2024-04-23 00:00:00+00:00, run_after=2024-04-24 00:00:00+00:00
[2024-04-24T20:11:35.039+0000] {processor.py:183} INFO - Processing /usr/local/python/3.10.13/lib/python3.10/site-packages/airflow/example_dags/example_branch_operator_decorator.py took 0.092 seconds
[2024-04-24T20:12:38.622+0000] {processor.py:161} INFO - Started process (PID=14077) to work on /usr/local/python/3.10.13/lib/python3.10/site-packages/airflow/example_dags/example_branch_operator_decorator.py
[2024-04-24T20:12:38.623+0000] {processor.py:830} INFO - Processing file /usr/local/python/3.10.13/lib/python3.10/site-packages/airflow/example_dags/example_branch_operator_decorator.py for tasks to queue
[2024-04-24T20:12:38.624+0000] {logging_mixin.py:188} INFO - [2024-04-24T20:12:38.624+0000] {dagbag.py:540} INFO - Filling up the DagBag from /usr/local/python/3.10.13/lib/python3.10/site-packages/airflow/example_dags/example_branch_operator_decorator.py
[2024-04-24T20:12:38.640+0000] {processor.py:840} INFO - DAG(s) 'example_branch_python_operator_decorator' retrieved from /usr/local/python/3.10.13/lib/python3.10/site-packages/airflow/example_dags/example_branch_operator_decorator.py
[2024-04-24T20:12:38.658+0000] {logging_mixin.py:188} INFO - [2024-04-24T20:12:38.657+0000] {dag.py:3096} INFO - Sync 1 DAGs
[2024-04-24T20:12:38.672+0000] {logging_mixin.py:188} INFO - [2024-04-24T20:12:38.671+0000] {dag.py:3954} INFO - Setting next_dagrun for example_branch_python_operator_decorator to 2024-04-23 00:00:00+00:00, run_after=2024-04-24 00:00:00+00:00
[2024-04-24T20:12:38.710+0000] {processor.py:183} INFO - Processing /usr/local/python/3.10.13/lib/python3.10/site-packages/airflow/example_dags/example_branch_operator_decorator.py took 0.092 seconds
[2024-04-24T20:13:47.881+0000] {processor.py:161} INFO - Started process (PID=14618) to work on /usr/local/python/3.10.13/lib/python3.10/site-packages/airflow/example_dags/example_branch_operator_decorator.py
[2024-04-24T20:13:47.882+0000] {processor.py:830} INFO - Processing file /usr/local/python/3.10.13/lib/python3.10/site-packages/airflow/example_dags/example_branch_operator_decorator.py for tasks to queue
[2024-04-24T20:13:47.883+0000] {logging_mixin.py:188} INFO - [2024-04-24T20:13:47.883+0000] {dagbag.py:540} INFO - Filling up the DagBag from /usr/local/python/3.10.13/lib/python3.10/site-packages/airflow/example_dags/example_branch_operator_decorator.py
[2024-04-24T20:13:47.916+0000] {processor.py:840} INFO - DAG(s) 'example_branch_python_operator_decorator' retrieved from /usr/local/python/3.10.13/lib/python3.10/site-packages/airflow/example_dags/example_branch_operator_decorator.py
[2024-04-24T20:13:47.945+0000] {logging_mixin.py:188} INFO - [2024-04-24T20:13:47.945+0000] {dag.py:3096} INFO - Sync 1 DAGs
[2024-04-24T20:13:47.965+0000] {logging_mixin.py:188} INFO - [2024-04-24T20:13:47.964+0000] {dag.py:3954} INFO - Setting next_dagrun for example_branch_python_operator_decorator to 2024-04-23 00:00:00+00:00, run_after=2024-04-24 00:00:00+00:00
[2024-04-24T20:13:48.003+0000] {processor.py:183} INFO - Processing /usr/local/python/3.10.13/lib/python3.10/site-packages/airflow/example_dags/example_branch_operator_decorator.py took 0.127 seconds
[2024-04-24T20:14:54.485+0000] {processor.py:161} INFO - Started process (PID=15387) to work on /usr/local/python/3.10.13/lib/python3.10/site-packages/airflow/example_dags/example_branch_operator_decorator.py
[2024-04-24T20:14:54.486+0000] {processor.py:830} INFO - Processing file /usr/local/python/3.10.13/lib/python3.10/site-packages/airflow/example_dags/example_branch_operator_decorator.py for tasks to queue
[2024-04-24T20:14:54.487+0000] {logging_mixin.py:188} INFO - [2024-04-24T20:14:54.486+0000] {dagbag.py:540} INFO - Filling up the DagBag from /usr/local/python/3.10.13/lib/python3.10/site-packages/airflow/example_dags/example_branch_operator_decorator.py
[2024-04-24T20:14:54.502+0000] {processor.py:840} INFO - DAG(s) 'example_branch_python_operator_decorator' retrieved from /usr/local/python/3.10.13/lib/python3.10/site-packages/airflow/example_dags/example_branch_operator_decorator.py
[2024-04-24T20:14:54.520+0000] {logging_mixin.py:188} INFO - [2024-04-24T20:14:54.519+0000] {dag.py:3096} INFO - Sync 1 DAGs
[2024-04-24T20:14:54.533+0000] {logging_mixin.py:188} INFO - [2024-04-24T20:14:54.533+0000] {dag.py:3954} INFO - Setting next_dagrun for example_branch_python_operator_decorator to 2024-04-23 00:00:00+00:00, run_after=2024-04-24 00:00:00+00:00
[2024-04-24T20:14:54.570+0000] {processor.py:183} INFO - Processing /usr/local/python/3.10.13/lib/python3.10/site-packages/airflow/example_dags/example_branch_operator_decorator.py took 0.089 seconds
