[2024-04-24T20:02:15.425+0000] {processor.py:161} INFO - Started process (PID=7482) to work on /usr/local/python/3.10.13/lib/python3.10/site-packages/airflow/example_dags/example_python_decorator.py
[2024-04-24T20:02:15.426+0000] {processor.py:830} INFO - Processing file /usr/local/python/3.10.13/lib/python3.10/site-packages/airflow/example_dags/example_python_decorator.py for tasks to queue
[2024-04-24T20:02:15.427+0000] {logging_mixin.py:188} INFO - [2024-04-24T20:02:15.426+0000] {dagbag.py:540} INFO - Filling up the DagBag from /usr/local/python/3.10.13/lib/python3.10/site-packages/airflow/example_dags/example_python_decorator.py
[2024-04-24T20:02:15.437+0000] {processor.py:840} INFO - DAG(s) 'example_python_decorator' retrieved from /usr/local/python/3.10.13/lib/python3.10/site-packages/airflow/example_dags/example_python_decorator.py
[2024-04-24T20:02:15.511+0000] {logging_mixin.py:188} INFO - [2024-04-24T20:02:15.511+0000] {dag.py:3096} INFO - Sync 1 DAGs
[2024-04-24T20:02:15.577+0000] {logging_mixin.py:188} INFO - [2024-04-24T20:02:15.577+0000] {dag.py:3954} INFO - Setting next_dagrun for example_python_decorator to None, run_after=None
[2024-04-24T20:02:15.623+0000] {processor.py:183} INFO - Processing /usr/local/python/3.10.13/lib/python3.10/site-packages/airflow/example_dags/example_python_decorator.py took 0.202 seconds
[2024-04-24T20:03:17.523+0000] {processor.py:161} INFO - Started process (PID=8277) to work on /usr/local/python/3.10.13/lib/python3.10/site-packages/airflow/example_dags/example_python_decorator.py
[2024-04-24T20:03:17.524+0000] {processor.py:830} INFO - Processing file /usr/local/python/3.10.13/lib/python3.10/site-packages/airflow/example_dags/example_python_decorator.py for tasks to queue
[2024-04-24T20:03:17.525+0000] {logging_mixin.py:188} INFO - [2024-04-24T20:03:17.525+0000] {dagbag.py:540} INFO - Filling up the DagBag from /usr/local/python/3.10.13/lib/python3.10/site-packages/airflow/example_dags/example_python_decorator.py
[2024-04-24T20:03:17.535+0000] {processor.py:840} INFO - DAG(s) 'example_python_decorator' retrieved from /usr/local/python/3.10.13/lib/python3.10/site-packages/airflow/example_dags/example_python_decorator.py
[2024-04-24T20:03:17.612+0000] {logging_mixin.py:188} INFO - [2024-04-24T20:03:17.612+0000] {dag.py:3096} INFO - Sync 1 DAGs
[2024-04-24T20:03:17.619+0000] {logging_mixin.py:188} INFO - [2024-04-24T20:03:17.619+0000] {dag.py:3954} INFO - Setting next_dagrun for example_python_decorator to None, run_after=None
[2024-04-24T20:03:17.656+0000] {processor.py:183} INFO - Processing /usr/local/python/3.10.13/lib/python3.10/site-packages/airflow/example_dags/example_python_decorator.py took 0.137 seconds
[2024-04-24T20:04:08.431+0000] {processor.py:161} INFO - Started process (PID=8759) to work on /usr/local/python/3.10.13/lib/python3.10/site-packages/airflow/example_dags/example_python_decorator.py
[2024-04-24T20:04:08.432+0000] {processor.py:830} INFO - Processing file /usr/local/python/3.10.13/lib/python3.10/site-packages/airflow/example_dags/example_python_decorator.py for tasks to queue
[2024-04-24T20:04:08.434+0000] {logging_mixin.py:188} INFO - [2024-04-24T20:04:08.433+0000] {dagbag.py:540} INFO - Filling up the DagBag from /usr/local/python/3.10.13/lib/python3.10/site-packages/airflow/example_dags/example_python_decorator.py
[2024-04-24T20:04:08.446+0000] {processor.py:840} INFO - DAG(s) 'example_python_decorator' retrieved from /usr/local/python/3.10.13/lib/python3.10/site-packages/airflow/example_dags/example_python_decorator.py
[2024-04-24T20:04:08.458+0000] {logging_mixin.py:188} INFO - [2024-04-24T20:04:08.458+0000] {dag.py:3096} INFO - Sync 1 DAGs
[2024-04-24T20:04:08.467+0000] {logging_mixin.py:188} INFO - [2024-04-24T20:04:08.467+0000] {dag.py:3954} INFO - Setting next_dagrun for example_python_decorator to None, run_after=None
[2024-04-24T20:04:08.505+0000] {processor.py:183} INFO - Processing /usr/local/python/3.10.13/lib/python3.10/site-packages/airflow/example_dags/example_python_decorator.py took 0.081 seconds
[2024-04-24T20:04:53.635+0000] {processor.py:161} INFO - Started process (PID=9180) to work on /usr/local/python/3.10.13/lib/python3.10/site-packages/airflow/example_dags/example_python_decorator.py
[2024-04-24T20:04:53.636+0000] {processor.py:830} INFO - Processing file /usr/local/python/3.10.13/lib/python3.10/site-packages/airflow/example_dags/example_python_decorator.py for tasks to queue
[2024-04-24T20:04:53.637+0000] {logging_mixin.py:188} INFO - [2024-04-24T20:04:53.637+0000] {dagbag.py:540} INFO - Filling up the DagBag from /usr/local/python/3.10.13/lib/python3.10/site-packages/airflow/example_dags/example_python_decorator.py
[2024-04-24T20:04:53.652+0000] {processor.py:840} INFO - DAG(s) 'example_python_decorator' retrieved from /usr/local/python/3.10.13/lib/python3.10/site-packages/airflow/example_dags/example_python_decorator.py
[2024-04-24T20:04:53.669+0000] {logging_mixin.py:188} INFO - [2024-04-24T20:04:53.668+0000] {dag.py:3096} INFO - Sync 1 DAGs
[2024-04-24T20:04:53.677+0000] {logging_mixin.py:188} INFO - [2024-04-24T20:04:53.677+0000] {dag.py:3954} INFO - Setting next_dagrun for example_python_decorator to None, run_after=None
[2024-04-24T20:04:53.718+0000] {processor.py:183} INFO - Processing /usr/local/python/3.10.13/lib/python3.10/site-packages/airflow/example_dags/example_python_decorator.py took 0.090 seconds
[2024-04-24T20:05:41.835+0000] {processor.py:161} INFO - Started process (PID=9729) to work on /usr/local/python/3.10.13/lib/python3.10/site-packages/airflow/example_dags/example_python_decorator.py
[2024-04-24T20:05:41.836+0000] {processor.py:830} INFO - Processing file /usr/local/python/3.10.13/lib/python3.10/site-packages/airflow/example_dags/example_python_decorator.py for tasks to queue
[2024-04-24T20:05:41.837+0000] {logging_mixin.py:188} INFO - [2024-04-24T20:05:41.837+0000] {dagbag.py:540} INFO - Filling up the DagBag from /usr/local/python/3.10.13/lib/python3.10/site-packages/airflow/example_dags/example_python_decorator.py
[2024-04-24T20:05:41.848+0000] {processor.py:840} INFO - DAG(s) 'example_python_decorator' retrieved from /usr/local/python/3.10.13/lib/python3.10/site-packages/airflow/example_dags/example_python_decorator.py
[2024-04-24T20:05:41.862+0000] {logging_mixin.py:188} INFO - [2024-04-24T20:05:41.862+0000] {dag.py:3096} INFO - Sync 1 DAGs
[2024-04-24T20:05:41.871+0000] {logging_mixin.py:188} INFO - [2024-04-24T20:05:41.871+0000] {dag.py:3954} INFO - Setting next_dagrun for example_python_decorator to None, run_after=None
[2024-04-24T20:05:41.910+0000] {processor.py:183} INFO - Processing /usr/local/python/3.10.13/lib/python3.10/site-packages/airflow/example_dags/example_python_decorator.py took 0.080 seconds
[2024-04-24T20:06:27.980+0000] {processor.py:161} INFO - Started process (PID=10236) to work on /usr/local/python/3.10.13/lib/python3.10/site-packages/airflow/example_dags/example_python_decorator.py
[2024-04-24T20:06:27.981+0000] {processor.py:830} INFO - Processing file /usr/local/python/3.10.13/lib/python3.10/site-packages/airflow/example_dags/example_python_decorator.py for tasks to queue
[2024-04-24T20:06:27.982+0000] {logging_mixin.py:188} INFO - [2024-04-24T20:06:27.982+0000] {dagbag.py:540} INFO - Filling up the DagBag from /usr/local/python/3.10.13/lib/python3.10/site-packages/airflow/example_dags/example_python_decorator.py
[2024-04-24T20:06:27.992+0000] {processor.py:840} INFO - DAG(s) 'example_python_decorator' retrieved from /usr/local/python/3.10.13/lib/python3.10/site-packages/airflow/example_dags/example_python_decorator.py
[2024-04-24T20:06:28.004+0000] {logging_mixin.py:188} INFO - [2024-04-24T20:06:28.004+0000] {dag.py:3096} INFO - Sync 1 DAGs
[2024-04-24T20:06:28.013+0000] {logging_mixin.py:188} INFO - [2024-04-24T20:06:28.013+0000] {dag.py:3954} INFO - Setting next_dagrun for example_python_decorator to None, run_after=None
[2024-04-24T20:06:28.051+0000] {processor.py:183} INFO - Processing /usr/local/python/3.10.13/lib/python3.10/site-packages/airflow/example_dags/example_python_decorator.py took 0.075 seconds
[2024-04-24T20:07:14.189+0000] {processor.py:161} INFO - Started process (PID=10825) to work on /usr/local/python/3.10.13/lib/python3.10/site-packages/airflow/example_dags/example_python_decorator.py
[2024-04-24T20:07:14.190+0000] {processor.py:830} INFO - Processing file /usr/local/python/3.10.13/lib/python3.10/site-packages/airflow/example_dags/example_python_decorator.py for tasks to queue
[2024-04-24T20:07:14.191+0000] {logging_mixin.py:188} INFO - [2024-04-24T20:07:14.191+0000] {dagbag.py:540} INFO - Filling up the DagBag from /usr/local/python/3.10.13/lib/python3.10/site-packages/airflow/example_dags/example_python_decorator.py
[2024-04-24T20:07:14.200+0000] {processor.py:840} INFO - DAG(s) 'example_python_decorator' retrieved from /usr/local/python/3.10.13/lib/python3.10/site-packages/airflow/example_dags/example_python_decorator.py
[2024-04-24T20:07:14.213+0000] {logging_mixin.py:188} INFO - [2024-04-24T20:07:14.213+0000] {dag.py:3096} INFO - Sync 1 DAGs
[2024-04-24T20:07:14.221+0000] {logging_mixin.py:188} INFO - [2024-04-24T20:07:14.221+0000] {dag.py:3954} INFO - Setting next_dagrun for example_python_decorator to None, run_after=None
[2024-04-24T20:07:14.276+0000] {processor.py:183} INFO - Processing /usr/local/python/3.10.13/lib/python3.10/site-packages/airflow/example_dags/example_python_decorator.py took 0.091 seconds
[2024-04-24T20:08:00.687+0000] {processor.py:161} INFO - Started process (PID=11506) to work on /usr/local/python/3.10.13/lib/python3.10/site-packages/airflow/example_dags/example_python_decorator.py
[2024-04-24T20:08:00.688+0000] {processor.py:830} INFO - Processing file /usr/local/python/3.10.13/lib/python3.10/site-packages/airflow/example_dags/example_python_decorator.py for tasks to queue
[2024-04-24T20:08:00.689+0000] {logging_mixin.py:188} INFO - [2024-04-24T20:08:00.689+0000] {dagbag.py:540} INFO - Filling up the DagBag from /usr/local/python/3.10.13/lib/python3.10/site-packages/airflow/example_dags/example_python_decorator.py
[2024-04-24T20:08:00.698+0000] {processor.py:840} INFO - DAG(s) 'example_python_decorator' retrieved from /usr/local/python/3.10.13/lib/python3.10/site-packages/airflow/example_dags/example_python_decorator.py
[2024-04-24T20:08:00.711+0000] {logging_mixin.py:188} INFO - [2024-04-24T20:08:00.711+0000] {dag.py:3096} INFO - Sync 1 DAGs
[2024-04-24T20:08:00.719+0000] {logging_mixin.py:188} INFO - [2024-04-24T20:08:00.719+0000] {dag.py:3954} INFO - Setting next_dagrun for example_python_decorator to None, run_after=None
[2024-04-24T20:08:00.758+0000] {processor.py:183} INFO - Processing /usr/local/python/3.10.13/lib/python3.10/site-packages/airflow/example_dags/example_python_decorator.py took 0.075 seconds
[2024-04-24T20:08:47.095+0000] {processor.py:161} INFO - Started process (PID=11901) to work on /usr/local/python/3.10.13/lib/python3.10/site-packages/airflow/example_dags/example_python_decorator.py
[2024-04-24T20:08:47.096+0000] {processor.py:830} INFO - Processing file /usr/local/python/3.10.13/lib/python3.10/site-packages/airflow/example_dags/example_python_decorator.py for tasks to queue
[2024-04-24T20:08:47.097+0000] {logging_mixin.py:188} INFO - [2024-04-24T20:08:47.097+0000] {dagbag.py:540} INFO - Filling up the DagBag from /usr/local/python/3.10.13/lib/python3.10/site-packages/airflow/example_dags/example_python_decorator.py
[2024-04-24T20:08:47.107+0000] {processor.py:840} INFO - DAG(s) 'example_python_decorator' retrieved from /usr/local/python/3.10.13/lib/python3.10/site-packages/airflow/example_dags/example_python_decorator.py
[2024-04-24T20:08:47.119+0000] {logging_mixin.py:188} INFO - [2024-04-24T20:08:47.119+0000] {dag.py:3096} INFO - Sync 1 DAGs
[2024-04-24T20:08:47.128+0000] {logging_mixin.py:188} INFO - [2024-04-24T20:08:47.128+0000] {dag.py:3954} INFO - Setting next_dagrun for example_python_decorator to None, run_after=None
[2024-04-24T20:08:47.166+0000] {processor.py:183} INFO - Processing /usr/local/python/3.10.13/lib/python3.10/site-packages/airflow/example_dags/example_python_decorator.py took 0.075 seconds
[2024-04-24T20:09:30.753+0000] {processor.py:161} INFO - Started process (PID=12260) to work on /usr/local/python/3.10.13/lib/python3.10/site-packages/airflow/example_dags/example_python_decorator.py
[2024-04-24T20:09:30.754+0000] {processor.py:830} INFO - Processing file /usr/local/python/3.10.13/lib/python3.10/site-packages/airflow/example_dags/example_python_decorator.py for tasks to queue
[2024-04-24T20:09:30.755+0000] {logging_mixin.py:188} INFO - [2024-04-24T20:09:30.754+0000] {dagbag.py:540} INFO - Filling up the DagBag from /usr/local/python/3.10.13/lib/python3.10/site-packages/airflow/example_dags/example_python_decorator.py
[2024-04-24T20:09:30.764+0000] {processor.py:840} INFO - DAG(s) 'example_python_decorator' retrieved from /usr/local/python/3.10.13/lib/python3.10/site-packages/airflow/example_dags/example_python_decorator.py
[2024-04-24T20:09:30.776+0000] {logging_mixin.py:188} INFO - [2024-04-24T20:09:30.776+0000] {dag.py:3096} INFO - Sync 1 DAGs
[2024-04-24T20:09:30.784+0000] {logging_mixin.py:188} INFO - [2024-04-24T20:09:30.784+0000] {dag.py:3954} INFO - Setting next_dagrun for example_python_decorator to None, run_after=None
[2024-04-24T20:09:30.824+0000] {processor.py:183} INFO - Processing /usr/local/python/3.10.13/lib/python3.10/site-packages/airflow/example_dags/example_python_decorator.py took 0.076 seconds
[2024-04-24T20:10:16.746+0000] {processor.py:161} INFO - Started process (PID=12900) to work on /usr/local/python/3.10.13/lib/python3.10/site-packages/airflow/example_dags/example_python_decorator.py
[2024-04-24T20:10:16.747+0000] {processor.py:830} INFO - Processing file /usr/local/python/3.10.13/lib/python3.10/site-packages/airflow/example_dags/example_python_decorator.py for tasks to queue
[2024-04-24T20:10:16.748+0000] {logging_mixin.py:188} INFO - [2024-04-24T20:10:16.747+0000] {dagbag.py:540} INFO - Filling up the DagBag from /usr/local/python/3.10.13/lib/python3.10/site-packages/airflow/example_dags/example_python_decorator.py
[2024-04-24T20:10:16.757+0000] {processor.py:840} INFO - DAG(s) 'example_python_decorator' retrieved from /usr/local/python/3.10.13/lib/python3.10/site-packages/airflow/example_dags/example_python_decorator.py
[2024-04-24T20:10:16.770+0000] {logging_mixin.py:188} INFO - [2024-04-24T20:10:16.770+0000] {dag.py:3096} INFO - Sync 1 DAGs
[2024-04-24T20:10:16.778+0000] {logging_mixin.py:188} INFO - [2024-04-24T20:10:16.777+0000] {dag.py:3954} INFO - Setting next_dagrun for example_python_decorator to None, run_after=None
[2024-04-24T20:10:16.816+0000] {processor.py:183} INFO - Processing /usr/local/python/3.10.13/lib/python3.10/site-packages/airflow/example_dags/example_python_decorator.py took 0.075 seconds
[2024-04-24T20:11:00.596+0000] {processor.py:161} INFO - Started process (PID=13257) to work on /usr/local/python/3.10.13/lib/python3.10/site-packages/airflow/example_dags/example_python_decorator.py
[2024-04-24T20:11:00.597+0000] {processor.py:830} INFO - Processing file /usr/local/python/3.10.13/lib/python3.10/site-packages/airflow/example_dags/example_python_decorator.py for tasks to queue
[2024-04-24T20:11:00.598+0000] {logging_mixin.py:188} INFO - [2024-04-24T20:11:00.597+0000] {dagbag.py:540} INFO - Filling up the DagBag from /usr/local/python/3.10.13/lib/python3.10/site-packages/airflow/example_dags/example_python_decorator.py
[2024-04-24T20:11:00.607+0000] {processor.py:840} INFO - DAG(s) 'example_python_decorator' retrieved from /usr/local/python/3.10.13/lib/python3.10/site-packages/airflow/example_dags/example_python_decorator.py
[2024-04-24T20:11:00.620+0000] {logging_mixin.py:188} INFO - [2024-04-24T20:11:00.619+0000] {dag.py:3096} INFO - Sync 1 DAGs
[2024-04-24T20:11:00.628+0000] {logging_mixin.py:188} INFO - [2024-04-24T20:11:00.628+0000] {dag.py:3954} INFO - Setting next_dagrun for example_python_decorator to None, run_after=None
[2024-04-24T20:11:00.667+0000] {processor.py:183} INFO - Processing /usr/local/python/3.10.13/lib/python3.10/site-packages/airflow/example_dags/example_python_decorator.py took 0.076 seconds
[2024-04-24T20:11:47.075+0000] {processor.py:161} INFO - Started process (PID=13589) to work on /usr/local/python/3.10.13/lib/python3.10/site-packages/airflow/example_dags/example_python_decorator.py
[2024-04-24T20:11:47.075+0000] {processor.py:830} INFO - Processing file /usr/local/python/3.10.13/lib/python3.10/site-packages/airflow/example_dags/example_python_decorator.py for tasks to queue
[2024-04-24T20:11:47.077+0000] {logging_mixin.py:188} INFO - [2024-04-24T20:11:47.076+0000] {dagbag.py:540} INFO - Filling up the DagBag from /usr/local/python/3.10.13/lib/python3.10/site-packages/airflow/example_dags/example_python_decorator.py
[2024-04-24T20:11:47.086+0000] {processor.py:840} INFO - DAG(s) 'example_python_decorator' retrieved from /usr/local/python/3.10.13/lib/python3.10/site-packages/airflow/example_dags/example_python_decorator.py
[2024-04-24T20:11:47.099+0000] {logging_mixin.py:188} INFO - [2024-04-24T20:11:47.099+0000] {dag.py:3096} INFO - Sync 1 DAGs
[2024-04-24T20:11:47.108+0000] {logging_mixin.py:188} INFO - [2024-04-24T20:11:47.107+0000] {dag.py:3954} INFO - Setting next_dagrun for example_python_decorator to None, run_after=None
[2024-04-24T20:11:47.146+0000] {processor.py:183} INFO - Processing /usr/local/python/3.10.13/lib/python3.10/site-packages/airflow/example_dags/example_python_decorator.py took 0.076 seconds
[2024-04-24T20:12:28.267+0000] {processor.py:161} INFO - Started process (PID=14005) to work on /usr/local/python/3.10.13/lib/python3.10/site-packages/airflow/example_dags/example_python_decorator.py
[2024-04-24T20:12:28.267+0000] {processor.py:830} INFO - Processing file /usr/local/python/3.10.13/lib/python3.10/site-packages/airflow/example_dags/example_python_decorator.py for tasks to queue
[2024-04-24T20:12:28.269+0000] {logging_mixin.py:188} INFO - [2024-04-24T20:12:28.268+0000] {dagbag.py:540} INFO - Filling up the DagBag from /usr/local/python/3.10.13/lib/python3.10/site-packages/airflow/example_dags/example_python_decorator.py
[2024-04-24T20:12:28.278+0000] {processor.py:840} INFO - DAG(s) 'example_python_decorator' retrieved from /usr/local/python/3.10.13/lib/python3.10/site-packages/airflow/example_dags/example_python_decorator.py
[2024-04-24T20:12:28.291+0000] {logging_mixin.py:188} INFO - [2024-04-24T20:12:28.291+0000] {dag.py:3096} INFO - Sync 1 DAGs
[2024-04-24T20:12:28.298+0000] {logging_mixin.py:188} INFO - [2024-04-24T20:12:28.298+0000] {dag.py:3954} INFO - Setting next_dagrun for example_python_decorator to None, run_after=None
[2024-04-24T20:12:28.335+0000] {processor.py:183} INFO - Processing /usr/local/python/3.10.13/lib/python3.10/site-packages/airflow/example_dags/example_python_decorator.py took 0.073 seconds
[2024-04-24T20:13:14.915+0000] {processor.py:161} INFO - Started process (PID=14385) to work on /usr/local/python/3.10.13/lib/python3.10/site-packages/airflow/example_dags/example_python_decorator.py
[2024-04-24T20:13:14.916+0000] {processor.py:830} INFO - Processing file /usr/local/python/3.10.13/lib/python3.10/site-packages/airflow/example_dags/example_python_decorator.py for tasks to queue
[2024-04-24T20:13:14.917+0000] {logging_mixin.py:188} INFO - [2024-04-24T20:13:14.917+0000] {dagbag.py:540} INFO - Filling up the DagBag from /usr/local/python/3.10.13/lib/python3.10/site-packages/airflow/example_dags/example_python_decorator.py
[2024-04-24T20:13:14.926+0000] {processor.py:840} INFO - DAG(s) 'example_python_decorator' retrieved from /usr/local/python/3.10.13/lib/python3.10/site-packages/airflow/example_dags/example_python_decorator.py
[2024-04-24T20:13:14.943+0000] {logging_mixin.py:188} INFO - [2024-04-24T20:13:14.942+0000] {dag.py:3096} INFO - Sync 1 DAGs
[2024-04-24T20:13:14.951+0000] {logging_mixin.py:188} INFO - [2024-04-24T20:13:14.951+0000] {dag.py:3954} INFO - Setting next_dagrun for example_python_decorator to None, run_after=None
[2024-04-24T20:13:14.996+0000] {processor.py:183} INFO - Processing /usr/local/python/3.10.13/lib/python3.10/site-packages/airflow/example_dags/example_python_decorator.py took 0.085 seconds
[2024-04-24T20:14:00.388+0000] {processor.py:161} INFO - Started process (PID=14832) to work on /usr/local/python/3.10.13/lib/python3.10/site-packages/airflow/example_dags/example_python_decorator.py
[2024-04-24T20:14:00.388+0000] {processor.py:830} INFO - Processing file /usr/local/python/3.10.13/lib/python3.10/site-packages/airflow/example_dags/example_python_decorator.py for tasks to queue
[2024-04-24T20:14:00.389+0000] {logging_mixin.py:188} INFO - [2024-04-24T20:14:00.389+0000] {dagbag.py:540} INFO - Filling up the DagBag from /usr/local/python/3.10.13/lib/python3.10/site-packages/airflow/example_dags/example_python_decorator.py
[2024-04-24T20:14:00.399+0000] {processor.py:840} INFO - DAG(s) 'example_python_decorator' retrieved from /usr/local/python/3.10.13/lib/python3.10/site-packages/airflow/example_dags/example_python_decorator.py
[2024-04-24T20:14:00.412+0000] {logging_mixin.py:188} INFO - [2024-04-24T20:14:00.412+0000] {dag.py:3096} INFO - Sync 1 DAGs
[2024-04-24T20:14:00.420+0000] {logging_mixin.py:188} INFO - [2024-04-24T20:14:00.420+0000] {dag.py:3954} INFO - Setting next_dagrun for example_python_decorator to None, run_after=None
[2024-04-24T20:14:00.457+0000] {processor.py:183} INFO - Processing /usr/local/python/3.10.13/lib/python3.10/site-packages/airflow/example_dags/example_python_decorator.py took 0.074 seconds
[2024-04-24T20:14:45.632+0000] {processor.py:161} INFO - Started process (PID=15261) to work on /usr/local/python/3.10.13/lib/python3.10/site-packages/airflow/example_dags/example_python_decorator.py
[2024-04-24T20:14:45.632+0000] {processor.py:830} INFO - Processing file /usr/local/python/3.10.13/lib/python3.10/site-packages/airflow/example_dags/example_python_decorator.py for tasks to queue
[2024-04-24T20:14:45.633+0000] {logging_mixin.py:188} INFO - [2024-04-24T20:14:45.633+0000] {dagbag.py:540} INFO - Filling up the DagBag from /usr/local/python/3.10.13/lib/python3.10/site-packages/airflow/example_dags/example_python_decorator.py
[2024-04-24T20:14:45.643+0000] {processor.py:840} INFO - DAG(s) 'example_python_decorator' retrieved from /usr/local/python/3.10.13/lib/python3.10/site-packages/airflow/example_dags/example_python_decorator.py
[2024-04-24T20:14:45.656+0000] {logging_mixin.py:188} INFO - [2024-04-24T20:14:45.656+0000] {dag.py:3096} INFO - Sync 1 DAGs
[2024-04-24T20:14:45.663+0000] {logging_mixin.py:188} INFO - [2024-04-24T20:14:45.663+0000] {dag.py:3954} INFO - Setting next_dagrun for example_python_decorator to None, run_after=None
[2024-04-24T20:14:45.702+0000] {processor.py:183} INFO - Processing /usr/local/python/3.10.13/lib/python3.10/site-packages/airflow/example_dags/example_python_decorator.py took 0.074 seconds
[2024-04-24T20:15:29.256+0000] {processor.py:161} INFO - Started process (PID=15622) to work on /usr/local/python/3.10.13/lib/python3.10/site-packages/airflow/example_dags/example_python_decorator.py
[2024-04-24T20:15:29.256+0000] {processor.py:830} INFO - Processing file /usr/local/python/3.10.13/lib/python3.10/site-packages/airflow/example_dags/example_python_decorator.py for tasks to queue
[2024-04-24T20:15:29.257+0000] {logging_mixin.py:188} INFO - [2024-04-24T20:15:29.257+0000] {dagbag.py:540} INFO - Filling up the DagBag from /usr/local/python/3.10.13/lib/python3.10/site-packages/airflow/example_dags/example_python_decorator.py
[2024-04-24T20:15:29.267+0000] {processor.py:840} INFO - DAG(s) 'example_python_decorator' retrieved from /usr/local/python/3.10.13/lib/python3.10/site-packages/airflow/example_dags/example_python_decorator.py
[2024-04-24T20:15:29.281+0000] {logging_mixin.py:188} INFO - [2024-04-24T20:15:29.280+0000] {dag.py:3096} INFO - Sync 1 DAGs
[2024-04-24T20:15:29.288+0000] {logging_mixin.py:188} INFO - [2024-04-24T20:15:29.288+0000] {dag.py:3954} INFO - Setting next_dagrun for example_python_decorator to None, run_after=None
[2024-04-24T20:15:29.327+0000] {processor.py:183} INFO - Processing /usr/local/python/3.10.13/lib/python3.10/site-packages/airflow/example_dags/example_python_decorator.py took 0.076 seconds
