[2024-04-24T20:03:03.381+0000] {processor.py:161} INFO - Started process (PID=8069) to work on /usr/local/python/3.10.13/lib/python3.10/site-packages/airflow/example_dags/example_branch_labels.py
[2024-04-24T20:03:03.382+0000] {processor.py:830} INFO - Processing file /usr/local/python/3.10.13/lib/python3.10/site-packages/airflow/example_dags/example_branch_labels.py for tasks to queue
[2024-04-24T20:03:03.383+0000] {logging_mixin.py:188} INFO - [2024-04-24T20:03:03.383+0000] {dagbag.py:540} INFO - Filling up the DagBag from /usr/local/python/3.10.13/lib/python3.10/site-packages/airflow/example_dags/example_branch_labels.py
[2024-04-24T20:03:03.389+0000] {processor.py:840} INFO - DAG(s) 'example_branch_labels' retrieved from /usr/local/python/3.10.13/lib/python3.10/site-packages/airflow/example_dags/example_branch_labels.py
[2024-04-24T20:03:03.514+0000] {logging_mixin.py:188} INFO - [2024-04-24T20:03:03.514+0000] {dag.py:3096} INFO - Sync 1 DAGs
[2024-04-24T20:03:03.527+0000] {logging_mixin.py:188} INFO - [2024-04-24T20:03:03.527+0000] {dag.py:3954} INFO - Setting next_dagrun for example_branch_labels to 2024-04-23 00:00:00+00:00, run_after=2024-04-24 00:00:00+00:00
[2024-04-24T20:03:03.563+0000] {processor.py:183} INFO - Processing /usr/local/python/3.10.13/lib/python3.10/site-packages/airflow/example_dags/example_branch_labels.py took 0.186 seconds
[2024-04-24T20:03:58.105+0000] {processor.py:161} INFO - Started process (PID=8682) to work on /usr/local/python/3.10.13/lib/python3.10/site-packages/airflow/example_dags/example_branch_labels.py
[2024-04-24T20:03:58.106+0000] {processor.py:830} INFO - Processing file /usr/local/python/3.10.13/lib/python3.10/site-packages/airflow/example_dags/example_branch_labels.py for tasks to queue
[2024-04-24T20:03:58.107+0000] {logging_mixin.py:188} INFO - [2024-04-24T20:03:58.107+0000] {dagbag.py:540} INFO - Filling up the DagBag from /usr/local/python/3.10.13/lib/python3.10/site-packages/airflow/example_dags/example_branch_labels.py
[2024-04-24T20:03:58.113+0000] {processor.py:840} INFO - DAG(s) 'example_branch_labels' retrieved from /usr/local/python/3.10.13/lib/python3.10/site-packages/airflow/example_dags/example_branch_labels.py
[2024-04-24T20:03:58.125+0000] {logging_mixin.py:188} INFO - [2024-04-24T20:03:58.125+0000] {dag.py:3096} INFO - Sync 1 DAGs
[2024-04-24T20:03:58.146+0000] {logging_mixin.py:188} INFO - [2024-04-24T20:03:58.146+0000] {dag.py:3954} INFO - Setting next_dagrun for example_branch_labels to 2024-04-23 00:00:00+00:00, run_after=2024-04-24 00:00:00+00:00
[2024-04-24T20:03:58.187+0000] {processor.py:183} INFO - Processing /usr/local/python/3.10.13/lib/python3.10/site-packages/airflow/example_dags/example_branch_labels.py took 0.087 seconds
[2024-04-24T20:05:07.441+0000] {processor.py:161} INFO - Started process (PID=9393) to work on /usr/local/python/3.10.13/lib/python3.10/site-packages/airflow/example_dags/example_branch_labels.py
[2024-04-24T20:05:07.442+0000] {processor.py:830} INFO - Processing file /usr/local/python/3.10.13/lib/python3.10/site-packages/airflow/example_dags/example_branch_labels.py for tasks to queue
[2024-04-24T20:05:07.443+0000] {logging_mixin.py:188} INFO - [2024-04-24T20:05:07.443+0000] {dagbag.py:540} INFO - Filling up the DagBag from /usr/local/python/3.10.13/lib/python3.10/site-packages/airflow/example_dags/example_branch_labels.py
[2024-04-24T20:05:07.449+0000] {processor.py:840} INFO - DAG(s) 'example_branch_labels' retrieved from /usr/local/python/3.10.13/lib/python3.10/site-packages/airflow/example_dags/example_branch_labels.py
[2024-04-24T20:05:07.461+0000] {logging_mixin.py:188} INFO - [2024-04-24T20:05:07.461+0000] {dag.py:3096} INFO - Sync 1 DAGs
[2024-04-24T20:05:07.517+0000] {logging_mixin.py:188} INFO - [2024-04-24T20:05:07.516+0000] {dag.py:3954} INFO - Setting next_dagrun for example_branch_labels to 2024-04-23 00:00:00+00:00, run_after=2024-04-24 00:00:00+00:00
[2024-04-24T20:05:07.560+0000] {processor.py:183} INFO - Processing /usr/local/python/3.10.13/lib/python3.10/site-packages/airflow/example_dags/example_branch_labels.py took 0.124 seconds
[2024-04-24T20:06:17.553+0000] {processor.py:161} INFO - Started process (PID=10162) to work on /usr/local/python/3.10.13/lib/python3.10/site-packages/airflow/example_dags/example_branch_labels.py
[2024-04-24T20:06:17.553+0000] {processor.py:830} INFO - Processing file /usr/local/python/3.10.13/lib/python3.10/site-packages/airflow/example_dags/example_branch_labels.py for tasks to queue
[2024-04-24T20:06:17.554+0000] {logging_mixin.py:188} INFO - [2024-04-24T20:06:17.554+0000] {dagbag.py:540} INFO - Filling up the DagBag from /usr/local/python/3.10.13/lib/python3.10/site-packages/airflow/example_dags/example_branch_labels.py
[2024-04-24T20:06:17.560+0000] {processor.py:840} INFO - DAG(s) 'example_branch_labels' retrieved from /usr/local/python/3.10.13/lib/python3.10/site-packages/airflow/example_dags/example_branch_labels.py
[2024-04-24T20:06:17.571+0000] {logging_mixin.py:188} INFO - [2024-04-24T20:06:17.571+0000] {dag.py:3096} INFO - Sync 1 DAGs
[2024-04-24T20:06:17.586+0000] {logging_mixin.py:188} INFO - [2024-04-24T20:06:17.586+0000] {dag.py:3954} INFO - Setting next_dagrun for example_branch_labels to 2024-04-23 00:00:00+00:00, run_after=2024-04-24 00:00:00+00:00
[2024-04-24T20:06:17.625+0000] {processor.py:183} INFO - Processing /usr/local/python/3.10.13/lib/python3.10/site-packages/airflow/example_dags/example_branch_labels.py took 0.077 seconds
[2024-04-24T20:07:26.427+0000] {processor.py:161} INFO - Started process (PID=10910) to work on /usr/local/python/3.10.13/lib/python3.10/site-packages/airflow/example_dags/example_branch_labels.py
[2024-04-24T20:07:26.427+0000] {processor.py:830} INFO - Processing file /usr/local/python/3.10.13/lib/python3.10/site-packages/airflow/example_dags/example_branch_labels.py for tasks to queue
[2024-04-24T20:07:26.428+0000] {logging_mixin.py:188} INFO - [2024-04-24T20:07:26.428+0000] {dagbag.py:540} INFO - Filling up the DagBag from /usr/local/python/3.10.13/lib/python3.10/site-packages/airflow/example_dags/example_branch_labels.py
[2024-04-24T20:07:26.434+0000] {processor.py:840} INFO - DAG(s) 'example_branch_labels' retrieved from /usr/local/python/3.10.13/lib/python3.10/site-packages/airflow/example_dags/example_branch_labels.py
[2024-04-24T20:07:26.446+0000] {logging_mixin.py:188} INFO - [2024-04-24T20:07:26.445+0000] {dag.py:3096} INFO - Sync 1 DAGs
[2024-04-24T20:07:26.459+0000] {logging_mixin.py:188} INFO - [2024-04-24T20:07:26.459+0000] {dag.py:3954} INFO - Setting next_dagrun for example_branch_labels to 2024-04-23 00:00:00+00:00, run_after=2024-04-24 00:00:00+00:00
[2024-04-24T20:07:26.500+0000] {processor.py:183} INFO - Processing /usr/local/python/3.10.13/lib/python3.10/site-packages/airflow/example_dags/example_branch_labels.py took 0.078 seconds
[2024-04-24T20:08:36.771+0000] {processor.py:161} INFO - Started process (PID=11830) to work on /usr/local/python/3.10.13/lib/python3.10/site-packages/airflow/example_dags/example_branch_labels.py
[2024-04-24T20:08:36.772+0000] {processor.py:830} INFO - Processing file /usr/local/python/3.10.13/lib/python3.10/site-packages/airflow/example_dags/example_branch_labels.py for tasks to queue
[2024-04-24T20:08:36.773+0000] {logging_mixin.py:188} INFO - [2024-04-24T20:08:36.773+0000] {dagbag.py:540} INFO - Filling up the DagBag from /usr/local/python/3.10.13/lib/python3.10/site-packages/airflow/example_dags/example_branch_labels.py
[2024-04-24T20:08:36.779+0000] {processor.py:840} INFO - DAG(s) 'example_branch_labels' retrieved from /usr/local/python/3.10.13/lib/python3.10/site-packages/airflow/example_dags/example_branch_labels.py
[2024-04-24T20:08:36.791+0000] {logging_mixin.py:188} INFO - [2024-04-24T20:08:36.791+0000] {dag.py:3096} INFO - Sync 1 DAGs
[2024-04-24T20:08:36.805+0000] {logging_mixin.py:188} INFO - [2024-04-24T20:08:36.804+0000] {dag.py:3954} INFO - Setting next_dagrun for example_branch_labels to 2024-04-23 00:00:00+00:00, run_after=2024-04-24 00:00:00+00:00
[2024-04-24T20:08:36.845+0000] {processor.py:183} INFO - Processing /usr/local/python/3.10.13/lib/python3.10/site-packages/airflow/example_dags/example_branch_labels.py took 0.078 seconds
[2024-04-24T20:09:43.873+0000] {processor.py:161} INFO - Started process (PID=12363) to work on /usr/local/python/3.10.13/lib/python3.10/site-packages/airflow/example_dags/example_branch_labels.py
[2024-04-24T20:09:43.874+0000] {processor.py:830} INFO - Processing file /usr/local/python/3.10.13/lib/python3.10/site-packages/airflow/example_dags/example_branch_labels.py for tasks to queue
[2024-04-24T20:09:43.877+0000] {logging_mixin.py:188} INFO - [2024-04-24T20:09:43.877+0000] {dagbag.py:540} INFO - Filling up the DagBag from /usr/local/python/3.10.13/lib/python3.10/site-packages/airflow/example_dags/example_branch_labels.py
[2024-04-24T20:09:43.886+0000] {processor.py:840} INFO - DAG(s) 'example_branch_labels' retrieved from /usr/local/python/3.10.13/lib/python3.10/site-packages/airflow/example_dags/example_branch_labels.py
[2024-04-24T20:09:43.906+0000] {logging_mixin.py:188} INFO - [2024-04-24T20:09:43.905+0000] {dag.py:3096} INFO - Sync 1 DAGs
[2024-04-24T20:09:43.926+0000] {logging_mixin.py:188} INFO - [2024-04-24T20:09:43.925+0000] {dag.py:3954} INFO - Setting next_dagrun for example_branch_labels to 2024-04-23 00:00:00+00:00, run_after=2024-04-24 00:00:00+00:00
[2024-04-24T20:09:43.969+0000] {processor.py:183} INFO - Processing /usr/local/python/3.10.13/lib/python3.10/site-packages/airflow/example_dags/example_branch_labels.py took 0.102 seconds
[2024-04-24T20:10:50.283+0000] {processor.py:161} INFO - Started process (PID=13148) to work on /usr/local/python/3.10.13/lib/python3.10/site-packages/airflow/example_dags/example_branch_labels.py
[2024-04-24T20:10:50.283+0000] {processor.py:830} INFO - Processing file /usr/local/python/3.10.13/lib/python3.10/site-packages/airflow/example_dags/example_branch_labels.py for tasks to queue
[2024-04-24T20:10:50.285+0000] {logging_mixin.py:188} INFO - [2024-04-24T20:10:50.284+0000] {dagbag.py:540} INFO - Filling up the DagBag from /usr/local/python/3.10.13/lib/python3.10/site-packages/airflow/example_dags/example_branch_labels.py
[2024-04-24T20:10:50.290+0000] {processor.py:840} INFO - DAG(s) 'example_branch_labels' retrieved from /usr/local/python/3.10.13/lib/python3.10/site-packages/airflow/example_dags/example_branch_labels.py
[2024-04-24T20:10:50.301+0000] {logging_mixin.py:188} INFO - [2024-04-24T20:10:50.301+0000] {dag.py:3096} INFO - Sync 1 DAGs
[2024-04-24T20:10:50.315+0000] {logging_mixin.py:188} INFO - [2024-04-24T20:10:50.315+0000] {dag.py:3954} INFO - Setting next_dagrun for example_branch_labels to 2024-04-23 00:00:00+00:00, run_after=2024-04-24 00:00:00+00:00
[2024-04-24T20:10:50.353+0000] {processor.py:183} INFO - Processing /usr/local/python/3.10.13/lib/python3.10/site-packages/airflow/example_dags/example_branch_labels.py took 0.075 seconds
[2024-04-24T20:11:57.894+0000] {processor.py:161} INFO - Started process (PID=13783) to work on /usr/local/python/3.10.13/lib/python3.10/site-packages/airflow/example_dags/example_branch_labels.py
[2024-04-24T20:11:57.894+0000] {processor.py:830} INFO - Processing file /usr/local/python/3.10.13/lib/python3.10/site-packages/airflow/example_dags/example_branch_labels.py for tasks to queue
[2024-04-24T20:11:57.895+0000] {logging_mixin.py:188} INFO - [2024-04-24T20:11:57.895+0000] {dagbag.py:540} INFO - Filling up the DagBag from /usr/local/python/3.10.13/lib/python3.10/site-packages/airflow/example_dags/example_branch_labels.py
[2024-04-24T20:11:57.901+0000] {processor.py:840} INFO - DAG(s) 'example_branch_labels' retrieved from /usr/local/python/3.10.13/lib/python3.10/site-packages/airflow/example_dags/example_branch_labels.py
[2024-04-24T20:11:57.916+0000] {logging_mixin.py:188} INFO - [2024-04-24T20:11:57.916+0000] {dag.py:3096} INFO - Sync 1 DAGs
[2024-04-24T20:11:57.930+0000] {logging_mixin.py:188} INFO - [2024-04-24T20:11:57.930+0000] {dag.py:3954} INFO - Setting next_dagrun for example_branch_labels to 2024-04-23 00:00:00+00:00, run_after=2024-04-24 00:00:00+00:00
[2024-04-24T20:11:57.969+0000] {processor.py:183} INFO - Processing /usr/local/python/3.10.13/lib/python3.10/site-packages/airflow/example_dags/example_branch_labels.py took 0.079 seconds
[2024-04-24T20:13:05.463+0000] {processor.py:161} INFO - Started process (PID=14313) to work on /usr/local/python/3.10.13/lib/python3.10/site-packages/airflow/example_dags/example_branch_labels.py
[2024-04-24T20:13:05.464+0000] {processor.py:830} INFO - Processing file /usr/local/python/3.10.13/lib/python3.10/site-packages/airflow/example_dags/example_branch_labels.py for tasks to queue
[2024-04-24T20:13:05.465+0000] {logging_mixin.py:188} INFO - [2024-04-24T20:13:05.465+0000] {dagbag.py:540} INFO - Filling up the DagBag from /usr/local/python/3.10.13/lib/python3.10/site-packages/airflow/example_dags/example_branch_labels.py
[2024-04-24T20:13:05.471+0000] {processor.py:840} INFO - DAG(s) 'example_branch_labels' retrieved from /usr/local/python/3.10.13/lib/python3.10/site-packages/airflow/example_dags/example_branch_labels.py
[2024-04-24T20:13:05.483+0000] {logging_mixin.py:188} INFO - [2024-04-24T20:13:05.482+0000] {dag.py:3096} INFO - Sync 1 DAGs
[2024-04-24T20:13:05.501+0000] {logging_mixin.py:188} INFO - [2024-04-24T20:13:05.501+0000] {dag.py:3954} INFO - Setting next_dagrun for example_branch_labels to 2024-04-23 00:00:00+00:00, run_after=2024-04-24 00:00:00+00:00
[2024-04-24T20:13:05.544+0000] {processor.py:183} INFO - Processing /usr/local/python/3.10.13/lib/python3.10/site-packages/airflow/example_dags/example_branch_labels.py took 0.086 seconds
[2024-04-24T20:14:12.998+0000] {processor.py:161} INFO - Started process (PID=15036) to work on /usr/local/python/3.10.13/lib/python3.10/site-packages/airflow/example_dags/example_branch_labels.py
[2024-04-24T20:14:12.999+0000] {processor.py:830} INFO - Processing file /usr/local/python/3.10.13/lib/python3.10/site-packages/airflow/example_dags/example_branch_labels.py for tasks to queue
[2024-04-24T20:14:13.000+0000] {logging_mixin.py:188} INFO - [2024-04-24T20:14:13.000+0000] {dagbag.py:540} INFO - Filling up the DagBag from /usr/local/python/3.10.13/lib/python3.10/site-packages/airflow/example_dags/example_branch_labels.py
[2024-04-24T20:14:13.006+0000] {processor.py:840} INFO - DAG(s) 'example_branch_labels' retrieved from /usr/local/python/3.10.13/lib/python3.10/site-packages/airflow/example_dags/example_branch_labels.py
[2024-04-24T20:14:13.018+0000] {logging_mixin.py:188} INFO - [2024-04-24T20:14:13.017+0000] {dag.py:3096} INFO - Sync 1 DAGs
[2024-04-24T20:14:13.031+0000] {logging_mixin.py:188} INFO - [2024-04-24T20:14:13.031+0000] {dag.py:3954} INFO - Setting next_dagrun for example_branch_labels to 2024-04-23 00:00:00+00:00, run_after=2024-04-24 00:00:00+00:00
[2024-04-24T20:14:13.070+0000] {processor.py:183} INFO - Processing /usr/local/python/3.10.13/lib/python3.10/site-packages/airflow/example_dags/example_branch_labels.py took 0.077 seconds
[2024-04-24T20:15:19.026+0000] {processor.py:161} INFO - Started process (PID=15555) to work on /usr/local/python/3.10.13/lib/python3.10/site-packages/airflow/example_dags/example_branch_labels.py
[2024-04-24T20:15:19.027+0000] {processor.py:830} INFO - Processing file /usr/local/python/3.10.13/lib/python3.10/site-packages/airflow/example_dags/example_branch_labels.py for tasks to queue
[2024-04-24T20:15:19.028+0000] {logging_mixin.py:188} INFO - [2024-04-24T20:15:19.028+0000] {dagbag.py:540} INFO - Filling up the DagBag from /usr/local/python/3.10.13/lib/python3.10/site-packages/airflow/example_dags/example_branch_labels.py
[2024-04-24T20:15:19.034+0000] {processor.py:840} INFO - DAG(s) 'example_branch_labels' retrieved from /usr/local/python/3.10.13/lib/python3.10/site-packages/airflow/example_dags/example_branch_labels.py
[2024-04-24T20:15:19.045+0000] {logging_mixin.py:188} INFO - [2024-04-24T20:15:19.045+0000] {dag.py:3096} INFO - Sync 1 DAGs
[2024-04-24T20:15:19.059+0000] {logging_mixin.py:188} INFO - [2024-04-24T20:15:19.059+0000] {dag.py:3954} INFO - Setting next_dagrun for example_branch_labels to 2024-04-23 00:00:00+00:00, run_after=2024-04-24 00:00:00+00:00
[2024-04-24T20:15:19.098+0000] {processor.py:183} INFO - Processing /usr/local/python/3.10.13/lib/python3.10/site-packages/airflow/example_dags/example_branch_labels.py took 0.076 seconds
