[2024-04-24T20:02:32.123+0000] {processor.py:161} INFO - Started process (PID=7606) to work on /usr/local/python/3.10.13/lib/python3.10/site-packages/airflow/example_dags/example_nested_branch_dag.py
[2024-04-24T20:02:32.124+0000] {processor.py:830} INFO - Processing file /usr/local/python/3.10.13/lib/python3.10/site-packages/airflow/example_dags/example_nested_branch_dag.py for tasks to queue
[2024-04-24T20:02:32.125+0000] {logging_mixin.py:188} INFO - [2024-04-24T20:02:32.125+0000] {dagbag.py:540} INFO - Filling up the DagBag from /usr/local/python/3.10.13/lib/python3.10/site-packages/airflow/example_dags/example_nested_branch_dag.py
[2024-04-24T20:02:32.135+0000] {processor.py:840} INFO - DAG(s) 'example_nested_branch_dag' retrieved from /usr/local/python/3.10.13/lib/python3.10/site-packages/airflow/example_dags/example_nested_branch_dag.py
[2024-04-24T20:02:32.263+0000] {logging_mixin.py:188} INFO - [2024-04-24T20:02:32.262+0000] {dag.py:3096} INFO - Sync 1 DAGs
[2024-04-24T20:02:32.275+0000] {logging_mixin.py:188} INFO - [2024-04-24T20:02:32.275+0000] {dag.py:3954} INFO - Setting next_dagrun for example_nested_branch_dag to 2024-04-23 00:00:00+00:00, run_after=2024-04-24 00:00:00+00:00
[2024-04-24T20:02:32.314+0000] {processor.py:183} INFO - Processing /usr/local/python/3.10.13/lib/python3.10/site-packages/airflow/example_dags/example_nested_branch_dag.py took 0.197 seconds
[2024-04-24T20:03:30.957+0000] {processor.py:161} INFO - Started process (PID=8380) to work on /usr/local/python/3.10.13/lib/python3.10/site-packages/airflow/example_dags/example_nested_branch_dag.py
[2024-04-24T20:03:30.958+0000] {processor.py:830} INFO - Processing file /usr/local/python/3.10.13/lib/python3.10/site-packages/airflow/example_dags/example_nested_branch_dag.py for tasks to queue
[2024-04-24T20:03:30.959+0000] {logging_mixin.py:188} INFO - [2024-04-24T20:03:30.959+0000] {dagbag.py:540} INFO - Filling up the DagBag from /usr/local/python/3.10.13/lib/python3.10/site-packages/airflow/example_dags/example_nested_branch_dag.py
[2024-04-24T20:03:30.966+0000] {processor.py:840} INFO - DAG(s) 'example_nested_branch_dag' retrieved from /usr/local/python/3.10.13/lib/python3.10/site-packages/airflow/example_dags/example_nested_branch_dag.py
[2024-04-24T20:03:31.037+0000] {logging_mixin.py:188} INFO - [2024-04-24T20:03:31.037+0000] {dag.py:3096} INFO - Sync 1 DAGs
[2024-04-24T20:03:31.051+0000] {logging_mixin.py:188} INFO - [2024-04-24T20:03:31.050+0000] {dag.py:3954} INFO - Setting next_dagrun for example_nested_branch_dag to 2024-04-23 00:00:00+00:00, run_after=2024-04-24 00:00:00+00:00
[2024-04-24T20:03:31.087+0000] {processor.py:183} INFO - Processing /usr/local/python/3.10.13/lib/python3.10/site-packages/airflow/example_dags/example_nested_branch_dag.py took 0.134 seconds
[2024-04-24T20:04:23.899+0000] {processor.py:161} INFO - Started process (PID=8870) to work on /usr/local/python/3.10.13/lib/python3.10/site-packages/airflow/example_dags/example_nested_branch_dag.py
[2024-04-24T20:04:23.900+0000] {processor.py:830} INFO - Processing file /usr/local/python/3.10.13/lib/python3.10/site-packages/airflow/example_dags/example_nested_branch_dag.py for tasks to queue
[2024-04-24T20:04:23.901+0000] {logging_mixin.py:188} INFO - [2024-04-24T20:04:23.900+0000] {dagbag.py:540} INFO - Filling up the DagBag from /usr/local/python/3.10.13/lib/python3.10/site-packages/airflow/example_dags/example_nested_branch_dag.py
[2024-04-24T20:04:23.908+0000] {processor.py:840} INFO - DAG(s) 'example_nested_branch_dag' retrieved from /usr/local/python/3.10.13/lib/python3.10/site-packages/airflow/example_dags/example_nested_branch_dag.py
[2024-04-24T20:04:23.925+0000] {logging_mixin.py:188} INFO - [2024-04-24T20:04:23.925+0000] {dag.py:3096} INFO - Sync 1 DAGs
[2024-04-24T20:04:23.947+0000] {logging_mixin.py:188} INFO - [2024-04-24T20:04:23.946+0000] {dag.py:3954} INFO - Setting next_dagrun for example_nested_branch_dag to 2024-04-23 00:00:00+00:00, run_after=2024-04-24 00:00:00+00:00
[2024-04-24T20:04:23.988+0000] {processor.py:183} INFO - Processing /usr/local/python/3.10.13/lib/python3.10/site-packages/airflow/example_dags/example_nested_branch_dag.py took 0.095 seconds
[2024-04-24T20:05:13.311+0000] {processor.py:161} INFO - Started process (PID=9467) to work on /usr/local/python/3.10.13/lib/python3.10/site-packages/airflow/example_dags/example_nested_branch_dag.py
[2024-04-24T20:05:13.312+0000] {processor.py:830} INFO - Processing file /usr/local/python/3.10.13/lib/python3.10/site-packages/airflow/example_dags/example_nested_branch_dag.py for tasks to queue
[2024-04-24T20:05:13.313+0000] {logging_mixin.py:188} INFO - [2024-04-24T20:05:13.313+0000] {dagbag.py:540} INFO - Filling up the DagBag from /usr/local/python/3.10.13/lib/python3.10/site-packages/airflow/example_dags/example_nested_branch_dag.py
[2024-04-24T20:05:13.322+0000] {processor.py:840} INFO - DAG(s) 'example_nested_branch_dag' retrieved from /usr/local/python/3.10.13/lib/python3.10/site-packages/airflow/example_dags/example_nested_branch_dag.py
[2024-04-24T20:05:13.335+0000] {logging_mixin.py:188} INFO - [2024-04-24T20:05:13.335+0000] {dag.py:3096} INFO - Sync 1 DAGs
[2024-04-24T20:05:13.350+0000] {logging_mixin.py:188} INFO - [2024-04-24T20:05:13.350+0000] {dag.py:3954} INFO - Setting next_dagrun for example_nested_branch_dag to 2024-04-23 00:00:00+00:00, run_after=2024-04-24 00:00:00+00:00
[2024-04-24T20:05:13.390+0000] {processor.py:183} INFO - Processing /usr/local/python/3.10.13/lib/python3.10/site-packages/airflow/example_dags/example_nested_branch_dag.py took 0.084 seconds
[2024-04-24T20:06:00.936+0000] {processor.py:161} INFO - Started process (PID=10009) to work on /usr/local/python/3.10.13/lib/python3.10/site-packages/airflow/example_dags/example_nested_branch_dag.py
[2024-04-24T20:06:00.937+0000] {processor.py:830} INFO - Processing file /usr/local/python/3.10.13/lib/python3.10/site-packages/airflow/example_dags/example_nested_branch_dag.py for tasks to queue
[2024-04-24T20:06:00.938+0000] {logging_mixin.py:188} INFO - [2024-04-24T20:06:00.938+0000] {dagbag.py:540} INFO - Filling up the DagBag from /usr/local/python/3.10.13/lib/python3.10/site-packages/airflow/example_dags/example_nested_branch_dag.py
[2024-04-24T20:06:00.946+0000] {processor.py:840} INFO - DAG(s) 'example_nested_branch_dag' retrieved from /usr/local/python/3.10.13/lib/python3.10/site-packages/airflow/example_dags/example_nested_branch_dag.py
[2024-04-24T20:06:00.958+0000] {logging_mixin.py:188} INFO - [2024-04-24T20:06:00.957+0000] {dag.py:3096} INFO - Sync 1 DAGs
[2024-04-24T20:06:00.971+0000] {logging_mixin.py:188} INFO - [2024-04-24T20:06:00.971+0000] {dag.py:3954} INFO - Setting next_dagrun for example_nested_branch_dag to 2024-04-23 00:00:00+00:00, run_after=2024-04-24 00:00:00+00:00
[2024-04-24T20:06:01.012+0000] {processor.py:183} INFO - Processing /usr/local/python/3.10.13/lib/python3.10/site-packages/airflow/example_dags/example_nested_branch_dag.py took 0.080 seconds
[2024-04-24T20:06:46.389+0000] {processor.py:161} INFO - Started process (PID=10372) to work on /usr/local/python/3.10.13/lib/python3.10/site-packages/airflow/example_dags/example_nested_branch_dag.py
[2024-04-24T20:06:46.390+0000] {processor.py:830} INFO - Processing file /usr/local/python/3.10.13/lib/python3.10/site-packages/airflow/example_dags/example_nested_branch_dag.py for tasks to queue
[2024-04-24T20:06:46.391+0000] {logging_mixin.py:188} INFO - [2024-04-24T20:06:46.391+0000] {dagbag.py:540} INFO - Filling up the DagBag from /usr/local/python/3.10.13/lib/python3.10/site-packages/airflow/example_dags/example_nested_branch_dag.py
[2024-04-24T20:06:46.398+0000] {processor.py:840} INFO - DAG(s) 'example_nested_branch_dag' retrieved from /usr/local/python/3.10.13/lib/python3.10/site-packages/airflow/example_dags/example_nested_branch_dag.py
[2024-04-24T20:06:46.411+0000] {logging_mixin.py:188} INFO - [2024-04-24T20:06:46.411+0000] {dag.py:3096} INFO - Sync 1 DAGs
[2024-04-24T20:06:46.425+0000] {logging_mixin.py:188} INFO - [2024-04-24T20:06:46.425+0000] {dag.py:3954} INFO - Setting next_dagrun for example_nested_branch_dag to 2024-04-23 00:00:00+00:00, run_after=2024-04-24 00:00:00+00:00
[2024-04-24T20:06:46.463+0000] {processor.py:183} INFO - Processing /usr/local/python/3.10.13/lib/python3.10/site-packages/airflow/example_dags/example_nested_branch_dag.py took 0.078 seconds
[2024-04-24T20:07:32.648+0000] {processor.py:161} INFO - Started process (PID=10959) to work on /usr/local/python/3.10.13/lib/python3.10/site-packages/airflow/example_dags/example_nested_branch_dag.py
[2024-04-24T20:07:32.649+0000] {processor.py:830} INFO - Processing file /usr/local/python/3.10.13/lib/python3.10/site-packages/airflow/example_dags/example_nested_branch_dag.py for tasks to queue
[2024-04-24T20:07:32.650+0000] {logging_mixin.py:188} INFO - [2024-04-24T20:07:32.650+0000] {dagbag.py:540} INFO - Filling up the DagBag from /usr/local/python/3.10.13/lib/python3.10/site-packages/airflow/example_dags/example_nested_branch_dag.py
[2024-04-24T20:07:32.659+0000] {processor.py:840} INFO - DAG(s) 'example_nested_branch_dag' retrieved from /usr/local/python/3.10.13/lib/python3.10/site-packages/airflow/example_dags/example_nested_branch_dag.py
[2024-04-24T20:07:32.671+0000] {logging_mixin.py:188} INFO - [2024-04-24T20:07:32.671+0000] {dag.py:3096} INFO - Sync 1 DAGs
[2024-04-24T20:07:32.685+0000] {logging_mixin.py:188} INFO - [2024-04-24T20:07:32.685+0000] {dag.py:3954} INFO - Setting next_dagrun for example_nested_branch_dag to 2024-04-23 00:00:00+00:00, run_after=2024-04-24 00:00:00+00:00
[2024-04-24T20:07:32.724+0000] {processor.py:183} INFO - Processing /usr/local/python/3.10.13/lib/python3.10/site-packages/airflow/example_dags/example_nested_branch_dag.py took 0.080 seconds
[2024-04-24T20:08:20.159+0000] {processor.py:161} INFO - Started process (PID=11705) to work on /usr/local/python/3.10.13/lib/python3.10/site-packages/airflow/example_dags/example_nested_branch_dag.py
[2024-04-24T20:08:20.159+0000] {processor.py:830} INFO - Processing file /usr/local/python/3.10.13/lib/python3.10/site-packages/airflow/example_dags/example_nested_branch_dag.py for tasks to queue
[2024-04-24T20:08:20.161+0000] {logging_mixin.py:188} INFO - [2024-04-24T20:08:20.160+0000] {dagbag.py:540} INFO - Filling up the DagBag from /usr/local/python/3.10.13/lib/python3.10/site-packages/airflow/example_dags/example_nested_branch_dag.py
[2024-04-24T20:08:20.168+0000] {processor.py:840} INFO - DAG(s) 'example_nested_branch_dag' retrieved from /usr/local/python/3.10.13/lib/python3.10/site-packages/airflow/example_dags/example_nested_branch_dag.py
[2024-04-24T20:08:20.180+0000] {logging_mixin.py:188} INFO - [2024-04-24T20:08:20.179+0000] {dag.py:3096} INFO - Sync 1 DAGs
[2024-04-24T20:08:20.194+0000] {logging_mixin.py:188} INFO - [2024-04-24T20:08:20.193+0000] {dag.py:3954} INFO - Setting next_dagrun for example_nested_branch_dag to 2024-04-23 00:00:00+00:00, run_after=2024-04-24 00:00:00+00:00
[2024-04-24T20:08:20.231+0000] {processor.py:183} INFO - Processing /usr/local/python/3.10.13/lib/python3.10/site-packages/airflow/example_dags/example_nested_branch_dag.py took 0.077 seconds
[2024-04-24T20:09:04.574+0000] {processor.py:161} INFO - Started process (PID=12086) to work on /usr/local/python/3.10.13/lib/python3.10/site-packages/airflow/example_dags/example_nested_branch_dag.py
[2024-04-24T20:09:04.574+0000] {processor.py:830} INFO - Processing file /usr/local/python/3.10.13/lib/python3.10/site-packages/airflow/example_dags/example_nested_branch_dag.py for tasks to queue
[2024-04-24T20:09:04.576+0000] {logging_mixin.py:188} INFO - [2024-04-24T20:09:04.575+0000] {dagbag.py:540} INFO - Filling up the DagBag from /usr/local/python/3.10.13/lib/python3.10/site-packages/airflow/example_dags/example_nested_branch_dag.py
[2024-04-24T20:09:04.583+0000] {processor.py:840} INFO - DAG(s) 'example_nested_branch_dag' retrieved from /usr/local/python/3.10.13/lib/python3.10/site-packages/airflow/example_dags/example_nested_branch_dag.py
[2024-04-24T20:09:04.595+0000] {logging_mixin.py:188} INFO - [2024-04-24T20:09:04.595+0000] {dag.py:3096} INFO - Sync 1 DAGs
[2024-04-24T20:09:04.609+0000] {logging_mixin.py:188} INFO - [2024-04-24T20:09:04.609+0000] {dag.py:3954} INFO - Setting next_dagrun for example_nested_branch_dag to 2024-04-23 00:00:00+00:00, run_after=2024-04-24 00:00:00+00:00
[2024-04-24T20:09:04.654+0000] {processor.py:183} INFO - Processing /usr/local/python/3.10.13/lib/python3.10/site-packages/airflow/example_dags/example_nested_branch_dag.py took 0.084 seconds
[2024-04-24T20:09:50.894+0000] {processor.py:161} INFO - Started process (PID=12433) to work on /usr/local/python/3.10.13/lib/python3.10/site-packages/airflow/example_dags/example_nested_branch_dag.py
[2024-04-24T20:09:50.895+0000] {processor.py:830} INFO - Processing file /usr/local/python/3.10.13/lib/python3.10/site-packages/airflow/example_dags/example_nested_branch_dag.py for tasks to queue
[2024-04-24T20:09:50.896+0000] {logging_mixin.py:188} INFO - [2024-04-24T20:09:50.896+0000] {dagbag.py:540} INFO - Filling up the DagBag from /usr/local/python/3.10.13/lib/python3.10/site-packages/airflow/example_dags/example_nested_branch_dag.py
[2024-04-24T20:09:50.904+0000] {processor.py:840} INFO - DAG(s) 'example_nested_branch_dag' retrieved from /usr/local/python/3.10.13/lib/python3.10/site-packages/airflow/example_dags/example_nested_branch_dag.py
[2024-04-24T20:09:50.916+0000] {logging_mixin.py:188} INFO - [2024-04-24T20:09:50.916+0000] {dag.py:3096} INFO - Sync 1 DAGs
[2024-04-24T20:09:50.930+0000] {logging_mixin.py:188} INFO - [2024-04-24T20:09:50.930+0000] {dag.py:3954} INFO - Setting next_dagrun for example_nested_branch_dag to 2024-04-23 00:00:00+00:00, run_after=2024-04-24 00:00:00+00:00
[2024-04-24T20:09:50.967+0000] {processor.py:183} INFO - Processing /usr/local/python/3.10.13/lib/python3.10/site-packages/airflow/example_dags/example_nested_branch_dag.py took 0.077 seconds
[2024-04-24T20:10:35.933+0000] {processor.py:161} INFO - Started process (PID=13029) to work on /usr/local/python/3.10.13/lib/python3.10/site-packages/airflow/example_dags/example_nested_branch_dag.py
[2024-04-24T20:10:35.934+0000] {processor.py:830} INFO - Processing file /usr/local/python/3.10.13/lib/python3.10/site-packages/airflow/example_dags/example_nested_branch_dag.py for tasks to queue
[2024-04-24T20:10:35.935+0000] {logging_mixin.py:188} INFO - [2024-04-24T20:10:35.935+0000] {dagbag.py:540} INFO - Filling up the DagBag from /usr/local/python/3.10.13/lib/python3.10/site-packages/airflow/example_dags/example_nested_branch_dag.py
[2024-04-24T20:10:35.943+0000] {processor.py:840} INFO - DAG(s) 'example_nested_branch_dag' retrieved from /usr/local/python/3.10.13/lib/python3.10/site-packages/airflow/example_dags/example_nested_branch_dag.py
[2024-04-24T20:10:35.955+0000] {logging_mixin.py:188} INFO - [2024-04-24T20:10:35.955+0000] {dag.py:3096} INFO - Sync 1 DAGs
[2024-04-24T20:10:35.969+0000] {logging_mixin.py:188} INFO - [2024-04-24T20:10:35.968+0000] {dag.py:3954} INFO - Setting next_dagrun for example_nested_branch_dag to 2024-04-23 00:00:00+00:00, run_after=2024-04-24 00:00:00+00:00
[2024-04-24T20:10:36.006+0000] {processor.py:183} INFO - Processing /usr/local/python/3.10.13/lib/python3.10/site-packages/airflow/example_dags/example_nested_branch_dag.py took 0.077 seconds
[2024-04-24T20:11:23.500+0000] {processor.py:161} INFO - Started process (PID=13406) to work on /usr/local/python/3.10.13/lib/python3.10/site-packages/airflow/example_dags/example_nested_branch_dag.py
[2024-04-24T20:11:23.500+0000] {processor.py:830} INFO - Processing file /usr/local/python/3.10.13/lib/python3.10/site-packages/airflow/example_dags/example_nested_branch_dag.py for tasks to queue
[2024-04-24T20:11:23.501+0000] {logging_mixin.py:188} INFO - [2024-04-24T20:11:23.501+0000] {dagbag.py:540} INFO - Filling up the DagBag from /usr/local/python/3.10.13/lib/python3.10/site-packages/airflow/example_dags/example_nested_branch_dag.py
[2024-04-24T20:11:23.509+0000] {processor.py:840} INFO - DAG(s) 'example_nested_branch_dag' retrieved from /usr/local/python/3.10.13/lib/python3.10/site-packages/airflow/example_dags/example_nested_branch_dag.py
[2024-04-24T20:11:23.520+0000] {logging_mixin.py:188} INFO - [2024-04-24T20:11:23.520+0000] {dag.py:3096} INFO - Sync 1 DAGs
[2024-04-24T20:11:23.535+0000] {logging_mixin.py:188} INFO - [2024-04-24T20:11:23.535+0000] {dag.py:3954} INFO - Setting next_dagrun for example_nested_branch_dag to 2024-04-23 00:00:00+00:00, run_after=2024-04-24 00:00:00+00:00
[2024-04-24T20:11:23.573+0000] {processor.py:183} INFO - Processing /usr/local/python/3.10.13/lib/python3.10/site-packages/airflow/example_dags/example_nested_branch_dag.py took 0.078 seconds
[2024-04-24T20:12:06.492+0000] {processor.py:161} INFO - Started process (PID=13850) to work on /usr/local/python/3.10.13/lib/python3.10/site-packages/airflow/example_dags/example_nested_branch_dag.py
[2024-04-24T20:12:06.493+0000] {processor.py:830} INFO - Processing file /usr/local/python/3.10.13/lib/python3.10/site-packages/airflow/example_dags/example_nested_branch_dag.py for tasks to queue
[2024-04-24T20:12:06.495+0000] {logging_mixin.py:188} INFO - [2024-04-24T20:12:06.494+0000] {dagbag.py:540} INFO - Filling up the DagBag from /usr/local/python/3.10.13/lib/python3.10/site-packages/airflow/example_dags/example_nested_branch_dag.py
[2024-04-24T20:12:06.504+0000] {processor.py:840} INFO - DAG(s) 'example_nested_branch_dag' retrieved from /usr/local/python/3.10.13/lib/python3.10/site-packages/airflow/example_dags/example_nested_branch_dag.py
[2024-04-24T20:12:06.517+0000] {logging_mixin.py:188} INFO - [2024-04-24T20:12:06.516+0000] {dag.py:3096} INFO - Sync 1 DAGs
[2024-04-24T20:12:06.531+0000] {logging_mixin.py:188} INFO - [2024-04-24T20:12:06.531+0000] {dag.py:3954} INFO - Setting next_dagrun for example_nested_branch_dag to 2024-04-23 00:00:00+00:00, run_after=2024-04-24 00:00:00+00:00
[2024-04-24T20:12:06.571+0000] {processor.py:183} INFO - Processing /usr/local/python/3.10.13/lib/python3.10/site-packages/airflow/example_dags/example_nested_branch_dag.py took 0.083 seconds
[2024-04-24T20:12:51.210+0000] {processor.py:161} INFO - Started process (PID=14218) to work on /usr/local/python/3.10.13/lib/python3.10/site-packages/airflow/example_dags/example_nested_branch_dag.py
[2024-04-24T20:12:51.211+0000] {processor.py:830} INFO - Processing file /usr/local/python/3.10.13/lib/python3.10/site-packages/airflow/example_dags/example_nested_branch_dag.py for tasks to queue
[2024-04-24T20:12:51.212+0000] {logging_mixin.py:188} INFO - [2024-04-24T20:12:51.212+0000] {dagbag.py:540} INFO - Filling up the DagBag from /usr/local/python/3.10.13/lib/python3.10/site-packages/airflow/example_dags/example_nested_branch_dag.py
[2024-04-24T20:12:51.220+0000] {processor.py:840} INFO - DAG(s) 'example_nested_branch_dag' retrieved from /usr/local/python/3.10.13/lib/python3.10/site-packages/airflow/example_dags/example_nested_branch_dag.py
[2024-04-24T20:12:51.231+0000] {logging_mixin.py:188} INFO - [2024-04-24T20:12:51.231+0000] {dag.py:3096} INFO - Sync 1 DAGs
[2024-04-24T20:12:51.245+0000] {logging_mixin.py:188} INFO - [2024-04-24T20:12:51.245+0000] {dag.py:3954} INFO - Setting next_dagrun for example_nested_branch_dag to 2024-04-23 00:00:00+00:00, run_after=2024-04-24 00:00:00+00:00
[2024-04-24T20:12:51.285+0000] {processor.py:183} INFO - Processing /usr/local/python/3.10.13/lib/python3.10/site-packages/airflow/example_dags/example_nested_branch_dag.py took 0.079 seconds
[2024-04-24T20:13:36.510+0000] {processor.py:161} INFO - Started process (PID=14533) to work on /usr/local/python/3.10.13/lib/python3.10/site-packages/airflow/example_dags/example_nested_branch_dag.py
[2024-04-24T20:13:36.511+0000] {processor.py:830} INFO - Processing file /usr/local/python/3.10.13/lib/python3.10/site-packages/airflow/example_dags/example_nested_branch_dag.py for tasks to queue
[2024-04-24T20:13:36.512+0000] {logging_mixin.py:188} INFO - [2024-04-24T20:13:36.512+0000] {dagbag.py:540} INFO - Filling up the DagBag from /usr/local/python/3.10.13/lib/python3.10/site-packages/airflow/example_dags/example_nested_branch_dag.py
[2024-04-24T20:13:36.519+0000] {processor.py:840} INFO - DAG(s) 'example_nested_branch_dag' retrieved from /usr/local/python/3.10.13/lib/python3.10/site-packages/airflow/example_dags/example_nested_branch_dag.py
[2024-04-24T20:13:36.531+0000] {logging_mixin.py:188} INFO - [2024-04-24T20:13:36.531+0000] {dag.py:3096} INFO - Sync 1 DAGs
[2024-04-24T20:13:36.545+0000] {logging_mixin.py:188} INFO - [2024-04-24T20:13:36.545+0000] {dag.py:3954} INFO - Setting next_dagrun for example_nested_branch_dag to 2024-04-23 00:00:00+00:00, run_after=2024-04-24 00:00:00+00:00
[2024-04-24T20:13:36.582+0000] {processor.py:183} INFO - Processing /usr/local/python/3.10.13/lib/python3.10/site-packages/airflow/example_dags/example_nested_branch_dag.py took 0.076 seconds
[2024-04-24T20:14:21.025+0000] {processor.py:161} INFO - Started process (PID=15101) to work on /usr/local/python/3.10.13/lib/python3.10/site-packages/airflow/example_dags/example_nested_branch_dag.py
[2024-04-24T20:14:21.026+0000] {processor.py:830} INFO - Processing file /usr/local/python/3.10.13/lib/python3.10/site-packages/airflow/example_dags/example_nested_branch_dag.py for tasks to queue
[2024-04-24T20:14:21.027+0000] {logging_mixin.py:188} INFO - [2024-04-24T20:14:21.027+0000] {dagbag.py:540} INFO - Filling up the DagBag from /usr/local/python/3.10.13/lib/python3.10/site-packages/airflow/example_dags/example_nested_branch_dag.py
[2024-04-24T20:14:21.035+0000] {processor.py:840} INFO - DAG(s) 'example_nested_branch_dag' retrieved from /usr/local/python/3.10.13/lib/python3.10/site-packages/airflow/example_dags/example_nested_branch_dag.py
[2024-04-24T20:14:21.046+0000] {logging_mixin.py:188} INFO - [2024-04-24T20:14:21.046+0000] {dag.py:3096} INFO - Sync 1 DAGs
[2024-04-24T20:14:21.061+0000] {logging_mixin.py:188} INFO - [2024-04-24T20:14:21.060+0000] {dag.py:3954} INFO - Setting next_dagrun for example_nested_branch_dag to 2024-04-23 00:00:00+00:00, run_after=2024-04-24 00:00:00+00:00
[2024-04-24T20:14:21.101+0000] {processor.py:183} INFO - Processing /usr/local/python/3.10.13/lib/python3.10/site-packages/airflow/example_dags/example_nested_branch_dag.py took 0.079 seconds
[2024-04-24T20:15:05.939+0000] {processor.py:161} INFO - Started process (PID=15468) to work on /usr/local/python/3.10.13/lib/python3.10/site-packages/airflow/example_dags/example_nested_branch_dag.py
[2024-04-24T20:15:05.940+0000] {processor.py:830} INFO - Processing file /usr/local/python/3.10.13/lib/python3.10/site-packages/airflow/example_dags/example_nested_branch_dag.py for tasks to queue
[2024-04-24T20:15:05.941+0000] {logging_mixin.py:188} INFO - [2024-04-24T20:15:05.941+0000] {dagbag.py:540} INFO - Filling up the DagBag from /usr/local/python/3.10.13/lib/python3.10/site-packages/airflow/example_dags/example_nested_branch_dag.py
[2024-04-24T20:15:05.948+0000] {processor.py:840} INFO - DAG(s) 'example_nested_branch_dag' retrieved from /usr/local/python/3.10.13/lib/python3.10/site-packages/airflow/example_dags/example_nested_branch_dag.py
[2024-04-24T20:15:05.961+0000] {logging_mixin.py:188} INFO - [2024-04-24T20:15:05.960+0000] {dag.py:3096} INFO - Sync 1 DAGs
[2024-04-24T20:15:05.974+0000] {logging_mixin.py:188} INFO - [2024-04-24T20:15:05.974+0000] {dag.py:3954} INFO - Setting next_dagrun for example_nested_branch_dag to 2024-04-23 00:00:00+00:00, run_after=2024-04-24 00:00:00+00:00
[2024-04-24T20:15:06.012+0000] {processor.py:183} INFO - Processing /usr/local/python/3.10.13/lib/python3.10/site-packages/airflow/example_dags/example_nested_branch_dag.py took 0.078 seconds
