[2024-04-24T20:02:14.065+0000] {processor.py:161} INFO - Started process (PID=7419) to work on /usr/local/python/3.10.13/lib/python3.10/site-packages/airflow/example_dags/example_trigger_controller_dag.py
[2024-04-24T20:02:14.065+0000] {processor.py:830} INFO - Processing file /usr/local/python/3.10.13/lib/python3.10/site-packages/airflow/example_dags/example_trigger_controller_dag.py for tasks to queue
[2024-04-24T20:02:14.067+0000] {logging_mixin.py:188} INFO - [2024-04-24T20:02:14.067+0000] {dagbag.py:540} INFO - Filling up the DagBag from /usr/local/python/3.10.13/lib/python3.10/site-packages/airflow/example_dags/example_trigger_controller_dag.py
[2024-04-24T20:02:14.073+0000] {processor.py:840} INFO - DAG(s) 'example_trigger_controller_dag' retrieved from /usr/local/python/3.10.13/lib/python3.10/site-packages/airflow/example_dags/example_trigger_controller_dag.py
[2024-04-24T20:02:14.169+0000] {logging_mixin.py:188} INFO - [2024-04-24T20:02:14.169+0000] {dag.py:3096} INFO - Sync 1 DAGs
[2024-04-24T20:02:14.188+0000] {logging_mixin.py:188} INFO - [2024-04-24T20:02:14.188+0000] {dag.py:3954} INFO - Setting next_dagrun for example_trigger_controller_dag to 2021-01-01 00:00:00+00:00, run_after=2021-01-01 00:00:00+00:00
[2024-04-24T20:02:14.312+0000] {processor.py:183} INFO - Processing /usr/local/python/3.10.13/lib/python3.10/site-packages/airflow/example_dags/example_trigger_controller_dag.py took 0.251 seconds
[2024-04-24T20:03:16.293+0000] {processor.py:161} INFO - Started process (PID=8270) to work on /usr/local/python/3.10.13/lib/python3.10/site-packages/airflow/example_dags/example_trigger_controller_dag.py
[2024-04-24T20:03:16.294+0000] {processor.py:830} INFO - Processing file /usr/local/python/3.10.13/lib/python3.10/site-packages/airflow/example_dags/example_trigger_controller_dag.py for tasks to queue
[2024-04-24T20:03:16.295+0000] {logging_mixin.py:188} INFO - [2024-04-24T20:03:16.295+0000] {dagbag.py:540} INFO - Filling up the DagBag from /usr/local/python/3.10.13/lib/python3.10/site-packages/airflow/example_dags/example_trigger_controller_dag.py
[2024-04-24T20:03:16.299+0000] {processor.py:840} INFO - DAG(s) 'example_trigger_controller_dag' retrieved from /usr/local/python/3.10.13/lib/python3.10/site-packages/airflow/example_dags/example_trigger_controller_dag.py
[2024-04-24T20:03:16.308+0000] {logging_mixin.py:188} INFO - [2024-04-24T20:03:16.308+0000] {dag.py:3096} INFO - Sync 1 DAGs
[2024-04-24T20:03:16.382+0000] {logging_mixin.py:188} INFO - [2024-04-24T20:03:16.381+0000] {dag.py:3954} INFO - Setting next_dagrun for example_trigger_controller_dag to 2021-01-01 00:00:00+00:00, run_after=2021-01-01 00:00:00+00:00
[2024-04-24T20:03:16.419+0000] {processor.py:183} INFO - Processing /usr/local/python/3.10.13/lib/python3.10/site-packages/airflow/example_dags/example_trigger_controller_dag.py took 0.130 seconds
[2024-04-24T20:04:07.295+0000] {processor.py:161} INFO - Started process (PID=8747) to work on /usr/local/python/3.10.13/lib/python3.10/site-packages/airflow/example_dags/example_trigger_controller_dag.py
[2024-04-24T20:04:07.296+0000] {processor.py:830} INFO - Processing file /usr/local/python/3.10.13/lib/python3.10/site-packages/airflow/example_dags/example_trigger_controller_dag.py for tasks to queue
[2024-04-24T20:04:07.297+0000] {logging_mixin.py:188} INFO - [2024-04-24T20:04:07.297+0000] {dagbag.py:540} INFO - Filling up the DagBag from /usr/local/python/3.10.13/lib/python3.10/site-packages/airflow/example_dags/example_trigger_controller_dag.py
[2024-04-24T20:04:07.301+0000] {processor.py:840} INFO - DAG(s) 'example_trigger_controller_dag' retrieved from /usr/local/python/3.10.13/lib/python3.10/site-packages/airflow/example_dags/example_trigger_controller_dag.py
[2024-04-24T20:04:07.311+0000] {logging_mixin.py:188} INFO - [2024-04-24T20:04:07.311+0000] {dag.py:3096} INFO - Sync 1 DAGs
[2024-04-24T20:04:07.324+0000] {logging_mixin.py:188} INFO - [2024-04-24T20:04:07.324+0000] {dag.py:3954} INFO - Setting next_dagrun for example_trigger_controller_dag to 2021-01-01 00:00:00+00:00, run_after=2021-01-01 00:00:00+00:00
[2024-04-24T20:04:07.362+0000] {processor.py:183} INFO - Processing /usr/local/python/3.10.13/lib/python3.10/site-packages/airflow/example_dags/example_trigger_controller_dag.py took 0.073 seconds
[2024-04-24T20:04:52.465+0000] {processor.py:161} INFO - Started process (PID=9173) to work on /usr/local/python/3.10.13/lib/python3.10/site-packages/airflow/example_dags/example_trigger_controller_dag.py
[2024-04-24T20:04:52.466+0000] {processor.py:830} INFO - Processing file /usr/local/python/3.10.13/lib/python3.10/site-packages/airflow/example_dags/example_trigger_controller_dag.py for tasks to queue
[2024-04-24T20:04:52.467+0000] {logging_mixin.py:188} INFO - [2024-04-24T20:04:52.466+0000] {dagbag.py:540} INFO - Filling up the DagBag from /usr/local/python/3.10.13/lib/python3.10/site-packages/airflow/example_dags/example_trigger_controller_dag.py
[2024-04-24T20:04:52.470+0000] {processor.py:840} INFO - DAG(s) 'example_trigger_controller_dag' retrieved from /usr/local/python/3.10.13/lib/python3.10/site-packages/airflow/example_dags/example_trigger_controller_dag.py
[2024-04-24T20:04:52.481+0000] {logging_mixin.py:188} INFO - [2024-04-24T20:04:52.481+0000] {dag.py:3096} INFO - Sync 1 DAGs
[2024-04-24T20:04:52.494+0000] {logging_mixin.py:188} INFO - [2024-04-24T20:04:52.493+0000] {dag.py:3954} INFO - Setting next_dagrun for example_trigger_controller_dag to 2021-01-01 00:00:00+00:00, run_after=2021-01-01 00:00:00+00:00
[2024-04-24T20:04:52.531+0000] {processor.py:183} INFO - Processing /usr/local/python/3.10.13/lib/python3.10/site-packages/airflow/example_dags/example_trigger_controller_dag.py took 0.071 seconds
[2024-04-24T20:05:40.703+0000] {processor.py:161} INFO - Started process (PID=9721) to work on /usr/local/python/3.10.13/lib/python3.10/site-packages/airflow/example_dags/example_trigger_controller_dag.py
[2024-04-24T20:05:40.704+0000] {processor.py:830} INFO - Processing file /usr/local/python/3.10.13/lib/python3.10/site-packages/airflow/example_dags/example_trigger_controller_dag.py for tasks to queue
[2024-04-24T20:05:40.705+0000] {logging_mixin.py:188} INFO - [2024-04-24T20:05:40.705+0000] {dagbag.py:540} INFO - Filling up the DagBag from /usr/local/python/3.10.13/lib/python3.10/site-packages/airflow/example_dags/example_trigger_controller_dag.py
[2024-04-24T20:05:40.709+0000] {processor.py:840} INFO - DAG(s) 'example_trigger_controller_dag' retrieved from /usr/local/python/3.10.13/lib/python3.10/site-packages/airflow/example_dags/example_trigger_controller_dag.py
[2024-04-24T20:05:40.721+0000] {logging_mixin.py:188} INFO - [2024-04-24T20:05:40.721+0000] {dag.py:3096} INFO - Sync 1 DAGs
[2024-04-24T20:05:40.735+0000] {logging_mixin.py:188} INFO - [2024-04-24T20:05:40.735+0000] {dag.py:3954} INFO - Setting next_dagrun for example_trigger_controller_dag to 2021-01-01 00:00:00+00:00, run_after=2021-01-01 00:00:00+00:00
[2024-04-24T20:05:40.773+0000] {processor.py:183} INFO - Processing /usr/local/python/3.10.13/lib/python3.10/site-packages/airflow/example_dags/example_trigger_controller_dag.py took 0.075 seconds
[2024-04-24T20:06:26.785+0000] {processor.py:161} INFO - Started process (PID=10232) to work on /usr/local/python/3.10.13/lib/python3.10/site-packages/airflow/example_dags/example_trigger_controller_dag.py
[2024-04-24T20:06:26.787+0000] {processor.py:830} INFO - Processing file /usr/local/python/3.10.13/lib/python3.10/site-packages/airflow/example_dags/example_trigger_controller_dag.py for tasks to queue
[2024-04-24T20:06:26.792+0000] {logging_mixin.py:188} INFO - [2024-04-24T20:06:26.791+0000] {dagbag.py:540} INFO - Filling up the DagBag from /usr/local/python/3.10.13/lib/python3.10/site-packages/airflow/example_dags/example_trigger_controller_dag.py
[2024-04-24T20:06:26.816+0000] {processor.py:840} INFO - DAG(s) 'example_trigger_controller_dag' retrieved from /usr/local/python/3.10.13/lib/python3.10/site-packages/airflow/example_dags/example_trigger_controller_dag.py
[2024-04-24T20:06:26.861+0000] {logging_mixin.py:188} INFO - [2024-04-24T20:06:26.861+0000] {dag.py:3096} INFO - Sync 1 DAGs
[2024-04-24T20:06:26.886+0000] {logging_mixin.py:188} INFO - [2024-04-24T20:06:26.886+0000] {dag.py:3954} INFO - Setting next_dagrun for example_trigger_controller_dag to 2021-01-01 00:00:00+00:00, run_after=2021-01-01 00:00:00+00:00
[2024-04-24T20:06:26.928+0000] {processor.py:183} INFO - Processing /usr/local/python/3.10.13/lib/python3.10/site-packages/airflow/example_dags/example_trigger_controller_dag.py took 0.171 seconds
[2024-04-24T20:07:13.058+0000] {processor.py:161} INFO - Started process (PID=10818) to work on /usr/local/python/3.10.13/lib/python3.10/site-packages/airflow/example_dags/example_trigger_controller_dag.py
[2024-04-24T20:07:13.059+0000] {processor.py:830} INFO - Processing file /usr/local/python/3.10.13/lib/python3.10/site-packages/airflow/example_dags/example_trigger_controller_dag.py for tasks to queue
[2024-04-24T20:07:13.060+0000] {logging_mixin.py:188} INFO - [2024-04-24T20:07:13.060+0000] {dagbag.py:540} INFO - Filling up the DagBag from /usr/local/python/3.10.13/lib/python3.10/site-packages/airflow/example_dags/example_trigger_controller_dag.py
[2024-04-24T20:07:13.065+0000] {processor.py:840} INFO - DAG(s) 'example_trigger_controller_dag' retrieved from /usr/local/python/3.10.13/lib/python3.10/site-packages/airflow/example_dags/example_trigger_controller_dag.py
[2024-04-24T20:07:13.075+0000] {logging_mixin.py:188} INFO - [2024-04-24T20:07:13.075+0000] {dag.py:3096} INFO - Sync 1 DAGs
[2024-04-24T20:07:13.088+0000] {logging_mixin.py:188} INFO - [2024-04-24T20:07:13.088+0000] {dag.py:3954} INFO - Setting next_dagrun for example_trigger_controller_dag to 2021-01-01 00:00:00+00:00, run_after=2021-01-01 00:00:00+00:00
[2024-04-24T20:07:13.127+0000] {processor.py:183} INFO - Processing /usr/local/python/3.10.13/lib/python3.10/site-packages/airflow/example_dags/example_trigger_controller_dag.py took 0.073 seconds
[2024-04-24T20:07:59.556+0000] {processor.py:161} INFO - Started process (PID=11498) to work on /usr/local/python/3.10.13/lib/python3.10/site-packages/airflow/example_dags/example_trigger_controller_dag.py
[2024-04-24T20:07:59.557+0000] {processor.py:830} INFO - Processing file /usr/local/python/3.10.13/lib/python3.10/site-packages/airflow/example_dags/example_trigger_controller_dag.py for tasks to queue
[2024-04-24T20:07:59.559+0000] {logging_mixin.py:188} INFO - [2024-04-24T20:07:59.558+0000] {dagbag.py:540} INFO - Filling up the DagBag from /usr/local/python/3.10.13/lib/python3.10/site-packages/airflow/example_dags/example_trigger_controller_dag.py
[2024-04-24T20:07:59.563+0000] {processor.py:840} INFO - DAG(s) 'example_trigger_controller_dag' retrieved from /usr/local/python/3.10.13/lib/python3.10/site-packages/airflow/example_dags/example_trigger_controller_dag.py
[2024-04-24T20:07:59.574+0000] {logging_mixin.py:188} INFO - [2024-04-24T20:07:59.574+0000] {dag.py:3096} INFO - Sync 1 DAGs
[2024-04-24T20:07:59.587+0000] {logging_mixin.py:188} INFO - [2024-04-24T20:07:59.586+0000] {dag.py:3954} INFO - Setting next_dagrun for example_trigger_controller_dag to 2021-01-01 00:00:00+00:00, run_after=2021-01-01 00:00:00+00:00
[2024-04-24T20:07:59.623+0000] {processor.py:183} INFO - Processing /usr/local/python/3.10.13/lib/python3.10/site-packages/airflow/example_dags/example_trigger_controller_dag.py took 0.071 seconds
[2024-04-24T20:08:45.964+0000] {processor.py:161} INFO - Started process (PID=11894) to work on /usr/local/python/3.10.13/lib/python3.10/site-packages/airflow/example_dags/example_trigger_controller_dag.py
[2024-04-24T20:08:45.965+0000] {processor.py:830} INFO - Processing file /usr/local/python/3.10.13/lib/python3.10/site-packages/airflow/example_dags/example_trigger_controller_dag.py for tasks to queue
[2024-04-24T20:08:45.966+0000] {logging_mixin.py:188} INFO - [2024-04-24T20:08:45.966+0000] {dagbag.py:540} INFO - Filling up the DagBag from /usr/local/python/3.10.13/lib/python3.10/site-packages/airflow/example_dags/example_trigger_controller_dag.py
[2024-04-24T20:08:45.970+0000] {processor.py:840} INFO - DAG(s) 'example_trigger_controller_dag' retrieved from /usr/local/python/3.10.13/lib/python3.10/site-packages/airflow/example_dags/example_trigger_controller_dag.py
[2024-04-24T20:08:45.980+0000] {logging_mixin.py:188} INFO - [2024-04-24T20:08:45.980+0000] {dag.py:3096} INFO - Sync 1 DAGs
[2024-04-24T20:08:45.993+0000] {logging_mixin.py:188} INFO - [2024-04-24T20:08:45.993+0000] {dag.py:3954} INFO - Setting next_dagrun for example_trigger_controller_dag to 2021-01-01 00:00:00+00:00, run_after=2021-01-01 00:00:00+00:00
[2024-04-24T20:08:46.032+0000] {processor.py:183} INFO - Processing /usr/local/python/3.10.13/lib/python3.10/site-packages/airflow/example_dags/example_trigger_controller_dag.py took 0.072 seconds
[2024-04-24T20:09:29.622+0000] {processor.py:161} INFO - Started process (PID=12259) to work on /usr/local/python/3.10.13/lib/python3.10/site-packages/airflow/example_dags/example_trigger_controller_dag.py
[2024-04-24T20:09:29.623+0000] {processor.py:830} INFO - Processing file /usr/local/python/3.10.13/lib/python3.10/site-packages/airflow/example_dags/example_trigger_controller_dag.py for tasks to queue
[2024-04-24T20:09:29.624+0000] {logging_mixin.py:188} INFO - [2024-04-24T20:09:29.624+0000] {dagbag.py:540} INFO - Filling up the DagBag from /usr/local/python/3.10.13/lib/python3.10/site-packages/airflow/example_dags/example_trigger_controller_dag.py
[2024-04-24T20:09:29.628+0000] {processor.py:840} INFO - DAG(s) 'example_trigger_controller_dag' retrieved from /usr/local/python/3.10.13/lib/python3.10/site-packages/airflow/example_dags/example_trigger_controller_dag.py
[2024-04-24T20:09:29.638+0000] {logging_mixin.py:188} INFO - [2024-04-24T20:09:29.638+0000] {dag.py:3096} INFO - Sync 1 DAGs
[2024-04-24T20:09:29.650+0000] {logging_mixin.py:188} INFO - [2024-04-24T20:09:29.650+0000] {dag.py:3954} INFO - Setting next_dagrun for example_trigger_controller_dag to 2021-01-01 00:00:00+00:00, run_after=2021-01-01 00:00:00+00:00
[2024-04-24T20:09:29.689+0000] {processor.py:183} INFO - Processing /usr/local/python/3.10.13/lib/python3.10/site-packages/airflow/example_dags/example_trigger_controller_dag.py took 0.071 seconds
[2024-04-24T20:10:15.615+0000] {processor.py:161} INFO - Started process (PID=12887) to work on /usr/local/python/3.10.13/lib/python3.10/site-packages/airflow/example_dags/example_trigger_controller_dag.py
[2024-04-24T20:10:15.616+0000] {processor.py:830} INFO - Processing file /usr/local/python/3.10.13/lib/python3.10/site-packages/airflow/example_dags/example_trigger_controller_dag.py for tasks to queue
[2024-04-24T20:10:15.617+0000] {logging_mixin.py:188} INFO - [2024-04-24T20:10:15.617+0000] {dagbag.py:540} INFO - Filling up the DagBag from /usr/local/python/3.10.13/lib/python3.10/site-packages/airflow/example_dags/example_trigger_controller_dag.py
[2024-04-24T20:10:15.621+0000] {processor.py:840} INFO - DAG(s) 'example_trigger_controller_dag' retrieved from /usr/local/python/3.10.13/lib/python3.10/site-packages/airflow/example_dags/example_trigger_controller_dag.py
[2024-04-24T20:10:15.631+0000] {logging_mixin.py:188} INFO - [2024-04-24T20:10:15.630+0000] {dag.py:3096} INFO - Sync 1 DAGs
[2024-04-24T20:10:15.643+0000] {logging_mixin.py:188} INFO - [2024-04-24T20:10:15.643+0000] {dag.py:3954} INFO - Setting next_dagrun for example_trigger_controller_dag to 2021-01-01 00:00:00+00:00, run_after=2021-01-01 00:00:00+00:00
[2024-04-24T20:10:15.681+0000] {processor.py:183} INFO - Processing /usr/local/python/3.10.13/lib/python3.10/site-packages/airflow/example_dags/example_trigger_controller_dag.py took 0.070 seconds
[2024-04-24T20:10:59.339+0000] {processor.py:161} INFO - Started process (PID=13250) to work on /usr/local/python/3.10.13/lib/python3.10/site-packages/airflow/example_dags/example_trigger_controller_dag.py
[2024-04-24T20:10:59.339+0000] {processor.py:830} INFO - Processing file /usr/local/python/3.10.13/lib/python3.10/site-packages/airflow/example_dags/example_trigger_controller_dag.py for tasks to queue
[2024-04-24T20:10:59.341+0000] {logging_mixin.py:188} INFO - [2024-04-24T20:10:59.341+0000] {dagbag.py:540} INFO - Filling up the DagBag from /usr/local/python/3.10.13/lib/python3.10/site-packages/airflow/example_dags/example_trigger_controller_dag.py
[2024-04-24T20:10:59.346+0000] {processor.py:840} INFO - DAG(s) 'example_trigger_controller_dag' retrieved from /usr/local/python/3.10.13/lib/python3.10/site-packages/airflow/example_dags/example_trigger_controller_dag.py
[2024-04-24T20:10:59.363+0000] {logging_mixin.py:188} INFO - [2024-04-24T20:10:59.362+0000] {dag.py:3096} INFO - Sync 1 DAGs
[2024-04-24T20:10:59.384+0000] {logging_mixin.py:188} INFO - [2024-04-24T20:10:59.383+0000] {dag.py:3954} INFO - Setting next_dagrun for example_trigger_controller_dag to 2021-01-01 00:00:00+00:00, run_after=2021-01-01 00:00:00+00:00
[2024-04-24T20:10:59.425+0000] {processor.py:183} INFO - Processing /usr/local/python/3.10.13/lib/python3.10/site-packages/airflow/example_dags/example_trigger_controller_dag.py took 0.097 seconds
[2024-04-24T20:11:45.900+0000] {processor.py:161} INFO - Started process (PID=13563) to work on /usr/local/python/3.10.13/lib/python3.10/site-packages/airflow/example_dags/example_trigger_controller_dag.py
[2024-04-24T20:11:45.901+0000] {processor.py:830} INFO - Processing file /usr/local/python/3.10.13/lib/python3.10/site-packages/airflow/example_dags/example_trigger_controller_dag.py for tasks to queue
[2024-04-24T20:11:45.902+0000] {logging_mixin.py:188} INFO - [2024-04-24T20:11:45.902+0000] {dagbag.py:540} INFO - Filling up the DagBag from /usr/local/python/3.10.13/lib/python3.10/site-packages/airflow/example_dags/example_trigger_controller_dag.py
[2024-04-24T20:11:45.906+0000] {processor.py:840} INFO - DAG(s) 'example_trigger_controller_dag' retrieved from /usr/local/python/3.10.13/lib/python3.10/site-packages/airflow/example_dags/example_trigger_controller_dag.py
[2024-04-24T20:11:45.916+0000] {logging_mixin.py:188} INFO - [2024-04-24T20:11:45.916+0000] {dag.py:3096} INFO - Sync 1 DAGs
[2024-04-24T20:11:45.935+0000] {logging_mixin.py:188} INFO - [2024-04-24T20:11:45.935+0000] {dag.py:3954} INFO - Setting next_dagrun for example_trigger_controller_dag to 2021-01-01 00:00:00+00:00, run_after=2021-01-01 00:00:00+00:00
[2024-04-24T20:11:45.976+0000] {processor.py:183} INFO - Processing /usr/local/python/3.10.13/lib/python3.10/site-packages/airflow/example_dags/example_trigger_controller_dag.py took 0.080 seconds
[2024-04-24T20:12:27.134+0000] {processor.py:161} INFO - Started process (PID=13998) to work on /usr/local/python/3.10.13/lib/python3.10/site-packages/airflow/example_dags/example_trigger_controller_dag.py
[2024-04-24T20:12:27.134+0000] {processor.py:830} INFO - Processing file /usr/local/python/3.10.13/lib/python3.10/site-packages/airflow/example_dags/example_trigger_controller_dag.py for tasks to queue
[2024-04-24T20:12:27.135+0000] {logging_mixin.py:188} INFO - [2024-04-24T20:12:27.135+0000] {dagbag.py:540} INFO - Filling up the DagBag from /usr/local/python/3.10.13/lib/python3.10/site-packages/airflow/example_dags/example_trigger_controller_dag.py
[2024-04-24T20:12:27.139+0000] {processor.py:840} INFO - DAG(s) 'example_trigger_controller_dag' retrieved from /usr/local/python/3.10.13/lib/python3.10/site-packages/airflow/example_dags/example_trigger_controller_dag.py
[2024-04-24T20:12:27.149+0000] {logging_mixin.py:188} INFO - [2024-04-24T20:12:27.149+0000] {dag.py:3096} INFO - Sync 1 DAGs
[2024-04-24T20:12:27.162+0000] {logging_mixin.py:188} INFO - [2024-04-24T20:12:27.162+0000] {dag.py:3954} INFO - Setting next_dagrun for example_trigger_controller_dag to 2021-01-01 00:00:00+00:00, run_after=2021-01-01 00:00:00+00:00
[2024-04-24T20:12:27.198+0000] {processor.py:183} INFO - Processing /usr/local/python/3.10.13/lib/python3.10/site-packages/airflow/example_dags/example_trigger_controller_dag.py took 0.069 seconds
[2024-04-24T20:13:13.785+0000] {processor.py:161} INFO - Started process (PID=14371) to work on /usr/local/python/3.10.13/lib/python3.10/site-packages/airflow/example_dags/example_trigger_controller_dag.py
[2024-04-24T20:13:13.786+0000] {processor.py:830} INFO - Processing file /usr/local/python/3.10.13/lib/python3.10/site-packages/airflow/example_dags/example_trigger_controller_dag.py for tasks to queue
[2024-04-24T20:13:13.787+0000] {logging_mixin.py:188} INFO - [2024-04-24T20:13:13.787+0000] {dagbag.py:540} INFO - Filling up the DagBag from /usr/local/python/3.10.13/lib/python3.10/site-packages/airflow/example_dags/example_trigger_controller_dag.py
[2024-04-24T20:13:13.792+0000] {processor.py:840} INFO - DAG(s) 'example_trigger_controller_dag' retrieved from /usr/local/python/3.10.13/lib/python3.10/site-packages/airflow/example_dags/example_trigger_controller_dag.py
[2024-04-24T20:13:13.806+0000] {logging_mixin.py:188} INFO - [2024-04-24T20:13:13.806+0000] {dag.py:3096} INFO - Sync 1 DAGs
[2024-04-24T20:13:13.825+0000] {logging_mixin.py:188} INFO - [2024-04-24T20:13:13.825+0000] {dag.py:3954} INFO - Setting next_dagrun for example_trigger_controller_dag to 2021-01-01 00:00:00+00:00, run_after=2021-01-01 00:00:00+00:00
[2024-04-24T20:13:13.865+0000] {processor.py:183} INFO - Processing /usr/local/python/3.10.13/lib/python3.10/site-packages/airflow/example_dags/example_trigger_controller_dag.py took 0.086 seconds
[2024-04-24T20:14:00.206+0000] {processor.py:161} INFO - Started process (PID=14831) to work on /usr/local/python/3.10.13/lib/python3.10/site-packages/airflow/example_dags/example_trigger_controller_dag.py
[2024-04-24T20:14:00.207+0000] {processor.py:830} INFO - Processing file /usr/local/python/3.10.13/lib/python3.10/site-packages/airflow/example_dags/example_trigger_controller_dag.py for tasks to queue
[2024-04-24T20:14:00.208+0000] {logging_mixin.py:188} INFO - [2024-04-24T20:14:00.208+0000] {dagbag.py:540} INFO - Filling up the DagBag from /usr/local/python/3.10.13/lib/python3.10/site-packages/airflow/example_dags/example_trigger_controller_dag.py
[2024-04-24T20:14:00.211+0000] {processor.py:840} INFO - DAG(s) 'example_trigger_controller_dag' retrieved from /usr/local/python/3.10.13/lib/python3.10/site-packages/airflow/example_dags/example_trigger_controller_dag.py
[2024-04-24T20:14:00.222+0000] {logging_mixin.py:188} INFO - [2024-04-24T20:14:00.221+0000] {dag.py:3096} INFO - Sync 1 DAGs
[2024-04-24T20:14:00.235+0000] {logging_mixin.py:188} INFO - [2024-04-24T20:14:00.234+0000] {dag.py:3954} INFO - Setting next_dagrun for example_trigger_controller_dag to 2021-01-01 00:00:00+00:00, run_after=2021-01-01 00:00:00+00:00
[2024-04-24T20:14:00.272+0000] {processor.py:183} INFO - Processing /usr/local/python/3.10.13/lib/python3.10/site-packages/airflow/example_dags/example_trigger_controller_dag.py took 0.071 seconds
[2024-04-24T20:14:44.498+0000] {processor.py:161} INFO - Started process (PID=15254) to work on /usr/local/python/3.10.13/lib/python3.10/site-packages/airflow/example_dags/example_trigger_controller_dag.py
[2024-04-24T20:14:44.499+0000] {processor.py:830} INFO - Processing file /usr/local/python/3.10.13/lib/python3.10/site-packages/airflow/example_dags/example_trigger_controller_dag.py for tasks to queue
[2024-04-24T20:14:44.500+0000] {logging_mixin.py:188} INFO - [2024-04-24T20:14:44.500+0000] {dagbag.py:540} INFO - Filling up the DagBag from /usr/local/python/3.10.13/lib/python3.10/site-packages/airflow/example_dags/example_trigger_controller_dag.py
[2024-04-24T20:14:44.504+0000] {processor.py:840} INFO - DAG(s) 'example_trigger_controller_dag' retrieved from /usr/local/python/3.10.13/lib/python3.10/site-packages/airflow/example_dags/example_trigger_controller_dag.py
[2024-04-24T20:14:44.514+0000] {logging_mixin.py:188} INFO - [2024-04-24T20:14:44.513+0000] {dag.py:3096} INFO - Sync 1 DAGs
[2024-04-24T20:14:44.527+0000] {logging_mixin.py:188} INFO - [2024-04-24T20:14:44.526+0000] {dag.py:3954} INFO - Setting next_dagrun for example_trigger_controller_dag to 2021-01-01 00:00:00+00:00, run_after=2021-01-01 00:00:00+00:00
[2024-04-24T20:14:44.563+0000] {processor.py:183} INFO - Processing /usr/local/python/3.10.13/lib/python3.10/site-packages/airflow/example_dags/example_trigger_controller_dag.py took 0.069 seconds
[2024-04-24T20:15:28.094+0000] {processor.py:161} INFO - Started process (PID=15621) to work on /usr/local/python/3.10.13/lib/python3.10/site-packages/airflow/example_dags/example_trigger_controller_dag.py
[2024-04-24T20:15:28.094+0000] {processor.py:830} INFO - Processing file /usr/local/python/3.10.13/lib/python3.10/site-packages/airflow/example_dags/example_trigger_controller_dag.py for tasks to queue
[2024-04-24T20:15:28.095+0000] {logging_mixin.py:188} INFO - [2024-04-24T20:15:28.095+0000] {dagbag.py:540} INFO - Filling up the DagBag from /usr/local/python/3.10.13/lib/python3.10/site-packages/airflow/example_dags/example_trigger_controller_dag.py
[2024-04-24T20:15:28.099+0000] {processor.py:840} INFO - DAG(s) 'example_trigger_controller_dag' retrieved from /usr/local/python/3.10.13/lib/python3.10/site-packages/airflow/example_dags/example_trigger_controller_dag.py
[2024-04-24T20:15:28.111+0000] {logging_mixin.py:188} INFO - [2024-04-24T20:15:28.111+0000] {dag.py:3096} INFO - Sync 1 DAGs
[2024-04-24T20:15:28.124+0000] {logging_mixin.py:188} INFO - [2024-04-24T20:15:28.124+0000] {dag.py:3954} INFO - Setting next_dagrun for example_trigger_controller_dag to 2021-01-01 00:00:00+00:00, run_after=2021-01-01 00:00:00+00:00
[2024-04-24T20:15:28.161+0000] {processor.py:183} INFO - Processing /usr/local/python/3.10.13/lib/python3.10/site-packages/airflow/example_dags/example_trigger_controller_dag.py took 0.072 seconds
