[2024-04-24T20:02:55.452+0000] {processor.py:161} INFO - Started process (PID=7941) to work on /usr/local/python/3.10.13/lib/python3.10/site-packages/airflow/example_dags/example_complex.py
[2024-04-24T20:02:55.453+0000] {processor.py:830} INFO - Processing file /usr/local/python/3.10.13/lib/python3.10/site-packages/airflow/example_dags/example_complex.py for tasks to queue
[2024-04-24T20:02:55.454+0000] {logging_mixin.py:188} INFO - [2024-04-24T20:02:55.453+0000] {dagbag.py:540} INFO - Filling up the DagBag from /usr/local/python/3.10.13/lib/python3.10/site-packages/airflow/example_dags/example_complex.py
[2024-04-24T20:02:55.462+0000] {processor.py:840} INFO - DAG(s) 'example_complex' retrieved from /usr/local/python/3.10.13/lib/python3.10/site-packages/airflow/example_dags/example_complex.py
[2024-04-24T20:02:55.597+0000] {logging_mixin.py:188} INFO - [2024-04-24T20:02:55.597+0000] {dag.py:3096} INFO - Sync 1 DAGs
[2024-04-24T20:02:55.604+0000] {logging_mixin.py:188} INFO - [2024-04-24T20:02:55.604+0000] {dag.py:3954} INFO - Setting next_dagrun for example_complex to None, run_after=None
[2024-04-24T20:02:55.649+0000] {processor.py:183} INFO - Processing /usr/local/python/3.10.13/lib/python3.10/site-packages/airflow/example_dags/example_complex.py took 0.201 seconds
[2024-04-24T20:03:50.640+0000] {processor.py:161} INFO - Started process (PID=8548) to work on /usr/local/python/3.10.13/lib/python3.10/site-packages/airflow/example_dags/example_complex.py
[2024-04-24T20:03:50.641+0000] {processor.py:830} INFO - Processing file /usr/local/python/3.10.13/lib/python3.10/site-packages/airflow/example_dags/example_complex.py for tasks to queue
[2024-04-24T20:03:50.642+0000] {logging_mixin.py:188} INFO - [2024-04-24T20:03:50.642+0000] {dagbag.py:540} INFO - Filling up the DagBag from /usr/local/python/3.10.13/lib/python3.10/site-packages/airflow/example_dags/example_complex.py
[2024-04-24T20:03:50.650+0000] {processor.py:840} INFO - DAG(s) 'example_complex' retrieved from /usr/local/python/3.10.13/lib/python3.10/site-packages/airflow/example_dags/example_complex.py
[2024-04-24T20:03:50.671+0000] {logging_mixin.py:188} INFO - [2024-04-24T20:03:50.671+0000] {dag.py:3096} INFO - Sync 1 DAGs
[2024-04-24T20:03:50.679+0000] {logging_mixin.py:188} INFO - [2024-04-24T20:03:50.679+0000] {dag.py:3954} INFO - Setting next_dagrun for example_complex to None, run_after=None
[2024-04-24T20:03:50.716+0000] {processor.py:183} INFO - Processing /usr/local/python/3.10.13/lib/python3.10/site-packages/airflow/example_dags/example_complex.py took 0.080 seconds
[2024-04-24T20:04:42.300+0000] {processor.py:161} INFO - Started process (PID=9024) to work on /usr/local/python/3.10.13/lib/python3.10/site-packages/airflow/example_dags/example_complex.py
[2024-04-24T20:04:42.300+0000] {processor.py:830} INFO - Processing file /usr/local/python/3.10.13/lib/python3.10/site-packages/airflow/example_dags/example_complex.py for tasks to queue
[2024-04-24T20:04:42.301+0000] {logging_mixin.py:188} INFO - [2024-04-24T20:04:42.301+0000] {dagbag.py:540} INFO - Filling up the DagBag from /usr/local/python/3.10.13/lib/python3.10/site-packages/airflow/example_dags/example_complex.py
[2024-04-24T20:04:42.309+0000] {processor.py:840} INFO - DAG(s) 'example_complex' retrieved from /usr/local/python/3.10.13/lib/python3.10/site-packages/airflow/example_dags/example_complex.py
[2024-04-24T20:04:42.330+0000] {logging_mixin.py:188} INFO - [2024-04-24T20:04:42.330+0000] {dag.py:3096} INFO - Sync 1 DAGs
[2024-04-24T20:04:42.338+0000] {logging_mixin.py:188} INFO - [2024-04-24T20:04:42.338+0000] {dag.py:3954} INFO - Setting next_dagrun for example_complex to None, run_after=None
[2024-04-24T20:04:42.376+0000] {processor.py:183} INFO - Processing /usr/local/python/3.10.13/lib/python3.10/site-packages/airflow/example_dags/example_complex.py took 0.081 seconds
[2024-04-24T20:05:53.118+0000] {processor.py:161} INFO - Started process (PID=9873) to work on /usr/local/python/3.10.13/lib/python3.10/site-packages/airflow/example_dags/example_complex.py
[2024-04-24T20:05:53.119+0000] {processor.py:830} INFO - Processing file /usr/local/python/3.10.13/lib/python3.10/site-packages/airflow/example_dags/example_complex.py for tasks to queue
[2024-04-24T20:05:53.121+0000] {logging_mixin.py:188} INFO - [2024-04-24T20:05:53.120+0000] {dagbag.py:540} INFO - Filling up the DagBag from /usr/local/python/3.10.13/lib/python3.10/site-packages/airflow/example_dags/example_complex.py
[2024-04-24T20:05:53.136+0000] {processor.py:840} INFO - DAG(s) 'example_complex' retrieved from /usr/local/python/3.10.13/lib/python3.10/site-packages/airflow/example_dags/example_complex.py
[2024-04-24T20:05:53.179+0000] {logging_mixin.py:188} INFO - [2024-04-24T20:05:53.178+0000] {dag.py:3096} INFO - Sync 1 DAGs
[2024-04-24T20:05:53.187+0000] {logging_mixin.py:188} INFO - [2024-04-24T20:05:53.187+0000] {dag.py:3954} INFO - Setting next_dagrun for example_complex to None, run_after=None
[2024-04-24T20:05:53.230+0000] {processor.py:183} INFO - Processing /usr/local/python/3.10.13/lib/python3.10/site-packages/airflow/example_dags/example_complex.py took 0.120 seconds
[2024-04-24T20:07:02.739+0000] {processor.py:161} INFO - Started process (PID=10675) to work on /usr/local/python/3.10.13/lib/python3.10/site-packages/airflow/example_dags/example_complex.py
[2024-04-24T20:07:02.740+0000] {processor.py:830} INFO - Processing file /usr/local/python/3.10.13/lib/python3.10/site-packages/airflow/example_dags/example_complex.py for tasks to queue
[2024-04-24T20:07:02.741+0000] {logging_mixin.py:188} INFO - [2024-04-24T20:07:02.741+0000] {dagbag.py:540} INFO - Filling up the DagBag from /usr/local/python/3.10.13/lib/python3.10/site-packages/airflow/example_dags/example_complex.py
[2024-04-24T20:07:02.749+0000] {processor.py:840} INFO - DAG(s) 'example_complex' retrieved from /usr/local/python/3.10.13/lib/python3.10/site-packages/airflow/example_dags/example_complex.py
[2024-04-24T20:07:02.769+0000] {logging_mixin.py:188} INFO - [2024-04-24T20:07:02.769+0000] {dag.py:3096} INFO - Sync 1 DAGs
[2024-04-24T20:07:02.777+0000] {logging_mixin.py:188} INFO - [2024-04-24T20:07:02.777+0000] {dag.py:3954} INFO - Setting next_dagrun for example_complex to None, run_after=None
[2024-04-24T20:07:02.815+0000] {processor.py:183} INFO - Processing /usr/local/python/3.10.13/lib/python3.10/site-packages/airflow/example_dags/example_complex.py took 0.080 seconds
[2024-04-24T20:08:12.550+0000] {processor.py:161} INFO - Started process (PID=11666) to work on /usr/local/python/3.10.13/lib/python3.10/site-packages/airflow/example_dags/example_complex.py
[2024-04-24T20:08:12.551+0000] {processor.py:830} INFO - Processing file /usr/local/python/3.10.13/lib/python3.10/site-packages/airflow/example_dags/example_complex.py for tasks to queue
[2024-04-24T20:08:12.552+0000] {logging_mixin.py:188} INFO - [2024-04-24T20:08:12.552+0000] {dagbag.py:540} INFO - Filling up the DagBag from /usr/local/python/3.10.13/lib/python3.10/site-packages/airflow/example_dags/example_complex.py
[2024-04-24T20:08:12.560+0000] {processor.py:840} INFO - DAG(s) 'example_complex' retrieved from /usr/local/python/3.10.13/lib/python3.10/site-packages/airflow/example_dags/example_complex.py
[2024-04-24T20:08:12.580+0000] {logging_mixin.py:188} INFO - [2024-04-24T20:08:12.580+0000] {dag.py:3096} INFO - Sync 1 DAGs
[2024-04-24T20:08:12.588+0000] {logging_mixin.py:188} INFO - [2024-04-24T20:08:12.588+0000] {dag.py:3954} INFO - Setting next_dagrun for example_complex to None, run_after=None
[2024-04-24T20:08:12.626+0000] {processor.py:183} INFO - Processing /usr/local/python/3.10.13/lib/python3.10/site-packages/airflow/example_dags/example_complex.py took 0.081 seconds
[2024-04-24T20:09:18.277+0000] {processor.py:161} INFO - Started process (PID=12181) to work on /usr/local/python/3.10.13/lib/python3.10/site-packages/airflow/example_dags/example_complex.py
[2024-04-24T20:09:18.278+0000] {processor.py:830} INFO - Processing file /usr/local/python/3.10.13/lib/python3.10/site-packages/airflow/example_dags/example_complex.py for tasks to queue
[2024-04-24T20:09:18.279+0000] {logging_mixin.py:188} INFO - [2024-04-24T20:09:18.279+0000] {dagbag.py:540} INFO - Filling up the DagBag from /usr/local/python/3.10.13/lib/python3.10/site-packages/airflow/example_dags/example_complex.py
[2024-04-24T20:09:18.287+0000] {processor.py:840} INFO - DAG(s) 'example_complex' retrieved from /usr/local/python/3.10.13/lib/python3.10/site-packages/airflow/example_dags/example_complex.py
[2024-04-24T20:09:18.307+0000] {logging_mixin.py:188} INFO - [2024-04-24T20:09:18.307+0000] {dag.py:3096} INFO - Sync 1 DAGs
[2024-04-24T20:09:18.315+0000] {logging_mixin.py:188} INFO - [2024-04-24T20:09:18.315+0000] {dag.py:3954} INFO - Setting next_dagrun for example_complex to None, run_after=None
[2024-04-24T20:09:18.353+0000] {processor.py:183} INFO - Processing /usr/local/python/3.10.13/lib/python3.10/site-packages/airflow/example_dags/example_complex.py took 0.081 seconds
[2024-04-24T20:10:25.850+0000] {processor.py:161} INFO - Started process (PID=12958) to work on /usr/local/python/3.10.13/lib/python3.10/site-packages/airflow/example_dags/example_complex.py
[2024-04-24T20:10:25.851+0000] {processor.py:830} INFO - Processing file /usr/local/python/3.10.13/lib/python3.10/site-packages/airflow/example_dags/example_complex.py for tasks to queue
[2024-04-24T20:10:25.852+0000] {logging_mixin.py:188} INFO - [2024-04-24T20:10:25.852+0000] {dagbag.py:540} INFO - Filling up the DagBag from /usr/local/python/3.10.13/lib/python3.10/site-packages/airflow/example_dags/example_complex.py
[2024-04-24T20:10:25.860+0000] {processor.py:840} INFO - DAG(s) 'example_complex' retrieved from /usr/local/python/3.10.13/lib/python3.10/site-packages/airflow/example_dags/example_complex.py
[2024-04-24T20:10:25.880+0000] {logging_mixin.py:188} INFO - [2024-04-24T20:10:25.880+0000] {dag.py:3096} INFO - Sync 1 DAGs
[2024-04-24T20:10:25.888+0000] {logging_mixin.py:188} INFO - [2024-04-24T20:10:25.888+0000] {dag.py:3954} INFO - Setting next_dagrun for example_complex to None, run_after=None
[2024-04-24T20:10:25.927+0000] {processor.py:183} INFO - Processing /usr/local/python/3.10.13/lib/python3.10/site-packages/airflow/example_dags/example_complex.py took 0.082 seconds
[2024-04-24T20:11:35.557+0000] {processor.py:161} INFO - Started process (PID=13488) to work on /usr/local/python/3.10.13/lib/python3.10/site-packages/airflow/example_dags/example_complex.py
[2024-04-24T20:11:35.557+0000] {processor.py:830} INFO - Processing file /usr/local/python/3.10.13/lib/python3.10/site-packages/airflow/example_dags/example_complex.py for tasks to queue
[2024-04-24T20:11:35.559+0000] {logging_mixin.py:188} INFO - [2024-04-24T20:11:35.558+0000] {dagbag.py:540} INFO - Filling up the DagBag from /usr/local/python/3.10.13/lib/python3.10/site-packages/airflow/example_dags/example_complex.py
[2024-04-24T20:11:35.567+0000] {processor.py:840} INFO - DAG(s) 'example_complex' retrieved from /usr/local/python/3.10.13/lib/python3.10/site-packages/airflow/example_dags/example_complex.py
[2024-04-24T20:11:35.587+0000] {logging_mixin.py:188} INFO - [2024-04-24T20:11:35.587+0000] {dag.py:3096} INFO - Sync 1 DAGs
[2024-04-24T20:11:35.595+0000] {logging_mixin.py:188} INFO - [2024-04-24T20:11:35.595+0000] {dag.py:3954} INFO - Setting next_dagrun for example_complex to None, run_after=None
[2024-04-24T20:11:35.633+0000] {processor.py:183} INFO - Processing /usr/local/python/3.10.13/lib/python3.10/site-packages/airflow/example_dags/example_complex.py took 0.080 seconds
[2024-04-24T20:12:39.753+0000] {processor.py:161} INFO - Started process (PID=14078) to work on /usr/local/python/3.10.13/lib/python3.10/site-packages/airflow/example_dags/example_complex.py
[2024-04-24T20:12:39.754+0000] {processor.py:830} INFO - Processing file /usr/local/python/3.10.13/lib/python3.10/site-packages/airflow/example_dags/example_complex.py for tasks to queue
[2024-04-24T20:12:39.755+0000] {logging_mixin.py:188} INFO - [2024-04-24T20:12:39.755+0000] {dagbag.py:540} INFO - Filling up the DagBag from /usr/local/python/3.10.13/lib/python3.10/site-packages/airflow/example_dags/example_complex.py
[2024-04-24T20:12:39.763+0000] {processor.py:840} INFO - DAG(s) 'example_complex' retrieved from /usr/local/python/3.10.13/lib/python3.10/site-packages/airflow/example_dags/example_complex.py
[2024-04-24T20:12:39.784+0000] {logging_mixin.py:188} INFO - [2024-04-24T20:12:39.783+0000] {dag.py:3096} INFO - Sync 1 DAGs
[2024-04-24T20:12:39.795+0000] {logging_mixin.py:188} INFO - [2024-04-24T20:12:39.795+0000] {dag.py:3954} INFO - Setting next_dagrun for example_complex to None, run_after=None
[2024-04-24T20:12:39.837+0000] {processor.py:183} INFO - Processing /usr/local/python/3.10.13/lib/python3.10/site-packages/airflow/example_dags/example_complex.py took 0.088 seconds
[2024-04-24T20:13:49.111+0000] {processor.py:161} INFO - Started process (PID=14631) to work on /usr/local/python/3.10.13/lib/python3.10/site-packages/airflow/example_dags/example_complex.py
[2024-04-24T20:13:49.112+0000] {processor.py:830} INFO - Processing file /usr/local/python/3.10.13/lib/python3.10/site-packages/airflow/example_dags/example_complex.py for tasks to queue
[2024-04-24T20:13:49.113+0000] {logging_mixin.py:188} INFO - [2024-04-24T20:13:49.113+0000] {dagbag.py:540} INFO - Filling up the DagBag from /usr/local/python/3.10.13/lib/python3.10/site-packages/airflow/example_dags/example_complex.py
[2024-04-24T20:13:49.121+0000] {processor.py:840} INFO - DAG(s) 'example_complex' retrieved from /usr/local/python/3.10.13/lib/python3.10/site-packages/airflow/example_dags/example_complex.py
[2024-04-24T20:13:49.141+0000] {logging_mixin.py:188} INFO - [2024-04-24T20:13:49.141+0000] {dag.py:3096} INFO - Sync 1 DAGs
[2024-04-24T20:13:49.149+0000] {logging_mixin.py:188} INFO - [2024-04-24T20:13:49.149+0000] {dag.py:3954} INFO - Setting next_dagrun for example_complex to None, run_after=None
[2024-04-24T20:13:49.187+0000] {processor.py:183} INFO - Processing /usr/local/python/3.10.13/lib/python3.10/site-packages/airflow/example_dags/example_complex.py took 0.080 seconds
[2024-04-24T20:14:55.617+0000] {processor.py:161} INFO - Started process (PID=15394) to work on /usr/local/python/3.10.13/lib/python3.10/site-packages/airflow/example_dags/example_complex.py
[2024-04-24T20:14:55.618+0000] {processor.py:830} INFO - Processing file /usr/local/python/3.10.13/lib/python3.10/site-packages/airflow/example_dags/example_complex.py for tasks to queue
[2024-04-24T20:14:55.619+0000] {logging_mixin.py:188} INFO - [2024-04-24T20:14:55.619+0000] {dagbag.py:540} INFO - Filling up the DagBag from /usr/local/python/3.10.13/lib/python3.10/site-packages/airflow/example_dags/example_complex.py
[2024-04-24T20:14:55.627+0000] {processor.py:840} INFO - DAG(s) 'example_complex' retrieved from /usr/local/python/3.10.13/lib/python3.10/site-packages/airflow/example_dags/example_complex.py
[2024-04-24T20:14:55.648+0000] {logging_mixin.py:188} INFO - [2024-04-24T20:14:55.648+0000] {dag.py:3096} INFO - Sync 1 DAGs
[2024-04-24T20:14:55.656+0000] {logging_mixin.py:188} INFO - [2024-04-24T20:14:55.655+0000] {dag.py:3954} INFO - Setting next_dagrun for example_complex to None, run_after=None
[2024-04-24T20:14:55.696+0000] {processor.py:183} INFO - Processing /usr/local/python/3.10.13/lib/python3.10/site-packages/airflow/example_dags/example_complex.py took 0.083 seconds
