[2024-04-24T20:02:39.730+0000] {processor.py:161} INFO - Started process (PID=7659) to work on /usr/local/python/3.10.13/lib/python3.10/site-packages/airflow/example_dags/example_trigger_target_dag.py
[2024-04-24T20:02:39.730+0000] {processor.py:830} INFO - Processing file /usr/local/python/3.10.13/lib/python3.10/site-packages/airflow/example_dags/example_trigger_target_dag.py for tasks to queue
[2024-04-24T20:02:39.731+0000] {logging_mixin.py:188} INFO - [2024-04-24T20:02:39.731+0000] {dagbag.py:540} INFO - Filling up the DagBag from /usr/local/python/3.10.13/lib/python3.10/site-packages/airflow/example_dags/example_trigger_target_dag.py
[2024-04-24T20:02:39.736+0000] {processor.py:840} INFO - DAG(s) 'example_trigger_target_dag' retrieved from /usr/local/python/3.10.13/lib/python3.10/site-packages/airflow/example_dags/example_trigger_target_dag.py
[2024-04-24T20:02:39.901+0000] {logging_mixin.py:188} INFO - [2024-04-24T20:02:39.901+0000] {dag.py:3096} INFO - Sync 1 DAGs
[2024-04-24T20:02:39.907+0000] {logging_mixin.py:188} INFO - [2024-04-24T20:02:39.907+0000] {dag.py:3954} INFO - Setting next_dagrun for example_trigger_target_dag to None, run_after=None
[2024-04-24T20:02:39.943+0000] {processor.py:183} INFO - Processing /usr/local/python/3.10.13/lib/python3.10/site-packages/airflow/example_dags/example_trigger_target_dag.py took 0.218 seconds
[2024-04-24T20:03:37.453+0000] {processor.py:161} INFO - Started process (PID=8411) to work on /usr/local/python/3.10.13/lib/python3.10/site-packages/airflow/example_dags/example_trigger_target_dag.py
[2024-04-24T20:03:37.454+0000] {processor.py:830} INFO - Processing file /usr/local/python/3.10.13/lib/python3.10/site-packages/airflow/example_dags/example_trigger_target_dag.py for tasks to queue
[2024-04-24T20:03:37.455+0000] {logging_mixin.py:188} INFO - [2024-04-24T20:03:37.455+0000] {dagbag.py:540} INFO - Filling up the DagBag from /usr/local/python/3.10.13/lib/python3.10/site-packages/airflow/example_dags/example_trigger_target_dag.py
[2024-04-24T20:03:37.460+0000] {processor.py:840} INFO - DAG(s) 'example_trigger_target_dag' retrieved from /usr/local/python/3.10.13/lib/python3.10/site-packages/airflow/example_dags/example_trigger_target_dag.py
[2024-04-24T20:03:37.529+0000] {logging_mixin.py:188} INFO - [2024-04-24T20:03:37.529+0000] {dag.py:3096} INFO - Sync 1 DAGs
[2024-04-24T20:03:37.536+0000] {logging_mixin.py:188} INFO - [2024-04-24T20:03:37.536+0000] {dag.py:3954} INFO - Setting next_dagrun for example_trigger_target_dag to None, run_after=None
[2024-04-24T20:03:37.573+0000] {processor.py:183} INFO - Processing /usr/local/python/3.10.13/lib/python3.10/site-packages/airflow/example_dags/example_trigger_target_dag.py took 0.124 seconds
[2024-04-24T20:04:29.526+0000] {processor.py:161} INFO - Started process (PID=8925) to work on /usr/local/python/3.10.13/lib/python3.10/site-packages/airflow/example_dags/example_trigger_target_dag.py
[2024-04-24T20:04:29.527+0000] {processor.py:830} INFO - Processing file /usr/local/python/3.10.13/lib/python3.10/site-packages/airflow/example_dags/example_trigger_target_dag.py for tasks to queue
[2024-04-24T20:04:29.528+0000] {logging_mixin.py:188} INFO - [2024-04-24T20:04:29.528+0000] {dagbag.py:540} INFO - Filling up the DagBag from /usr/local/python/3.10.13/lib/python3.10/site-packages/airflow/example_dags/example_trigger_target_dag.py
[2024-04-24T20:04:29.534+0000] {processor.py:840} INFO - DAG(s) 'example_trigger_target_dag' retrieved from /usr/local/python/3.10.13/lib/python3.10/site-packages/airflow/example_dags/example_trigger_target_dag.py
[2024-04-24T20:04:29.550+0000] {logging_mixin.py:188} INFO - [2024-04-24T20:04:29.549+0000] {dag.py:3096} INFO - Sync 1 DAGs
[2024-04-24T20:04:29.565+0000] {logging_mixin.py:188} INFO - [2024-04-24T20:04:29.565+0000] {dag.py:3954} INFO - Setting next_dagrun for example_trigger_target_dag to None, run_after=None
[2024-04-24T20:04:29.608+0000] {processor.py:183} INFO - Processing /usr/local/python/3.10.13/lib/python3.10/site-packages/airflow/example_dags/example_trigger_target_dag.py took 0.088 seconds
