[2024-04-24T20:02:23.131+0000] {processor.py:161} INFO - Started process (PID=7540) to work on /usr/local/python/3.10.13/lib/python3.10/site-packages/airflow/example_dags/example_setup_teardown.py
[2024-04-24T20:02:23.131+0000] {processor.py:830} INFO - Processing file /usr/local/python/3.10.13/lib/python3.10/site-packages/airflow/example_dags/example_setup_teardown.py for tasks to queue
[2024-04-24T20:02:23.133+0000] {logging_mixin.py:188} INFO - [2024-04-24T20:02:23.132+0000] {dagbag.py:540} INFO - Filling up the DagBag from /usr/local/python/3.10.13/lib/python3.10/site-packages/airflow/example_dags/example_setup_teardown.py
[2024-04-24T20:02:23.137+0000] {processor.py:840} INFO - DAG(s) 'example_setup_teardown' retrieved from /usr/local/python/3.10.13/lib/python3.10/site-packages/airflow/example_dags/example_setup_teardown.py
[2024-04-24T20:02:23.205+0000] {logging_mixin.py:188} INFO - [2024-04-24T20:02:23.205+0000] {dag.py:3096} INFO - Sync 1 DAGs
[2024-04-24T20:02:23.280+0000] {logging_mixin.py:188} INFO - [2024-04-24T20:02:23.280+0000] {dag.py:3954} INFO - Setting next_dagrun for example_setup_teardown to 2024-04-23 00:00:00+00:00, run_after=2024-04-24 00:00:00+00:00
[2024-04-24T20:02:23.318+0000] {processor.py:183} INFO - Processing /usr/local/python/3.10.13/lib/python3.10/site-packages/airflow/example_dags/example_setup_teardown.py took 0.192 seconds
[2024-04-24T20:03:23.160+0000] {processor.py:161} INFO - Started process (PID=8319) to work on /usr/local/python/3.10.13/lib/python3.10/site-packages/airflow/example_dags/example_setup_teardown.py
[2024-04-24T20:03:23.161+0000] {processor.py:830} INFO - Processing file /usr/local/python/3.10.13/lib/python3.10/site-packages/airflow/example_dags/example_setup_teardown.py for tasks to queue
[2024-04-24T20:03:23.162+0000] {logging_mixin.py:188} INFO - [2024-04-24T20:03:23.162+0000] {dagbag.py:540} INFO - Filling up the DagBag from /usr/local/python/3.10.13/lib/python3.10/site-packages/airflow/example_dags/example_setup_teardown.py
[2024-04-24T20:03:23.167+0000] {processor.py:840} INFO - DAG(s) 'example_setup_teardown' retrieved from /usr/local/python/3.10.13/lib/python3.10/site-packages/airflow/example_dags/example_setup_teardown.py
[2024-04-24T20:03:23.244+0000] {logging_mixin.py:188} INFO - [2024-04-24T20:03:23.243+0000] {dag.py:3096} INFO - Sync 1 DAGs
[2024-04-24T20:03:23.263+0000] {logging_mixin.py:188} INFO - [2024-04-24T20:03:23.263+0000] {dag.py:3954} INFO - Setting next_dagrun for example_setup_teardown to 2024-04-23 00:00:00+00:00, run_after=2024-04-24 00:00:00+00:00
[2024-04-24T20:03:23.301+0000] {processor.py:183} INFO - Processing /usr/local/python/3.10.13/lib/python3.10/site-packages/airflow/example_dags/example_setup_teardown.py took 0.145 seconds
[2024-04-24T20:04:13.587+0000] {processor.py:161} INFO - Started process (PID=8805) to work on /usr/local/python/3.10.13/lib/python3.10/site-packages/airflow/example_dags/example_setup_teardown.py
[2024-04-24T20:04:13.588+0000] {processor.py:830} INFO - Processing file /usr/local/python/3.10.13/lib/python3.10/site-packages/airflow/example_dags/example_setup_teardown.py for tasks to queue
[2024-04-24T20:04:13.589+0000] {logging_mixin.py:188} INFO - [2024-04-24T20:04:13.589+0000] {dagbag.py:540} INFO - Filling up the DagBag from /usr/local/python/3.10.13/lib/python3.10/site-packages/airflow/example_dags/example_setup_teardown.py
[2024-04-24T20:04:13.594+0000] {processor.py:840} INFO - DAG(s) 'example_setup_teardown' retrieved from /usr/local/python/3.10.13/lib/python3.10/site-packages/airflow/example_dags/example_setup_teardown.py
[2024-04-24T20:04:13.605+0000] {logging_mixin.py:188} INFO - [2024-04-24T20:04:13.605+0000] {dag.py:3096} INFO - Sync 1 DAGs
[2024-04-24T20:04:13.620+0000] {logging_mixin.py:188} INFO - [2024-04-24T20:04:13.620+0000] {dag.py:3954} INFO - Setting next_dagrun for example_setup_teardown to 2024-04-23 00:00:00+00:00, run_after=2024-04-24 00:00:00+00:00
[2024-04-24T20:04:13.662+0000] {processor.py:183} INFO - Processing /usr/local/python/3.10.13/lib/python3.10/site-packages/airflow/example_dags/example_setup_teardown.py took 0.079 seconds
[2024-04-24T20:05:00.024+0000] {processor.py:161} INFO - Started process (PID=9235) to work on /usr/local/python/3.10.13/lib/python3.10/site-packages/airflow/example_dags/example_setup_teardown.py
[2024-04-24T20:05:00.025+0000] {processor.py:830} INFO - Processing file /usr/local/python/3.10.13/lib/python3.10/site-packages/airflow/example_dags/example_setup_teardown.py for tasks to queue
[2024-04-24T20:05:00.026+0000] {logging_mixin.py:188} INFO - [2024-04-24T20:05:00.026+0000] {dagbag.py:540} INFO - Filling up the DagBag from /usr/local/python/3.10.13/lib/python3.10/site-packages/airflow/example_dags/example_setup_teardown.py
[2024-04-24T20:05:00.032+0000] {processor.py:840} INFO - DAG(s) 'example_setup_teardown' retrieved from /usr/local/python/3.10.13/lib/python3.10/site-packages/airflow/example_dags/example_setup_teardown.py
[2024-04-24T20:05:00.045+0000] {logging_mixin.py:188} INFO - [2024-04-24T20:05:00.045+0000] {dag.py:3096} INFO - Sync 1 DAGs
[2024-04-24T20:05:00.059+0000] {logging_mixin.py:188} INFO - [2024-04-24T20:05:00.059+0000] {dag.py:3954} INFO - Setting next_dagrun for example_setup_teardown to 2024-04-23 00:00:00+00:00, run_after=2024-04-24 00:00:00+00:00
[2024-04-24T20:05:00.100+0000] {processor.py:183} INFO - Processing /usr/local/python/3.10.13/lib/python3.10/site-packages/airflow/example_dags/example_setup_teardown.py took 0.081 seconds
[2024-04-24T20:05:47.816+0000] {processor.py:161} INFO - Started process (PID=9764) to work on /usr/local/python/3.10.13/lib/python3.10/site-packages/airflow/example_dags/example_setup_teardown.py
[2024-04-24T20:05:47.817+0000] {processor.py:830} INFO - Processing file /usr/local/python/3.10.13/lib/python3.10/site-packages/airflow/example_dags/example_setup_teardown.py for tasks to queue
[2024-04-24T20:05:47.818+0000] {logging_mixin.py:188} INFO - [2024-04-24T20:05:47.818+0000] {dagbag.py:540} INFO - Filling up the DagBag from /usr/local/python/3.10.13/lib/python3.10/site-packages/airflow/example_dags/example_setup_teardown.py
[2024-04-24T20:05:47.823+0000] {processor.py:840} INFO - DAG(s) 'example_setup_teardown' retrieved from /usr/local/python/3.10.13/lib/python3.10/site-packages/airflow/example_dags/example_setup_teardown.py
[2024-04-24T20:05:47.834+0000] {logging_mixin.py:188} INFO - [2024-04-24T20:05:47.834+0000] {dag.py:3096} INFO - Sync 1 DAGs
[2024-04-24T20:05:47.848+0000] {logging_mixin.py:188} INFO - [2024-04-24T20:05:47.847+0000] {dag.py:3954} INFO - Setting next_dagrun for example_setup_teardown to 2024-04-23 00:00:00+00:00, run_after=2024-04-24 00:00:00+00:00
[2024-04-24T20:05:47.891+0000] {processor.py:183} INFO - Processing /usr/local/python/3.10.13/lib/python3.10/site-packages/airflow/example_dags/example_setup_teardown.py took 0.079 seconds
[2024-04-24T20:06:33.604+0000] {processor.py:161} INFO - Started process (PID=10285) to work on /usr/local/python/3.10.13/lib/python3.10/site-packages/airflow/example_dags/example_setup_teardown.py
[2024-04-24T20:06:33.605+0000] {processor.py:830} INFO - Processing file /usr/local/python/3.10.13/lib/python3.10/site-packages/airflow/example_dags/example_setup_teardown.py for tasks to queue
[2024-04-24T20:06:33.606+0000] {logging_mixin.py:188} INFO - [2024-04-24T20:06:33.606+0000] {dagbag.py:540} INFO - Filling up the DagBag from /usr/local/python/3.10.13/lib/python3.10/site-packages/airflow/example_dags/example_setup_teardown.py
[2024-04-24T20:06:33.611+0000] {processor.py:840} INFO - DAG(s) 'example_setup_teardown' retrieved from /usr/local/python/3.10.13/lib/python3.10/site-packages/airflow/example_dags/example_setup_teardown.py
[2024-04-24T20:06:33.622+0000] {logging_mixin.py:188} INFO - [2024-04-24T20:06:33.622+0000] {dag.py:3096} INFO - Sync 1 DAGs
[2024-04-24T20:06:33.636+0000] {logging_mixin.py:188} INFO - [2024-04-24T20:06:33.636+0000] {dag.py:3954} INFO - Setting next_dagrun for example_setup_teardown to 2024-04-23 00:00:00+00:00, run_after=2024-04-24 00:00:00+00:00
[2024-04-24T20:06:33.685+0000] {processor.py:183} INFO - Processing /usr/local/python/3.10.13/lib/python3.10/site-packages/airflow/example_dags/example_setup_teardown.py took 0.085 seconds
[2024-04-24T20:07:20.483+0000] {processor.py:161} INFO - Started process (PID=10855) to work on /usr/local/python/3.10.13/lib/python3.10/site-packages/airflow/example_dags/example_setup_teardown.py
[2024-04-24T20:07:20.484+0000] {processor.py:830} INFO - Processing file /usr/local/python/3.10.13/lib/python3.10/site-packages/airflow/example_dags/example_setup_teardown.py for tasks to queue
[2024-04-24T20:07:20.485+0000] {logging_mixin.py:188} INFO - [2024-04-24T20:07:20.485+0000] {dagbag.py:540} INFO - Filling up the DagBag from /usr/local/python/3.10.13/lib/python3.10/site-packages/airflow/example_dags/example_setup_teardown.py
[2024-04-24T20:07:20.490+0000] {processor.py:840} INFO - DAG(s) 'example_setup_teardown' retrieved from /usr/local/python/3.10.13/lib/python3.10/site-packages/airflow/example_dags/example_setup_teardown.py
[2024-04-24T20:07:20.501+0000] {logging_mixin.py:188} INFO - [2024-04-24T20:07:20.501+0000] {dag.py:3096} INFO - Sync 1 DAGs
[2024-04-24T20:07:20.514+0000] {logging_mixin.py:188} INFO - [2024-04-24T20:07:20.514+0000] {dag.py:3954} INFO - Setting next_dagrun for example_setup_teardown to 2024-04-23 00:00:00+00:00, run_after=2024-04-24 00:00:00+00:00
[2024-04-24T20:07:20.553+0000] {processor.py:183} INFO - Processing /usr/local/python/3.10.13/lib/python3.10/site-packages/airflow/example_dags/example_setup_teardown.py took 0.074 seconds
[2024-04-24T20:08:07.063+0000] {processor.py:161} INFO - Started process (PID=11616) to work on /usr/local/python/3.10.13/lib/python3.10/site-packages/airflow/example_dags/example_setup_teardown.py
[2024-04-24T20:08:07.064+0000] {processor.py:830} INFO - Processing file /usr/local/python/3.10.13/lib/python3.10/site-packages/airflow/example_dags/example_setup_teardown.py for tasks to queue
[2024-04-24T20:08:07.065+0000] {logging_mixin.py:188} INFO - [2024-04-24T20:08:07.065+0000] {dagbag.py:540} INFO - Filling up the DagBag from /usr/local/python/3.10.13/lib/python3.10/site-packages/airflow/example_dags/example_setup_teardown.py
[2024-04-24T20:08:07.070+0000] {processor.py:840} INFO - DAG(s) 'example_setup_teardown' retrieved from /usr/local/python/3.10.13/lib/python3.10/site-packages/airflow/example_dags/example_setup_teardown.py
[2024-04-24T20:08:07.081+0000] {logging_mixin.py:188} INFO - [2024-04-24T20:08:07.081+0000] {dag.py:3096} INFO - Sync 1 DAGs
[2024-04-24T20:08:07.095+0000] {logging_mixin.py:188} INFO - [2024-04-24T20:08:07.094+0000] {dag.py:3954} INFO - Setting next_dagrun for example_setup_teardown to 2024-04-23 00:00:00+00:00, run_after=2024-04-24 00:00:00+00:00
[2024-04-24T20:08:07.133+0000] {processor.py:183} INFO - Processing /usr/local/python/3.10.13/lib/python3.10/site-packages/airflow/example_dags/example_setup_teardown.py took 0.074 seconds
[2024-04-24T20:08:53.027+0000] {processor.py:161} INFO - Started process (PID=11993) to work on /usr/local/python/3.10.13/lib/python3.10/site-packages/airflow/example_dags/example_setup_teardown.py
[2024-04-24T20:08:53.028+0000] {processor.py:830} INFO - Processing file /usr/local/python/3.10.13/lib/python3.10/site-packages/airflow/example_dags/example_setup_teardown.py for tasks to queue
[2024-04-24T20:08:53.029+0000] {logging_mixin.py:188} INFO - [2024-04-24T20:08:53.029+0000] {dagbag.py:540} INFO - Filling up the DagBag from /usr/local/python/3.10.13/lib/python3.10/site-packages/airflow/example_dags/example_setup_teardown.py
[2024-04-24T20:08:53.034+0000] {processor.py:840} INFO - DAG(s) 'example_setup_teardown' retrieved from /usr/local/python/3.10.13/lib/python3.10/site-packages/airflow/example_dags/example_setup_teardown.py
[2024-04-24T20:08:53.045+0000] {logging_mixin.py:188} INFO - [2024-04-24T20:08:53.045+0000] {dag.py:3096} INFO - Sync 1 DAGs
[2024-04-24T20:08:53.058+0000] {logging_mixin.py:188} INFO - [2024-04-24T20:08:53.058+0000] {dag.py:3954} INFO - Setting next_dagrun for example_setup_teardown to 2024-04-23 00:00:00+00:00, run_after=2024-04-24 00:00:00+00:00
[2024-04-24T20:08:53.101+0000] {processor.py:183} INFO - Processing /usr/local/python/3.10.13/lib/python3.10/site-packages/airflow/example_dags/example_setup_teardown.py took 0.078 seconds
[2024-04-24T20:09:36.504+0000] {processor.py:161} INFO - Started process (PID=12311) to work on /usr/local/python/3.10.13/lib/python3.10/site-packages/airflow/example_dags/example_setup_teardown.py
[2024-04-24T20:09:36.505+0000] {processor.py:830} INFO - Processing file /usr/local/python/3.10.13/lib/python3.10/site-packages/airflow/example_dags/example_setup_teardown.py for tasks to queue
[2024-04-24T20:09:36.506+0000] {logging_mixin.py:188} INFO - [2024-04-24T20:09:36.506+0000] {dagbag.py:540} INFO - Filling up the DagBag from /usr/local/python/3.10.13/lib/python3.10/site-packages/airflow/example_dags/example_setup_teardown.py
[2024-04-24T20:09:36.511+0000] {processor.py:840} INFO - DAG(s) 'example_setup_teardown' retrieved from /usr/local/python/3.10.13/lib/python3.10/site-packages/airflow/example_dags/example_setup_teardown.py
[2024-04-24T20:09:36.522+0000] {logging_mixin.py:188} INFO - [2024-04-24T20:09:36.522+0000] {dag.py:3096} INFO - Sync 1 DAGs
[2024-04-24T20:09:36.536+0000] {logging_mixin.py:188} INFO - [2024-04-24T20:09:36.536+0000] {dag.py:3954} INFO - Setting next_dagrun for example_setup_teardown to 2024-04-23 00:00:00+00:00, run_after=2024-04-24 00:00:00+00:00
[2024-04-24T20:09:36.573+0000] {processor.py:183} INFO - Processing /usr/local/python/3.10.13/lib/python3.10/site-packages/airflow/example_dags/example_setup_teardown.py took 0.076 seconds
[2024-04-24T20:10:22.680+0000] {processor.py:161} INFO - Started process (PID=12930) to work on /usr/local/python/3.10.13/lib/python3.10/site-packages/airflow/example_dags/example_setup_teardown.py
[2024-04-24T20:10:22.681+0000] {processor.py:830} INFO - Processing file /usr/local/python/3.10.13/lib/python3.10/site-packages/airflow/example_dags/example_setup_teardown.py for tasks to queue
[2024-04-24T20:10:22.682+0000] {logging_mixin.py:188} INFO - [2024-04-24T20:10:22.682+0000] {dagbag.py:540} INFO - Filling up the DagBag from /usr/local/python/3.10.13/lib/python3.10/site-packages/airflow/example_dags/example_setup_teardown.py
[2024-04-24T20:10:22.687+0000] {processor.py:840} INFO - DAG(s) 'example_setup_teardown' retrieved from /usr/local/python/3.10.13/lib/python3.10/site-packages/airflow/example_dags/example_setup_teardown.py
[2024-04-24T20:10:22.699+0000] {logging_mixin.py:188} INFO - [2024-04-24T20:10:22.698+0000] {dag.py:3096} INFO - Sync 1 DAGs
[2024-04-24T20:10:22.712+0000] {logging_mixin.py:188} INFO - [2024-04-24T20:10:22.711+0000] {dag.py:3954} INFO - Setting next_dagrun for example_setup_teardown to 2024-04-23 00:00:00+00:00, run_after=2024-04-24 00:00:00+00:00
[2024-04-24T20:10:22.750+0000] {processor.py:183} INFO - Processing /usr/local/python/3.10.13/lib/python3.10/site-packages/airflow/example_dags/example_setup_teardown.py took 0.074 seconds
[2024-04-24T20:11:06.536+0000] {processor.py:161} INFO - Started process (PID=13305) to work on /usr/local/python/3.10.13/lib/python3.10/site-packages/airflow/example_dags/example_setup_teardown.py
[2024-04-24T20:11:06.537+0000] {processor.py:830} INFO - Processing file /usr/local/python/3.10.13/lib/python3.10/site-packages/airflow/example_dags/example_setup_teardown.py for tasks to queue
[2024-04-24T20:11:06.538+0000] {logging_mixin.py:188} INFO - [2024-04-24T20:11:06.538+0000] {dagbag.py:540} INFO - Filling up the DagBag from /usr/local/python/3.10.13/lib/python3.10/site-packages/airflow/example_dags/example_setup_teardown.py
[2024-04-24T20:11:06.543+0000] {processor.py:840} INFO - DAG(s) 'example_setup_teardown' retrieved from /usr/local/python/3.10.13/lib/python3.10/site-packages/airflow/example_dags/example_setup_teardown.py
[2024-04-24T20:11:06.554+0000] {logging_mixin.py:188} INFO - [2024-04-24T20:11:06.554+0000] {dag.py:3096} INFO - Sync 1 DAGs
[2024-04-24T20:11:06.568+0000] {logging_mixin.py:188} INFO - [2024-04-24T20:11:06.568+0000] {dag.py:3954} INFO - Setting next_dagrun for example_setup_teardown to 2024-04-23 00:00:00+00:00, run_after=2024-04-24 00:00:00+00:00
[2024-04-24T20:11:06.606+0000] {processor.py:183} INFO - Processing /usr/local/python/3.10.13/lib/python3.10/site-packages/airflow/example_dags/example_setup_teardown.py took 0.074 seconds
[2024-04-24T20:11:51.258+0000] {processor.py:161} INFO - Started process (PID=13673) to work on /usr/local/python/3.10.13/lib/python3.10/site-packages/airflow/example_dags/example_setup_teardown.py
[2024-04-24T20:11:51.259+0000] {processor.py:830} INFO - Processing file /usr/local/python/3.10.13/lib/python3.10/site-packages/airflow/example_dags/example_setup_teardown.py for tasks to queue
[2024-04-24T20:11:51.260+0000] {logging_mixin.py:188} INFO - [2024-04-24T20:11:51.260+0000] {dagbag.py:540} INFO - Filling up the DagBag from /usr/local/python/3.10.13/lib/python3.10/site-packages/airflow/example_dags/example_setup_teardown.py
[2024-04-24T20:11:51.265+0000] {processor.py:840} INFO - DAG(s) 'example_setup_teardown' retrieved from /usr/local/python/3.10.13/lib/python3.10/site-packages/airflow/example_dags/example_setup_teardown.py
[2024-04-24T20:11:51.276+0000] {logging_mixin.py:188} INFO - [2024-04-24T20:11:51.276+0000] {dag.py:3096} INFO - Sync 1 DAGs
[2024-04-24T20:11:51.289+0000] {logging_mixin.py:188} INFO - [2024-04-24T20:11:51.289+0000] {dag.py:3954} INFO - Setting next_dagrun for example_setup_teardown to 2024-04-23 00:00:00+00:00, run_after=2024-04-24 00:00:00+00:00
[2024-04-24T20:11:51.327+0000] {processor.py:183} INFO - Processing /usr/local/python/3.10.13/lib/python3.10/site-packages/airflow/example_dags/example_setup_teardown.py took 0.073 seconds
[2024-04-24T20:12:34.591+0000] {processor.py:161} INFO - Started process (PID=14035) to work on /usr/local/python/3.10.13/lib/python3.10/site-packages/airflow/example_dags/example_setup_teardown.py
[2024-04-24T20:12:34.592+0000] {processor.py:830} INFO - Processing file /usr/local/python/3.10.13/lib/python3.10/site-packages/airflow/example_dags/example_setup_teardown.py for tasks to queue
[2024-04-24T20:12:34.593+0000] {logging_mixin.py:188} INFO - [2024-04-24T20:12:34.592+0000] {dagbag.py:540} INFO - Filling up the DagBag from /usr/local/python/3.10.13/lib/python3.10/site-packages/airflow/example_dags/example_setup_teardown.py
[2024-04-24T20:12:34.597+0000] {processor.py:840} INFO - DAG(s) 'example_setup_teardown' retrieved from /usr/local/python/3.10.13/lib/python3.10/site-packages/airflow/example_dags/example_setup_teardown.py
[2024-04-24T20:12:34.609+0000] {logging_mixin.py:188} INFO - [2024-04-24T20:12:34.608+0000] {dag.py:3096} INFO - Sync 1 DAGs
[2024-04-24T20:12:34.622+0000] {logging_mixin.py:188} INFO - [2024-04-24T20:12:34.621+0000] {dag.py:3954} INFO - Setting next_dagrun for example_setup_teardown to 2024-04-23 00:00:00+00:00, run_after=2024-04-24 00:00:00+00:00
[2024-04-24T20:12:34.660+0000] {processor.py:183} INFO - Processing /usr/local/python/3.10.13/lib/python3.10/site-packages/airflow/example_dags/example_setup_teardown.py took 0.074 seconds
[2024-04-24T20:13:21.045+0000] {processor.py:161} INFO - Started process (PID=14436) to work on /usr/local/python/3.10.13/lib/python3.10/site-packages/airflow/example_dags/example_setup_teardown.py
[2024-04-24T20:13:21.045+0000] {processor.py:830} INFO - Processing file /usr/local/python/3.10.13/lib/python3.10/site-packages/airflow/example_dags/example_setup_teardown.py for tasks to queue
[2024-04-24T20:13:21.046+0000] {logging_mixin.py:188} INFO - [2024-04-24T20:13:21.046+0000] {dagbag.py:540} INFO - Filling up the DagBag from /usr/local/python/3.10.13/lib/python3.10/site-packages/airflow/example_dags/example_setup_teardown.py
[2024-04-24T20:13:21.051+0000] {processor.py:840} INFO - DAG(s) 'example_setup_teardown' retrieved from /usr/local/python/3.10.13/lib/python3.10/site-packages/airflow/example_dags/example_setup_teardown.py
[2024-04-24T20:13:21.097+0000] {logging_mixin.py:188} INFO - [2024-04-24T20:13:21.096+0000] {dag.py:3096} INFO - Sync 1 DAGs
[2024-04-24T20:13:21.110+0000] {logging_mixin.py:188} INFO - [2024-04-24T20:13:21.110+0000] {dag.py:3954} INFO - Setting next_dagrun for example_setup_teardown to 2024-04-23 00:00:00+00:00, run_after=2024-04-24 00:00:00+00:00
[2024-04-24T20:13:21.148+0000] {processor.py:183} INFO - Processing /usr/local/python/3.10.13/lib/python3.10/site-packages/airflow/example_dags/example_setup_teardown.py took 0.108 seconds
[2024-04-24T20:14:06.707+0000] {processor.py:161} INFO - Started process (PID=14985) to work on /usr/local/python/3.10.13/lib/python3.10/site-packages/airflow/example_dags/example_setup_teardown.py
[2024-04-24T20:14:06.708+0000] {processor.py:830} INFO - Processing file /usr/local/python/3.10.13/lib/python3.10/site-packages/airflow/example_dags/example_setup_teardown.py for tasks to queue
[2024-04-24T20:14:06.709+0000] {logging_mixin.py:188} INFO - [2024-04-24T20:14:06.709+0000] {dagbag.py:540} INFO - Filling up the DagBag from /usr/local/python/3.10.13/lib/python3.10/site-packages/airflow/example_dags/example_setup_teardown.py
[2024-04-24T20:14:06.714+0000] {processor.py:840} INFO - DAG(s) 'example_setup_teardown' retrieved from /usr/local/python/3.10.13/lib/python3.10/site-packages/airflow/example_dags/example_setup_teardown.py
[2024-04-24T20:14:06.725+0000] {logging_mixin.py:188} INFO - [2024-04-24T20:14:06.725+0000] {dag.py:3096} INFO - Sync 1 DAGs
[2024-04-24T20:14:06.737+0000] {logging_mixin.py:188} INFO - [2024-04-24T20:14:06.737+0000] {dag.py:3954} INFO - Setting next_dagrun for example_setup_teardown to 2024-04-23 00:00:00+00:00, run_after=2024-04-24 00:00:00+00:00
[2024-04-24T20:14:06.776+0000] {processor.py:183} INFO - Processing /usr/local/python/3.10.13/lib/python3.10/site-packages/airflow/example_dags/example_setup_teardown.py took 0.073 seconds
[2024-04-24T20:14:51.218+0000] {processor.py:161} INFO - Started process (PID=15339) to work on /usr/local/python/3.10.13/lib/python3.10/site-packages/airflow/example_dags/example_setup_teardown.py
[2024-04-24T20:14:51.219+0000] {processor.py:830} INFO - Processing file /usr/local/python/3.10.13/lib/python3.10/site-packages/airflow/example_dags/example_setup_teardown.py for tasks to queue
[2024-04-24T20:14:51.221+0000] {logging_mixin.py:188} INFO - [2024-04-24T20:14:51.220+0000] {dagbag.py:540} INFO - Filling up the DagBag from /usr/local/python/3.10.13/lib/python3.10/site-packages/airflow/example_dags/example_setup_teardown.py
[2024-04-24T20:14:51.227+0000] {processor.py:840} INFO - DAG(s) 'example_setup_teardown' retrieved from /usr/local/python/3.10.13/lib/python3.10/site-packages/airflow/example_dags/example_setup_teardown.py
[2024-04-24T20:14:51.242+0000] {logging_mixin.py:188} INFO - [2024-04-24T20:14:51.242+0000] {dag.py:3096} INFO - Sync 1 DAGs
[2024-04-24T20:14:51.257+0000] {logging_mixin.py:188} INFO - [2024-04-24T20:14:51.257+0000] {dag.py:3954} INFO - Setting next_dagrun for example_setup_teardown to 2024-04-23 00:00:00+00:00, run_after=2024-04-24 00:00:00+00:00
[2024-04-24T20:14:51.295+0000] {processor.py:183} INFO - Processing /usr/local/python/3.10.13/lib/python3.10/site-packages/airflow/example_dags/example_setup_teardown.py took 0.083 seconds
