[2024-04-24T20:02:58.118+0000] {processor.py:161} INFO - Started process (PID=7977) to work on /usr/local/python/3.10.13/lib/python3.10/site-packages/airflow/example_dags/example_display_name.py
[2024-04-24T20:02:58.119+0000] {processor.py:830} INFO - Processing file /usr/local/python/3.10.13/lib/python3.10/site-packages/airflow/example_dags/example_display_name.py for tasks to queue
[2024-04-24T20:02:58.120+0000] {logging_mixin.py:188} INFO - [2024-04-24T20:02:58.120+0000] {dagbag.py:540} INFO - Filling up the DagBag from /usr/local/python/3.10.13/lib/python3.10/site-packages/airflow/example_dags/example_display_name.py
[2024-04-24T20:02:58.124+0000] {processor.py:840} INFO - DAG(s) 'example_display_name' retrieved from /usr/local/python/3.10.13/lib/python3.10/site-packages/airflow/example_dags/example_display_name.py
[2024-04-24T20:02:58.251+0000] {logging_mixin.py:188} INFO - [2024-04-24T20:02:58.251+0000] {dag.py:3096} INFO - Sync 1 DAGs
[2024-04-24T20:02:58.258+0000] {logging_mixin.py:188} INFO - [2024-04-24T20:02:58.258+0000] {dag.py:3954} INFO - Setting next_dagrun for example_display_name to None, run_after=None
[2024-04-24T20:02:58.299+0000] {processor.py:183} INFO - Processing /usr/local/python/3.10.13/lib/python3.10/site-packages/airflow/example_dags/example_display_name.py took 0.185 seconds
[2024-04-24T20:03:53.632+0000] {processor.py:161} INFO - Started process (PID=8599) to work on /usr/local/python/3.10.13/lib/python3.10/site-packages/airflow/example_dags/example_display_name.py
[2024-04-24T20:03:53.633+0000] {processor.py:830} INFO - Processing file /usr/local/python/3.10.13/lib/python3.10/site-packages/airflow/example_dags/example_display_name.py for tasks to queue
[2024-04-24T20:03:53.634+0000] {logging_mixin.py:188} INFO - [2024-04-24T20:03:53.634+0000] {dagbag.py:540} INFO - Filling up the DagBag from /usr/local/python/3.10.13/lib/python3.10/site-packages/airflow/example_dags/example_display_name.py
[2024-04-24T20:03:53.638+0000] {processor.py:840} INFO - DAG(s) 'example_display_name' retrieved from /usr/local/python/3.10.13/lib/python3.10/site-packages/airflow/example_dags/example_display_name.py
[2024-04-24T20:03:53.648+0000] {logging_mixin.py:188} INFO - [2024-04-24T20:03:53.648+0000] {dag.py:3096} INFO - Sync 1 DAGs
[2024-04-24T20:03:53.656+0000] {logging_mixin.py:188} INFO - [2024-04-24T20:03:53.656+0000] {dag.py:3954} INFO - Setting next_dagrun for example_display_name to None, run_after=None
[2024-04-24T20:03:53.695+0000] {processor.py:183} INFO - Processing /usr/local/python/3.10.13/lib/python3.10/site-packages/airflow/example_dags/example_display_name.py took 0.067 seconds
[2024-04-24T20:04:45.722+0000] {processor.py:161} INFO - Started process (PID=9046) to work on /usr/local/python/3.10.13/lib/python3.10/site-packages/airflow/example_dags/example_display_name.py
[2024-04-24T20:04:45.723+0000] {processor.py:830} INFO - Processing file /usr/local/python/3.10.13/lib/python3.10/site-packages/airflow/example_dags/example_display_name.py for tasks to queue
[2024-04-24T20:04:45.724+0000] {logging_mixin.py:188} INFO - [2024-04-24T20:04:45.724+0000] {dagbag.py:540} INFO - Filling up the DagBag from /usr/local/python/3.10.13/lib/python3.10/site-packages/airflow/example_dags/example_display_name.py
[2024-04-24T20:04:45.729+0000] {processor.py:840} INFO - DAG(s) 'example_display_name' retrieved from /usr/local/python/3.10.13/lib/python3.10/site-packages/airflow/example_dags/example_display_name.py
[2024-04-24T20:04:45.743+0000] {logging_mixin.py:188} INFO - [2024-04-24T20:04:45.743+0000] {dag.py:3096} INFO - Sync 1 DAGs
[2024-04-24T20:04:45.753+0000] {logging_mixin.py:188} INFO - [2024-04-24T20:04:45.753+0000] {dag.py:3954} INFO - Setting next_dagrun for example_display_name to None, run_after=None
[2024-04-24T20:04:45.793+0000] {processor.py:183} INFO - Processing /usr/local/python/3.10.13/lib/python3.10/site-packages/airflow/example_dags/example_display_name.py took 0.077 seconds
