[2024-04-24T20:02:28.383+0000] {processor.py:161} INFO - Started process (PID=7587) to work on /usr/local/python/3.10.13/lib/python3.10/site-packages/airflow/example_dags/example_latest_only_with_trigger.py
[2024-04-24T20:02:28.383+0000] {processor.py:830} INFO - Processing file /usr/local/python/3.10.13/lib/python3.10/site-packages/airflow/example_dags/example_latest_only_with_trigger.py for tasks to queue
[2024-04-24T20:02:28.384+0000] {logging_mixin.py:188} INFO - [2024-04-24T20:02:28.384+0000] {dagbag.py:540} INFO - Filling up the DagBag from /usr/local/python/3.10.13/lib/python3.10/site-packages/airflow/example_dags/example_latest_only_with_trigger.py
[2024-04-24T20:02:28.389+0000] {processor.py:840} INFO - DAG(s) 'latest_only_with_trigger' retrieved from /usr/local/python/3.10.13/lib/python3.10/site-packages/airflow/example_dags/example_latest_only_with_trigger.py
[2024-04-24T20:02:28.455+0000] {logging_mixin.py:188} INFO - [2024-04-24T20:02:28.455+0000] {dag.py:3096} INFO - Sync 1 DAGs
[2024-04-24T20:02:28.530+0000] {logging_mixin.py:188} INFO - [2024-04-24T20:02:28.530+0000] {dag.py:3954} INFO - Setting next_dagrun for latest_only_with_trigger to 2024-04-24 16:00:00+00:00, run_after=2024-04-24 20:00:00+00:00
[2024-04-24T20:02:28.568+0000] {processor.py:183} INFO - Processing /usr/local/python/3.10.13/lib/python3.10/site-packages/airflow/example_dags/example_latest_only_with_trigger.py took 0.190 seconds
[2024-04-24T20:03:28.065+0000] {processor.py:161} INFO - Started process (PID=8348) to work on /usr/local/python/3.10.13/lib/python3.10/site-packages/airflow/example_dags/example_latest_only_with_trigger.py
[2024-04-24T20:03:28.066+0000] {processor.py:830} INFO - Processing file /usr/local/python/3.10.13/lib/python3.10/site-packages/airflow/example_dags/example_latest_only_with_trigger.py for tasks to queue
[2024-04-24T20:03:28.068+0000] {logging_mixin.py:188} INFO - [2024-04-24T20:03:28.068+0000] {dagbag.py:540} INFO - Filling up the DagBag from /usr/local/python/3.10.13/lib/python3.10/site-packages/airflow/example_dags/example_latest_only_with_trigger.py
[2024-04-24T20:03:28.074+0000] {processor.py:840} INFO - DAG(s) 'latest_only_with_trigger' retrieved from /usr/local/python/3.10.13/lib/python3.10/site-packages/airflow/example_dags/example_latest_only_with_trigger.py
[2024-04-24T20:03:28.188+0000] {logging_mixin.py:188} INFO - [2024-04-24T20:03:28.187+0000] {dag.py:3096} INFO - Sync 1 DAGs
[2024-04-24T20:03:28.208+0000] {logging_mixin.py:188} INFO - [2024-04-24T20:03:28.208+0000] {dag.py:3954} INFO - Setting next_dagrun for latest_only_with_trigger to 2024-04-24 16:00:00+00:00, run_after=2024-04-24 20:00:00+00:00
[2024-04-24T20:03:28.250+0000] {processor.py:183} INFO - Processing /usr/local/python/3.10.13/lib/python3.10/site-packages/airflow/example_dags/example_latest_only_with_trigger.py took 0.196 seconds
[2024-04-24T20:04:17.612+0000] {processor.py:161} INFO - Started process (PID=8821) to work on /usr/local/python/3.10.13/lib/python3.10/site-packages/airflow/example_dags/example_latest_only_with_trigger.py
[2024-04-24T20:04:17.613+0000] {processor.py:830} INFO - Processing file /usr/local/python/3.10.13/lib/python3.10/site-packages/airflow/example_dags/example_latest_only_with_trigger.py for tasks to queue
[2024-04-24T20:04:17.614+0000] {logging_mixin.py:188} INFO - [2024-04-24T20:04:17.614+0000] {dagbag.py:540} INFO - Filling up the DagBag from /usr/local/python/3.10.13/lib/python3.10/site-packages/airflow/example_dags/example_latest_only_with_trigger.py
[2024-04-24T20:04:17.619+0000] {processor.py:840} INFO - DAG(s) 'latest_only_with_trigger' retrieved from /usr/local/python/3.10.13/lib/python3.10/site-packages/airflow/example_dags/example_latest_only_with_trigger.py
[2024-04-24T20:04:17.631+0000] {logging_mixin.py:188} INFO - [2024-04-24T20:04:17.631+0000] {dag.py:3096} INFO - Sync 1 DAGs
[2024-04-24T20:04:17.644+0000] {logging_mixin.py:188} INFO - [2024-04-24T20:04:17.644+0000] {dag.py:3954} INFO - Setting next_dagrun for latest_only_with_trigger to 2024-04-24 16:00:00+00:00, run_after=2024-04-24 20:00:00+00:00
[2024-04-24T20:04:17.682+0000] {processor.py:183} INFO - Processing /usr/local/python/3.10.13/lib/python3.10/site-packages/airflow/example_dags/example_latest_only_with_trigger.py took 0.075 seconds
[2024-04-24T20:05:10.159+0000] {processor.py:161} INFO - Started process (PID=9432) to work on /usr/local/python/3.10.13/lib/python3.10/site-packages/airflow/example_dags/example_latest_only_with_trigger.py
[2024-04-24T20:05:10.160+0000] {processor.py:830} INFO - Processing file /usr/local/python/3.10.13/lib/python3.10/site-packages/airflow/example_dags/example_latest_only_with_trigger.py for tasks to queue
[2024-04-24T20:05:10.170+0000] {logging_mixin.py:188} INFO - [2024-04-24T20:05:10.162+0000] {dagbag.py:540} INFO - Filling up the DagBag from /usr/local/python/3.10.13/lib/python3.10/site-packages/airflow/example_dags/example_latest_only_with_trigger.py
[2024-04-24T20:05:10.177+0000] {processor.py:840} INFO - DAG(s) 'latest_only_with_trigger' retrieved from /usr/local/python/3.10.13/lib/python3.10/site-packages/airflow/example_dags/example_latest_only_with_trigger.py
[2024-04-24T20:05:10.197+0000] {logging_mixin.py:188} INFO - [2024-04-24T20:05:10.196+0000] {dag.py:3096} INFO - Sync 1 DAGs
[2024-04-24T20:05:10.214+0000] {logging_mixin.py:188} INFO - [2024-04-24T20:05:10.214+0000] {dag.py:3954} INFO - Setting next_dagrun for latest_only_with_trigger to 2024-04-24 16:00:00+00:00, run_after=2024-04-24 20:00:00+00:00
[2024-04-24T20:05:10.254+0000] {processor.py:183} INFO - Processing /usr/local/python/3.10.13/lib/python3.10/site-packages/airflow/example_dags/example_latest_only_with_trigger.py took 0.101 seconds
[2024-04-24T20:05:58.044+0000] {processor.py:161} INFO - Started process (PID=9967) to work on /usr/local/python/3.10.13/lib/python3.10/site-packages/airflow/example_dags/example_latest_only_with_trigger.py
[2024-04-24T20:05:58.045+0000] {processor.py:830} INFO - Processing file /usr/local/python/3.10.13/lib/python3.10/site-packages/airflow/example_dags/example_latest_only_with_trigger.py for tasks to queue
[2024-04-24T20:05:58.046+0000] {logging_mixin.py:188} INFO - [2024-04-24T20:05:58.046+0000] {dagbag.py:540} INFO - Filling up the DagBag from /usr/local/python/3.10.13/lib/python3.10/site-packages/airflow/example_dags/example_latest_only_with_trigger.py
[2024-04-24T20:05:58.051+0000] {processor.py:840} INFO - DAG(s) 'latest_only_with_trigger' retrieved from /usr/local/python/3.10.13/lib/python3.10/site-packages/airflow/example_dags/example_latest_only_with_trigger.py
[2024-04-24T20:05:58.066+0000] {logging_mixin.py:188} INFO - [2024-04-24T20:05:58.065+0000] {dag.py:3096} INFO - Sync 1 DAGs
[2024-04-24T20:05:58.080+0000] {logging_mixin.py:188} INFO - [2024-04-24T20:05:58.080+0000] {dag.py:3954} INFO - Setting next_dagrun for latest_only_with_trigger to 2024-04-24 16:00:00+00:00, run_after=2024-04-24 20:00:00+00:00
[2024-04-24T20:05:58.122+0000] {processor.py:183} INFO - Processing /usr/local/python/3.10.13/lib/python3.10/site-packages/airflow/example_dags/example_latest_only_with_trigger.py took 0.083 seconds
[2024-04-24T20:06:43.736+0000] {processor.py:161} INFO - Started process (PID=10357) to work on /usr/local/python/3.10.13/lib/python3.10/site-packages/airflow/example_dags/example_latest_only_with_trigger.py
[2024-04-24T20:06:43.736+0000] {processor.py:830} INFO - Processing file /usr/local/python/3.10.13/lib/python3.10/site-packages/airflow/example_dags/example_latest_only_with_trigger.py for tasks to queue
[2024-04-24T20:06:43.738+0000] {logging_mixin.py:188} INFO - [2024-04-24T20:06:43.738+0000] {dagbag.py:540} INFO - Filling up the DagBag from /usr/local/python/3.10.13/lib/python3.10/site-packages/airflow/example_dags/example_latest_only_with_trigger.py
[2024-04-24T20:06:43.742+0000] {processor.py:840} INFO - DAG(s) 'latest_only_with_trigger' retrieved from /usr/local/python/3.10.13/lib/python3.10/site-packages/airflow/example_dags/example_latest_only_with_trigger.py
[2024-04-24T20:06:43.754+0000] {logging_mixin.py:188} INFO - [2024-04-24T20:06:43.754+0000] {dag.py:3096} INFO - Sync 1 DAGs
[2024-04-24T20:06:43.770+0000] {logging_mixin.py:188} INFO - [2024-04-24T20:06:43.770+0000] {dag.py:3954} INFO - Setting next_dagrun for latest_only_with_trigger to 2024-04-24 16:00:00+00:00, run_after=2024-04-24 20:00:00+00:00
[2024-04-24T20:06:43.809+0000] {processor.py:183} INFO - Processing /usr/local/python/3.10.13/lib/python3.10/site-packages/airflow/example_dags/example_latest_only_with_trigger.py took 0.077 seconds
[2024-04-24T20:07:29.777+0000] {processor.py:161} INFO - Started process (PID=10925) to work on /usr/local/python/3.10.13/lib/python3.10/site-packages/airflow/example_dags/example_latest_only_with_trigger.py
[2024-04-24T20:07:29.777+0000] {processor.py:830} INFO - Processing file /usr/local/python/3.10.13/lib/python3.10/site-packages/airflow/example_dags/example_latest_only_with_trigger.py for tasks to queue
[2024-04-24T20:07:29.779+0000] {logging_mixin.py:188} INFO - [2024-04-24T20:07:29.778+0000] {dagbag.py:540} INFO - Filling up the DagBag from /usr/local/python/3.10.13/lib/python3.10/site-packages/airflow/example_dags/example_latest_only_with_trigger.py
[2024-04-24T20:07:29.782+0000] {processor.py:840} INFO - DAG(s) 'latest_only_with_trigger' retrieved from /usr/local/python/3.10.13/lib/python3.10/site-packages/airflow/example_dags/example_latest_only_with_trigger.py
[2024-04-24T20:07:29.795+0000] {logging_mixin.py:188} INFO - [2024-04-24T20:07:29.794+0000] {dag.py:3096} INFO - Sync 1 DAGs
[2024-04-24T20:07:29.809+0000] {logging_mixin.py:188} INFO - [2024-04-24T20:07:29.809+0000] {dag.py:3954} INFO - Setting next_dagrun for latest_only_with_trigger to 2024-04-24 16:00:00+00:00, run_after=2024-04-24 20:00:00+00:00
[2024-04-24T20:07:29.848+0000] {processor.py:183} INFO - Processing /usr/local/python/3.10.13/lib/python3.10/site-packages/airflow/example_dags/example_latest_only_with_trigger.py took 0.076 seconds
[2024-04-24T20:08:17.359+0000] {processor.py:161} INFO - Started process (PID=11690) to work on /usr/local/python/3.10.13/lib/python3.10/site-packages/airflow/example_dags/example_latest_only_with_trigger.py
[2024-04-24T20:08:17.360+0000] {processor.py:830} INFO - Processing file /usr/local/python/3.10.13/lib/python3.10/site-packages/airflow/example_dags/example_latest_only_with_trigger.py for tasks to queue
[2024-04-24T20:08:17.361+0000] {logging_mixin.py:188} INFO - [2024-04-24T20:08:17.361+0000] {dagbag.py:540} INFO - Filling up the DagBag from /usr/local/python/3.10.13/lib/python3.10/site-packages/airflow/example_dags/example_latest_only_with_trigger.py
[2024-04-24T20:08:17.365+0000] {processor.py:840} INFO - DAG(s) 'latest_only_with_trigger' retrieved from /usr/local/python/3.10.13/lib/python3.10/site-packages/airflow/example_dags/example_latest_only_with_trigger.py
[2024-04-24T20:08:17.376+0000] {logging_mixin.py:188} INFO - [2024-04-24T20:08:17.376+0000] {dag.py:3096} INFO - Sync 1 DAGs
[2024-04-24T20:08:17.390+0000] {logging_mixin.py:188} INFO - [2024-04-24T20:08:17.390+0000] {dag.py:3954} INFO - Setting next_dagrun for latest_only_with_trigger to 2024-04-24 16:00:00+00:00, run_after=2024-04-24 20:00:00+00:00
[2024-04-24T20:08:17.429+0000] {processor.py:183} INFO - Processing /usr/local/python/3.10.13/lib/python3.10/site-packages/airflow/example_dags/example_latest_only_with_trigger.py took 0.074 seconds
[2024-04-24T20:09:01.447+0000] {processor.py:161} INFO - Started process (PID=12057) to work on /usr/local/python/3.10.13/lib/python3.10/site-packages/airflow/example_dags/example_latest_only_with_trigger.py
[2024-04-24T20:09:01.447+0000] {processor.py:830} INFO - Processing file /usr/local/python/3.10.13/lib/python3.10/site-packages/airflow/example_dags/example_latest_only_with_trigger.py for tasks to queue
[2024-04-24T20:09:01.449+0000] {logging_mixin.py:188} INFO - [2024-04-24T20:09:01.448+0000] {dagbag.py:540} INFO - Filling up the DagBag from /usr/local/python/3.10.13/lib/python3.10/site-packages/airflow/example_dags/example_latest_only_with_trigger.py
[2024-04-24T20:09:01.453+0000] {processor.py:840} INFO - DAG(s) 'latest_only_with_trigger' retrieved from /usr/local/python/3.10.13/lib/python3.10/site-packages/airflow/example_dags/example_latest_only_with_trigger.py
[2024-04-24T20:09:01.467+0000] {logging_mixin.py:188} INFO - [2024-04-24T20:09:01.467+0000] {dag.py:3096} INFO - Sync 1 DAGs
[2024-04-24T20:09:01.482+0000] {logging_mixin.py:188} INFO - [2024-04-24T20:09:01.481+0000] {dag.py:3954} INFO - Setting next_dagrun for latest_only_with_trigger to 2024-04-24 16:00:00+00:00, run_after=2024-04-24 20:00:00+00:00
[2024-04-24T20:09:01.520+0000] {processor.py:183} INFO - Processing /usr/local/python/3.10.13/lib/python3.10/site-packages/airflow/example_dags/example_latest_only_with_trigger.py took 0.077 seconds
[2024-04-24T20:09:49.117+0000] {processor.py:161} INFO - Started process (PID=12399) to work on /usr/local/python/3.10.13/lib/python3.10/site-packages/airflow/example_dags/example_latest_only_with_trigger.py
[2024-04-24T20:09:49.118+0000] {processor.py:830} INFO - Processing file /usr/local/python/3.10.13/lib/python3.10/site-packages/airflow/example_dags/example_latest_only_with_trigger.py for tasks to queue
[2024-04-24T20:09:49.119+0000] {logging_mixin.py:188} INFO - [2024-04-24T20:09:49.119+0000] {dagbag.py:540} INFO - Filling up the DagBag from /usr/local/python/3.10.13/lib/python3.10/site-packages/airflow/example_dags/example_latest_only_with_trigger.py
[2024-04-24T20:09:49.123+0000] {processor.py:840} INFO - DAG(s) 'latest_only_with_trigger' retrieved from /usr/local/python/3.10.13/lib/python3.10/site-packages/airflow/example_dags/example_latest_only_with_trigger.py
[2024-04-24T20:09:49.136+0000] {logging_mixin.py:188} INFO - [2024-04-24T20:09:49.136+0000] {dag.py:3096} INFO - Sync 1 DAGs
[2024-04-24T20:09:49.151+0000] {logging_mixin.py:188} INFO - [2024-04-24T20:09:49.150+0000] {dag.py:3954} INFO - Setting next_dagrun for latest_only_with_trigger to 2024-04-24 16:00:00+00:00, run_after=2024-04-24 20:00:00+00:00
[2024-04-24T20:09:49.190+0000] {processor.py:183} INFO - Processing /usr/local/python/3.10.13/lib/python3.10/site-packages/airflow/example_dags/example_latest_only_with_trigger.py took 0.078 seconds
[2024-04-24T20:10:33.134+0000] {processor.py:161} INFO - Started process (PID=13001) to work on /usr/local/python/3.10.13/lib/python3.10/site-packages/airflow/example_dags/example_latest_only_with_trigger.py
[2024-04-24T20:10:33.135+0000] {processor.py:830} INFO - Processing file /usr/local/python/3.10.13/lib/python3.10/site-packages/airflow/example_dags/example_latest_only_with_trigger.py for tasks to queue
[2024-04-24T20:10:33.136+0000] {logging_mixin.py:188} INFO - [2024-04-24T20:10:33.136+0000] {dagbag.py:540} INFO - Filling up the DagBag from /usr/local/python/3.10.13/lib/python3.10/site-packages/airflow/example_dags/example_latest_only_with_trigger.py
[2024-04-24T20:10:33.140+0000] {processor.py:840} INFO - DAG(s) 'latest_only_with_trigger' retrieved from /usr/local/python/3.10.13/lib/python3.10/site-packages/airflow/example_dags/example_latest_only_with_trigger.py
[2024-04-24T20:10:33.151+0000] {logging_mixin.py:188} INFO - [2024-04-24T20:10:33.151+0000] {dag.py:3096} INFO - Sync 1 DAGs
[2024-04-24T20:10:33.164+0000] {logging_mixin.py:188} INFO - [2024-04-24T20:10:33.164+0000] {dag.py:3954} INFO - Setting next_dagrun for latest_only_with_trigger to 2024-04-24 16:00:00+00:00, run_after=2024-04-24 20:00:00+00:00
[2024-04-24T20:10:33.207+0000] {processor.py:183} INFO - Processing /usr/local/python/3.10.13/lib/python3.10/site-packages/airflow/example_dags/example_latest_only_with_trigger.py took 0.078 seconds
[2024-04-24T20:11:20.076+0000] {processor.py:161} INFO - Started process (PID=13391) to work on /usr/local/python/3.10.13/lib/python3.10/site-packages/airflow/example_dags/example_latest_only_with_trigger.py
[2024-04-24T20:11:20.077+0000] {processor.py:830} INFO - Processing file /usr/local/python/3.10.13/lib/python3.10/site-packages/airflow/example_dags/example_latest_only_with_trigger.py for tasks to queue
[2024-04-24T20:11:20.079+0000] {logging_mixin.py:188} INFO - [2024-04-24T20:11:20.079+0000] {dagbag.py:540} INFO - Filling up the DagBag from /usr/local/python/3.10.13/lib/python3.10/site-packages/airflow/example_dags/example_latest_only_with_trigger.py
[2024-04-24T20:11:20.083+0000] {processor.py:840} INFO - DAG(s) 'latest_only_with_trigger' retrieved from /usr/local/python/3.10.13/lib/python3.10/site-packages/airflow/example_dags/example_latest_only_with_trigger.py
[2024-04-24T20:11:20.094+0000] {logging_mixin.py:188} INFO - [2024-04-24T20:11:20.094+0000] {dag.py:3096} INFO - Sync 1 DAGs
[2024-04-24T20:11:20.110+0000] {logging_mixin.py:188} INFO - [2024-04-24T20:11:20.110+0000] {dag.py:3954} INFO - Setting next_dagrun for latest_only_with_trigger to 2024-04-24 16:00:00+00:00, run_after=2024-04-24 20:00:00+00:00
[2024-04-24T20:11:20.157+0000] {processor.py:183} INFO - Processing /usr/local/python/3.10.13/lib/python3.10/site-packages/airflow/example_dags/example_latest_only_with_trigger.py took 0.085 seconds
[2024-04-24T20:12:04.753+0000] {processor.py:161} INFO - Started process (PID=13821) to work on /usr/local/python/3.10.13/lib/python3.10/site-packages/airflow/example_dags/example_latest_only_with_trigger.py
[2024-04-24T20:12:04.754+0000] {processor.py:830} INFO - Processing file /usr/local/python/3.10.13/lib/python3.10/site-packages/airflow/example_dags/example_latest_only_with_trigger.py for tasks to queue
[2024-04-24T20:12:04.755+0000] {logging_mixin.py:188} INFO - [2024-04-24T20:12:04.755+0000] {dagbag.py:540} INFO - Filling up the DagBag from /usr/local/python/3.10.13/lib/python3.10/site-packages/airflow/example_dags/example_latest_only_with_trigger.py
[2024-04-24T20:12:04.759+0000] {processor.py:840} INFO - DAG(s) 'latest_only_with_trigger' retrieved from /usr/local/python/3.10.13/lib/python3.10/site-packages/airflow/example_dags/example_latest_only_with_trigger.py
[2024-04-24T20:12:04.770+0000] {logging_mixin.py:188} INFO - [2024-04-24T20:12:04.770+0000] {dag.py:3096} INFO - Sync 1 DAGs
[2024-04-24T20:12:04.784+0000] {logging_mixin.py:188} INFO - [2024-04-24T20:12:04.784+0000] {dag.py:3954} INFO - Setting next_dagrun for latest_only_with_trigger to 2024-04-24 16:00:00+00:00, run_after=2024-04-24 20:00:00+00:00
[2024-04-24T20:12:04.823+0000] {processor.py:183} INFO - Processing /usr/local/python/3.10.13/lib/python3.10/site-packages/airflow/example_dags/example_latest_only_with_trigger.py took 0.074 seconds
[2024-04-24T20:12:47.787+0000] {processor.py:161} INFO - Started process (PID=14141) to work on /usr/local/python/3.10.13/lib/python3.10/site-packages/airflow/example_dags/example_latest_only_with_trigger.py
[2024-04-24T20:12:47.788+0000] {processor.py:830} INFO - Processing file /usr/local/python/3.10.13/lib/python3.10/site-packages/airflow/example_dags/example_latest_only_with_trigger.py for tasks to queue
[2024-04-24T20:12:47.789+0000] {logging_mixin.py:188} INFO - [2024-04-24T20:12:47.789+0000] {dagbag.py:540} INFO - Filling up the DagBag from /usr/local/python/3.10.13/lib/python3.10/site-packages/airflow/example_dags/example_latest_only_with_trigger.py
[2024-04-24T20:12:47.793+0000] {processor.py:840} INFO - DAG(s) 'latest_only_with_trigger' retrieved from /usr/local/python/3.10.13/lib/python3.10/site-packages/airflow/example_dags/example_latest_only_with_trigger.py
[2024-04-24T20:12:47.805+0000] {logging_mixin.py:188} INFO - [2024-04-24T20:12:47.804+0000] {dag.py:3096} INFO - Sync 1 DAGs
[2024-04-24T20:12:47.818+0000] {logging_mixin.py:188} INFO - [2024-04-24T20:12:47.817+0000] {dag.py:3954} INFO - Setting next_dagrun for latest_only_with_trigger to 2024-04-24 16:00:00+00:00, run_after=2024-04-24 20:00:00+00:00
[2024-04-24T20:12:47.868+0000] {processor.py:183} INFO - Processing /usr/local/python/3.10.13/lib/python3.10/site-packages/airflow/example_dags/example_latest_only_with_trigger.py took 0.085 seconds
[2024-04-24T20:13:33.610+0000] {processor.py:161} INFO - Started process (PID=14517) to work on /usr/local/python/3.10.13/lib/python3.10/site-packages/airflow/example_dags/example_latest_only_with_trigger.py
[2024-04-24T20:13:33.611+0000] {processor.py:830} INFO - Processing file /usr/local/python/3.10.13/lib/python3.10/site-packages/airflow/example_dags/example_latest_only_with_trigger.py for tasks to queue
[2024-04-24T20:13:33.612+0000] {logging_mixin.py:188} INFO - [2024-04-24T20:13:33.612+0000] {dagbag.py:540} INFO - Filling up the DagBag from /usr/local/python/3.10.13/lib/python3.10/site-packages/airflow/example_dags/example_latest_only_with_trigger.py
[2024-04-24T20:13:33.617+0000] {processor.py:840} INFO - DAG(s) 'latest_only_with_trigger' retrieved from /usr/local/python/3.10.13/lib/python3.10/site-packages/airflow/example_dags/example_latest_only_with_trigger.py
[2024-04-24T20:13:33.629+0000] {logging_mixin.py:188} INFO - [2024-04-24T20:13:33.628+0000] {dag.py:3096} INFO - Sync 1 DAGs
[2024-04-24T20:13:33.642+0000] {logging_mixin.py:188} INFO - [2024-04-24T20:13:33.641+0000] {dag.py:3954} INFO - Setting next_dagrun for latest_only_with_trigger to 2024-04-24 16:00:00+00:00, run_after=2024-04-24 20:00:00+00:00
[2024-04-24T20:13:33.680+0000] {processor.py:183} INFO - Processing /usr/local/python/3.10.13/lib/python3.10/site-packages/airflow/example_dags/example_latest_only_with_trigger.py took 0.074 seconds
[2024-04-24T20:14:18.377+0000] {processor.py:161} INFO - Started process (PID=15080) to work on /usr/local/python/3.10.13/lib/python3.10/site-packages/airflow/example_dags/example_latest_only_with_trigger.py
[2024-04-24T20:14:18.378+0000] {processor.py:830} INFO - Processing file /usr/local/python/3.10.13/lib/python3.10/site-packages/airflow/example_dags/example_latest_only_with_trigger.py for tasks to queue
[2024-04-24T20:14:18.380+0000] {logging_mixin.py:188} INFO - [2024-04-24T20:14:18.379+0000] {dagbag.py:540} INFO - Filling up the DagBag from /usr/local/python/3.10.13/lib/python3.10/site-packages/airflow/example_dags/example_latest_only_with_trigger.py
[2024-04-24T20:14:18.386+0000] {processor.py:840} INFO - DAG(s) 'latest_only_with_trigger' retrieved from /usr/local/python/3.10.13/lib/python3.10/site-packages/airflow/example_dags/example_latest_only_with_trigger.py
[2024-04-24T20:14:18.408+0000] {logging_mixin.py:188} INFO - [2024-04-24T20:14:18.408+0000] {dag.py:3096} INFO - Sync 1 DAGs
[2024-04-24T20:14:18.437+0000] {logging_mixin.py:188} INFO - [2024-04-24T20:14:18.436+0000] {dag.py:3954} INFO - Setting next_dagrun for latest_only_with_trigger to 2024-04-24 16:00:00+00:00, run_after=2024-04-24 20:00:00+00:00
[2024-04-24T20:14:18.476+0000] {processor.py:183} INFO - Processing /usr/local/python/3.10.13/lib/python3.10/site-packages/airflow/example_dags/example_latest_only_with_trigger.py took 0.103 seconds
[2024-04-24T20:15:02.519+0000] {processor.py:161} INFO - Started process (PID=15446) to work on /usr/local/python/3.10.13/lib/python3.10/site-packages/airflow/example_dags/example_latest_only_with_trigger.py
[2024-04-24T20:15:02.519+0000] {processor.py:830} INFO - Processing file /usr/local/python/3.10.13/lib/python3.10/site-packages/airflow/example_dags/example_latest_only_with_trigger.py for tasks to queue
[2024-04-24T20:15:02.520+0000] {logging_mixin.py:188} INFO - [2024-04-24T20:15:02.520+0000] {dagbag.py:540} INFO - Filling up the DagBag from /usr/local/python/3.10.13/lib/python3.10/site-packages/airflow/example_dags/example_latest_only_with_trigger.py
[2024-04-24T20:15:02.525+0000] {processor.py:840} INFO - DAG(s) 'latest_only_with_trigger' retrieved from /usr/local/python/3.10.13/lib/python3.10/site-packages/airflow/example_dags/example_latest_only_with_trigger.py
[2024-04-24T20:15:02.536+0000] {logging_mixin.py:188} INFO - [2024-04-24T20:15:02.535+0000] {dag.py:3096} INFO - Sync 1 DAGs
[2024-04-24T20:15:02.549+0000] {logging_mixin.py:188} INFO - [2024-04-24T20:15:02.549+0000] {dag.py:3954} INFO - Setting next_dagrun for latest_only_with_trigger to 2024-04-24 16:00:00+00:00, run_after=2024-04-24 20:00:00+00:00
[2024-04-24T20:15:02.588+0000] {processor.py:183} INFO - Processing /usr/local/python/3.10.13/lib/python3.10/site-packages/airflow/example_dags/example_latest_only_with_trigger.py took 0.074 seconds
