[2024-04-24T20:02:50.263+0000] {processor.py:161} INFO - Started process (PID=7851) to work on /usr/local/python/3.10.13/lib/python3.10/site-packages/airflow/example_dags/example_external_task_marker_dag.py
[2024-04-24T20:02:50.263+0000] {processor.py:830} INFO - Processing file /usr/local/python/3.10.13/lib/python3.10/site-packages/airflow/example_dags/example_external_task_marker_dag.py for tasks to queue
[2024-04-24T20:02:50.265+0000] {logging_mixin.py:188} INFO - [2024-04-24T20:02:50.265+0000] {dagbag.py:540} INFO - Filling up the DagBag from /usr/local/python/3.10.13/lib/python3.10/site-packages/airflow/example_dags/example_external_task_marker_dag.py
[2024-04-24T20:02:50.271+0000] {processor.py:840} INFO - DAG(s) 'example_external_task_marker_child', 'example_external_task_marker_parent' retrieved from /usr/local/python/3.10.13/lib/python3.10/site-packages/airflow/example_dags/example_external_task_marker_dag.py
[2024-04-24T20:02:50.401+0000] {logging_mixin.py:188} INFO - [2024-04-24T20:02:50.401+0000] {dag.py:3096} INFO - Sync 2 DAGs
[2024-04-24T20:02:50.407+0000] {logging_mixin.py:188} INFO - [2024-04-24T20:02:50.407+0000] {dag.py:3954} INFO - Setting next_dagrun for example_external_task_marker_child to None, run_after=None
[2024-04-24T20:02:50.410+0000] {logging_mixin.py:188} INFO - [2024-04-24T20:02:50.410+0000] {dag.py:3954} INFO - Setting next_dagrun for example_external_task_marker_parent to None, run_after=None
[2024-04-24T20:02:50.446+0000] {processor.py:183} INFO - Processing /usr/local/python/3.10.13/lib/python3.10/site-packages/airflow/example_dags/example_external_task_marker_dag.py took 0.188 seconds
[2024-04-24T20:03:45.480+0000] {processor.py:161} INFO - Started process (PID=8472) to work on /usr/local/python/3.10.13/lib/python3.10/site-packages/airflow/example_dags/example_external_task_marker_dag.py
[2024-04-24T20:03:45.480+0000] {processor.py:830} INFO - Processing file /usr/local/python/3.10.13/lib/python3.10/site-packages/airflow/example_dags/example_external_task_marker_dag.py for tasks to queue
[2024-04-24T20:03:45.481+0000] {logging_mixin.py:188} INFO - [2024-04-24T20:03:45.481+0000] {dagbag.py:540} INFO - Filling up the DagBag from /usr/local/python/3.10.13/lib/python3.10/site-packages/airflow/example_dags/example_external_task_marker_dag.py
[2024-04-24T20:03:45.486+0000] {processor.py:840} INFO - DAG(s) 'example_external_task_marker_parent', 'example_external_task_marker_child' retrieved from /usr/local/python/3.10.13/lib/python3.10/site-packages/airflow/example_dags/example_external_task_marker_dag.py
[2024-04-24T20:03:45.499+0000] {logging_mixin.py:188} INFO - [2024-04-24T20:03:45.498+0000] {dag.py:3096} INFO - Sync 2 DAGs
[2024-04-24T20:03:45.507+0000] {logging_mixin.py:188} INFO - [2024-04-24T20:03:45.507+0000] {dag.py:3954} INFO - Setting next_dagrun for example_external_task_marker_child to None, run_after=None
[2024-04-24T20:03:45.509+0000] {logging_mixin.py:188} INFO - [2024-04-24T20:03:45.509+0000] {dag.py:3954} INFO - Setting next_dagrun for example_external_task_marker_parent to None, run_after=None
[2024-04-24T20:03:45.546+0000] {processor.py:183} INFO - Processing /usr/local/python/3.10.13/lib/python3.10/site-packages/airflow/example_dags/example_external_task_marker_dag.py took 0.070 seconds
[2024-04-24T20:04:38.300+0000] {processor.py:161} INFO - Started process (PID=8974) to work on /usr/local/python/3.10.13/lib/python3.10/site-packages/airflow/example_dags/example_external_task_marker_dag.py
[2024-04-24T20:04:38.301+0000] {processor.py:830} INFO - Processing file /usr/local/python/3.10.13/lib/python3.10/site-packages/airflow/example_dags/example_external_task_marker_dag.py for tasks to queue
[2024-04-24T20:04:38.302+0000] {logging_mixin.py:188} INFO - [2024-04-24T20:04:38.302+0000] {dagbag.py:540} INFO - Filling up the DagBag from /usr/local/python/3.10.13/lib/python3.10/site-packages/airflow/example_dags/example_external_task_marker_dag.py
[2024-04-24T20:04:38.307+0000] {processor.py:840} INFO - DAG(s) 'example_external_task_marker_child', 'example_external_task_marker_parent' retrieved from /usr/local/python/3.10.13/lib/python3.10/site-packages/airflow/example_dags/example_external_task_marker_dag.py
[2024-04-24T20:04:38.321+0000] {logging_mixin.py:188} INFO - [2024-04-24T20:04:38.321+0000] {dag.py:3096} INFO - Sync 2 DAGs
[2024-04-24T20:04:38.330+0000] {logging_mixin.py:188} INFO - [2024-04-24T20:04:38.330+0000] {dag.py:3954} INFO - Setting next_dagrun for example_external_task_marker_child to None, run_after=None
[2024-04-24T20:04:38.332+0000] {logging_mixin.py:188} INFO - [2024-04-24T20:04:38.332+0000] {dag.py:3954} INFO - Setting next_dagrun for example_external_task_marker_parent to None, run_after=None
[2024-04-24T20:04:38.370+0000] {processor.py:183} INFO - Processing /usr/local/python/3.10.13/lib/python3.10/site-packages/airflow/example_dags/example_external_task_marker_dag.py took 0.075 seconds
