[2024-04-24T20:02:47.496+0000] {processor.py:161} INFO - Started process (PID=7776) to work on /usr/local/python/3.10.13/lib/python3.10/site-packages/airflow/example_dags/example_xcom.py
[2024-04-24T20:02:47.497+0000] {processor.py:830} INFO - Processing file /usr/local/python/3.10.13/lib/python3.10/site-packages/airflow/example_dags/example_xcom.py for tasks to queue
[2024-04-24T20:02:47.498+0000] {logging_mixin.py:188} INFO - [2024-04-24T20:02:47.498+0000] {dagbag.py:540} INFO - Filling up the DagBag from /usr/local/python/3.10.13/lib/python3.10/site-packages/airflow/example_dags/example_xcom.py
[2024-04-24T20:02:47.507+0000] {processor.py:840} INFO - DAG(s) 'example_xcom' retrieved from /usr/local/python/3.10.13/lib/python3.10/site-packages/airflow/example_dags/example_xcom.py
[2024-04-24T20:02:47.659+0000] {logging_mixin.py:188} INFO - [2024-04-24T20:02:47.659+0000] {dag.py:3096} INFO - Sync 1 DAGs
[2024-04-24T20:02:47.671+0000] {logging_mixin.py:188} INFO - [2024-04-24T20:02:47.671+0000] {dag.py:3954} INFO - Setting next_dagrun for example_xcom to 2021-01-01 00:00:00+00:00, run_after=2021-01-01 00:00:00+00:00
[2024-04-24T20:02:47.711+0000] {processor.py:183} INFO - Processing /usr/local/python/3.10.13/lib/python3.10/site-packages/airflow/example_dags/example_xcom.py took 0.219 seconds
[2024-04-24T20:03:42.713+0000] {processor.py:161} INFO - Started process (PID=8463) to work on /usr/local/python/3.10.13/lib/python3.10/site-packages/airflow/example_dags/example_xcom.py
[2024-04-24T20:03:42.714+0000] {processor.py:830} INFO - Processing file /usr/local/python/3.10.13/lib/python3.10/site-packages/airflow/example_dags/example_xcom.py for tasks to queue
[2024-04-24T20:03:42.715+0000] {logging_mixin.py:188} INFO - [2024-04-24T20:03:42.715+0000] {dagbag.py:540} INFO - Filling up the DagBag from /usr/local/python/3.10.13/lib/python3.10/site-packages/airflow/example_dags/example_xcom.py
[2024-04-24T20:03:42.787+0000] {processor.py:840} INFO - DAG(s) 'example_xcom' retrieved from /usr/local/python/3.10.13/lib/python3.10/site-packages/airflow/example_dags/example_xcom.py
[2024-04-24T20:03:42.796+0000] {logging_mixin.py:188} INFO - [2024-04-24T20:03:42.796+0000] {dag.py:3096} INFO - Sync 1 DAGs
[2024-04-24T20:03:42.808+0000] {logging_mixin.py:188} INFO - [2024-04-24T20:03:42.808+0000] {dag.py:3954} INFO - Setting next_dagrun for example_xcom to 2021-01-01 00:00:00+00:00, run_after=2021-01-01 00:00:00+00:00
[2024-04-24T20:03:42.845+0000] {processor.py:183} INFO - Processing /usr/local/python/3.10.13/lib/python3.10/site-packages/airflow/example_dags/example_xcom.py took 0.136 seconds
[2024-04-24T20:04:35.401+0000] {processor.py:161} INFO - Started process (PID=8965) to work on /usr/local/python/3.10.13/lib/python3.10/site-packages/airflow/example_dags/example_xcom.py
[2024-04-24T20:04:35.402+0000] {processor.py:830} INFO - Processing file /usr/local/python/3.10.13/lib/python3.10/site-packages/airflow/example_dags/example_xcom.py for tasks to queue
[2024-04-24T20:04:35.403+0000] {logging_mixin.py:188} INFO - [2024-04-24T20:04:35.403+0000] {dagbag.py:540} INFO - Filling up the DagBag from /usr/local/python/3.10.13/lib/python3.10/site-packages/airflow/example_dags/example_xcom.py
[2024-04-24T20:04:35.409+0000] {processor.py:840} INFO - DAG(s) 'example_xcom' retrieved from /usr/local/python/3.10.13/lib/python3.10/site-packages/airflow/example_dags/example_xcom.py
[2024-04-24T20:04:35.422+0000] {logging_mixin.py:188} INFO - [2024-04-24T20:04:35.422+0000] {dag.py:3096} INFO - Sync 1 DAGs
[2024-04-24T20:04:35.436+0000] {logging_mixin.py:188} INFO - [2024-04-24T20:04:35.436+0000] {dag.py:3954} INFO - Setting next_dagrun for example_xcom to 2021-01-01 00:00:00+00:00, run_after=2021-01-01 00:00:00+00:00
[2024-04-24T20:04:35.475+0000] {processor.py:183} INFO - Processing /usr/local/python/3.10.13/lib/python3.10/site-packages/airflow/example_dags/example_xcom.py took 0.079 seconds
