[2024-04-24T20:03:04.643+0000] {processor.py:161} INFO - Started process (PID=8070) to work on /usr/local/python/3.10.13/lib/python3.10/site-packages/airflow/example_dags/example_datasets.py
[2024-04-24T20:03:04.643+0000] {processor.py:830} INFO - Processing file /usr/local/python/3.10.13/lib/python3.10/site-packages/airflow/example_dags/example_datasets.py for tasks to queue
[2024-04-24T20:03:04.644+0000] {logging_mixin.py:188} INFO - [2024-04-24T20:03:04.644+0000] {dagbag.py:540} INFO - Filling up the DagBag from /usr/local/python/3.10.13/lib/python3.10/site-packages/airflow/example_dags/example_datasets.py
[2024-04-24T20:03:04.653+0000] {processor.py:840} INFO - DAG(s) 'consume_1_or_both_2_and_3_with_dataset_expressions', 'dataset_consumes_1_never_scheduled', 'consume_1_and_2_with_dataset_expressions', 'conditional_dataset_and_time_based_timetable', 'dataset_consumes_unknown_never_scheduled', 'dataset_consumes_1_and_2', 'consume_1_or_2_with_dataset_expressions', 'dataset_consumes_1', 'dataset_produces_2', 'dataset_produces_1' retrieved from /usr/local/python/3.10.13/lib/python3.10/site-packages/airflow/example_dags/example_datasets.py
[2024-04-24T20:03:04.881+0000] {logging_mixin.py:188} INFO - [2024-04-24T20:03:04.880+0000] {dag.py:3096} INFO - Sync 10 DAGs
[2024-04-24T20:03:04.902+0000] {logging_mixin.py:188} INFO - [2024-04-24T20:03:04.902+0000] {dag.py:3954} INFO - Setting next_dagrun for conditional_dataset_and_time_based_timetable to 2024-04-24 01:00:00+00:00, run_after=2024-04-24 01:00:00+00:00
[2024-04-24T20:03:04.905+0000] {logging_mixin.py:188} INFO - [2024-04-24T20:03:04.905+0000] {dag.py:3954} INFO - Setting next_dagrun for consume_1_and_2_with_dataset_expressions to None, run_after=None
[2024-04-24T20:03:04.906+0000] {logging_mixin.py:188} INFO - [2024-04-24T20:03:04.906+0000] {dag.py:3954} INFO - Setting next_dagrun for consume_1_or_2_with_dataset_expressions to None, run_after=None
[2024-04-24T20:03:04.907+0000] {logging_mixin.py:188} INFO - [2024-04-24T20:03:04.907+0000] {dag.py:3954} INFO - Setting next_dagrun for consume_1_or_both_2_and_3_with_dataset_expressions to None, run_after=None
[2024-04-24T20:03:04.908+0000] {logging_mixin.py:188} INFO - [2024-04-24T20:03:04.908+0000] {dag.py:3954} INFO - Setting next_dagrun for dataset_consumes_1 to None, run_after=None
[2024-04-24T20:03:04.909+0000] {logging_mixin.py:188} INFO - [2024-04-24T20:03:04.909+0000] {dag.py:3954} INFO - Setting next_dagrun for dataset_consumes_1_and_2 to None, run_after=None
[2024-04-24T20:03:04.910+0000] {logging_mixin.py:188} INFO - [2024-04-24T20:03:04.910+0000] {dag.py:3954} INFO - Setting next_dagrun for dataset_consumes_1_never_scheduled to None, run_after=None
[2024-04-24T20:03:04.911+0000] {logging_mixin.py:188} INFO - [2024-04-24T20:03:04.911+0000] {dag.py:3954} INFO - Setting next_dagrun for dataset_consumes_unknown_never_scheduled to None, run_after=None
[2024-04-24T20:03:04.913+0000] {logging_mixin.py:188} INFO - [2024-04-24T20:03:04.912+0000] {dag.py:3954} INFO - Setting next_dagrun for dataset_produces_1 to 2024-04-23 00:00:00+00:00, run_after=2024-04-24 00:00:00+00:00
[2024-04-24T20:03:04.913+0000] {logging_mixin.py:188} INFO - [2024-04-24T20:03:04.913+0000] {dag.py:3954} INFO - Setting next_dagrun for dataset_produces_2 to None, run_after=None
[2024-04-24T20:03:04.960+0000] {processor.py:183} INFO - Processing /usr/local/python/3.10.13/lib/python3.10/site-packages/airflow/example_dags/example_datasets.py took 0.321 seconds
[2024-04-24T20:03:59.024+0000] {processor.py:161} INFO - Started process (PID=8708) to work on /usr/local/python/3.10.13/lib/python3.10/site-packages/airflow/example_dags/example_datasets.py
[2024-04-24T20:03:59.025+0000] {processor.py:830} INFO - Processing file /usr/local/python/3.10.13/lib/python3.10/site-packages/airflow/example_dags/example_datasets.py for tasks to queue
[2024-04-24T20:03:59.026+0000] {logging_mixin.py:188} INFO - [2024-04-24T20:03:59.026+0000] {dagbag.py:540} INFO - Filling up the DagBag from /usr/local/python/3.10.13/lib/python3.10/site-packages/airflow/example_dags/example_datasets.py
[2024-04-24T20:03:59.035+0000] {processor.py:840} INFO - DAG(s) 'dataset_produces_1', 'dataset_consumes_1', 'dataset_consumes_1_never_scheduled', 'dataset_produces_2', 'conditional_dataset_and_time_based_timetable', 'consume_1_and_2_with_dataset_expressions', 'consume_1_or_2_with_dataset_expressions', 'consume_1_or_both_2_and_3_with_dataset_expressions', 'dataset_consumes_unknown_never_scheduled', 'dataset_consumes_1_and_2' retrieved from /usr/local/python/3.10.13/lib/python3.10/site-packages/airflow/example_dags/example_datasets.py
[2024-04-24T20:03:59.066+0000] {logging_mixin.py:188} INFO - [2024-04-24T20:03:59.066+0000] {dag.py:3096} INFO - Sync 10 DAGs
[2024-04-24T20:03:59.083+0000] {logging_mixin.py:188} INFO - [2024-04-24T20:03:59.082+0000] {dag.py:3954} INFO - Setting next_dagrun for conditional_dataset_and_time_based_timetable to 2024-04-24 01:00:00+00:00, run_after=2024-04-24 01:00:00+00:00
[2024-04-24T20:03:59.085+0000] {logging_mixin.py:188} INFO - [2024-04-24T20:03:59.085+0000] {dag.py:3954} INFO - Setting next_dagrun for consume_1_and_2_with_dataset_expressions to None, run_after=None
[2024-04-24T20:03:59.086+0000] {logging_mixin.py:188} INFO - [2024-04-24T20:03:59.086+0000] {dag.py:3954} INFO - Setting next_dagrun for consume_1_or_2_with_dataset_expressions to None, run_after=None
[2024-04-24T20:03:59.087+0000] {logging_mixin.py:188} INFO - [2024-04-24T20:03:59.086+0000] {dag.py:3954} INFO - Setting next_dagrun for consume_1_or_both_2_and_3_with_dataset_expressions to None, run_after=None
[2024-04-24T20:03:59.087+0000] {logging_mixin.py:188} INFO - [2024-04-24T20:03:59.087+0000] {dag.py:3954} INFO - Setting next_dagrun for dataset_consumes_1 to None, run_after=None
[2024-04-24T20:03:59.088+0000] {logging_mixin.py:188} INFO - [2024-04-24T20:03:59.088+0000] {dag.py:3954} INFO - Setting next_dagrun for dataset_consumes_1_and_2 to None, run_after=None
[2024-04-24T20:03:59.089+0000] {logging_mixin.py:188} INFO - [2024-04-24T20:03:59.089+0000] {dag.py:3954} INFO - Setting next_dagrun for dataset_consumes_1_never_scheduled to None, run_after=None
[2024-04-24T20:03:59.089+0000] {logging_mixin.py:188} INFO - [2024-04-24T20:03:59.089+0000] {dag.py:3954} INFO - Setting next_dagrun for dataset_consumes_unknown_never_scheduled to None, run_after=None
[2024-04-24T20:03:59.091+0000] {logging_mixin.py:188} INFO - [2024-04-24T20:03:59.091+0000] {dag.py:3954} INFO - Setting next_dagrun for dataset_produces_1 to 2024-04-23 00:00:00+00:00, run_after=2024-04-24 00:00:00+00:00
[2024-04-24T20:03:59.092+0000] {logging_mixin.py:188} INFO - [2024-04-24T20:03:59.092+0000] {dag.py:3954} INFO - Setting next_dagrun for dataset_produces_2 to None, run_after=None
[2024-04-24T20:03:59.142+0000] {processor.py:183} INFO - Processing /usr/local/python/3.10.13/lib/python3.10/site-packages/airflow/example_dags/example_datasets.py took 0.122 seconds
[2024-04-24T20:05:08.050+0000] {processor.py:161} INFO - Started process (PID=9394) to work on /usr/local/python/3.10.13/lib/python3.10/site-packages/airflow/example_dags/example_datasets.py
[2024-04-24T20:05:08.052+0000] {processor.py:830} INFO - Processing file /usr/local/python/3.10.13/lib/python3.10/site-packages/airflow/example_dags/example_datasets.py for tasks to queue
[2024-04-24T20:05:08.053+0000] {logging_mixin.py:188} INFO - [2024-04-24T20:05:08.053+0000] {dagbag.py:540} INFO - Filling up the DagBag from /usr/local/python/3.10.13/lib/python3.10/site-packages/airflow/example_dags/example_datasets.py
[2024-04-24T20:05:08.062+0000] {processor.py:840} INFO - DAG(s) 'dataset_produces_2', 'dataset_consumes_unknown_never_scheduled', 'dataset_consumes_1', 'dataset_produces_1', 'dataset_consumes_1_never_scheduled', 'consume_1_and_2_with_dataset_expressions', 'consume_1_or_2_with_dataset_expressions', 'conditional_dataset_and_time_based_timetable', 'dataset_consumes_1_and_2', 'consume_1_or_both_2_and_3_with_dataset_expressions' retrieved from /usr/local/python/3.10.13/lib/python3.10/site-packages/airflow/example_dags/example_datasets.py
[2024-04-24T20:05:08.091+0000] {logging_mixin.py:188} INFO - [2024-04-24T20:05:08.090+0000] {dag.py:3096} INFO - Sync 10 DAGs
[2024-04-24T20:05:08.112+0000] {logging_mixin.py:188} INFO - [2024-04-24T20:05:08.112+0000] {dag.py:3954} INFO - Setting next_dagrun for conditional_dataset_and_time_based_timetable to 2024-04-24 01:00:00+00:00, run_after=2024-04-24 01:00:00+00:00
[2024-04-24T20:05:08.116+0000] {logging_mixin.py:188} INFO - [2024-04-24T20:05:08.116+0000] {dag.py:3954} INFO - Setting next_dagrun for consume_1_and_2_with_dataset_expressions to None, run_after=None
[2024-04-24T20:05:08.117+0000] {logging_mixin.py:188} INFO - [2024-04-24T20:05:08.117+0000] {dag.py:3954} INFO - Setting next_dagrun for consume_1_or_2_with_dataset_expressions to None, run_after=None
[2024-04-24T20:05:08.118+0000] {logging_mixin.py:188} INFO - [2024-04-24T20:05:08.118+0000] {dag.py:3954} INFO - Setting next_dagrun for consume_1_or_both_2_and_3_with_dataset_expressions to None, run_after=None
[2024-04-24T20:05:08.119+0000] {logging_mixin.py:188} INFO - [2024-04-24T20:05:08.119+0000] {dag.py:3954} INFO - Setting next_dagrun for dataset_consumes_1 to None, run_after=None
[2024-04-24T20:05:08.120+0000] {logging_mixin.py:188} INFO - [2024-04-24T20:05:08.120+0000] {dag.py:3954} INFO - Setting next_dagrun for dataset_consumes_1_and_2 to None, run_after=None
[2024-04-24T20:05:08.121+0000] {logging_mixin.py:188} INFO - [2024-04-24T20:05:08.121+0000] {dag.py:3954} INFO - Setting next_dagrun for dataset_consumes_1_never_scheduled to None, run_after=None
[2024-04-24T20:05:08.122+0000] {logging_mixin.py:188} INFO - [2024-04-24T20:05:08.122+0000] {dag.py:3954} INFO - Setting next_dagrun for dataset_consumes_unknown_never_scheduled to None, run_after=None
[2024-04-24T20:05:08.125+0000] {logging_mixin.py:188} INFO - [2024-04-24T20:05:08.125+0000] {dag.py:3954} INFO - Setting next_dagrun for dataset_produces_1 to 2024-04-23 00:00:00+00:00, run_after=2024-04-24 00:00:00+00:00
[2024-04-24T20:05:08.126+0000] {logging_mixin.py:188} INFO - [2024-04-24T20:05:08.126+0000] {dag.py:3954} INFO - Setting next_dagrun for dataset_produces_2 to None, run_after=None
[2024-04-24T20:05:08.178+0000] {processor.py:183} INFO - Processing /usr/local/python/3.10.13/lib/python3.10/site-packages/airflow/example_dags/example_datasets.py took 0.132 seconds
[2024-04-24T20:06:18.684+0000] {processor.py:161} INFO - Started process (PID=10176) to work on /usr/local/python/3.10.13/lib/python3.10/site-packages/airflow/example_dags/example_datasets.py
[2024-04-24T20:06:18.684+0000] {processor.py:830} INFO - Processing file /usr/local/python/3.10.13/lib/python3.10/site-packages/airflow/example_dags/example_datasets.py for tasks to queue
[2024-04-24T20:06:18.685+0000] {logging_mixin.py:188} INFO - [2024-04-24T20:06:18.685+0000] {dagbag.py:540} INFO - Filling up the DagBag from /usr/local/python/3.10.13/lib/python3.10/site-packages/airflow/example_dags/example_datasets.py
[2024-04-24T20:06:18.694+0000] {processor.py:840} INFO - DAG(s) 'consume_1_or_both_2_and_3_with_dataset_expressions', 'dataset_produces_2', 'dataset_produces_1', 'conditional_dataset_and_time_based_timetable', 'dataset_consumes_1', 'consume_1_or_2_with_dataset_expressions', 'dataset_consumes_unknown_never_scheduled', 'dataset_consumes_1_never_scheduled', 'dataset_consumes_1_and_2', 'consume_1_and_2_with_dataset_expressions' retrieved from /usr/local/python/3.10.13/lib/python3.10/site-packages/airflow/example_dags/example_datasets.py
[2024-04-24T20:06:18.722+0000] {logging_mixin.py:188} INFO - [2024-04-24T20:06:18.722+0000] {dag.py:3096} INFO - Sync 10 DAGs
[2024-04-24T20:06:18.740+0000] {logging_mixin.py:188} INFO - [2024-04-24T20:06:18.740+0000] {dag.py:3954} INFO - Setting next_dagrun for conditional_dataset_and_time_based_timetable to 2024-04-24 01:00:00+00:00, run_after=2024-04-24 01:00:00+00:00
[2024-04-24T20:06:18.744+0000] {logging_mixin.py:188} INFO - [2024-04-24T20:06:18.744+0000] {dag.py:3954} INFO - Setting next_dagrun for consume_1_and_2_with_dataset_expressions to None, run_after=None
[2024-04-24T20:06:18.745+0000] {logging_mixin.py:188} INFO - [2024-04-24T20:06:18.745+0000] {dag.py:3954} INFO - Setting next_dagrun for consume_1_or_2_with_dataset_expressions to None, run_after=None
[2024-04-24T20:06:18.746+0000] {logging_mixin.py:188} INFO - [2024-04-24T20:06:18.746+0000] {dag.py:3954} INFO - Setting next_dagrun for consume_1_or_both_2_and_3_with_dataset_expressions to None, run_after=None
[2024-04-24T20:06:18.747+0000] {logging_mixin.py:188} INFO - [2024-04-24T20:06:18.747+0000] {dag.py:3954} INFO - Setting next_dagrun for dataset_consumes_1 to None, run_after=None
[2024-04-24T20:06:18.748+0000] {logging_mixin.py:188} INFO - [2024-04-24T20:06:18.748+0000] {dag.py:3954} INFO - Setting next_dagrun for dataset_consumes_1_and_2 to None, run_after=None
[2024-04-24T20:06:18.750+0000] {logging_mixin.py:188} INFO - [2024-04-24T20:06:18.750+0000] {dag.py:3954} INFO - Setting next_dagrun for dataset_consumes_1_never_scheduled to None, run_after=None
[2024-04-24T20:06:18.805+0000] {logging_mixin.py:188} INFO - [2024-04-24T20:06:18.804+0000] {dag.py:3954} INFO - Setting next_dagrun for dataset_consumes_unknown_never_scheduled to None, run_after=None
[2024-04-24T20:06:18.807+0000] {logging_mixin.py:188} INFO - [2024-04-24T20:06:18.806+0000] {dag.py:3954} INFO - Setting next_dagrun for dataset_produces_1 to 2024-04-23 00:00:00+00:00, run_after=2024-04-24 00:00:00+00:00
[2024-04-24T20:06:18.807+0000] {logging_mixin.py:188} INFO - [2024-04-24T20:06:18.807+0000] {dag.py:3954} INFO - Setting next_dagrun for dataset_produces_2 to None, run_after=None
[2024-04-24T20:06:18.852+0000] {processor.py:183} INFO - Processing /usr/local/python/3.10.13/lib/python3.10/site-packages/airflow/example_dags/example_datasets.py took 0.173 seconds
[2024-04-24T20:07:27.389+0000] {processor.py:161} INFO - Started process (PID=10911) to work on /usr/local/python/3.10.13/lib/python3.10/site-packages/airflow/example_dags/example_datasets.py
[2024-04-24T20:07:27.390+0000] {processor.py:830} INFO - Processing file /usr/local/python/3.10.13/lib/python3.10/site-packages/airflow/example_dags/example_datasets.py for tasks to queue
[2024-04-24T20:07:27.391+0000] {logging_mixin.py:188} INFO - [2024-04-24T20:07:27.391+0000] {dagbag.py:540} INFO - Filling up the DagBag from /usr/local/python/3.10.13/lib/python3.10/site-packages/airflow/example_dags/example_datasets.py
[2024-04-24T20:07:27.400+0000] {processor.py:840} INFO - DAG(s) 'dataset_produces_1', 'dataset_produces_2', 'consume_1_and_2_with_dataset_expressions', 'dataset_consumes_1_and_2', 'dataset_consumes_1', 'consume_1_or_2_with_dataset_expressions', 'dataset_consumes_unknown_never_scheduled', 'dataset_consumes_1_never_scheduled', 'consume_1_or_both_2_and_3_with_dataset_expressions', 'conditional_dataset_and_time_based_timetable' retrieved from /usr/local/python/3.10.13/lib/python3.10/site-packages/airflow/example_dags/example_datasets.py
[2024-04-24T20:07:27.430+0000] {logging_mixin.py:188} INFO - [2024-04-24T20:07:27.429+0000] {dag.py:3096} INFO - Sync 10 DAGs
[2024-04-24T20:07:27.445+0000] {logging_mixin.py:188} INFO - [2024-04-24T20:07:27.445+0000] {dag.py:3954} INFO - Setting next_dagrun for conditional_dataset_and_time_based_timetable to 2024-04-24 01:00:00+00:00, run_after=2024-04-24 01:00:00+00:00
[2024-04-24T20:07:27.448+0000] {logging_mixin.py:188} INFO - [2024-04-24T20:07:27.448+0000] {dag.py:3954} INFO - Setting next_dagrun for consume_1_and_2_with_dataset_expressions to None, run_after=None
[2024-04-24T20:07:27.449+0000] {logging_mixin.py:188} INFO - [2024-04-24T20:07:27.448+0000] {dag.py:3954} INFO - Setting next_dagrun for consume_1_or_2_with_dataset_expressions to None, run_after=None
[2024-04-24T20:07:27.449+0000] {logging_mixin.py:188} INFO - [2024-04-24T20:07:27.449+0000] {dag.py:3954} INFO - Setting next_dagrun for consume_1_or_both_2_and_3_with_dataset_expressions to None, run_after=None
[2024-04-24T20:07:27.450+0000] {logging_mixin.py:188} INFO - [2024-04-24T20:07:27.450+0000] {dag.py:3954} INFO - Setting next_dagrun for dataset_consumes_1 to None, run_after=None
[2024-04-24T20:07:27.451+0000] {logging_mixin.py:188} INFO - [2024-04-24T20:07:27.451+0000] {dag.py:3954} INFO - Setting next_dagrun for dataset_consumes_1_and_2 to None, run_after=None
[2024-04-24T20:07:27.451+0000] {logging_mixin.py:188} INFO - [2024-04-24T20:07:27.451+0000] {dag.py:3954} INFO - Setting next_dagrun for dataset_consumes_1_never_scheduled to None, run_after=None
[2024-04-24T20:07:27.452+0000] {logging_mixin.py:188} INFO - [2024-04-24T20:07:27.452+0000] {dag.py:3954} INFO - Setting next_dagrun for dataset_consumes_unknown_never_scheduled to None, run_after=None
[2024-04-24T20:07:27.454+0000] {logging_mixin.py:188} INFO - [2024-04-24T20:07:27.454+0000] {dag.py:3954} INFO - Setting next_dagrun for dataset_produces_1 to 2024-04-23 00:00:00+00:00, run_after=2024-04-24 00:00:00+00:00
[2024-04-24T20:07:27.455+0000] {logging_mixin.py:188} INFO - [2024-04-24T20:07:27.454+0000] {dag.py:3954} INFO - Setting next_dagrun for dataset_produces_2 to None, run_after=None
[2024-04-24T20:07:27.500+0000] {processor.py:183} INFO - Processing /usr/local/python/3.10.13/lib/python3.10/site-packages/airflow/example_dags/example_datasets.py took 0.117 seconds
[2024-04-24T20:08:37.903+0000] {processor.py:161} INFO - Started process (PID=11831) to work on /usr/local/python/3.10.13/lib/python3.10/site-packages/airflow/example_dags/example_datasets.py
[2024-04-24T20:08:37.903+0000] {processor.py:830} INFO - Processing file /usr/local/python/3.10.13/lib/python3.10/site-packages/airflow/example_dags/example_datasets.py for tasks to queue
[2024-04-24T20:08:37.904+0000] {logging_mixin.py:188} INFO - [2024-04-24T20:08:37.904+0000] {dagbag.py:540} INFO - Filling up the DagBag from /usr/local/python/3.10.13/lib/python3.10/site-packages/airflow/example_dags/example_datasets.py
[2024-04-24T20:08:37.916+0000] {processor.py:840} INFO - DAG(s) 'dataset_consumes_1_and_2', 'consume_1_or_both_2_and_3_with_dataset_expressions', 'dataset_consumes_1_never_scheduled', 'consume_1_or_2_with_dataset_expressions', 'dataset_consumes_1', 'dataset_produces_1', 'dataset_produces_2', 'conditional_dataset_and_time_based_timetable', 'dataset_consumes_unknown_never_scheduled', 'consume_1_and_2_with_dataset_expressions' retrieved from /usr/local/python/3.10.13/lib/python3.10/site-packages/airflow/example_dags/example_datasets.py
[2024-04-24T20:08:37.961+0000] {logging_mixin.py:188} INFO - [2024-04-24T20:08:37.961+0000] {dag.py:3096} INFO - Sync 10 DAGs
[2024-04-24T20:08:37.984+0000] {logging_mixin.py:188} INFO - [2024-04-24T20:08:37.984+0000] {dag.py:3954} INFO - Setting next_dagrun for conditional_dataset_and_time_based_timetable to 2024-04-24 01:00:00+00:00, run_after=2024-04-24 01:00:00+00:00
[2024-04-24T20:08:37.986+0000] {logging_mixin.py:188} INFO - [2024-04-24T20:08:37.986+0000] {dag.py:3954} INFO - Setting next_dagrun for consume_1_and_2_with_dataset_expressions to None, run_after=None
[2024-04-24T20:08:37.987+0000] {logging_mixin.py:188} INFO - [2024-04-24T20:08:37.987+0000] {dag.py:3954} INFO - Setting next_dagrun for consume_1_or_2_with_dataset_expressions to None, run_after=None
[2024-04-24T20:08:37.988+0000] {logging_mixin.py:188} INFO - [2024-04-24T20:08:37.988+0000] {dag.py:3954} INFO - Setting next_dagrun for consume_1_or_both_2_and_3_with_dataset_expressions to None, run_after=None
[2024-04-24T20:08:37.989+0000] {logging_mixin.py:188} INFO - [2024-04-24T20:08:37.989+0000] {dag.py:3954} INFO - Setting next_dagrun for dataset_consumes_1 to None, run_after=None
[2024-04-24T20:08:37.990+0000] {logging_mixin.py:188} INFO - [2024-04-24T20:08:37.990+0000] {dag.py:3954} INFO - Setting next_dagrun for dataset_consumes_1_and_2 to None, run_after=None
[2024-04-24T20:08:37.991+0000] {logging_mixin.py:188} INFO - [2024-04-24T20:08:37.991+0000] {dag.py:3954} INFO - Setting next_dagrun for dataset_consumes_1_never_scheduled to None, run_after=None
[2024-04-24T20:08:37.992+0000] {logging_mixin.py:188} INFO - [2024-04-24T20:08:37.992+0000] {dag.py:3954} INFO - Setting next_dagrun for dataset_consumes_unknown_never_scheduled to None, run_after=None
[2024-04-24T20:08:37.995+0000] {logging_mixin.py:188} INFO - [2024-04-24T20:08:37.995+0000] {dag.py:3954} INFO - Setting next_dagrun for dataset_produces_1 to 2024-04-23 00:00:00+00:00, run_after=2024-04-24 00:00:00+00:00
[2024-04-24T20:08:37.996+0000] {logging_mixin.py:188} INFO - [2024-04-24T20:08:37.996+0000] {dag.py:3954} INFO - Setting next_dagrun for dataset_produces_2 to None, run_after=None
[2024-04-24T20:08:38.049+0000] {processor.py:183} INFO - Processing /usr/local/python/3.10.13/lib/python3.10/site-packages/airflow/example_dags/example_datasets.py took 0.151 seconds
[2024-04-24T20:09:45.105+0000] {processor.py:161} INFO - Started process (PID=12376) to work on /usr/local/python/3.10.13/lib/python3.10/site-packages/airflow/example_dags/example_datasets.py
[2024-04-24T20:09:45.105+0000] {processor.py:830} INFO - Processing file /usr/local/python/3.10.13/lib/python3.10/site-packages/airflow/example_dags/example_datasets.py for tasks to queue
[2024-04-24T20:09:45.107+0000] {logging_mixin.py:188} INFO - [2024-04-24T20:09:45.106+0000] {dagbag.py:540} INFO - Filling up the DagBag from /usr/local/python/3.10.13/lib/python3.10/site-packages/airflow/example_dags/example_datasets.py
[2024-04-24T20:09:45.116+0000] {processor.py:840} INFO - DAG(s) 'dataset_produces_2', 'consume_1_or_both_2_and_3_with_dataset_expressions', 'dataset_produces_1', 'dataset_consumes_unknown_never_scheduled', 'dataset_consumes_1_never_scheduled', 'dataset_consumes_1', 'consume_1_or_2_with_dataset_expressions', 'conditional_dataset_and_time_based_timetable', 'dataset_consumes_1_and_2', 'consume_1_and_2_with_dataset_expressions' retrieved from /usr/local/python/3.10.13/lib/python3.10/site-packages/airflow/example_dags/example_datasets.py
[2024-04-24T20:09:45.143+0000] {logging_mixin.py:188} INFO - [2024-04-24T20:09:45.143+0000] {dag.py:3096} INFO - Sync 10 DAGs
[2024-04-24T20:09:45.159+0000] {logging_mixin.py:188} INFO - [2024-04-24T20:09:45.159+0000] {dag.py:3954} INFO - Setting next_dagrun for conditional_dataset_and_time_based_timetable to 2024-04-24 01:00:00+00:00, run_after=2024-04-24 01:00:00+00:00
[2024-04-24T20:09:45.161+0000] {logging_mixin.py:188} INFO - [2024-04-24T20:09:45.161+0000] {dag.py:3954} INFO - Setting next_dagrun for consume_1_and_2_with_dataset_expressions to None, run_after=None
[2024-04-24T20:09:45.162+0000] {logging_mixin.py:188} INFO - [2024-04-24T20:09:45.162+0000] {dag.py:3954} INFO - Setting next_dagrun for consume_1_or_2_with_dataset_expressions to None, run_after=None
[2024-04-24T20:09:45.162+0000] {logging_mixin.py:188} INFO - [2024-04-24T20:09:45.162+0000] {dag.py:3954} INFO - Setting next_dagrun for consume_1_or_both_2_and_3_with_dataset_expressions to None, run_after=None
[2024-04-24T20:09:45.163+0000] {logging_mixin.py:188} INFO - [2024-04-24T20:09:45.163+0000] {dag.py:3954} INFO - Setting next_dagrun for dataset_consumes_1 to None, run_after=None
[2024-04-24T20:09:45.164+0000] {logging_mixin.py:188} INFO - [2024-04-24T20:09:45.164+0000] {dag.py:3954} INFO - Setting next_dagrun for dataset_consumes_1_and_2 to None, run_after=None
[2024-04-24T20:09:45.165+0000] {logging_mixin.py:188} INFO - [2024-04-24T20:09:45.164+0000] {dag.py:3954} INFO - Setting next_dagrun for dataset_consumes_1_never_scheduled to None, run_after=None
[2024-04-24T20:09:45.165+0000] {logging_mixin.py:188} INFO - [2024-04-24T20:09:45.165+0000] {dag.py:3954} INFO - Setting next_dagrun for dataset_consumes_unknown_never_scheduled to None, run_after=None
[2024-04-24T20:09:45.167+0000] {logging_mixin.py:188} INFO - [2024-04-24T20:09:45.167+0000] {dag.py:3954} INFO - Setting next_dagrun for dataset_produces_1 to 2024-04-23 00:00:00+00:00, run_after=2024-04-24 00:00:00+00:00
[2024-04-24T20:09:45.168+0000] {logging_mixin.py:188} INFO - [2024-04-24T20:09:45.168+0000] {dag.py:3954} INFO - Setting next_dagrun for dataset_produces_2 to None, run_after=None
[2024-04-24T20:09:45.213+0000] {processor.py:183} INFO - Processing /usr/local/python/3.10.13/lib/python3.10/site-packages/airflow/example_dags/example_datasets.py took 0.113 seconds
[2024-04-24T20:10:51.027+0000] {processor.py:161} INFO - Started process (PID=13149) to work on /usr/local/python/3.10.13/lib/python3.10/site-packages/airflow/example_dags/example_datasets.py
[2024-04-24T20:10:51.027+0000] {processor.py:830} INFO - Processing file /usr/local/python/3.10.13/lib/python3.10/site-packages/airflow/example_dags/example_datasets.py for tasks to queue
[2024-04-24T20:10:51.029+0000] {logging_mixin.py:188} INFO - [2024-04-24T20:10:51.028+0000] {dagbag.py:540} INFO - Filling up the DagBag from /usr/local/python/3.10.13/lib/python3.10/site-packages/airflow/example_dags/example_datasets.py
[2024-04-24T20:10:51.038+0000] {processor.py:840} INFO - DAG(s) 'dataset_consumes_1_never_scheduled', 'dataset_consumes_unknown_never_scheduled', 'conditional_dataset_and_time_based_timetable', 'dataset_produces_1', 'consume_1_and_2_with_dataset_expressions', 'consume_1_or_2_with_dataset_expressions', 'dataset_produces_2', 'dataset_consumes_1_and_2', 'dataset_consumes_1', 'consume_1_or_both_2_and_3_with_dataset_expressions' retrieved from /usr/local/python/3.10.13/lib/python3.10/site-packages/airflow/example_dags/example_datasets.py
[2024-04-24T20:10:51.066+0000] {logging_mixin.py:188} INFO - [2024-04-24T20:10:51.066+0000] {dag.py:3096} INFO - Sync 10 DAGs
[2024-04-24T20:10:51.081+0000] {logging_mixin.py:188} INFO - [2024-04-24T20:10:51.081+0000] {dag.py:3954} INFO - Setting next_dagrun for conditional_dataset_and_time_based_timetable to 2024-04-24 01:00:00+00:00, run_after=2024-04-24 01:00:00+00:00
[2024-04-24T20:10:51.084+0000] {logging_mixin.py:188} INFO - [2024-04-24T20:10:51.084+0000] {dag.py:3954} INFO - Setting next_dagrun for consume_1_and_2_with_dataset_expressions to None, run_after=None
[2024-04-24T20:10:51.085+0000] {logging_mixin.py:188} INFO - [2024-04-24T20:10:51.084+0000] {dag.py:3954} INFO - Setting next_dagrun for consume_1_or_2_with_dataset_expressions to None, run_after=None
[2024-04-24T20:10:51.085+0000] {logging_mixin.py:188} INFO - [2024-04-24T20:10:51.085+0000] {dag.py:3954} INFO - Setting next_dagrun for consume_1_or_both_2_and_3_with_dataset_expressions to None, run_after=None
[2024-04-24T20:10:51.086+0000] {logging_mixin.py:188} INFO - [2024-04-24T20:10:51.086+0000] {dag.py:3954} INFO - Setting next_dagrun for dataset_consumes_1 to None, run_after=None
[2024-04-24T20:10:51.087+0000] {logging_mixin.py:188} INFO - [2024-04-24T20:10:51.087+0000] {dag.py:3954} INFO - Setting next_dagrun for dataset_consumes_1_and_2 to None, run_after=None
[2024-04-24T20:10:51.087+0000] {logging_mixin.py:188} INFO - [2024-04-24T20:10:51.087+0000] {dag.py:3954} INFO - Setting next_dagrun for dataset_consumes_1_never_scheduled to None, run_after=None
[2024-04-24T20:10:51.088+0000] {logging_mixin.py:188} INFO - [2024-04-24T20:10:51.088+0000] {dag.py:3954} INFO - Setting next_dagrun for dataset_consumes_unknown_never_scheduled to None, run_after=None
[2024-04-24T20:10:51.090+0000] {logging_mixin.py:188} INFO - [2024-04-24T20:10:51.090+0000] {dag.py:3954} INFO - Setting next_dagrun for dataset_produces_1 to 2024-04-23 00:00:00+00:00, run_after=2024-04-24 00:00:00+00:00
[2024-04-24T20:10:51.091+0000] {logging_mixin.py:188} INFO - [2024-04-24T20:10:51.090+0000] {dag.py:3954} INFO - Setting next_dagrun for dataset_produces_2 to None, run_after=None
[2024-04-24T20:10:51.138+0000] {processor.py:183} INFO - Processing /usr/local/python/3.10.13/lib/python3.10/site-packages/airflow/example_dags/example_datasets.py took 0.116 seconds
[2024-04-24T20:11:59.027+0000] {processor.py:161} INFO - Started process (PID=13797) to work on /usr/local/python/3.10.13/lib/python3.10/site-packages/airflow/example_dags/example_datasets.py
[2024-04-24T20:11:59.027+0000] {processor.py:830} INFO - Processing file /usr/local/python/3.10.13/lib/python3.10/site-packages/airflow/example_dags/example_datasets.py for tasks to queue
[2024-04-24T20:11:59.028+0000] {logging_mixin.py:188} INFO - [2024-04-24T20:11:59.028+0000] {dagbag.py:540} INFO - Filling up the DagBag from /usr/local/python/3.10.13/lib/python3.10/site-packages/airflow/example_dags/example_datasets.py
[2024-04-24T20:11:59.037+0000] {processor.py:840} INFO - DAG(s) 'dataset_consumes_1', 'consume_1_and_2_with_dataset_expressions', 'conditional_dataset_and_time_based_timetable', 'dataset_consumes_1_never_scheduled', 'consume_1_or_2_with_dataset_expressions', 'dataset_produces_2', 'dataset_produces_1', 'dataset_consumes_unknown_never_scheduled', 'consume_1_or_both_2_and_3_with_dataset_expressions', 'dataset_consumes_1_and_2' retrieved from /usr/local/python/3.10.13/lib/python3.10/site-packages/airflow/example_dags/example_datasets.py
[2024-04-24T20:11:59.065+0000] {logging_mixin.py:188} INFO - [2024-04-24T20:11:59.065+0000] {dag.py:3096} INFO - Sync 10 DAGs
[2024-04-24T20:11:59.081+0000] {logging_mixin.py:188} INFO - [2024-04-24T20:11:59.081+0000] {dag.py:3954} INFO - Setting next_dagrun for conditional_dataset_and_time_based_timetable to 2024-04-24 01:00:00+00:00, run_after=2024-04-24 01:00:00+00:00
[2024-04-24T20:11:59.084+0000] {logging_mixin.py:188} INFO - [2024-04-24T20:11:59.083+0000] {dag.py:3954} INFO - Setting next_dagrun for consume_1_and_2_with_dataset_expressions to None, run_after=None
[2024-04-24T20:11:59.084+0000] {logging_mixin.py:188} INFO - [2024-04-24T20:11:59.084+0000] {dag.py:3954} INFO - Setting next_dagrun for consume_1_or_2_with_dataset_expressions to None, run_after=None
[2024-04-24T20:11:59.085+0000] {logging_mixin.py:188} INFO - [2024-04-24T20:11:59.085+0000] {dag.py:3954} INFO - Setting next_dagrun for consume_1_or_both_2_and_3_with_dataset_expressions to None, run_after=None
[2024-04-24T20:11:59.086+0000] {logging_mixin.py:188} INFO - [2024-04-24T20:11:59.086+0000] {dag.py:3954} INFO - Setting next_dagrun for dataset_consumes_1 to None, run_after=None
[2024-04-24T20:11:59.086+0000] {logging_mixin.py:188} INFO - [2024-04-24T20:11:59.086+0000] {dag.py:3954} INFO - Setting next_dagrun for dataset_consumes_1_and_2 to None, run_after=None
[2024-04-24T20:11:59.087+0000] {logging_mixin.py:188} INFO - [2024-04-24T20:11:59.087+0000] {dag.py:3954} INFO - Setting next_dagrun for dataset_consumes_1_never_scheduled to None, run_after=None
[2024-04-24T20:11:59.088+0000] {logging_mixin.py:188} INFO - [2024-04-24T20:11:59.088+0000] {dag.py:3954} INFO - Setting next_dagrun for dataset_consumes_unknown_never_scheduled to None, run_after=None
[2024-04-24T20:11:59.089+0000] {logging_mixin.py:188} INFO - [2024-04-24T20:11:59.089+0000] {dag.py:3954} INFO - Setting next_dagrun for dataset_produces_1 to 2024-04-23 00:00:00+00:00, run_after=2024-04-24 00:00:00+00:00
[2024-04-24T20:11:59.090+0000] {logging_mixin.py:188} INFO - [2024-04-24T20:11:59.090+0000] {dag.py:3954} INFO - Setting next_dagrun for dataset_produces_2 to None, run_after=None
[2024-04-24T20:11:59.135+0000] {processor.py:183} INFO - Processing /usr/local/python/3.10.13/lib/python3.10/site-packages/airflow/example_dags/example_datasets.py took 0.113 seconds
[2024-04-24T20:13:06.594+0000] {processor.py:161} INFO - Started process (PID=14320) to work on /usr/local/python/3.10.13/lib/python3.10/site-packages/airflow/example_dags/example_datasets.py
[2024-04-24T20:13:06.595+0000] {processor.py:830} INFO - Processing file /usr/local/python/3.10.13/lib/python3.10/site-packages/airflow/example_dags/example_datasets.py for tasks to queue
[2024-04-24T20:13:06.596+0000] {logging_mixin.py:188} INFO - [2024-04-24T20:13:06.596+0000] {dagbag.py:540} INFO - Filling up the DagBag from /usr/local/python/3.10.13/lib/python3.10/site-packages/airflow/example_dags/example_datasets.py
[2024-04-24T20:13:06.605+0000] {processor.py:840} INFO - DAG(s) 'consume_1_or_2_with_dataset_expressions', 'dataset_consumes_1', 'dataset_produces_1', 'conditional_dataset_and_time_based_timetable', 'consume_1_and_2_with_dataset_expressions', 'dataset_consumes_1_and_2', 'dataset_consumes_1_never_scheduled', 'dataset_consumes_unknown_never_scheduled', 'consume_1_or_both_2_and_3_with_dataset_expressions', 'dataset_produces_2' retrieved from /usr/local/python/3.10.13/lib/python3.10/site-packages/airflow/example_dags/example_datasets.py
[2024-04-24T20:13:06.633+0000] {logging_mixin.py:188} INFO - [2024-04-24T20:13:06.633+0000] {dag.py:3096} INFO - Sync 10 DAGs
[2024-04-24T20:13:06.649+0000] {logging_mixin.py:188} INFO - [2024-04-24T20:13:06.649+0000] {dag.py:3954} INFO - Setting next_dagrun for conditional_dataset_and_time_based_timetable to 2024-04-24 01:00:00+00:00, run_after=2024-04-24 01:00:00+00:00
[2024-04-24T20:13:06.651+0000] {logging_mixin.py:188} INFO - [2024-04-24T20:13:06.651+0000] {dag.py:3954} INFO - Setting next_dagrun for consume_1_and_2_with_dataset_expressions to None, run_after=None
[2024-04-24T20:13:06.652+0000] {logging_mixin.py:188} INFO - [2024-04-24T20:13:06.652+0000] {dag.py:3954} INFO - Setting next_dagrun for consume_1_or_2_with_dataset_expressions to None, run_after=None
[2024-04-24T20:13:06.653+0000] {logging_mixin.py:188} INFO - [2024-04-24T20:13:06.653+0000] {dag.py:3954} INFO - Setting next_dagrun for consume_1_or_both_2_and_3_with_dataset_expressions to None, run_after=None
[2024-04-24T20:13:06.654+0000] {logging_mixin.py:188} INFO - [2024-04-24T20:13:06.653+0000] {dag.py:3954} INFO - Setting next_dagrun for dataset_consumes_1 to None, run_after=None
[2024-04-24T20:13:06.654+0000] {logging_mixin.py:188} INFO - [2024-04-24T20:13:06.654+0000] {dag.py:3954} INFO - Setting next_dagrun for dataset_consumes_1_and_2 to None, run_after=None
[2024-04-24T20:13:06.655+0000] {logging_mixin.py:188} INFO - [2024-04-24T20:13:06.655+0000] {dag.py:3954} INFO - Setting next_dagrun for dataset_consumes_1_never_scheduled to None, run_after=None
[2024-04-24T20:13:06.656+0000] {logging_mixin.py:188} INFO - [2024-04-24T20:13:06.656+0000] {dag.py:3954} INFO - Setting next_dagrun for dataset_consumes_unknown_never_scheduled to None, run_after=None
[2024-04-24T20:13:06.657+0000] {logging_mixin.py:188} INFO - [2024-04-24T20:13:06.657+0000] {dag.py:3954} INFO - Setting next_dagrun for dataset_produces_1 to 2024-04-23 00:00:00+00:00, run_after=2024-04-24 00:00:00+00:00
[2024-04-24T20:13:06.658+0000] {logging_mixin.py:188} INFO - [2024-04-24T20:13:06.658+0000] {dag.py:3954} INFO - Setting next_dagrun for dataset_produces_2 to None, run_after=None
[2024-04-24T20:13:06.703+0000] {processor.py:183} INFO - Processing /usr/local/python/3.10.13/lib/python3.10/site-packages/airflow/example_dags/example_datasets.py took 0.113 seconds
[2024-04-24T20:14:14.129+0000] {processor.py:161} INFO - Started process (PID=15050) to work on /usr/local/python/3.10.13/lib/python3.10/site-packages/airflow/example_dags/example_datasets.py
[2024-04-24T20:14:14.130+0000] {processor.py:830} INFO - Processing file /usr/local/python/3.10.13/lib/python3.10/site-packages/airflow/example_dags/example_datasets.py for tasks to queue
[2024-04-24T20:14:14.132+0000] {logging_mixin.py:188} INFO - [2024-04-24T20:14:14.131+0000] {dagbag.py:540} INFO - Filling up the DagBag from /usr/local/python/3.10.13/lib/python3.10/site-packages/airflow/example_dags/example_datasets.py
[2024-04-24T20:14:14.142+0000] {processor.py:840} INFO - DAG(s) 'dataset_consumes_1_never_scheduled', 'dataset_produces_1', 'consume_1_or_both_2_and_3_with_dataset_expressions', 'consume_1_or_2_with_dataset_expressions', 'dataset_consumes_1_and_2', 'consume_1_and_2_with_dataset_expressions', 'dataset_consumes_1', 'conditional_dataset_and_time_based_timetable', 'dataset_produces_2', 'dataset_consumes_unknown_never_scheduled' retrieved from /usr/local/python/3.10.13/lib/python3.10/site-packages/airflow/example_dags/example_datasets.py
[2024-04-24T20:14:14.170+0000] {logging_mixin.py:188} INFO - [2024-04-24T20:14:14.170+0000] {dag.py:3096} INFO - Sync 10 DAGs
[2024-04-24T20:14:14.185+0000] {logging_mixin.py:188} INFO - [2024-04-24T20:14:14.185+0000] {dag.py:3954} INFO - Setting next_dagrun for conditional_dataset_and_time_based_timetable to 2024-04-24 01:00:00+00:00, run_after=2024-04-24 01:00:00+00:00
[2024-04-24T20:14:14.188+0000] {logging_mixin.py:188} INFO - [2024-04-24T20:14:14.188+0000] {dag.py:3954} INFO - Setting next_dagrun for consume_1_and_2_with_dataset_expressions to None, run_after=None
[2024-04-24T20:14:14.189+0000] {logging_mixin.py:188} INFO - [2024-04-24T20:14:14.189+0000] {dag.py:3954} INFO - Setting next_dagrun for consume_1_or_2_with_dataset_expressions to None, run_after=None
[2024-04-24T20:14:14.190+0000] {logging_mixin.py:188} INFO - [2024-04-24T20:14:14.190+0000] {dag.py:3954} INFO - Setting next_dagrun for consume_1_or_both_2_and_3_with_dataset_expressions to None, run_after=None
[2024-04-24T20:14:14.191+0000] {logging_mixin.py:188} INFO - [2024-04-24T20:14:14.190+0000] {dag.py:3954} INFO - Setting next_dagrun for dataset_consumes_1 to None, run_after=None
[2024-04-24T20:14:14.191+0000] {logging_mixin.py:188} INFO - [2024-04-24T20:14:14.191+0000] {dag.py:3954} INFO - Setting next_dagrun for dataset_consumes_1_and_2 to None, run_after=None
[2024-04-24T20:14:14.192+0000] {logging_mixin.py:188} INFO - [2024-04-24T20:14:14.192+0000] {dag.py:3954} INFO - Setting next_dagrun for dataset_consumes_1_never_scheduled to None, run_after=None
[2024-04-24T20:14:14.193+0000] {logging_mixin.py:188} INFO - [2024-04-24T20:14:14.192+0000] {dag.py:3954} INFO - Setting next_dagrun for dataset_consumes_unknown_never_scheduled to None, run_after=None
[2024-04-24T20:14:14.194+0000] {logging_mixin.py:188} INFO - [2024-04-24T20:14:14.194+0000] {dag.py:3954} INFO - Setting next_dagrun for dataset_produces_1 to 2024-04-23 00:00:00+00:00, run_after=2024-04-24 00:00:00+00:00
[2024-04-24T20:14:14.195+0000] {logging_mixin.py:188} INFO - [2024-04-24T20:14:14.195+0000] {dag.py:3954} INFO - Setting next_dagrun for dataset_produces_2 to None, run_after=None
[2024-04-24T20:14:14.242+0000] {processor.py:183} INFO - Processing /usr/local/python/3.10.13/lib/python3.10/site-packages/airflow/example_dags/example_datasets.py took 0.118 seconds
[2024-04-24T20:15:19.441+0000] {processor.py:161} INFO - Started process (PID=15575) to work on /usr/local/python/3.10.13/lib/python3.10/site-packages/airflow/example_dags/example_datasets.py
[2024-04-24T20:15:19.441+0000] {processor.py:830} INFO - Processing file /usr/local/python/3.10.13/lib/python3.10/site-packages/airflow/example_dags/example_datasets.py for tasks to queue
[2024-04-24T20:15:19.443+0000] {logging_mixin.py:188} INFO - [2024-04-24T20:15:19.442+0000] {dagbag.py:540} INFO - Filling up the DagBag from /usr/local/python/3.10.13/lib/python3.10/site-packages/airflow/example_dags/example_datasets.py
[2024-04-24T20:15:19.451+0000] {processor.py:840} INFO - DAG(s) 'dataset_consumes_1_and_2', 'consume_1_or_both_2_and_3_with_dataset_expressions', 'dataset_consumes_1_never_scheduled', 'consume_1_or_2_with_dataset_expressions', 'dataset_consumes_unknown_never_scheduled', 'dataset_consumes_1', 'dataset_produces_1', 'conditional_dataset_and_time_based_timetable', 'consume_1_and_2_with_dataset_expressions', 'dataset_produces_2' retrieved from /usr/local/python/3.10.13/lib/python3.10/site-packages/airflow/example_dags/example_datasets.py
[2024-04-24T20:15:19.480+0000] {logging_mixin.py:188} INFO - [2024-04-24T20:15:19.479+0000] {dag.py:3096} INFO - Sync 10 DAGs
[2024-04-24T20:15:19.495+0000] {logging_mixin.py:188} INFO - [2024-04-24T20:15:19.495+0000] {dag.py:3954} INFO - Setting next_dagrun for conditional_dataset_and_time_based_timetable to 2024-04-24 01:00:00+00:00, run_after=2024-04-24 01:00:00+00:00
[2024-04-24T20:15:19.498+0000] {logging_mixin.py:188} INFO - [2024-04-24T20:15:19.497+0000] {dag.py:3954} INFO - Setting next_dagrun for consume_1_and_2_with_dataset_expressions to None, run_after=None
[2024-04-24T20:15:19.498+0000] {logging_mixin.py:188} INFO - [2024-04-24T20:15:19.498+0000] {dag.py:3954} INFO - Setting next_dagrun for consume_1_or_2_with_dataset_expressions to None, run_after=None
[2024-04-24T20:15:19.499+0000] {logging_mixin.py:188} INFO - [2024-04-24T20:15:19.499+0000] {dag.py:3954} INFO - Setting next_dagrun for consume_1_or_both_2_and_3_with_dataset_expressions to None, run_after=None
[2024-04-24T20:15:19.500+0000] {logging_mixin.py:188} INFO - [2024-04-24T20:15:19.500+0000] {dag.py:3954} INFO - Setting next_dagrun for dataset_consumes_1 to None, run_after=None
[2024-04-24T20:15:19.500+0000] {logging_mixin.py:188} INFO - [2024-04-24T20:15:19.500+0000] {dag.py:3954} INFO - Setting next_dagrun for dataset_consumes_1_and_2 to None, run_after=None
[2024-04-24T20:15:19.501+0000] {logging_mixin.py:188} INFO - [2024-04-24T20:15:19.501+0000] {dag.py:3954} INFO - Setting next_dagrun for dataset_consumes_1_never_scheduled to None, run_after=None
[2024-04-24T20:15:19.502+0000] {logging_mixin.py:188} INFO - [2024-04-24T20:15:19.502+0000] {dag.py:3954} INFO - Setting next_dagrun for dataset_consumes_unknown_never_scheduled to None, run_after=None
[2024-04-24T20:15:19.504+0000] {logging_mixin.py:188} INFO - [2024-04-24T20:15:19.503+0000] {dag.py:3954} INFO - Setting next_dagrun for dataset_produces_1 to 2024-04-23 00:00:00+00:00, run_after=2024-04-24 00:00:00+00:00
[2024-04-24T20:15:19.504+0000] {logging_mixin.py:188} INFO - [2024-04-24T20:15:19.504+0000] {dag.py:3954} INFO - Setting next_dagrun for dataset_produces_2 to None, run_after=None
[2024-04-24T20:15:19.548+0000] {processor.py:183} INFO - Processing /usr/local/python/3.10.13/lib/python3.10/site-packages/airflow/example_dags/example_datasets.py took 0.112 seconds
