[2024-04-24T20:02:42.392+0000] {processor.py:161} INFO - Started process (PID=7680) to work on /usr/local/python/3.10.13/lib/python3.10/site-packages/airflow/example_dags/example_sensor_decorator.py
[2024-04-24T20:02:42.393+0000] {processor.py:830} INFO - Processing file /usr/local/python/3.10.13/lib/python3.10/site-packages/airflow/example_dags/example_sensor_decorator.py for tasks to queue
[2024-04-24T20:02:42.394+0000] {logging_mixin.py:188} INFO - [2024-04-24T20:02:42.393+0000] {dagbag.py:540} INFO - Filling up the DagBag from /usr/local/python/3.10.13/lib/python3.10/site-packages/airflow/example_dags/example_sensor_decorator.py
[2024-04-24T20:02:42.398+0000] {processor.py:840} INFO - DAG(s) 'example_sensor_decorator' retrieved from /usr/local/python/3.10.13/lib/python3.10/site-packages/airflow/example_dags/example_sensor_decorator.py
[2024-04-24T20:02:42.592+0000] {logging_mixin.py:188} INFO - [2024-04-24T20:02:42.591+0000] {dag.py:3096} INFO - Sync 1 DAGs
[2024-04-24T20:02:42.598+0000] {logging_mixin.py:188} INFO - [2024-04-24T20:02:42.598+0000] {dag.py:3954} INFO - Setting next_dagrun for example_sensor_decorator to None, run_after=None
[2024-04-24T20:02:42.636+0000] {processor.py:183} INFO - Processing /usr/local/python/3.10.13/lib/python3.10/site-packages/airflow/example_dags/example_sensor_decorator.py took 0.249 seconds
[2024-04-24T20:03:38.637+0000] {processor.py:161} INFO - Started process (PID=8440) to work on /usr/local/python/3.10.13/lib/python3.10/site-packages/airflow/example_dags/example_sensor_decorator.py
[2024-04-24T20:03:38.638+0000] {processor.py:830} INFO - Processing file /usr/local/python/3.10.13/lib/python3.10/site-packages/airflow/example_dags/example_sensor_decorator.py for tasks to queue
[2024-04-24T20:03:38.639+0000] {logging_mixin.py:188} INFO - [2024-04-24T20:03:38.639+0000] {dagbag.py:540} INFO - Filling up the DagBag from /usr/local/python/3.10.13/lib/python3.10/site-packages/airflow/example_dags/example_sensor_decorator.py
[2024-04-24T20:03:38.709+0000] {processor.py:840} INFO - DAG(s) 'example_sensor_decorator' retrieved from /usr/local/python/3.10.13/lib/python3.10/site-packages/airflow/example_dags/example_sensor_decorator.py
[2024-04-24T20:03:38.717+0000] {logging_mixin.py:188} INFO - [2024-04-24T20:03:38.716+0000] {dag.py:3096} INFO - Sync 1 DAGs
[2024-04-24T20:03:38.723+0000] {logging_mixin.py:188} INFO - [2024-04-24T20:03:38.723+0000] {dag.py:3954} INFO - Setting next_dagrun for example_sensor_decorator to None, run_after=None
[2024-04-24T20:03:38.759+0000] {processor.py:183} INFO - Processing /usr/local/python/3.10.13/lib/python3.10/site-packages/airflow/example_dags/example_sensor_decorator.py took 0.126 seconds
[2024-04-24T20:04:31.794+0000] {processor.py:161} INFO - Started process (PID=8943) to work on /usr/local/python/3.10.13/lib/python3.10/site-packages/airflow/example_dags/example_sensor_decorator.py
[2024-04-24T20:04:31.795+0000] {processor.py:830} INFO - Processing file /usr/local/python/3.10.13/lib/python3.10/site-packages/airflow/example_dags/example_sensor_decorator.py for tasks to queue
[2024-04-24T20:04:31.796+0000] {logging_mixin.py:188} INFO - [2024-04-24T20:04:31.796+0000] {dagbag.py:540} INFO - Filling up the DagBag from /usr/local/python/3.10.13/lib/python3.10/site-packages/airflow/example_dags/example_sensor_decorator.py
[2024-04-24T20:04:31.800+0000] {processor.py:840} INFO - DAG(s) 'example_sensor_decorator' retrieved from /usr/local/python/3.10.13/lib/python3.10/site-packages/airflow/example_dags/example_sensor_decorator.py
[2024-04-24T20:04:31.813+0000] {logging_mixin.py:188} INFO - [2024-04-24T20:04:31.813+0000] {dag.py:3096} INFO - Sync 1 DAGs
[2024-04-24T20:04:31.821+0000] {logging_mixin.py:188} INFO - [2024-04-24T20:04:31.821+0000] {dag.py:3954} INFO - Setting next_dagrun for example_sensor_decorator to None, run_after=None
[2024-04-24T20:04:31.859+0000] {processor.py:183} INFO - Processing /usr/local/python/3.10.13/lib/python3.10/site-packages/airflow/example_dags/example_sensor_decorator.py took 0.069 seconds
