[2024-04-24T20:02:19.368+0000] {processor.py:161} INFO - Started process (PID=7525) to work on /usr/local/python/3.10.13/lib/python3.10/site-packages/airflow/example_dags/example_subdag_operator.py
[2024-04-24T20:02:19.369+0000] {processor.py:830} INFO - Processing file /usr/local/python/3.10.13/lib/python3.10/site-packages/airflow/example_dags/example_subdag_operator.py for tasks to queue
[2024-04-24T20:02:19.370+0000] {logging_mixin.py:188} INFO - [2024-04-24T20:02:19.370+0000] {dagbag.py:540} INFO - Filling up the DagBag from /usr/local/python/3.10.13/lib/python3.10/site-packages/airflow/example_dags/example_subdag_operator.py
[2024-04-24T20:02:19.384+0000] {processor.py:840} INFO - DAG(s) 'example_subdag_operator.section-1', 'example_subdag_operator.section-2', 'example_subdag_operator' retrieved from /usr/local/python/3.10.13/lib/python3.10/site-packages/airflow/example_dags/example_subdag_operator.py
[2024-04-24T20:02:19.459+0000] {logging_mixin.py:188} INFO - [2024-04-24T20:02:19.459+0000] {dag.py:3096} INFO - Sync 3 DAGs
[2024-04-24T20:02:19.542+0000] {logging_mixin.py:188} INFO - [2024-04-24T20:02:19.542+0000] {dag.py:3954} INFO - Setting next_dagrun for example_subdag_operator to 2022-01-01 00:00:00+00:00, run_after=2022-01-01 00:00:00+00:00
[2024-04-24T20:02:19.545+0000] {logging_mixin.py:188} INFO - [2024-04-24T20:02:19.544+0000] {dag.py:3954} INFO - Setting next_dagrun for example_subdag_operator.section-1 to None, run_after=None
[2024-04-24T20:02:19.546+0000] {logging_mixin.py:188} INFO - [2024-04-24T20:02:19.546+0000] {dag.py:3954} INFO - Setting next_dagrun for example_subdag_operator.section-2 to None, run_after=None
[2024-04-24T20:02:19.586+0000] {logging_mixin.py:188} INFO - [2024-04-24T20:02:19.586+0000] {dag.py:3096} INFO - Sync 2 DAGs
[2024-04-24T20:02:19.589+0000] {logging_mixin.py:188} INFO - [2024-04-24T20:02:19.589+0000] {dag.py:3954} INFO - Setting next_dagrun for example_subdag_operator.section-1 to None, run_after=None
[2024-04-24T20:02:19.589+0000] {logging_mixin.py:188} INFO - [2024-04-24T20:02:19.589+0000] {dag.py:3954} INFO - Setting next_dagrun for example_subdag_operator.section-2 to None, run_after=None
[2024-04-24T20:02:19.620+0000] {processor.py:183} INFO - Processing /usr/local/python/3.10.13/lib/python3.10/site-packages/airflow/example_dags/example_subdag_operator.py took 0.256 seconds
[2024-04-24T20:03:20.331+0000] {processor.py:161} INFO - Started process (PID=8310) to work on /usr/local/python/3.10.13/lib/python3.10/site-packages/airflow/example_dags/example_subdag_operator.py
[2024-04-24T20:03:20.331+0000] {processor.py:830} INFO - Processing file /usr/local/python/3.10.13/lib/python3.10/site-packages/airflow/example_dags/example_subdag_operator.py for tasks to queue
[2024-04-24T20:03:20.333+0000] {logging_mixin.py:188} INFO - [2024-04-24T20:03:20.332+0000] {dagbag.py:540} INFO - Filling up the DagBag from /usr/local/python/3.10.13/lib/python3.10/site-packages/airflow/example_dags/example_subdag_operator.py
[2024-04-24T20:03:20.347+0000] {processor.py:840} INFO - DAG(s) 'example_subdag_operator.section-1', 'example_subdag_operator.section-2', 'example_subdag_operator' retrieved from /usr/local/python/3.10.13/lib/python3.10/site-packages/airflow/example_dags/example_subdag_operator.py
[2024-04-24T20:03:20.358+0000] {logging_mixin.py:188} INFO - [2024-04-24T20:03:20.358+0000] {dag.py:3096} INFO - Sync 3 DAGs
[2024-04-24T20:03:20.429+0000] {logging_mixin.py:188} INFO - [2024-04-24T20:03:20.428+0000] {dag.py:3954} INFO - Setting next_dagrun for example_subdag_operator to 2022-01-01 00:00:00+00:00, run_after=2022-01-01 00:00:00+00:00
[2024-04-24T20:03:20.431+0000] {logging_mixin.py:188} INFO - [2024-04-24T20:03:20.431+0000] {dag.py:3954} INFO - Setting next_dagrun for example_subdag_operator.section-1 to None, run_after=None
[2024-04-24T20:03:20.432+0000] {logging_mixin.py:188} INFO - [2024-04-24T20:03:20.432+0000] {dag.py:3954} INFO - Setting next_dagrun for example_subdag_operator.section-2 to None, run_after=None
[2024-04-24T20:03:20.436+0000] {logging_mixin.py:188} INFO - [2024-04-24T20:03:20.435+0000] {dag.py:3096} INFO - Sync 2 DAGs
[2024-04-24T20:03:20.438+0000] {logging_mixin.py:188} INFO - [2024-04-24T20:03:20.438+0000] {dag.py:3954} INFO - Setting next_dagrun for example_subdag_operator.section-1 to None, run_after=None
[2024-04-24T20:03:20.439+0000] {logging_mixin.py:188} INFO - [2024-04-24T20:03:20.438+0000] {dag.py:3954} INFO - Setting next_dagrun for example_subdag_operator.section-2 to None, run_after=None
[2024-04-24T20:03:20.472+0000] {processor.py:183} INFO - Processing /usr/local/python/3.10.13/lib/python3.10/site-packages/airflow/example_dags/example_subdag_operator.py took 0.145 seconds
[2024-04-24T20:04:10.389+0000] {processor.py:161} INFO - Started process (PID=8783) to work on /usr/local/python/3.10.13/lib/python3.10/site-packages/airflow/example_dags/example_subdag_operator.py
[2024-04-24T20:04:10.390+0000] {processor.py:830} INFO - Processing file /usr/local/python/3.10.13/lib/python3.10/site-packages/airflow/example_dags/example_subdag_operator.py for tasks to queue
[2024-04-24T20:04:10.391+0000] {logging_mixin.py:188} INFO - [2024-04-24T20:04:10.391+0000] {dagbag.py:540} INFO - Filling up the DagBag from /usr/local/python/3.10.13/lib/python3.10/site-packages/airflow/example_dags/example_subdag_operator.py
[2024-04-24T20:04:10.405+0000] {processor.py:840} INFO - DAG(s) 'example_subdag_operator.section-1', 'example_subdag_operator.section-2', 'example_subdag_operator' retrieved from /usr/local/python/3.10.13/lib/python3.10/site-packages/airflow/example_dags/example_subdag_operator.py
[2024-04-24T20:04:10.416+0000] {logging_mixin.py:188} INFO - [2024-04-24T20:04:10.415+0000] {dag.py:3096} INFO - Sync 3 DAGs
[2024-04-24T20:04:10.429+0000] {logging_mixin.py:188} INFO - [2024-04-24T20:04:10.429+0000] {dag.py:3954} INFO - Setting next_dagrun for example_subdag_operator to 2022-01-01 00:00:00+00:00, run_after=2022-01-01 00:00:00+00:00
[2024-04-24T20:04:10.432+0000] {logging_mixin.py:188} INFO - [2024-04-24T20:04:10.432+0000] {dag.py:3954} INFO - Setting next_dagrun for example_subdag_operator.section-1 to None, run_after=None
[2024-04-24T20:04:10.433+0000] {logging_mixin.py:188} INFO - [2024-04-24T20:04:10.433+0000] {dag.py:3954} INFO - Setting next_dagrun for example_subdag_operator.section-2 to None, run_after=None
[2024-04-24T20:04:10.439+0000] {logging_mixin.py:188} INFO - [2024-04-24T20:04:10.438+0000] {dag.py:3096} INFO - Sync 2 DAGs
[2024-04-24T20:04:10.442+0000] {logging_mixin.py:188} INFO - [2024-04-24T20:04:10.442+0000] {dag.py:3954} INFO - Setting next_dagrun for example_subdag_operator.section-1 to None, run_after=None
[2024-04-24T20:04:10.443+0000] {logging_mixin.py:188} INFO - [2024-04-24T20:04:10.443+0000] {dag.py:3954} INFO - Setting next_dagrun for example_subdag_operator.section-2 to None, run_after=None
[2024-04-24T20:04:10.482+0000] {processor.py:183} INFO - Processing /usr/local/python/3.10.13/lib/python3.10/site-packages/airflow/example_dags/example_subdag_operator.py took 0.098 seconds
[2024-04-24T20:04:56.439+0000] {processor.py:161} INFO - Started process (PID=9193) to work on /usr/local/python/3.10.13/lib/python3.10/site-packages/airflow/example_dags/example_subdag_operator.py
[2024-04-24T20:04:56.440+0000] {processor.py:830} INFO - Processing file /usr/local/python/3.10.13/lib/python3.10/site-packages/airflow/example_dags/example_subdag_operator.py for tasks to queue
[2024-04-24T20:04:56.441+0000] {logging_mixin.py:188} INFO - [2024-04-24T20:04:56.441+0000] {dagbag.py:540} INFO - Filling up the DagBag from /usr/local/python/3.10.13/lib/python3.10/site-packages/airflow/example_dags/example_subdag_operator.py
[2024-04-24T20:04:56.461+0000] {processor.py:840} INFO - DAG(s) 'example_subdag_operator.section-1', 'example_subdag_operator.section-2', 'example_subdag_operator' retrieved from /usr/local/python/3.10.13/lib/python3.10/site-packages/airflow/example_dags/example_subdag_operator.py
[2024-04-24T20:04:56.481+0000] {logging_mixin.py:188} INFO - [2024-04-24T20:04:56.481+0000] {dag.py:3096} INFO - Sync 3 DAGs
[2024-04-24T20:04:56.495+0000] {logging_mixin.py:188} INFO - [2024-04-24T20:04:56.495+0000] {dag.py:3954} INFO - Setting next_dagrun for example_subdag_operator to 2022-01-01 00:00:00+00:00, run_after=2022-01-01 00:00:00+00:00
[2024-04-24T20:04:56.497+0000] {logging_mixin.py:188} INFO - [2024-04-24T20:04:56.497+0000] {dag.py:3954} INFO - Setting next_dagrun for example_subdag_operator.section-1 to None, run_after=None
[2024-04-24T20:04:56.498+0000] {logging_mixin.py:188} INFO - [2024-04-24T20:04:56.498+0000] {dag.py:3954} INFO - Setting next_dagrun for example_subdag_operator.section-2 to None, run_after=None
[2024-04-24T20:04:56.505+0000] {logging_mixin.py:188} INFO - [2024-04-24T20:04:56.504+0000] {dag.py:3096} INFO - Sync 2 DAGs
[2024-04-24T20:04:56.508+0000] {logging_mixin.py:188} INFO - [2024-04-24T20:04:56.508+0000] {dag.py:3954} INFO - Setting next_dagrun for example_subdag_operator.section-1 to None, run_after=None
[2024-04-24T20:04:56.508+0000] {logging_mixin.py:188} INFO - [2024-04-24T20:04:56.508+0000] {dag.py:3954} INFO - Setting next_dagrun for example_subdag_operator.section-2 to None, run_after=None
[2024-04-24T20:04:56.543+0000] {processor.py:183} INFO - Processing /usr/local/python/3.10.13/lib/python3.10/site-packages/airflow/example_dags/example_subdag_operator.py took 0.110 seconds
[2024-04-24T20:05:44.297+0000] {processor.py:161} INFO - Started process (PID=9740) to work on /usr/local/python/3.10.13/lib/python3.10/site-packages/airflow/example_dags/example_subdag_operator.py
[2024-04-24T20:05:44.298+0000] {processor.py:830} INFO - Processing file /usr/local/python/3.10.13/lib/python3.10/site-packages/airflow/example_dags/example_subdag_operator.py for tasks to queue
[2024-04-24T20:05:44.299+0000] {logging_mixin.py:188} INFO - [2024-04-24T20:05:44.299+0000] {dagbag.py:540} INFO - Filling up the DagBag from /usr/local/python/3.10.13/lib/python3.10/site-packages/airflow/example_dags/example_subdag_operator.py
[2024-04-24T20:05:44.315+0000] {processor.py:840} INFO - DAG(s) 'example_subdag_operator.section-1', 'example_subdag_operator.section-2', 'example_subdag_operator' retrieved from /usr/local/python/3.10.13/lib/python3.10/site-packages/airflow/example_dags/example_subdag_operator.py
[2024-04-24T20:05:44.327+0000] {logging_mixin.py:188} INFO - [2024-04-24T20:05:44.327+0000] {dag.py:3096} INFO - Sync 3 DAGs
[2024-04-24T20:05:44.341+0000] {logging_mixin.py:188} INFO - [2024-04-24T20:05:44.341+0000] {dag.py:3954} INFO - Setting next_dagrun for example_subdag_operator to 2022-01-01 00:00:00+00:00, run_after=2022-01-01 00:00:00+00:00
[2024-04-24T20:05:44.343+0000] {logging_mixin.py:188} INFO - [2024-04-24T20:05:44.343+0000] {dag.py:3954} INFO - Setting next_dagrun for example_subdag_operator.section-1 to None, run_after=None
[2024-04-24T20:05:44.344+0000] {logging_mixin.py:188} INFO - [2024-04-24T20:05:44.344+0000] {dag.py:3954} INFO - Setting next_dagrun for example_subdag_operator.section-2 to None, run_after=None
[2024-04-24T20:05:44.348+0000] {logging_mixin.py:188} INFO - [2024-04-24T20:05:44.348+0000] {dag.py:3096} INFO - Sync 2 DAGs
[2024-04-24T20:05:44.351+0000] {logging_mixin.py:188} INFO - [2024-04-24T20:05:44.351+0000] {dag.py:3954} INFO - Setting next_dagrun for example_subdag_operator.section-1 to None, run_after=None
[2024-04-24T20:05:44.351+0000] {logging_mixin.py:188} INFO - [2024-04-24T20:05:44.351+0000] {dag.py:3954} INFO - Setting next_dagrun for example_subdag_operator.section-2 to None, run_after=None
[2024-04-24T20:05:44.383+0000] {processor.py:183} INFO - Processing /usr/local/python/3.10.13/lib/python3.10/site-packages/airflow/example_dags/example_subdag_operator.py took 0.091 seconds
[2024-04-24T20:06:30.741+0000] {processor.py:161} INFO - Started process (PID=10252) to work on /usr/local/python/3.10.13/lib/python3.10/site-packages/airflow/example_dags/example_subdag_operator.py
[2024-04-24T20:06:30.742+0000] {processor.py:830} INFO - Processing file /usr/local/python/3.10.13/lib/python3.10/site-packages/airflow/example_dags/example_subdag_operator.py for tasks to queue
[2024-04-24T20:06:30.743+0000] {logging_mixin.py:188} INFO - [2024-04-24T20:06:30.743+0000] {dagbag.py:540} INFO - Filling up the DagBag from /usr/local/python/3.10.13/lib/python3.10/site-packages/airflow/example_dags/example_subdag_operator.py
[2024-04-24T20:06:30.758+0000] {processor.py:840} INFO - DAG(s) 'example_subdag_operator.section-1', 'example_subdag_operator.section-2', 'example_subdag_operator' retrieved from /usr/local/python/3.10.13/lib/python3.10/site-packages/airflow/example_dags/example_subdag_operator.py
[2024-04-24T20:06:30.769+0000] {logging_mixin.py:188} INFO - [2024-04-24T20:06:30.769+0000] {dag.py:3096} INFO - Sync 3 DAGs
[2024-04-24T20:06:30.783+0000] {logging_mixin.py:188} INFO - [2024-04-24T20:06:30.783+0000] {dag.py:3954} INFO - Setting next_dagrun for example_subdag_operator to 2022-01-01 00:00:00+00:00, run_after=2022-01-01 00:00:00+00:00
[2024-04-24T20:06:30.786+0000] {logging_mixin.py:188} INFO - [2024-04-24T20:06:30.785+0000] {dag.py:3954} INFO - Setting next_dagrun for example_subdag_operator.section-1 to None, run_after=None
[2024-04-24T20:06:30.786+0000] {logging_mixin.py:188} INFO - [2024-04-24T20:06:30.786+0000] {dag.py:3954} INFO - Setting next_dagrun for example_subdag_operator.section-2 to None, run_after=None
[2024-04-24T20:06:30.791+0000] {logging_mixin.py:188} INFO - [2024-04-24T20:06:30.791+0000] {dag.py:3096} INFO - Sync 2 DAGs
[2024-04-24T20:06:30.794+0000] {logging_mixin.py:188} INFO - [2024-04-24T20:06:30.794+0000] {dag.py:3954} INFO - Setting next_dagrun for example_subdag_operator.section-1 to None, run_after=None
[2024-04-24T20:06:30.794+0000] {logging_mixin.py:188} INFO - [2024-04-24T20:06:30.794+0000] {dag.py:3954} INFO - Setting next_dagrun for example_subdag_operator.section-2 to None, run_after=None
[2024-04-24T20:06:30.831+0000] {processor.py:183} INFO - Processing /usr/local/python/3.10.13/lib/python3.10/site-packages/airflow/example_dags/example_subdag_operator.py took 0.094 seconds
[2024-04-24T20:07:17.058+0000] {processor.py:161} INFO - Started process (PID=10834) to work on /usr/local/python/3.10.13/lib/python3.10/site-packages/airflow/example_dags/example_subdag_operator.py
[2024-04-24T20:07:17.059+0000] {processor.py:830} INFO - Processing file /usr/local/python/3.10.13/lib/python3.10/site-packages/airflow/example_dags/example_subdag_operator.py for tasks to queue
[2024-04-24T20:07:17.060+0000] {logging_mixin.py:188} INFO - [2024-04-24T20:07:17.060+0000] {dagbag.py:540} INFO - Filling up the DagBag from /usr/local/python/3.10.13/lib/python3.10/site-packages/airflow/example_dags/example_subdag_operator.py
[2024-04-24T20:07:17.074+0000] {processor.py:840} INFO - DAG(s) 'example_subdag_operator.section-1', 'example_subdag_operator.section-2', 'example_subdag_operator' retrieved from /usr/local/python/3.10.13/lib/python3.10/site-packages/airflow/example_dags/example_subdag_operator.py
[2024-04-24T20:07:17.085+0000] {logging_mixin.py:188} INFO - [2024-04-24T20:07:17.085+0000] {dag.py:3096} INFO - Sync 3 DAGs
[2024-04-24T20:07:17.098+0000] {logging_mixin.py:188} INFO - [2024-04-24T20:07:17.098+0000] {dag.py:3954} INFO - Setting next_dagrun for example_subdag_operator to 2022-01-01 00:00:00+00:00, run_after=2022-01-01 00:00:00+00:00
[2024-04-24T20:07:17.100+0000] {logging_mixin.py:188} INFO - [2024-04-24T20:07:17.100+0000] {dag.py:3954} INFO - Setting next_dagrun for example_subdag_operator.section-1 to None, run_after=None
[2024-04-24T20:07:17.101+0000] {logging_mixin.py:188} INFO - [2024-04-24T20:07:17.101+0000] {dag.py:3954} INFO - Setting next_dagrun for example_subdag_operator.section-2 to None, run_after=None
[2024-04-24T20:07:17.105+0000] {logging_mixin.py:188} INFO - [2024-04-24T20:07:17.105+0000] {dag.py:3096} INFO - Sync 2 DAGs
[2024-04-24T20:07:17.108+0000] {logging_mixin.py:188} INFO - [2024-04-24T20:07:17.108+0000] {dag.py:3954} INFO - Setting next_dagrun for example_subdag_operator.section-1 to None, run_after=None
[2024-04-24T20:07:17.108+0000] {logging_mixin.py:188} INFO - [2024-04-24T20:07:17.108+0000] {dag.py:3954} INFO - Setting next_dagrun for example_subdag_operator.section-2 to None, run_after=None
[2024-04-24T20:07:17.141+0000] {processor.py:183} INFO - Processing /usr/local/python/3.10.13/lib/python3.10/site-packages/airflow/example_dags/example_subdag_operator.py took 0.088 seconds
[2024-04-24T20:08:03.522+0000] {processor.py:161} INFO - Started process (PID=11600) to work on /usr/local/python/3.10.13/lib/python3.10/site-packages/airflow/example_dags/example_subdag_operator.py
[2024-04-24T20:08:03.522+0000] {processor.py:830} INFO - Processing file /usr/local/python/3.10.13/lib/python3.10/site-packages/airflow/example_dags/example_subdag_operator.py for tasks to queue
[2024-04-24T20:08:03.524+0000] {logging_mixin.py:188} INFO - [2024-04-24T20:08:03.523+0000] {dagbag.py:540} INFO - Filling up the DagBag from /usr/local/python/3.10.13/lib/python3.10/site-packages/airflow/example_dags/example_subdag_operator.py
[2024-04-24T20:08:03.538+0000] {processor.py:840} INFO - DAG(s) 'example_subdag_operator.section-1', 'example_subdag_operator.section-2', 'example_subdag_operator' retrieved from /usr/local/python/3.10.13/lib/python3.10/site-packages/airflow/example_dags/example_subdag_operator.py
[2024-04-24T20:08:03.549+0000] {logging_mixin.py:188} INFO - [2024-04-24T20:08:03.548+0000] {dag.py:3096} INFO - Sync 3 DAGs
[2024-04-24T20:08:03.561+0000] {logging_mixin.py:188} INFO - [2024-04-24T20:08:03.561+0000] {dag.py:3954} INFO - Setting next_dagrun for example_subdag_operator to 2022-01-01 00:00:00+00:00, run_after=2022-01-01 00:00:00+00:00
[2024-04-24T20:08:03.564+0000] {logging_mixin.py:188} INFO - [2024-04-24T20:08:03.563+0000] {dag.py:3954} INFO - Setting next_dagrun for example_subdag_operator.section-1 to None, run_after=None
[2024-04-24T20:08:03.564+0000] {logging_mixin.py:188} INFO - [2024-04-24T20:08:03.564+0000] {dag.py:3954} INFO - Setting next_dagrun for example_subdag_operator.section-2 to None, run_after=None
[2024-04-24T20:08:03.568+0000] {logging_mixin.py:188} INFO - [2024-04-24T20:08:03.568+0000] {dag.py:3096} INFO - Sync 2 DAGs
[2024-04-24T20:08:03.571+0000] {logging_mixin.py:188} INFO - [2024-04-24T20:08:03.571+0000] {dag.py:3954} INFO - Setting next_dagrun for example_subdag_operator.section-1 to None, run_after=None
[2024-04-24T20:08:03.571+0000] {logging_mixin.py:188} INFO - [2024-04-24T20:08:03.571+0000] {dag.py:3954} INFO - Setting next_dagrun for example_subdag_operator.section-2 to None, run_after=None
[2024-04-24T20:08:03.605+0000] {processor.py:183} INFO - Processing /usr/local/python/3.10.13/lib/python3.10/site-packages/airflow/example_dags/example_subdag_operator.py took 0.087 seconds
[2024-04-24T20:08:49.964+0000] {processor.py:161} INFO - Started process (PID=11916) to work on /usr/local/python/3.10.13/lib/python3.10/site-packages/airflow/example_dags/example_subdag_operator.py
[2024-04-24T20:08:49.965+0000] {processor.py:830} INFO - Processing file /usr/local/python/3.10.13/lib/python3.10/site-packages/airflow/example_dags/example_subdag_operator.py for tasks to queue
[2024-04-24T20:08:49.966+0000] {logging_mixin.py:188} INFO - [2024-04-24T20:08:49.965+0000] {dagbag.py:540} INFO - Filling up the DagBag from /usr/local/python/3.10.13/lib/python3.10/site-packages/airflow/example_dags/example_subdag_operator.py
[2024-04-24T20:08:49.980+0000] {processor.py:840} INFO - DAG(s) 'example_subdag_operator.section-1', 'example_subdag_operator.section-2', 'example_subdag_operator' retrieved from /usr/local/python/3.10.13/lib/python3.10/site-packages/airflow/example_dags/example_subdag_operator.py
[2024-04-24T20:08:49.991+0000] {logging_mixin.py:188} INFO - [2024-04-24T20:08:49.991+0000] {dag.py:3096} INFO - Sync 3 DAGs
[2024-04-24T20:08:50.004+0000] {logging_mixin.py:188} INFO - [2024-04-24T20:08:50.004+0000] {dag.py:3954} INFO - Setting next_dagrun for example_subdag_operator to 2022-01-01 00:00:00+00:00, run_after=2022-01-01 00:00:00+00:00
[2024-04-24T20:08:50.006+0000] {logging_mixin.py:188} INFO - [2024-04-24T20:08:50.006+0000] {dag.py:3954} INFO - Setting next_dagrun for example_subdag_operator.section-1 to None, run_after=None
[2024-04-24T20:08:50.007+0000] {logging_mixin.py:188} INFO - [2024-04-24T20:08:50.007+0000] {dag.py:3954} INFO - Setting next_dagrun for example_subdag_operator.section-2 to None, run_after=None
[2024-04-24T20:08:50.011+0000] {logging_mixin.py:188} INFO - [2024-04-24T20:08:50.011+0000] {dag.py:3096} INFO - Sync 2 DAGs
[2024-04-24T20:08:50.014+0000] {logging_mixin.py:188} INFO - [2024-04-24T20:08:50.014+0000] {dag.py:3954} INFO - Setting next_dagrun for example_subdag_operator.section-1 to None, run_after=None
[2024-04-24T20:08:50.014+0000] {logging_mixin.py:188} INFO - [2024-04-24T20:08:50.014+0000] {dag.py:3954} INFO - Setting next_dagrun for example_subdag_operator.section-2 to None, run_after=None
[2024-04-24T20:08:50.049+0000] {processor.py:183} INFO - Processing /usr/local/python/3.10.13/lib/python3.10/site-packages/airflow/example_dags/example_subdag_operator.py took 0.089 seconds
[2024-04-24T20:09:33.639+0000] {processor.py:161} INFO - Started process (PID=12282) to work on /usr/local/python/3.10.13/lib/python3.10/site-packages/airflow/example_dags/example_subdag_operator.py
[2024-04-24T20:09:33.640+0000] {processor.py:830} INFO - Processing file /usr/local/python/3.10.13/lib/python3.10/site-packages/airflow/example_dags/example_subdag_operator.py for tasks to queue
[2024-04-24T20:09:33.641+0000] {logging_mixin.py:188} INFO - [2024-04-24T20:09:33.640+0000] {dagbag.py:540} INFO - Filling up the DagBag from /usr/local/python/3.10.13/lib/python3.10/site-packages/airflow/example_dags/example_subdag_operator.py
[2024-04-24T20:09:33.655+0000] {processor.py:840} INFO - DAG(s) 'example_subdag_operator.section-1', 'example_subdag_operator.section-2', 'example_subdag_operator' retrieved from /usr/local/python/3.10.13/lib/python3.10/site-packages/airflow/example_dags/example_subdag_operator.py
[2024-04-24T20:09:33.666+0000] {logging_mixin.py:188} INFO - [2024-04-24T20:09:33.666+0000] {dag.py:3096} INFO - Sync 3 DAGs
[2024-04-24T20:09:33.680+0000] {logging_mixin.py:188} INFO - [2024-04-24T20:09:33.680+0000] {dag.py:3954} INFO - Setting next_dagrun for example_subdag_operator to 2022-01-01 00:00:00+00:00, run_after=2022-01-01 00:00:00+00:00
[2024-04-24T20:09:33.683+0000] {logging_mixin.py:188} INFO - [2024-04-24T20:09:33.683+0000] {dag.py:3954} INFO - Setting next_dagrun for example_subdag_operator.section-1 to None, run_after=None
[2024-04-24T20:09:33.685+0000] {logging_mixin.py:188} INFO - [2024-04-24T20:09:33.684+0000] {dag.py:3954} INFO - Setting next_dagrun for example_subdag_operator.section-2 to None, run_after=None
[2024-04-24T20:09:33.691+0000] {logging_mixin.py:188} INFO - [2024-04-24T20:09:33.691+0000] {dag.py:3096} INFO - Sync 2 DAGs
[2024-04-24T20:09:33.695+0000] {logging_mixin.py:188} INFO - [2024-04-24T20:09:33.695+0000] {dag.py:3954} INFO - Setting next_dagrun for example_subdag_operator.section-1 to None, run_after=None
[2024-04-24T20:09:33.695+0000] {logging_mixin.py:188} INFO - [2024-04-24T20:09:33.695+0000] {dag.py:3954} INFO - Setting next_dagrun for example_subdag_operator.section-2 to None, run_after=None
[2024-04-24T20:09:33.735+0000] {processor.py:183} INFO - Processing /usr/local/python/3.10.13/lib/python3.10/site-packages/airflow/example_dags/example_subdag_operator.py took 0.101 seconds
[2024-04-24T20:10:19.281+0000] {processor.py:161} INFO - Started process (PID=12909) to work on /usr/local/python/3.10.13/lib/python3.10/site-packages/airflow/example_dags/example_subdag_operator.py
[2024-04-24T20:10:19.282+0000] {processor.py:830} INFO - Processing file /usr/local/python/3.10.13/lib/python3.10/site-packages/airflow/example_dags/example_subdag_operator.py for tasks to queue
[2024-04-24T20:10:19.283+0000] {logging_mixin.py:188} INFO - [2024-04-24T20:10:19.283+0000] {dagbag.py:540} INFO - Filling up the DagBag from /usr/local/python/3.10.13/lib/python3.10/site-packages/airflow/example_dags/example_subdag_operator.py
[2024-04-24T20:10:19.298+0000] {processor.py:840} INFO - DAG(s) 'example_subdag_operator.section-1', 'example_subdag_operator.section-2', 'example_subdag_operator' retrieved from /usr/local/python/3.10.13/lib/python3.10/site-packages/airflow/example_dags/example_subdag_operator.py
[2024-04-24T20:10:19.309+0000] {logging_mixin.py:188} INFO - [2024-04-24T20:10:19.309+0000] {dag.py:3096} INFO - Sync 3 DAGs
[2024-04-24T20:10:19.323+0000] {logging_mixin.py:188} INFO - [2024-04-24T20:10:19.323+0000] {dag.py:3954} INFO - Setting next_dagrun for example_subdag_operator to 2022-01-01 00:00:00+00:00, run_after=2022-01-01 00:00:00+00:00
[2024-04-24T20:10:19.325+0000] {logging_mixin.py:188} INFO - [2024-04-24T20:10:19.325+0000] {dag.py:3954} INFO - Setting next_dagrun for example_subdag_operator.section-1 to None, run_after=None
[2024-04-24T20:10:19.326+0000] {logging_mixin.py:188} INFO - [2024-04-24T20:10:19.326+0000] {dag.py:3954} INFO - Setting next_dagrun for example_subdag_operator.section-2 to None, run_after=None
[2024-04-24T20:10:19.330+0000] {logging_mixin.py:188} INFO - [2024-04-24T20:10:19.330+0000] {dag.py:3096} INFO - Sync 2 DAGs
[2024-04-24T20:10:19.334+0000] {logging_mixin.py:188} INFO - [2024-04-24T20:10:19.333+0000] {dag.py:3954} INFO - Setting next_dagrun for example_subdag_operator.section-1 to None, run_after=None
[2024-04-24T20:10:19.334+0000] {logging_mixin.py:188} INFO - [2024-04-24T20:10:19.334+0000] {dag.py:3954} INFO - Setting next_dagrun for example_subdag_operator.section-2 to None, run_after=None
[2024-04-24T20:10:19.367+0000] {processor.py:183} INFO - Processing /usr/local/python/3.10.13/lib/python3.10/site-packages/airflow/example_dags/example_subdag_operator.py took 0.091 seconds
[2024-04-24T20:11:03.991+0000] {processor.py:161} INFO - Started process (PID=13272) to work on /usr/local/python/3.10.13/lib/python3.10/site-packages/airflow/example_dags/example_subdag_operator.py
[2024-04-24T20:11:03.992+0000] {processor.py:830} INFO - Processing file /usr/local/python/3.10.13/lib/python3.10/site-packages/airflow/example_dags/example_subdag_operator.py for tasks to queue
[2024-04-24T20:11:03.993+0000] {logging_mixin.py:188} INFO - [2024-04-24T20:11:03.993+0000] {dagbag.py:540} INFO - Filling up the DagBag from /usr/local/python/3.10.13/lib/python3.10/site-packages/airflow/example_dags/example_subdag_operator.py
[2024-04-24T20:11:04.008+0000] {processor.py:840} INFO - DAG(s) 'example_subdag_operator.section-1', 'example_subdag_operator.section-2', 'example_subdag_operator' retrieved from /usr/local/python/3.10.13/lib/python3.10/site-packages/airflow/example_dags/example_subdag_operator.py
[2024-04-24T20:11:04.019+0000] {logging_mixin.py:188} INFO - [2024-04-24T20:11:04.018+0000] {dag.py:3096} INFO - Sync 3 DAGs
[2024-04-24T20:11:04.032+0000] {logging_mixin.py:188} INFO - [2024-04-24T20:11:04.032+0000] {dag.py:3954} INFO - Setting next_dagrun for example_subdag_operator to 2022-01-01 00:00:00+00:00, run_after=2022-01-01 00:00:00+00:00
[2024-04-24T20:11:04.035+0000] {logging_mixin.py:188} INFO - [2024-04-24T20:11:04.034+0000] {dag.py:3954} INFO - Setting next_dagrun for example_subdag_operator.section-1 to None, run_after=None
[2024-04-24T20:11:04.035+0000] {logging_mixin.py:188} INFO - [2024-04-24T20:11:04.035+0000] {dag.py:3954} INFO - Setting next_dagrun for example_subdag_operator.section-2 to None, run_after=None
[2024-04-24T20:11:04.039+0000] {logging_mixin.py:188} INFO - [2024-04-24T20:11:04.039+0000] {dag.py:3096} INFO - Sync 2 DAGs
[2024-04-24T20:11:04.042+0000] {logging_mixin.py:188} INFO - [2024-04-24T20:11:04.042+0000] {dag.py:3954} INFO - Setting next_dagrun for example_subdag_operator.section-1 to None, run_after=None
[2024-04-24T20:11:04.042+0000] {logging_mixin.py:188} INFO - [2024-04-24T20:11:04.042+0000] {dag.py:3954} INFO - Setting next_dagrun for example_subdag_operator.section-2 to None, run_after=None
[2024-04-24T20:11:04.076+0000] {processor.py:183} INFO - Processing /usr/local/python/3.10.13/lib/python3.10/site-packages/airflow/example_dags/example_subdag_operator.py took 0.089 seconds
[2024-04-24T20:11:50.412+0000] {processor.py:161} INFO - Started process (PID=13629) to work on /usr/local/python/3.10.13/lib/python3.10/site-packages/airflow/example_dags/example_subdag_operator.py
[2024-04-24T20:11:50.413+0000] {processor.py:830} INFO - Processing file /usr/local/python/3.10.13/lib/python3.10/site-packages/airflow/example_dags/example_subdag_operator.py for tasks to queue
[2024-04-24T20:11:50.414+0000] {logging_mixin.py:188} INFO - [2024-04-24T20:11:50.414+0000] {dagbag.py:540} INFO - Filling up the DagBag from /usr/local/python/3.10.13/lib/python3.10/site-packages/airflow/example_dags/example_subdag_operator.py
[2024-04-24T20:11:50.428+0000] {processor.py:840} INFO - DAG(s) 'example_subdag_operator.section-1', 'example_subdag_operator.section-2', 'example_subdag_operator' retrieved from /usr/local/python/3.10.13/lib/python3.10/site-packages/airflow/example_dags/example_subdag_operator.py
[2024-04-24T20:11:50.439+0000] {logging_mixin.py:188} INFO - [2024-04-24T20:11:50.438+0000] {dag.py:3096} INFO - Sync 3 DAGs
[2024-04-24T20:11:50.451+0000] {logging_mixin.py:188} INFO - [2024-04-24T20:11:50.451+0000] {dag.py:3954} INFO - Setting next_dagrun for example_subdag_operator to 2022-01-01 00:00:00+00:00, run_after=2022-01-01 00:00:00+00:00
[2024-04-24T20:11:50.453+0000] {logging_mixin.py:188} INFO - [2024-04-24T20:11:50.453+0000] {dag.py:3954} INFO - Setting next_dagrun for example_subdag_operator.section-1 to None, run_after=None
[2024-04-24T20:11:50.454+0000] {logging_mixin.py:188} INFO - [2024-04-24T20:11:50.454+0000] {dag.py:3954} INFO - Setting next_dagrun for example_subdag_operator.section-2 to None, run_after=None
[2024-04-24T20:11:50.459+0000] {logging_mixin.py:188} INFO - [2024-04-24T20:11:50.459+0000] {dag.py:3096} INFO - Sync 2 DAGs
[2024-04-24T20:11:50.462+0000] {logging_mixin.py:188} INFO - [2024-04-24T20:11:50.462+0000] {dag.py:3954} INFO - Setting next_dagrun for example_subdag_operator.section-1 to None, run_after=None
[2024-04-24T20:11:50.462+0000] {logging_mixin.py:188} INFO - [2024-04-24T20:11:50.462+0000] {dag.py:3954} INFO - Setting next_dagrun for example_subdag_operator.section-2 to None, run_after=None
[2024-04-24T20:11:50.495+0000] {processor.py:183} INFO - Processing /usr/local/python/3.10.13/lib/python3.10/site-packages/airflow/example_dags/example_subdag_operator.py took 0.087 seconds
[2024-04-24T20:12:31.666+0000] {processor.py:161} INFO - Started process (PID=14026) to work on /usr/local/python/3.10.13/lib/python3.10/site-packages/airflow/example_dags/example_subdag_operator.py
[2024-04-24T20:12:31.667+0000] {processor.py:830} INFO - Processing file /usr/local/python/3.10.13/lib/python3.10/site-packages/airflow/example_dags/example_subdag_operator.py for tasks to queue
[2024-04-24T20:12:31.668+0000] {logging_mixin.py:188} INFO - [2024-04-24T20:12:31.668+0000] {dagbag.py:540} INFO - Filling up the DagBag from /usr/local/python/3.10.13/lib/python3.10/site-packages/airflow/example_dags/example_subdag_operator.py
[2024-04-24T20:12:31.682+0000] {processor.py:840} INFO - DAG(s) 'example_subdag_operator.section-1', 'example_subdag_operator.section-2', 'example_subdag_operator' retrieved from /usr/local/python/3.10.13/lib/python3.10/site-packages/airflow/example_dags/example_subdag_operator.py
[2024-04-24T20:12:31.693+0000] {logging_mixin.py:188} INFO - [2024-04-24T20:12:31.693+0000] {dag.py:3096} INFO - Sync 3 DAGs
[2024-04-24T20:12:31.707+0000] {logging_mixin.py:188} INFO - [2024-04-24T20:12:31.707+0000] {dag.py:3954} INFO - Setting next_dagrun for example_subdag_operator to 2022-01-01 00:00:00+00:00, run_after=2022-01-01 00:00:00+00:00
[2024-04-24T20:12:31.710+0000] {logging_mixin.py:188} INFO - [2024-04-24T20:12:31.710+0000] {dag.py:3954} INFO - Setting next_dagrun for example_subdag_operator.section-1 to None, run_after=None
[2024-04-24T20:12:31.712+0000] {logging_mixin.py:188} INFO - [2024-04-24T20:12:31.711+0000] {dag.py:3954} INFO - Setting next_dagrun for example_subdag_operator.section-2 to None, run_after=None
[2024-04-24T20:12:31.717+0000] {logging_mixin.py:188} INFO - [2024-04-24T20:12:31.716+0000] {dag.py:3096} INFO - Sync 2 DAGs
[2024-04-24T20:12:31.719+0000] {logging_mixin.py:188} INFO - [2024-04-24T20:12:31.719+0000] {dag.py:3954} INFO - Setting next_dagrun for example_subdag_operator.section-1 to None, run_after=None
[2024-04-24T20:12:31.720+0000] {logging_mixin.py:188} INFO - [2024-04-24T20:12:31.719+0000] {dag.py:3954} INFO - Setting next_dagrun for example_subdag_operator.section-2 to None, run_after=None
[2024-04-24T20:12:31.753+0000] {processor.py:183} INFO - Processing /usr/local/python/3.10.13/lib/python3.10/site-packages/airflow/example_dags/example_subdag_operator.py took 0.091 seconds
[2024-04-24T20:13:17.506+0000] {processor.py:161} INFO - Started process (PID=14414) to work on /usr/local/python/3.10.13/lib/python3.10/site-packages/airflow/example_dags/example_subdag_operator.py
[2024-04-24T20:13:17.507+0000] {processor.py:830} INFO - Processing file /usr/local/python/3.10.13/lib/python3.10/site-packages/airflow/example_dags/example_subdag_operator.py for tasks to queue
[2024-04-24T20:13:17.508+0000] {logging_mixin.py:188} INFO - [2024-04-24T20:13:17.508+0000] {dagbag.py:540} INFO - Filling up the DagBag from /usr/local/python/3.10.13/lib/python3.10/site-packages/airflow/example_dags/example_subdag_operator.py
[2024-04-24T20:13:17.522+0000] {processor.py:840} INFO - DAG(s) 'example_subdag_operator.section-1', 'example_subdag_operator.section-2', 'example_subdag_operator' retrieved from /usr/local/python/3.10.13/lib/python3.10/site-packages/airflow/example_dags/example_subdag_operator.py
[2024-04-24T20:13:17.533+0000] {logging_mixin.py:188} INFO - [2024-04-24T20:13:17.533+0000] {dag.py:3096} INFO - Sync 3 DAGs
[2024-04-24T20:13:17.546+0000] {logging_mixin.py:188} INFO - [2024-04-24T20:13:17.546+0000] {dag.py:3954} INFO - Setting next_dagrun for example_subdag_operator to 2022-01-01 00:00:00+00:00, run_after=2022-01-01 00:00:00+00:00
[2024-04-24T20:13:17.548+0000] {logging_mixin.py:188} INFO - [2024-04-24T20:13:17.548+0000] {dag.py:3954} INFO - Setting next_dagrun for example_subdag_operator.section-1 to None, run_after=None
[2024-04-24T20:13:17.549+0000] {logging_mixin.py:188} INFO - [2024-04-24T20:13:17.549+0000] {dag.py:3954} INFO - Setting next_dagrun for example_subdag_operator.section-2 to None, run_after=None
[2024-04-24T20:13:17.553+0000] {logging_mixin.py:188} INFO - [2024-04-24T20:13:17.553+0000] {dag.py:3096} INFO - Sync 2 DAGs
[2024-04-24T20:13:17.557+0000] {logging_mixin.py:188} INFO - [2024-04-24T20:13:17.557+0000] {dag.py:3954} INFO - Setting next_dagrun for example_subdag_operator.section-1 to None, run_after=None
[2024-04-24T20:13:17.557+0000] {logging_mixin.py:188} INFO - [2024-04-24T20:13:17.557+0000] {dag.py:3954} INFO - Setting next_dagrun for example_subdag_operator.section-2 to None, run_after=None
[2024-04-24T20:13:17.590+0000] {processor.py:183} INFO - Processing /usr/local/python/3.10.13/lib/python3.10/site-packages/airflow/example_dags/example_subdag_operator.py took 0.089 seconds
[2024-04-24T20:14:03.813+0000] {processor.py:161} INFO - Started process (PID=14911) to work on /usr/local/python/3.10.13/lib/python3.10/site-packages/airflow/example_dags/example_subdag_operator.py
[2024-04-24T20:14:03.813+0000] {processor.py:830} INFO - Processing file /usr/local/python/3.10.13/lib/python3.10/site-packages/airflow/example_dags/example_subdag_operator.py for tasks to queue
[2024-04-24T20:14:03.815+0000] {logging_mixin.py:188} INFO - [2024-04-24T20:14:03.815+0000] {dagbag.py:540} INFO - Filling up the DagBag from /usr/local/python/3.10.13/lib/python3.10/site-packages/airflow/example_dags/example_subdag_operator.py
[2024-04-24T20:14:03.831+0000] {processor.py:840} INFO - DAG(s) 'example_subdag_operator.section-1', 'example_subdag_operator.section-2', 'example_subdag_operator' retrieved from /usr/local/python/3.10.13/lib/python3.10/site-packages/airflow/example_dags/example_subdag_operator.py
[2024-04-24T20:14:03.842+0000] {logging_mixin.py:188} INFO - [2024-04-24T20:14:03.842+0000] {dag.py:3096} INFO - Sync 3 DAGs
[2024-04-24T20:14:03.854+0000] {logging_mixin.py:188} INFO - [2024-04-24T20:14:03.854+0000] {dag.py:3954} INFO - Setting next_dagrun for example_subdag_operator to 2022-01-01 00:00:00+00:00, run_after=2022-01-01 00:00:00+00:00
[2024-04-24T20:14:03.857+0000] {logging_mixin.py:188} INFO - [2024-04-24T20:14:03.857+0000] {dag.py:3954} INFO - Setting next_dagrun for example_subdag_operator.section-1 to None, run_after=None
[2024-04-24T20:14:03.857+0000] {logging_mixin.py:188} INFO - [2024-04-24T20:14:03.857+0000] {dag.py:3954} INFO - Setting next_dagrun for example_subdag_operator.section-2 to None, run_after=None
[2024-04-24T20:14:03.862+0000] {logging_mixin.py:188} INFO - [2024-04-24T20:14:03.861+0000] {dag.py:3096} INFO - Sync 2 DAGs
[2024-04-24T20:14:03.865+0000] {logging_mixin.py:188} INFO - [2024-04-24T20:14:03.864+0000] {dag.py:3954} INFO - Setting next_dagrun for example_subdag_operator.section-1 to None, run_after=None
[2024-04-24T20:14:03.865+0000] {logging_mixin.py:188} INFO - [2024-04-24T20:14:03.865+0000] {dag.py:3954} INFO - Setting next_dagrun for example_subdag_operator.section-2 to None, run_after=None
[2024-04-24T20:14:03.898+0000] {processor.py:183} INFO - Processing /usr/local/python/3.10.13/lib/python3.10/site-packages/airflow/example_dags/example_subdag_operator.py took 0.091 seconds
[2024-04-24T20:14:48.194+0000] {processor.py:161} INFO - Started process (PID=15276) to work on /usr/local/python/3.10.13/lib/python3.10/site-packages/airflow/example_dags/example_subdag_operator.py
[2024-04-24T20:14:48.195+0000] {processor.py:830} INFO - Processing file /usr/local/python/3.10.13/lib/python3.10/site-packages/airflow/example_dags/example_subdag_operator.py for tasks to queue
[2024-04-24T20:14:48.196+0000] {logging_mixin.py:188} INFO - [2024-04-24T20:14:48.196+0000] {dagbag.py:540} INFO - Filling up the DagBag from /usr/local/python/3.10.13/lib/python3.10/site-packages/airflow/example_dags/example_subdag_operator.py
[2024-04-24T20:14:48.210+0000] {processor.py:840} INFO - DAG(s) 'example_subdag_operator.section-1', 'example_subdag_operator.section-2', 'example_subdag_operator' retrieved from /usr/local/python/3.10.13/lib/python3.10/site-packages/airflow/example_dags/example_subdag_operator.py
[2024-04-24T20:14:48.221+0000] {logging_mixin.py:188} INFO - [2024-04-24T20:14:48.221+0000] {dag.py:3096} INFO - Sync 3 DAGs
[2024-04-24T20:14:48.234+0000] {logging_mixin.py:188} INFO - [2024-04-24T20:14:48.234+0000] {dag.py:3954} INFO - Setting next_dagrun for example_subdag_operator to 2022-01-01 00:00:00+00:00, run_after=2022-01-01 00:00:00+00:00
[2024-04-24T20:14:48.236+0000] {logging_mixin.py:188} INFO - [2024-04-24T20:14:48.236+0000] {dag.py:3954} INFO - Setting next_dagrun for example_subdag_operator.section-1 to None, run_after=None
[2024-04-24T20:14:48.237+0000] {logging_mixin.py:188} INFO - [2024-04-24T20:14:48.237+0000] {dag.py:3954} INFO - Setting next_dagrun for example_subdag_operator.section-2 to None, run_after=None
[2024-04-24T20:14:48.241+0000] {logging_mixin.py:188} INFO - [2024-04-24T20:14:48.241+0000] {dag.py:3096} INFO - Sync 2 DAGs
[2024-04-24T20:14:48.244+0000] {logging_mixin.py:188} INFO - [2024-04-24T20:14:48.244+0000] {dag.py:3954} INFO - Setting next_dagrun for example_subdag_operator.section-1 to None, run_after=None
[2024-04-24T20:14:48.244+0000] {logging_mixin.py:188} INFO - [2024-04-24T20:14:48.244+0000] {dag.py:3954} INFO - Setting next_dagrun for example_subdag_operator.section-2 to None, run_after=None
[2024-04-24T20:14:48.277+0000] {processor.py:183} INFO - Processing /usr/local/python/3.10.13/lib/python3.10/site-packages/airflow/example_dags/example_subdag_operator.py took 0.087 seconds
