[2024-04-24T20:02:43.773+0000] {processor.py:161} INFO - Started process (PID=7706) to work on /usr/local/python/3.10.13/lib/python3.10/site-packages/airflow/example_dags/example_python_operator.py
[2024-04-24T20:02:43.773+0000] {processor.py:830} INFO - Processing file /usr/local/python/3.10.13/lib/python3.10/site-packages/airflow/example_dags/example_python_operator.py for tasks to queue
[2024-04-24T20:02:43.775+0000] {logging_mixin.py:188} INFO - [2024-04-24T20:02:43.774+0000] {dagbag.py:540} INFO - Filling up the DagBag from /usr/local/python/3.10.13/lib/python3.10/site-packages/airflow/example_dags/example_python_operator.py
[2024-04-24T20:02:43.782+0000] {processor.py:840} INFO - DAG(s) 'example_python_operator' retrieved from /usr/local/python/3.10.13/lib/python3.10/site-packages/airflow/example_dags/example_python_operator.py
[2024-04-24T20:02:43.984+0000] {logging_mixin.py:188} INFO - [2024-04-24T20:02:43.984+0000] {dag.py:3096} INFO - Sync 1 DAGs
[2024-04-24T20:02:43.991+0000] {logging_mixin.py:188} INFO - [2024-04-24T20:02:43.991+0000] {dag.py:3954} INFO - Setting next_dagrun for example_python_operator to None, run_after=None
[2024-04-24T20:02:44.066+0000] {processor.py:183} INFO - Processing /usr/local/python/3.10.13/lib/python3.10/site-packages/airflow/example_dags/example_python_operator.py took 0.301 seconds
[2024-04-24T20:03:39.871+0000] {processor.py:161} INFO - Started process (PID=8447) to work on /usr/local/python/3.10.13/lib/python3.10/site-packages/airflow/example_dags/example_python_operator.py
[2024-04-24T20:03:39.871+0000] {processor.py:830} INFO - Processing file /usr/local/python/3.10.13/lib/python3.10/site-packages/airflow/example_dags/example_python_operator.py for tasks to queue
[2024-04-24T20:03:39.872+0000] {logging_mixin.py:188} INFO - [2024-04-24T20:03:39.872+0000] {dagbag.py:540} INFO - Filling up the DagBag from /usr/local/python/3.10.13/lib/python3.10/site-packages/airflow/example_dags/example_python_operator.py
[2024-04-24T20:03:39.943+0000] {processor.py:840} INFO - DAG(s) 'example_python_operator' retrieved from /usr/local/python/3.10.13/lib/python3.10/site-packages/airflow/example_dags/example_python_operator.py
[2024-04-24T20:03:39.952+0000] {logging_mixin.py:188} INFO - [2024-04-24T20:03:39.952+0000] {dag.py:3096} INFO - Sync 1 DAGs
[2024-04-24T20:03:39.959+0000] {logging_mixin.py:188} INFO - [2024-04-24T20:03:39.959+0000] {dag.py:3954} INFO - Setting next_dagrun for example_python_operator to None, run_after=None
[2024-04-24T20:03:39.995+0000] {processor.py:183} INFO - Processing /usr/local/python/3.10.13/lib/python3.10/site-packages/airflow/example_dags/example_python_operator.py took 0.129 seconds
[2024-04-24T20:04:31.981+0000] {processor.py:161} INFO - Started process (PID=8944) to work on /usr/local/python/3.10.13/lib/python3.10/site-packages/airflow/example_dags/example_python_operator.py
[2024-04-24T20:04:31.982+0000] {processor.py:830} INFO - Processing file /usr/local/python/3.10.13/lib/python3.10/site-packages/airflow/example_dags/example_python_operator.py for tasks to queue
[2024-04-24T20:04:31.984+0000] {logging_mixin.py:188} INFO - [2024-04-24T20:04:31.983+0000] {dagbag.py:540} INFO - Filling up the DagBag from /usr/local/python/3.10.13/lib/python3.10/site-packages/airflow/example_dags/example_python_operator.py
[2024-04-24T20:04:31.995+0000] {processor.py:840} INFO - DAG(s) 'example_python_operator' retrieved from /usr/local/python/3.10.13/lib/python3.10/site-packages/airflow/example_dags/example_python_operator.py
[2024-04-24T20:04:32.017+0000] {logging_mixin.py:188} INFO - [2024-04-24T20:04:32.017+0000] {dag.py:3096} INFO - Sync 1 DAGs
[2024-04-24T20:04:32.029+0000] {logging_mixin.py:188} INFO - [2024-04-24T20:04:32.029+0000] {dag.py:3954} INFO - Setting next_dagrun for example_python_operator to None, run_after=None
[2024-04-24T20:04:32.068+0000] {processor.py:183} INFO - Processing /usr/local/python/3.10.13/lib/python3.10/site-packages/airflow/example_dags/example_python_operator.py took 0.093 seconds
