[2024-04-24T20:02:21.771+0000] {processor.py:161} INFO - Started process (PID=7533) to work on /usr/local/python/3.10.13/lib/python3.10/site-packages/airflow/example_dags/tutorial_taskflow_api.py
[2024-04-24T20:02:21.772+0000] {processor.py:830} INFO - Processing file /usr/local/python/3.10.13/lib/python3.10/site-packages/airflow/example_dags/tutorial_taskflow_api.py for tasks to queue
[2024-04-24T20:02:21.773+0000] {logging_mixin.py:188} INFO - [2024-04-24T20:02:21.773+0000] {dagbag.py:540} INFO - Filling up the DagBag from /usr/local/python/3.10.13/lib/python3.10/site-packages/airflow/example_dags/tutorial_taskflow_api.py
[2024-04-24T20:02:21.777+0000] {processor.py:840} INFO - DAG(s) 'tutorial_taskflow_api' retrieved from /usr/local/python/3.10.13/lib/python3.10/site-packages/airflow/example_dags/tutorial_taskflow_api.py
[2024-04-24T20:02:21.847+0000] {logging_mixin.py:188} INFO - [2024-04-24T20:02:21.847+0000] {dag.py:3096} INFO - Sync 1 DAGs
[2024-04-24T20:02:21.928+0000] {logging_mixin.py:188} INFO - [2024-04-24T20:02:21.928+0000] {dag.py:3954} INFO - Setting next_dagrun for tutorial_taskflow_api to None, run_after=None
[2024-04-24T20:02:21.969+0000] {processor.py:183} INFO - Processing /usr/local/python/3.10.13/lib/python3.10/site-packages/airflow/example_dags/tutorial_taskflow_api.py took 0.202 seconds
[2024-04-24T20:03:22.800+0000] {processor.py:161} INFO - Started process (PID=8318) to work on /usr/local/python/3.10.13/lib/python3.10/site-packages/airflow/example_dags/tutorial_taskflow_api.py
[2024-04-24T20:03:22.801+0000] {processor.py:830} INFO - Processing file /usr/local/python/3.10.13/lib/python3.10/site-packages/airflow/example_dags/tutorial_taskflow_api.py for tasks to queue
[2024-04-24T20:03:22.803+0000] {logging_mixin.py:188} INFO - [2024-04-24T20:03:22.802+0000] {dagbag.py:540} INFO - Filling up the DagBag from /usr/local/python/3.10.13/lib/python3.10/site-packages/airflow/example_dags/tutorial_taskflow_api.py
[2024-04-24T20:03:22.807+0000] {processor.py:840} INFO - DAG(s) 'tutorial_taskflow_api' retrieved from /usr/local/python/3.10.13/lib/python3.10/site-packages/airflow/example_dags/tutorial_taskflow_api.py
[2024-04-24T20:03:22.889+0000] {logging_mixin.py:188} INFO - [2024-04-24T20:03:22.888+0000] {dag.py:3096} INFO - Sync 1 DAGs
[2024-04-24T20:03:22.896+0000] {logging_mixin.py:188} INFO - [2024-04-24T20:03:22.896+0000] {dag.py:3954} INFO - Setting next_dagrun for tutorial_taskflow_api to None, run_after=None
[2024-04-24T20:03:22.935+0000] {processor.py:183} INFO - Processing /usr/local/python/3.10.13/lib/python3.10/site-packages/airflow/example_dags/tutorial_taskflow_api.py took 0.139 seconds
[2024-04-24T20:04:12.452+0000] {processor.py:161} INFO - Started process (PID=8791) to work on /usr/local/python/3.10.13/lib/python3.10/site-packages/airflow/example_dags/tutorial_taskflow_api.py
[2024-04-24T20:04:12.453+0000] {processor.py:830} INFO - Processing file /usr/local/python/3.10.13/lib/python3.10/site-packages/airflow/example_dags/tutorial_taskflow_api.py for tasks to queue
[2024-04-24T20:04:12.454+0000] {logging_mixin.py:188} INFO - [2024-04-24T20:04:12.454+0000] {dagbag.py:540} INFO - Filling up the DagBag from /usr/local/python/3.10.13/lib/python3.10/site-packages/airflow/example_dags/tutorial_taskflow_api.py
[2024-04-24T20:04:12.459+0000] {processor.py:840} INFO - DAG(s) 'tutorial_taskflow_api' retrieved from /usr/local/python/3.10.13/lib/python3.10/site-packages/airflow/example_dags/tutorial_taskflow_api.py
[2024-04-24T20:04:12.471+0000] {logging_mixin.py:188} INFO - [2024-04-24T20:04:12.471+0000] {dag.py:3096} INFO - Sync 1 DAGs
[2024-04-24T20:04:12.482+0000] {logging_mixin.py:188} INFO - [2024-04-24T20:04:12.482+0000] {dag.py:3954} INFO - Setting next_dagrun for tutorial_taskflow_api to None, run_after=None
[2024-04-24T20:04:12.521+0000] {processor.py:183} INFO - Processing /usr/local/python/3.10.13/lib/python3.10/site-packages/airflow/example_dags/tutorial_taskflow_api.py took 0.073 seconds
[2024-04-24T20:04:58.893+0000] {processor.py:161} INFO - Started process (PID=9207) to work on /usr/local/python/3.10.13/lib/python3.10/site-packages/airflow/example_dags/tutorial_taskflow_api.py
[2024-04-24T20:04:58.894+0000] {processor.py:830} INFO - Processing file /usr/local/python/3.10.13/lib/python3.10/site-packages/airflow/example_dags/tutorial_taskflow_api.py for tasks to queue
[2024-04-24T20:04:58.896+0000] {logging_mixin.py:188} INFO - [2024-04-24T20:04:58.895+0000] {dagbag.py:540} INFO - Filling up the DagBag from /usr/local/python/3.10.13/lib/python3.10/site-packages/airflow/example_dags/tutorial_taskflow_api.py
[2024-04-24T20:04:58.901+0000] {processor.py:840} INFO - DAG(s) 'tutorial_taskflow_api' retrieved from /usr/local/python/3.10.13/lib/python3.10/site-packages/airflow/example_dags/tutorial_taskflow_api.py
[2024-04-24T20:04:58.913+0000] {logging_mixin.py:188} INFO - [2024-04-24T20:04:58.913+0000] {dag.py:3096} INFO - Sync 1 DAGs
[2024-04-24T20:04:58.922+0000] {logging_mixin.py:188} INFO - [2024-04-24T20:04:58.922+0000] {dag.py:3954} INFO - Setting next_dagrun for tutorial_taskflow_api to None, run_after=None
[2024-04-24T20:04:58.961+0000] {processor.py:183} INFO - Processing /usr/local/python/3.10.13/lib/python3.10/site-packages/airflow/example_dags/tutorial_taskflow_api.py took 0.074 seconds
