[2024-04-24T20:02:25.772+0000] {processor.py:161} INFO - Started process (PID=7554) to work on /usr/local/python/3.10.13/lib/python3.10/site-packages/airflow/example_dags/tutorial_taskflow_api_virtualenv.py
[2024-04-24T20:02:25.773+0000] {processor.py:830} INFO - Processing file /usr/local/python/3.10.13/lib/python3.10/site-packages/airflow/example_dags/tutorial_taskflow_api_virtualenv.py for tasks to queue
[2024-04-24T20:02:25.774+0000] {logging_mixin.py:188} INFO - [2024-04-24T20:02:25.774+0000] {dagbag.py:540} INFO - Filling up the DagBag from /usr/local/python/3.10.13/lib/python3.10/site-packages/airflow/example_dags/tutorial_taskflow_api_virtualenv.py
[2024-04-24T20:02:25.781+0000] {processor.py:840} INFO - DAG(s) 'tutorial_taskflow_api_virtualenv' retrieved from /usr/local/python/3.10.13/lib/python3.10/site-packages/airflow/example_dags/tutorial_taskflow_api_virtualenv.py
[2024-04-24T20:02:25.847+0000] {logging_mixin.py:188} INFO - [2024-04-24T20:02:25.846+0000] {dag.py:3096} INFO - Sync 1 DAGs
[2024-04-24T20:02:25.911+0000] {logging_mixin.py:188} INFO - [2024-04-24T20:02:25.911+0000] {dag.py:3954} INFO - Setting next_dagrun for tutorial_taskflow_api_virtualenv to None, run_after=None
[2024-04-24T20:02:25.953+0000] {processor.py:183} INFO - Processing /usr/local/python/3.10.13/lib/python3.10/site-packages/airflow/example_dags/tutorial_taskflow_api_virtualenv.py took 0.185 seconds
[2024-04-24T20:03:25.594+0000] {processor.py:161} INFO - Started process (PID=8340) to work on /usr/local/python/3.10.13/lib/python3.10/site-packages/airflow/example_dags/tutorial_taskflow_api_virtualenv.py
[2024-04-24T20:03:25.594+0000] {processor.py:830} INFO - Processing file /usr/local/python/3.10.13/lib/python3.10/site-packages/airflow/example_dags/tutorial_taskflow_api_virtualenv.py for tasks to queue
[2024-04-24T20:03:25.596+0000] {logging_mixin.py:188} INFO - [2024-04-24T20:03:25.595+0000] {dagbag.py:540} INFO - Filling up the DagBag from /usr/local/python/3.10.13/lib/python3.10/site-packages/airflow/example_dags/tutorial_taskflow_api_virtualenv.py
[2024-04-24T20:03:25.603+0000] {processor.py:840} INFO - DAG(s) 'tutorial_taskflow_api_virtualenv' retrieved from /usr/local/python/3.10.13/lib/python3.10/site-packages/airflow/example_dags/tutorial_taskflow_api_virtualenv.py
[2024-04-24T20:03:25.676+0000] {logging_mixin.py:188} INFO - [2024-04-24T20:03:25.675+0000] {dag.py:3096} INFO - Sync 1 DAGs
[2024-04-24T20:03:25.684+0000] {logging_mixin.py:188} INFO - [2024-04-24T20:03:25.684+0000] {dag.py:3954} INFO - Setting next_dagrun for tutorial_taskflow_api_virtualenv to None, run_after=None
[2024-04-24T20:03:25.724+0000] {processor.py:183} INFO - Processing /usr/local/python/3.10.13/lib/python3.10/site-packages/airflow/example_dags/tutorial_taskflow_api_virtualenv.py took 0.137 seconds
[2024-04-24T20:04:15.847+0000] {processor.py:161} INFO - Started process (PID=8813) to work on /usr/local/python/3.10.13/lib/python3.10/site-packages/airflow/example_dags/tutorial_taskflow_api_virtualenv.py
[2024-04-24T20:04:15.848+0000] {processor.py:830} INFO - Processing file /usr/local/python/3.10.13/lib/python3.10/site-packages/airflow/example_dags/tutorial_taskflow_api_virtualenv.py for tasks to queue
[2024-04-24T20:04:15.849+0000] {logging_mixin.py:188} INFO - [2024-04-24T20:04:15.849+0000] {dagbag.py:540} INFO - Filling up the DagBag from /usr/local/python/3.10.13/lib/python3.10/site-packages/airflow/example_dags/tutorial_taskflow_api_virtualenv.py
[2024-04-24T20:04:15.857+0000] {processor.py:840} INFO - DAG(s) 'tutorial_taskflow_api_virtualenv' retrieved from /usr/local/python/3.10.13/lib/python3.10/site-packages/airflow/example_dags/tutorial_taskflow_api_virtualenv.py
[2024-04-24T20:04:15.868+0000] {logging_mixin.py:188} INFO - [2024-04-24T20:04:15.868+0000] {dag.py:3096} INFO - Sync 1 DAGs
[2024-04-24T20:04:15.877+0000] {logging_mixin.py:188} INFO - [2024-04-24T20:04:15.877+0000] {dag.py:3954} INFO - Setting next_dagrun for tutorial_taskflow_api_virtualenv to None, run_after=None
[2024-04-24T20:04:15.915+0000] {processor.py:183} INFO - Processing /usr/local/python/3.10.13/lib/python3.10/site-packages/airflow/example_dags/tutorial_taskflow_api_virtualenv.py took 0.073 seconds
[2024-04-24T20:05:02.286+0000] {processor.py:161} INFO - Started process (PID=9309) to work on /usr/local/python/3.10.13/lib/python3.10/site-packages/airflow/example_dags/tutorial_taskflow_api_virtualenv.py
[2024-04-24T20:05:02.287+0000] {processor.py:830} INFO - Processing file /usr/local/python/3.10.13/lib/python3.10/site-packages/airflow/example_dags/tutorial_taskflow_api_virtualenv.py for tasks to queue
[2024-04-24T20:05:02.288+0000] {logging_mixin.py:188} INFO - [2024-04-24T20:05:02.288+0000] {dagbag.py:540} INFO - Filling up the DagBag from /usr/local/python/3.10.13/lib/python3.10/site-packages/airflow/example_dags/tutorial_taskflow_api_virtualenv.py
[2024-04-24T20:05:02.299+0000] {processor.py:840} INFO - DAG(s) 'tutorial_taskflow_api_virtualenv' retrieved from /usr/local/python/3.10.13/lib/python3.10/site-packages/airflow/example_dags/tutorial_taskflow_api_virtualenv.py
[2024-04-24T20:05:02.315+0000] {logging_mixin.py:188} INFO - [2024-04-24T20:05:02.315+0000] {dag.py:3096} INFO - Sync 1 DAGs
[2024-04-24T20:05:02.327+0000] {logging_mixin.py:188} INFO - [2024-04-24T20:05:02.327+0000] {dag.py:3954} INFO - Setting next_dagrun for tutorial_taskflow_api_virtualenv to None, run_after=None
[2024-04-24T20:05:02.374+0000] {processor.py:183} INFO - Processing /usr/local/python/3.10.13/lib/python3.10/site-packages/airflow/example_dags/tutorial_taskflow_api_virtualenv.py took 0.093 seconds
