[2024-04-24T20:02:12.929+0000] {processor.py:161} INFO - Started process (PID=7406) to work on /usr/local/python/3.10.13/lib/python3.10/site-packages/airflow/example_dags/tutorial_dag.py
[2024-04-24T20:02:12.930+0000] {processor.py:830} INFO - Processing file /usr/local/python/3.10.13/lib/python3.10/site-packages/airflow/example_dags/tutorial_dag.py for tasks to queue
[2024-04-24T20:02:12.931+0000] {logging_mixin.py:188} INFO - [2024-04-24T20:02:12.931+0000] {dagbag.py:540} INFO - Filling up the DagBag from /usr/local/python/3.10.13/lib/python3.10/site-packages/airflow/example_dags/tutorial_dag.py
[2024-04-24T20:02:12.938+0000] {processor.py:840} INFO - DAG(s) 'tutorial_dag' retrieved from /usr/local/python/3.10.13/lib/python3.10/site-packages/airflow/example_dags/tutorial_dag.py
[2024-04-24T20:02:12.944+0000] {logging_mixin.py:188} INFO - [2024-04-24T20:02:12.944+0000] {dag.py:3096} INFO - Sync 1 DAGs
[2024-04-24T20:02:12.952+0000] {logging_mixin.py:188} INFO - [2024-04-24T20:02:12.952+0000] {dag.py:3954} INFO - Setting next_dagrun for tutorial_dag to None, run_after=None
[2024-04-24T20:02:12.990+0000] {processor.py:183} INFO - Processing /usr/local/python/3.10.13/lib/python3.10/site-packages/airflow/example_dags/tutorial_dag.py took 0.064 seconds
[2024-04-24T20:03:15.059+0000] {processor.py:161} INFO - Started process (PID=8263) to work on /usr/local/python/3.10.13/lib/python3.10/site-packages/airflow/example_dags/tutorial_dag.py
[2024-04-24T20:03:15.059+0000] {processor.py:830} INFO - Processing file /usr/local/python/3.10.13/lib/python3.10/site-packages/airflow/example_dags/tutorial_dag.py for tasks to queue
[2024-04-24T20:03:15.061+0000] {logging_mixin.py:188} INFO - [2024-04-24T20:03:15.060+0000] {dagbag.py:540} INFO - Filling up the DagBag from /usr/local/python/3.10.13/lib/python3.10/site-packages/airflow/example_dags/tutorial_dag.py
[2024-04-24T20:03:15.065+0000] {processor.py:840} INFO - DAG(s) 'tutorial_dag' retrieved from /usr/local/python/3.10.13/lib/python3.10/site-packages/airflow/example_dags/tutorial_dag.py
[2024-04-24T20:03:15.209+0000] {logging_mixin.py:188} INFO - [2024-04-24T20:03:15.209+0000] {dag.py:3096} INFO - Sync 1 DAGs
[2024-04-24T20:03:15.215+0000] {logging_mixin.py:188} INFO - [2024-04-24T20:03:15.215+0000] {dag.py:3954} INFO - Setting next_dagrun for tutorial_dag to None, run_after=None
[2024-04-24T20:03:15.252+0000] {processor.py:183} INFO - Processing /usr/local/python/3.10.13/lib/python3.10/site-packages/airflow/example_dags/tutorial_dag.py took 0.197 seconds
[2024-04-24T20:04:06.134+0000] {processor.py:161} INFO - Started process (PID=8740) to work on /usr/local/python/3.10.13/lib/python3.10/site-packages/airflow/example_dags/tutorial_dag.py
[2024-04-24T20:04:06.134+0000] {processor.py:830} INFO - Processing file /usr/local/python/3.10.13/lib/python3.10/site-packages/airflow/example_dags/tutorial_dag.py for tasks to queue
[2024-04-24T20:04:06.136+0000] {logging_mixin.py:188} INFO - [2024-04-24T20:04:06.135+0000] {dagbag.py:540} INFO - Filling up the DagBag from /usr/local/python/3.10.13/lib/python3.10/site-packages/airflow/example_dags/tutorial_dag.py
[2024-04-24T20:04:06.140+0000] {processor.py:840} INFO - DAG(s) 'tutorial_dag' retrieved from /usr/local/python/3.10.13/lib/python3.10/site-packages/airflow/example_dags/tutorial_dag.py
[2024-04-24T20:04:06.151+0000] {logging_mixin.py:188} INFO - [2024-04-24T20:04:06.150+0000] {dag.py:3096} INFO - Sync 1 DAGs
[2024-04-24T20:04:06.159+0000] {logging_mixin.py:188} INFO - [2024-04-24T20:04:06.159+0000] {dag.py:3954} INFO - Setting next_dagrun for tutorial_dag to None, run_after=None
[2024-04-24T20:04:06.196+0000] {processor.py:183} INFO - Processing /usr/local/python/3.10.13/lib/python3.10/site-packages/airflow/example_dags/tutorial_dag.py took 0.067 seconds
[2024-04-24T20:04:51.298+0000] {processor.py:161} INFO - Started process (PID=9157) to work on /usr/local/python/3.10.13/lib/python3.10/site-packages/airflow/example_dags/tutorial_dag.py
[2024-04-24T20:04:51.299+0000] {processor.py:830} INFO - Processing file /usr/local/python/3.10.13/lib/python3.10/site-packages/airflow/example_dags/tutorial_dag.py for tasks to queue
[2024-04-24T20:04:51.300+0000] {logging_mixin.py:188} INFO - [2024-04-24T20:04:51.300+0000] {dagbag.py:540} INFO - Filling up the DagBag from /usr/local/python/3.10.13/lib/python3.10/site-packages/airflow/example_dags/tutorial_dag.py
[2024-04-24T20:04:51.304+0000] {processor.py:840} INFO - DAG(s) 'tutorial_dag' retrieved from /usr/local/python/3.10.13/lib/python3.10/site-packages/airflow/example_dags/tutorial_dag.py
[2024-04-24T20:04:51.317+0000] {logging_mixin.py:188} INFO - [2024-04-24T20:04:51.317+0000] {dag.py:3096} INFO - Sync 1 DAGs
[2024-04-24T20:04:51.328+0000] {logging_mixin.py:188} INFO - [2024-04-24T20:04:51.328+0000] {dag.py:3954} INFO - Setting next_dagrun for tutorial_dag to None, run_after=None
[2024-04-24T20:04:51.387+0000] {processor.py:183} INFO - Processing /usr/local/python/3.10.13/lib/python3.10/site-packages/airflow/example_dags/tutorial_dag.py took 0.093 seconds
[2024-04-24T20:05:39.569+0000] {processor.py:161} INFO - Started process (PID=9691) to work on /usr/local/python/3.10.13/lib/python3.10/site-packages/airflow/example_dags/tutorial_dag.py
[2024-04-24T20:05:39.570+0000] {processor.py:830} INFO - Processing file /usr/local/python/3.10.13/lib/python3.10/site-packages/airflow/example_dags/tutorial_dag.py for tasks to queue
[2024-04-24T20:05:39.572+0000] {logging_mixin.py:188} INFO - [2024-04-24T20:05:39.571+0000] {dagbag.py:540} INFO - Filling up the DagBag from /usr/local/python/3.10.13/lib/python3.10/site-packages/airflow/example_dags/tutorial_dag.py
[2024-04-24T20:05:39.576+0000] {processor.py:840} INFO - DAG(s) 'tutorial_dag' retrieved from /usr/local/python/3.10.13/lib/python3.10/site-packages/airflow/example_dags/tutorial_dag.py
[2024-04-24T20:05:39.589+0000] {logging_mixin.py:188} INFO - [2024-04-24T20:05:39.589+0000] {dag.py:3096} INFO - Sync 1 DAGs
[2024-04-24T20:05:39.598+0000] {logging_mixin.py:188} INFO - [2024-04-24T20:05:39.598+0000] {dag.py:3954} INFO - Setting next_dagrun for tutorial_dag to None, run_after=None
[2024-04-24T20:05:39.636+0000] {processor.py:183} INFO - Processing /usr/local/python/3.10.13/lib/python3.10/site-packages/airflow/example_dags/tutorial_dag.py took 0.073 seconds
[2024-04-24T20:06:25.582+0000] {processor.py:161} INFO - Started process (PID=10228) to work on /usr/local/python/3.10.13/lib/python3.10/site-packages/airflow/example_dags/tutorial_dag.py
[2024-04-24T20:06:25.583+0000] {processor.py:830} INFO - Processing file /usr/local/python/3.10.13/lib/python3.10/site-packages/airflow/example_dags/tutorial_dag.py for tasks to queue
[2024-04-24T20:06:25.584+0000] {logging_mixin.py:188} INFO - [2024-04-24T20:06:25.583+0000] {dagbag.py:540} INFO - Filling up the DagBag from /usr/local/python/3.10.13/lib/python3.10/site-packages/airflow/example_dags/tutorial_dag.py
[2024-04-24T20:06:25.588+0000] {processor.py:840} INFO - DAG(s) 'tutorial_dag' retrieved from /usr/local/python/3.10.13/lib/python3.10/site-packages/airflow/example_dags/tutorial_dag.py
[2024-04-24T20:06:25.599+0000] {logging_mixin.py:188} INFO - [2024-04-24T20:06:25.599+0000] {dag.py:3096} INFO - Sync 1 DAGs
[2024-04-24T20:06:25.609+0000] {logging_mixin.py:188} INFO - [2024-04-24T20:06:25.609+0000] {dag.py:3954} INFO - Setting next_dagrun for tutorial_dag to None, run_after=None
[2024-04-24T20:06:25.649+0000] {processor.py:183} INFO - Processing /usr/local/python/3.10.13/lib/python3.10/site-packages/airflow/example_dags/tutorial_dag.py took 0.072 seconds
[2024-04-24T20:07:11.903+0000] {processor.py:161} INFO - Started process (PID=10811) to work on /usr/local/python/3.10.13/lib/python3.10/site-packages/airflow/example_dags/tutorial_dag.py
[2024-04-24T20:07:11.906+0000] {processor.py:830} INFO - Processing file /usr/local/python/3.10.13/lib/python3.10/site-packages/airflow/example_dags/tutorial_dag.py for tasks to queue
[2024-04-24T20:07:11.907+0000] {logging_mixin.py:188} INFO - [2024-04-24T20:07:11.907+0000] {dagbag.py:540} INFO - Filling up the DagBag from /usr/local/python/3.10.13/lib/python3.10/site-packages/airflow/example_dags/tutorial_dag.py
[2024-04-24T20:07:11.912+0000] {processor.py:840} INFO - DAG(s) 'tutorial_dag' retrieved from /usr/local/python/3.10.13/lib/python3.10/site-packages/airflow/example_dags/tutorial_dag.py
[2024-04-24T20:07:11.929+0000] {logging_mixin.py:188} INFO - [2024-04-24T20:07:11.929+0000] {dag.py:3096} INFO - Sync 1 DAGs
[2024-04-24T20:07:11.942+0000] {logging_mixin.py:188} INFO - [2024-04-24T20:07:11.942+0000] {dag.py:3954} INFO - Setting next_dagrun for tutorial_dag to None, run_after=None
[2024-04-24T20:07:11.988+0000] {processor.py:183} INFO - Processing /usr/local/python/3.10.13/lib/python3.10/site-packages/airflow/example_dags/tutorial_dag.py took 0.092 seconds
[2024-04-24T20:07:58.362+0000] {processor.py:161} INFO - Started process (PID=11491) to work on /usr/local/python/3.10.13/lib/python3.10/site-packages/airflow/example_dags/tutorial_dag.py
[2024-04-24T20:07:58.363+0000] {processor.py:830} INFO - Processing file /usr/local/python/3.10.13/lib/python3.10/site-packages/airflow/example_dags/tutorial_dag.py for tasks to queue
[2024-04-24T20:07:58.364+0000] {logging_mixin.py:188} INFO - [2024-04-24T20:07:58.364+0000] {dagbag.py:540} INFO - Filling up the DagBag from /usr/local/python/3.10.13/lib/python3.10/site-packages/airflow/example_dags/tutorial_dag.py
[2024-04-24T20:07:58.368+0000] {processor.py:840} INFO - DAG(s) 'tutorial_dag' retrieved from /usr/local/python/3.10.13/lib/python3.10/site-packages/airflow/example_dags/tutorial_dag.py
[2024-04-24T20:07:58.378+0000] {logging_mixin.py:188} INFO - [2024-04-24T20:07:58.378+0000] {dag.py:3096} INFO - Sync 1 DAGs
[2024-04-24T20:07:58.387+0000] {logging_mixin.py:188} INFO - [2024-04-24T20:07:58.386+0000] {dag.py:3954} INFO - Setting next_dagrun for tutorial_dag to None, run_after=None
[2024-04-24T20:07:58.427+0000] {processor.py:183} INFO - Processing /usr/local/python/3.10.13/lib/python3.10/site-packages/airflow/example_dags/tutorial_dag.py took 0.069 seconds
[2024-04-24T20:08:44.805+0000] {processor.py:161} INFO - Started process (PID=11893) to work on /usr/local/python/3.10.13/lib/python3.10/site-packages/airflow/example_dags/tutorial_dag.py
[2024-04-24T20:08:44.806+0000] {processor.py:830} INFO - Processing file /usr/local/python/3.10.13/lib/python3.10/site-packages/airflow/example_dags/tutorial_dag.py for tasks to queue
[2024-04-24T20:08:44.807+0000] {logging_mixin.py:188} INFO - [2024-04-24T20:08:44.807+0000] {dagbag.py:540} INFO - Filling up the DagBag from /usr/local/python/3.10.13/lib/python3.10/site-packages/airflow/example_dags/tutorial_dag.py
[2024-04-24T20:08:44.812+0000] {processor.py:840} INFO - DAG(s) 'tutorial_dag' retrieved from /usr/local/python/3.10.13/lib/python3.10/site-packages/airflow/example_dags/tutorial_dag.py
[2024-04-24T20:08:44.823+0000] {logging_mixin.py:188} INFO - [2024-04-24T20:08:44.823+0000] {dag.py:3096} INFO - Sync 1 DAGs
[2024-04-24T20:08:44.831+0000] {logging_mixin.py:188} INFO - [2024-04-24T20:08:44.831+0000] {dag.py:3954} INFO - Setting next_dagrun for tutorial_dag to None, run_after=None
[2024-04-24T20:08:44.871+0000] {processor.py:183} INFO - Processing /usr/local/python/3.10.13/lib/python3.10/site-packages/airflow/example_dags/tutorial_dag.py took 0.071 seconds
[2024-04-24T20:09:28.493+0000] {processor.py:161} INFO - Started process (PID=12252) to work on /usr/local/python/3.10.13/lib/python3.10/site-packages/airflow/example_dags/tutorial_dag.py
[2024-04-24T20:09:28.494+0000] {processor.py:830} INFO - Processing file /usr/local/python/3.10.13/lib/python3.10/site-packages/airflow/example_dags/tutorial_dag.py for tasks to queue
[2024-04-24T20:09:28.496+0000] {logging_mixin.py:188} INFO - [2024-04-24T20:09:28.495+0000] {dagbag.py:540} INFO - Filling up the DagBag from /usr/local/python/3.10.13/lib/python3.10/site-packages/airflow/example_dags/tutorial_dag.py
[2024-04-24T20:09:28.501+0000] {processor.py:840} INFO - DAG(s) 'tutorial_dag' retrieved from /usr/local/python/3.10.13/lib/python3.10/site-packages/airflow/example_dags/tutorial_dag.py
[2024-04-24T20:09:28.516+0000] {logging_mixin.py:188} INFO - [2024-04-24T20:09:28.516+0000] {dag.py:3096} INFO - Sync 1 DAGs
[2024-04-24T20:09:28.528+0000] {logging_mixin.py:188} INFO - [2024-04-24T20:09:28.528+0000] {dag.py:3954} INFO - Setting next_dagrun for tutorial_dag to None, run_after=None
[2024-04-24T20:09:28.573+0000] {processor.py:183} INFO - Processing /usr/local/python/3.10.13/lib/python3.10/site-packages/airflow/example_dags/tutorial_dag.py took 0.085 seconds
[2024-04-24T20:10:14.485+0000] {processor.py:161} INFO - Started process (PID=12880) to work on /usr/local/python/3.10.13/lib/python3.10/site-packages/airflow/example_dags/tutorial_dag.py
[2024-04-24T20:10:14.485+0000] {processor.py:830} INFO - Processing file /usr/local/python/3.10.13/lib/python3.10/site-packages/airflow/example_dags/tutorial_dag.py for tasks to queue
[2024-04-24T20:10:14.486+0000] {logging_mixin.py:188} INFO - [2024-04-24T20:10:14.486+0000] {dagbag.py:540} INFO - Filling up the DagBag from /usr/local/python/3.10.13/lib/python3.10/site-packages/airflow/example_dags/tutorial_dag.py
[2024-04-24T20:10:14.491+0000] {processor.py:840} INFO - DAG(s) 'tutorial_dag' retrieved from /usr/local/python/3.10.13/lib/python3.10/site-packages/airflow/example_dags/tutorial_dag.py
[2024-04-24T20:10:14.507+0000] {logging_mixin.py:188} INFO - [2024-04-24T20:10:14.507+0000] {dag.py:3096} INFO - Sync 1 DAGs
[2024-04-24T20:10:14.516+0000] {logging_mixin.py:188} INFO - [2024-04-24T20:10:14.516+0000] {dag.py:3954} INFO - Setting next_dagrun for tutorial_dag to None, run_after=None
[2024-04-24T20:10:14.554+0000] {processor.py:183} INFO - Processing /usr/local/python/3.10.13/lib/python3.10/site-packages/airflow/example_dags/tutorial_dag.py took 0.074 seconds
[2024-04-24T20:10:58.196+0000] {processor.py:161} INFO - Started process (PID=13242) to work on /usr/local/python/3.10.13/lib/python3.10/site-packages/airflow/example_dags/tutorial_dag.py
[2024-04-24T20:10:58.197+0000] {processor.py:830} INFO - Processing file /usr/local/python/3.10.13/lib/python3.10/site-packages/airflow/example_dags/tutorial_dag.py for tasks to queue
[2024-04-24T20:10:58.198+0000] {logging_mixin.py:188} INFO - [2024-04-24T20:10:58.198+0000] {dagbag.py:540} INFO - Filling up the DagBag from /usr/local/python/3.10.13/lib/python3.10/site-packages/airflow/example_dags/tutorial_dag.py
[2024-04-24T20:10:58.202+0000] {processor.py:840} INFO - DAG(s) 'tutorial_dag' retrieved from /usr/local/python/3.10.13/lib/python3.10/site-packages/airflow/example_dags/tutorial_dag.py
[2024-04-24T20:10:58.213+0000] {logging_mixin.py:188} INFO - [2024-04-24T20:10:58.213+0000] {dag.py:3096} INFO - Sync 1 DAGs
[2024-04-24T20:10:58.221+0000] {logging_mixin.py:188} INFO - [2024-04-24T20:10:58.221+0000] {dag.py:3954} INFO - Setting next_dagrun for tutorial_dag to None, run_after=None
[2024-04-24T20:10:58.261+0000] {processor.py:183} INFO - Processing /usr/local/python/3.10.13/lib/python3.10/site-packages/airflow/example_dags/tutorial_dag.py took 0.069 seconds
[2024-04-24T20:11:45.025+0000] {processor.py:161} INFO - Started process (PID=13562) to work on /usr/local/python/3.10.13/lib/python3.10/site-packages/airflow/example_dags/tutorial_dag.py
[2024-04-24T20:11:45.026+0000] {processor.py:830} INFO - Processing file /usr/local/python/3.10.13/lib/python3.10/site-packages/airflow/example_dags/tutorial_dag.py for tasks to queue
[2024-04-24T20:11:45.027+0000] {logging_mixin.py:188} INFO - [2024-04-24T20:11:45.027+0000] {dagbag.py:540} INFO - Filling up the DagBag from /usr/local/python/3.10.13/lib/python3.10/site-packages/airflow/example_dags/tutorial_dag.py
[2024-04-24T20:11:45.031+0000] {processor.py:840} INFO - DAG(s) 'tutorial_dag' retrieved from /usr/local/python/3.10.13/lib/python3.10/site-packages/airflow/example_dags/tutorial_dag.py
[2024-04-24T20:11:45.042+0000] {logging_mixin.py:188} INFO - [2024-04-24T20:11:45.042+0000] {dag.py:3096} INFO - Sync 1 DAGs
[2024-04-24T20:11:45.050+0000] {logging_mixin.py:188} INFO - [2024-04-24T20:11:45.050+0000] {dag.py:3954} INFO - Setting next_dagrun for tutorial_dag to None, run_after=None
[2024-04-24T20:11:45.087+0000] {processor.py:183} INFO - Processing /usr/local/python/3.10.13/lib/python3.10/site-packages/airflow/example_dags/tutorial_dag.py took 0.066 seconds
[2024-04-24T20:12:26.705+0000] {processor.py:161} INFO - Started process (PID=13997) to work on /usr/local/python/3.10.13/lib/python3.10/site-packages/airflow/example_dags/tutorial_dag.py
[2024-04-24T20:12:26.705+0000] {processor.py:830} INFO - Processing file /usr/local/python/3.10.13/lib/python3.10/site-packages/airflow/example_dags/tutorial_dag.py for tasks to queue
[2024-04-24T20:12:26.707+0000] {logging_mixin.py:188} INFO - [2024-04-24T20:12:26.706+0000] {dagbag.py:540} INFO - Filling up the DagBag from /usr/local/python/3.10.13/lib/python3.10/site-packages/airflow/example_dags/tutorial_dag.py
[2024-04-24T20:12:26.711+0000] {processor.py:840} INFO - DAG(s) 'tutorial_dag' retrieved from /usr/local/python/3.10.13/lib/python3.10/site-packages/airflow/example_dags/tutorial_dag.py
[2024-04-24T20:12:26.726+0000] {logging_mixin.py:188} INFO - [2024-04-24T20:12:26.726+0000] {dag.py:3096} INFO - Sync 1 DAGs
[2024-04-24T20:12:26.734+0000] {logging_mixin.py:188} INFO - [2024-04-24T20:12:26.734+0000] {dag.py:3954} INFO - Setting next_dagrun for tutorial_dag to None, run_after=None
[2024-04-24T20:12:26.772+0000] {processor.py:183} INFO - Processing /usr/local/python/3.10.13/lib/python3.10/site-packages/airflow/example_dags/tutorial_dag.py took 0.072 seconds
[2024-04-24T20:13:13.492+0000] {processor.py:161} INFO - Started process (PID=14370) to work on /usr/local/python/3.10.13/lib/python3.10/site-packages/airflow/example_dags/tutorial_dag.py
[2024-04-24T20:13:13.493+0000] {processor.py:830} INFO - Processing file /usr/local/python/3.10.13/lib/python3.10/site-packages/airflow/example_dags/tutorial_dag.py for tasks to queue
[2024-04-24T20:13:13.494+0000] {logging_mixin.py:188} INFO - [2024-04-24T20:13:13.494+0000] {dagbag.py:540} INFO - Filling up the DagBag from /usr/local/python/3.10.13/lib/python3.10/site-packages/airflow/example_dags/tutorial_dag.py
[2024-04-24T20:13:13.498+0000] {processor.py:840} INFO - DAG(s) 'tutorial_dag' retrieved from /usr/local/python/3.10.13/lib/python3.10/site-packages/airflow/example_dags/tutorial_dag.py
[2024-04-24T20:13:13.508+0000] {logging_mixin.py:188} INFO - [2024-04-24T20:13:13.508+0000] {dag.py:3096} INFO - Sync 1 DAGs
[2024-04-24T20:13:13.516+0000] {logging_mixin.py:188} INFO - [2024-04-24T20:13:13.516+0000] {dag.py:3954} INFO - Setting next_dagrun for tutorial_dag to None, run_after=None
[2024-04-24T20:13:13.555+0000] {processor.py:183} INFO - Processing /usr/local/python/3.10.13/lib/python3.10/site-packages/airflow/example_dags/tutorial_dag.py took 0.067 seconds
[2024-04-24T20:13:59.067+0000] {processor.py:161} INFO - Started process (PID=14824) to work on /usr/local/python/3.10.13/lib/python3.10/site-packages/airflow/example_dags/tutorial_dag.py
[2024-04-24T20:13:59.067+0000] {processor.py:830} INFO - Processing file /usr/local/python/3.10.13/lib/python3.10/site-packages/airflow/example_dags/tutorial_dag.py for tasks to queue
[2024-04-24T20:13:59.068+0000] {logging_mixin.py:188} INFO - [2024-04-24T20:13:59.068+0000] {dagbag.py:540} INFO - Filling up the DagBag from /usr/local/python/3.10.13/lib/python3.10/site-packages/airflow/example_dags/tutorial_dag.py
[2024-04-24T20:13:59.072+0000] {processor.py:840} INFO - DAG(s) 'tutorial_dag' retrieved from /usr/local/python/3.10.13/lib/python3.10/site-packages/airflow/example_dags/tutorial_dag.py
[2024-04-24T20:13:59.083+0000] {logging_mixin.py:188} INFO - [2024-04-24T20:13:59.083+0000] {dag.py:3096} INFO - Sync 1 DAGs
[2024-04-24T20:13:59.091+0000] {logging_mixin.py:188} INFO - [2024-04-24T20:13:59.091+0000] {dag.py:3954} INFO - Setting next_dagrun for tutorial_dag to None, run_after=None
[2024-04-24T20:13:59.129+0000] {processor.py:183} INFO - Processing /usr/local/python/3.10.13/lib/python3.10/site-packages/airflow/example_dags/tutorial_dag.py took 0.067 seconds
[2024-04-24T20:14:44.167+0000] {processor.py:161} INFO - Started process (PID=15253) to work on /usr/local/python/3.10.13/lib/python3.10/site-packages/airflow/example_dags/tutorial_dag.py
[2024-04-24T20:14:44.167+0000] {processor.py:830} INFO - Processing file /usr/local/python/3.10.13/lib/python3.10/site-packages/airflow/example_dags/tutorial_dag.py for tasks to queue
[2024-04-24T20:14:44.169+0000] {logging_mixin.py:188} INFO - [2024-04-24T20:14:44.168+0000] {dagbag.py:540} INFO - Filling up the DagBag from /usr/local/python/3.10.13/lib/python3.10/site-packages/airflow/example_dags/tutorial_dag.py
[2024-04-24T20:14:44.173+0000] {processor.py:840} INFO - DAG(s) 'tutorial_dag' retrieved from /usr/local/python/3.10.13/lib/python3.10/site-packages/airflow/example_dags/tutorial_dag.py
[2024-04-24T20:14:44.183+0000] {logging_mixin.py:188} INFO - [2024-04-24T20:14:44.183+0000] {dag.py:3096} INFO - Sync 1 DAGs
[2024-04-24T20:14:44.192+0000] {logging_mixin.py:188} INFO - [2024-04-24T20:14:44.191+0000] {dag.py:3954} INFO - Setting next_dagrun for tutorial_dag to None, run_after=None
[2024-04-24T20:14:44.229+0000] {processor.py:183} INFO - Processing /usr/local/python/3.10.13/lib/python3.10/site-packages/airflow/example_dags/tutorial_dag.py took 0.067 seconds
[2024-04-24T20:15:27.699+0000] {processor.py:161} INFO - Started process (PID=15614) to work on /usr/local/python/3.10.13/lib/python3.10/site-packages/airflow/example_dags/tutorial_dag.py
[2024-04-24T20:15:27.700+0000] {processor.py:830} INFO - Processing file /usr/local/python/3.10.13/lib/python3.10/site-packages/airflow/example_dags/tutorial_dag.py for tasks to queue
[2024-04-24T20:15:27.701+0000] {logging_mixin.py:188} INFO - [2024-04-24T20:15:27.701+0000] {dagbag.py:540} INFO - Filling up the DagBag from /usr/local/python/3.10.13/lib/python3.10/site-packages/airflow/example_dags/tutorial_dag.py
[2024-04-24T20:15:27.705+0000] {processor.py:840} INFO - DAG(s) 'tutorial_dag' retrieved from /usr/local/python/3.10.13/lib/python3.10/site-packages/airflow/example_dags/tutorial_dag.py
[2024-04-24T20:15:27.716+0000] {logging_mixin.py:188} INFO - [2024-04-24T20:15:27.715+0000] {dag.py:3096} INFO - Sync 1 DAGs
[2024-04-24T20:15:27.724+0000] {logging_mixin.py:188} INFO - [2024-04-24T20:15:27.724+0000] {dag.py:3954} INFO - Setting next_dagrun for tutorial_dag to None, run_after=None
[2024-04-24T20:15:27.766+0000] {processor.py:183} INFO - Processing /usr/local/python/3.10.13/lib/python3.10/site-packages/airflow/example_dags/tutorial_dag.py took 0.071 seconds
