[2024-04-24T20:03:08.641+0000] {processor.py:161} INFO - Started process (PID=8172) to work on /workspaces/AirFlowDB/dags/execute_multiple_tasks.py
[2024-04-24T20:03:08.642+0000] {processor.py:830} INFO - Processing file /workspaces/AirFlowDB/dags/execute_multiple_tasks.py for tasks to queue
[2024-04-24T20:03:08.643+0000] {logging_mixin.py:188} INFO - [2024-04-24T20:03:08.643+0000] {dagbag.py:540} INFO - Filling up the DagBag from /workspaces/AirFlowDB/dags/execute_multiple_tasks.py
[2024-04-24T20:03:08.647+0000] {processor.py:840} INFO - DAG(s) 'executing_multiple_tasks' retrieved from /workspaces/AirFlowDB/dags/execute_multiple_tasks.py
[2024-04-24T20:03:08.771+0000] {logging_mixin.py:188} INFO - [2024-04-24T20:03:08.770+0000] {dag.py:3096} INFO - Sync 1 DAGs
[2024-04-24T20:03:08.782+0000] {logging_mixin.py:188} INFO - [2024-04-24T20:03:08.782+0000] {dag.py:3954} INFO - Setting next_dagrun for executing_multiple_tasks to None, run_after=None
[2024-04-24T20:03:08.819+0000] {processor.py:183} INFO - Processing /workspaces/AirFlowDB/dags/execute_multiple_tasks.py took 0.182 seconds
[2024-04-24T20:04:22.776+0000] {processor.py:161} INFO - Started process (PID=8866) to work on /workspaces/AirFlowDB/dags/execute_multiple_tasks.py
[2024-04-24T20:04:22.777+0000] {processor.py:830} INFO - Processing file /workspaces/AirFlowDB/dags/execute_multiple_tasks.py for tasks to queue
[2024-04-24T20:04:22.779+0000] {logging_mixin.py:188} INFO - [2024-04-24T20:04:22.778+0000] {dagbag.py:540} INFO - Filling up the DagBag from /workspaces/AirFlowDB/dags/execute_multiple_tasks.py
[2024-04-24T20:04:22.784+0000] {processor.py:840} INFO - DAG(s) 'executing_multiple_tasks' retrieved from /workspaces/AirFlowDB/dags/execute_multiple_tasks.py
[2024-04-24T20:04:22.799+0000] {logging_mixin.py:188} INFO - [2024-04-24T20:04:22.799+0000] {dag.py:3096} INFO - Sync 1 DAGs
[2024-04-24T20:04:22.820+0000] {logging_mixin.py:188} INFO - [2024-04-24T20:04:22.820+0000] {dag.py:3954} INFO - Setting next_dagrun for executing_multiple_tasks to None, run_after=None
[2024-04-24T20:04:22.858+0000] {processor.py:183} INFO - Processing /workspaces/AirFlowDB/dags/execute_multiple_tasks.py took 0.088 seconds
[2024-04-24T20:05:33.969+0000] {processor.py:161} INFO - Started process (PID=9633) to work on /workspaces/AirFlowDB/dags/execute_multiple_tasks.py
[2024-04-24T20:05:33.969+0000] {processor.py:830} INFO - Processing file /workspaces/AirFlowDB/dags/execute_multiple_tasks.py for tasks to queue
[2024-04-24T20:05:33.970+0000] {logging_mixin.py:188} INFO - [2024-04-24T20:05:33.970+0000] {dagbag.py:540} INFO - Filling up the DagBag from /workspaces/AirFlowDB/dags/execute_multiple_tasks.py
[2024-04-24T20:05:33.975+0000] {processor.py:840} INFO - DAG(s) 'executing_multiple_tasks' retrieved from /workspaces/AirFlowDB/dags/execute_multiple_tasks.py
[2024-04-24T20:05:33.985+0000] {logging_mixin.py:188} INFO - [2024-04-24T20:05:33.985+0000] {dag.py:3096} INFO - Sync 1 DAGs
[2024-04-24T20:05:33.999+0000] {logging_mixin.py:188} INFO - [2024-04-24T20:05:33.999+0000] {dag.py:3954} INFO - Setting next_dagrun for executing_multiple_tasks to None, run_after=None
[2024-04-24T20:05:34.042+0000] {processor.py:183} INFO - Processing /workspaces/AirFlowDB/dags/execute_multiple_tasks.py took 0.078 seconds
[2024-04-24T20:06:42.605+0000] {processor.py:161} INFO - Started process (PID=10350) to work on /workspaces/AirFlowDB/dags/execute_multiple_tasks.py
[2024-04-24T20:06:42.606+0000] {processor.py:830} INFO - Processing file /workspaces/AirFlowDB/dags/execute_multiple_tasks.py for tasks to queue
[2024-04-24T20:06:42.607+0000] {logging_mixin.py:188} INFO - [2024-04-24T20:06:42.607+0000] {dagbag.py:540} INFO - Filling up the DagBag from /workspaces/AirFlowDB/dags/execute_multiple_tasks.py
[2024-04-24T20:06:42.611+0000] {processor.py:840} INFO - DAG(s) 'executing_multiple_tasks' retrieved from /workspaces/AirFlowDB/dags/execute_multiple_tasks.py
[2024-04-24T20:06:42.622+0000] {logging_mixin.py:188} INFO - [2024-04-24T20:06:42.622+0000] {dag.py:3096} INFO - Sync 1 DAGs
[2024-04-24T20:06:42.635+0000] {logging_mixin.py:188} INFO - [2024-04-24T20:06:42.635+0000] {dag.py:3954} INFO - Setting next_dagrun for executing_multiple_tasks to None, run_after=None
[2024-04-24T20:06:42.685+0000] {processor.py:183} INFO - Processing /workspaces/AirFlowDB/dags/execute_multiple_tasks.py took 0.084 seconds
[2024-04-24T20:07:52.279+0000] {processor.py:161} INFO - Started process (PID=11364) to work on /workspaces/AirFlowDB/dags/execute_multiple_tasks.py
[2024-04-24T20:07:52.279+0000] {processor.py:830} INFO - Processing file /workspaces/AirFlowDB/dags/execute_multiple_tasks.py for tasks to queue
[2024-04-24T20:07:52.281+0000] {logging_mixin.py:188} INFO - [2024-04-24T20:07:52.281+0000] {dagbag.py:540} INFO - Filling up the DagBag from /workspaces/AirFlowDB/dags/execute_multiple_tasks.py
[2024-04-24T20:07:52.285+0000] {processor.py:840} INFO - DAG(s) 'executing_multiple_tasks' retrieved from /workspaces/AirFlowDB/dags/execute_multiple_tasks.py
[2024-04-24T20:07:52.299+0000] {logging_mixin.py:188} INFO - [2024-04-24T20:07:52.298+0000] {dag.py:3096} INFO - Sync 1 DAGs
[2024-04-24T20:07:52.311+0000] {logging_mixin.py:188} INFO - [2024-04-24T20:07:52.311+0000] {dag.py:3954} INFO - Setting next_dagrun for executing_multiple_tasks to None, run_after=None
[2024-04-24T20:07:52.349+0000] {processor.py:183} INFO - Processing /workspaces/AirFlowDB/dags/execute_multiple_tasks.py took 0.075 seconds
[2024-04-24T20:08:59.435+0000] {processor.py:161} INFO - Started process (PID=12043) to work on /workspaces/AirFlowDB/dags/execute_multiple_tasks.py
[2024-04-24T20:08:59.436+0000] {processor.py:830} INFO - Processing file /workspaces/AirFlowDB/dags/execute_multiple_tasks.py for tasks to queue
[2024-04-24T20:08:59.437+0000] {logging_mixin.py:188} INFO - [2024-04-24T20:08:59.436+0000] {dagbag.py:540} INFO - Filling up the DagBag from /workspaces/AirFlowDB/dags/execute_multiple_tasks.py
[2024-04-24T20:08:59.441+0000] {processor.py:840} INFO - DAG(s) 'executing_multiple_tasks' retrieved from /workspaces/AirFlowDB/dags/execute_multiple_tasks.py
[2024-04-24T20:08:59.451+0000] {logging_mixin.py:188} INFO - [2024-04-24T20:08:59.451+0000] {dag.py:3096} INFO - Sync 1 DAGs
[2024-04-24T20:08:59.464+0000] {logging_mixin.py:188} INFO - [2024-04-24T20:08:59.464+0000] {dag.py:3954} INFO - Setting next_dagrun for executing_multiple_tasks to None, run_after=None
[2024-04-24T20:08:59.504+0000] {processor.py:183} INFO - Processing /workspaces/AirFlowDB/dags/execute_multiple_tasks.py took 0.073 seconds
[2024-04-24T20:10:08.743+0000] {processor.py:161} INFO - Started process (PID=12775) to work on /workspaces/AirFlowDB/dags/execute_multiple_tasks.py
[2024-04-24T20:10:08.743+0000] {processor.py:830} INFO - Processing file /workspaces/AirFlowDB/dags/execute_multiple_tasks.py for tasks to queue
[2024-04-24T20:10:08.744+0000] {logging_mixin.py:188} INFO - [2024-04-24T20:10:08.744+0000] {dagbag.py:540} INFO - Filling up the DagBag from /workspaces/AirFlowDB/dags/execute_multiple_tasks.py
[2024-04-24T20:10:08.750+0000] {processor.py:840} INFO - DAG(s) 'executing_multiple_tasks' retrieved from /workspaces/AirFlowDB/dags/execute_multiple_tasks.py
[2024-04-24T20:10:08.760+0000] {logging_mixin.py:188} INFO - [2024-04-24T20:10:08.760+0000] {dag.py:3096} INFO - Sync 1 DAGs
[2024-04-24T20:10:08.773+0000] {logging_mixin.py:188} INFO - [2024-04-24T20:10:08.773+0000] {dag.py:3954} INFO - Setting next_dagrun for executing_multiple_tasks to None, run_after=None
[2024-04-24T20:10:08.812+0000] {processor.py:183} INFO - Processing /workspaces/AirFlowDB/dags/execute_multiple_tasks.py took 0.074 seconds
[2024-04-24T20:11:15.540+0000] {processor.py:161} INFO - Started process (PID=13363) to work on /workspaces/AirFlowDB/dags/execute_multiple_tasks.py
[2024-04-24T20:11:15.541+0000] {processor.py:830} INFO - Processing file /workspaces/AirFlowDB/dags/execute_multiple_tasks.py for tasks to queue
[2024-04-24T20:11:15.543+0000] {logging_mixin.py:188} INFO - [2024-04-24T20:11:15.543+0000] {dagbag.py:540} INFO - Filling up the DagBag from /workspaces/AirFlowDB/dags/execute_multiple_tasks.py
[2024-04-24T20:11:15.551+0000] {processor.py:840} INFO - DAG(s) 'executing_multiple_tasks' retrieved from /workspaces/AirFlowDB/dags/execute_multiple_tasks.py
[2024-04-24T20:11:15.566+0000] {logging_mixin.py:188} INFO - [2024-04-24T20:11:15.566+0000] {dag.py:3096} INFO - Sync 1 DAGs
[2024-04-24T20:11:15.583+0000] {logging_mixin.py:188} INFO - [2024-04-24T20:11:15.582+0000] {dag.py:3954} INFO - Setting next_dagrun for executing_multiple_tasks to None, run_after=None
[2024-04-24T20:11:15.622+0000] {processor.py:183} INFO - Processing /workspaces/AirFlowDB/dags/execute_multiple_tasks.py took 0.087 seconds
[2024-04-24T20:12:20.337+0000] {processor.py:161} INFO - Started process (PID=13947) to work on /workspaces/AirFlowDB/dags/execute_multiple_tasks.py
[2024-04-24T20:12:20.337+0000] {processor.py:830} INFO - Processing file /workspaces/AirFlowDB/dags/execute_multiple_tasks.py for tasks to queue
[2024-04-24T20:12:20.339+0000] {logging_mixin.py:188} INFO - [2024-04-24T20:12:20.338+0000] {dagbag.py:540} INFO - Filling up the DagBag from /workspaces/AirFlowDB/dags/execute_multiple_tasks.py
[2024-04-24T20:12:20.343+0000] {processor.py:840} INFO - DAG(s) 'executing_multiple_tasks' retrieved from /workspaces/AirFlowDB/dags/execute_multiple_tasks.py
[2024-04-24T20:12:20.353+0000] {logging_mixin.py:188} INFO - [2024-04-24T20:12:20.353+0000] {dag.py:3096} INFO - Sync 1 DAGs
[2024-04-24T20:12:20.366+0000] {logging_mixin.py:188} INFO - [2024-04-24T20:12:20.366+0000] {dag.py:3954} INFO - Setting next_dagrun for executing_multiple_tasks to None, run_after=None
[2024-04-24T20:12:20.404+0000] {processor.py:183} INFO - Processing /workspaces/AirFlowDB/dags/execute_multiple_tasks.py took 0.072 seconds
[2024-04-24T20:13:29.059+0000] {processor.py:161} INFO - Started process (PID=14494) to work on /workspaces/AirFlowDB/dags/execute_multiple_tasks.py
[2024-04-24T20:13:29.059+0000] {processor.py:830} INFO - Processing file /workspaces/AirFlowDB/dags/execute_multiple_tasks.py for tasks to queue
[2024-04-24T20:13:29.061+0000] {logging_mixin.py:188} INFO - [2024-04-24T20:13:29.060+0000] {dagbag.py:540} INFO - Filling up the DagBag from /workspaces/AirFlowDB/dags/execute_multiple_tasks.py
[2024-04-24T20:13:29.066+0000] {processor.py:840} INFO - DAG(s) 'executing_multiple_tasks' retrieved from /workspaces/AirFlowDB/dags/execute_multiple_tasks.py
[2024-04-24T20:13:29.077+0000] {logging_mixin.py:188} INFO - [2024-04-24T20:13:29.076+0000] {dag.py:3096} INFO - Sync 1 DAGs
[2024-04-24T20:13:29.090+0000] {logging_mixin.py:188} INFO - [2024-04-24T20:13:29.090+0000] {dag.py:3954} INFO - Setting next_dagrun for executing_multiple_tasks to None, run_after=None
[2024-04-24T20:13:29.129+0000] {processor.py:183} INFO - Processing /workspaces/AirFlowDB/dags/execute_multiple_tasks.py took 0.075 seconds
[2024-04-24T20:14:37.676+0000] {processor.py:161} INFO - Started process (PID=15203) to work on /workspaces/AirFlowDB/dags/execute_multiple_tasks.py
[2024-04-24T20:14:37.676+0000] {processor.py:830} INFO - Processing file /workspaces/AirFlowDB/dags/execute_multiple_tasks.py for tasks to queue
[2024-04-24T20:14:37.677+0000] {logging_mixin.py:188} INFO - [2024-04-24T20:14:37.677+0000] {dagbag.py:540} INFO - Filling up the DagBag from /workspaces/AirFlowDB/dags/execute_multiple_tasks.py
[2024-04-24T20:14:37.682+0000] {processor.py:840} INFO - DAG(s) 'executing_multiple_tasks' retrieved from /workspaces/AirFlowDB/dags/execute_multiple_tasks.py
[2024-04-24T20:14:37.692+0000] {logging_mixin.py:188} INFO - [2024-04-24T20:14:37.692+0000] {dag.py:3096} INFO - Sync 1 DAGs
[2024-04-24T20:14:37.705+0000] {logging_mixin.py:188} INFO - [2024-04-24T20:14:37.705+0000] {dag.py:3954} INFO - Setting next_dagrun for executing_multiple_tasks to None, run_after=None
[2024-04-24T20:14:37.742+0000] {processor.py:183} INFO - Processing /workspaces/AirFlowDB/dags/execute_multiple_tasks.py took 0.071 seconds
[2024-04-24T20:15:55.708+0000] {processor.py:161} INFO - Started process (PID=16043) to work on /workspaces/AirFlowDB/dags/execute_multiple_tasks.py
[2024-04-24T20:15:55.709+0000] {processor.py:830} INFO - Processing file /workspaces/AirFlowDB/dags/execute_multiple_tasks.py for tasks to queue
[2024-04-24T20:15:55.711+0000] {logging_mixin.py:188} INFO - [2024-04-24T20:15:55.710+0000] {dagbag.py:540} INFO - Filling up the DagBag from /workspaces/AirFlowDB/dags/execute_multiple_tasks.py
[2024-04-24T20:15:55.720+0000] {processor.py:840} INFO - DAG(s) 'executing_multiple_tasks' retrieved from /workspaces/AirFlowDB/dags/execute_multiple_tasks.py
[2024-04-24T20:15:55.727+0000] {logging_mixin.py:188} INFO - [2024-04-24T20:15:55.726+0000] {dag.py:3096} INFO - Sync 1 DAGs
[2024-04-24T20:15:55.747+0000] {logging_mixin.py:188} INFO - [2024-04-24T20:15:55.746+0000] {dag.py:3954} INFO - Setting next_dagrun for executing_multiple_tasks to None, run_after=None
[2024-04-24T20:15:55.797+0000] {processor.py:183} INFO - Processing /workspaces/AirFlowDB/dags/execute_multiple_tasks.py took 0.095 seconds
[2024-04-24T20:16:25.382+0000] {processor.py:161} INFO - Started process (PID=16829) to work on /workspaces/AirFlowDB/dags/execute_multiple_tasks.py
[2024-04-24T20:16:25.383+0000] {processor.py:830} INFO - Processing file /workspaces/AirFlowDB/dags/execute_multiple_tasks.py for tasks to queue
[2024-04-24T20:16:25.384+0000] {logging_mixin.py:188} INFO - [2024-04-24T20:16:25.384+0000] {dagbag.py:540} INFO - Filling up the DagBag from /workspaces/AirFlowDB/dags/execute_multiple_tasks.py
[2024-04-24T20:16:25.398+0000] {processor.py:840} INFO - DAG(s) 'executing_multiple_tasks' retrieved from /workspaces/AirFlowDB/dags/execute_multiple_tasks.py
[2024-04-24T20:16:25.405+0000] {logging_mixin.py:188} INFO - [2024-04-24T20:16:25.404+0000] {dag.py:3096} INFO - Sync 1 DAGs
[2024-04-24T20:16:25.426+0000] {logging_mixin.py:188} INFO - [2024-04-24T20:16:25.426+0000] {dag.py:3954} INFO - Setting next_dagrun for executing_multiple_tasks to None, run_after=None
[2024-04-24T20:16:25.467+0000] {processor.py:183} INFO - Processing /workspaces/AirFlowDB/dags/execute_multiple_tasks.py took 0.092 seconds
[2024-04-24T20:16:56.561+0000] {processor.py:161} INFO - Started process (PID=17240) to work on /workspaces/AirFlowDB/dags/execute_multiple_tasks.py
[2024-04-24T20:16:56.562+0000] {processor.py:830} INFO - Processing file /workspaces/AirFlowDB/dags/execute_multiple_tasks.py for tasks to queue
[2024-04-24T20:16:56.563+0000] {logging_mixin.py:188} INFO - [2024-04-24T20:16:56.563+0000] {dagbag.py:540} INFO - Filling up the DagBag from /workspaces/AirFlowDB/dags/execute_multiple_tasks.py
[2024-04-24T20:16:56.571+0000] {processor.py:840} INFO - DAG(s) 'executing_multiple_tasks' retrieved from /workspaces/AirFlowDB/dags/execute_multiple_tasks.py
[2024-04-24T20:16:56.667+0000] {logging_mixin.py:188} INFO - [2024-04-24T20:16:56.666+0000] {dag.py:3096} INFO - Sync 1 DAGs
[2024-04-24T20:16:56.682+0000] {logging_mixin.py:188} INFO - [2024-04-24T20:16:56.682+0000] {dag.py:3954} INFO - Setting next_dagrun for executing_multiple_tasks to None, run_after=None
[2024-04-24T20:16:56.721+0000] {processor.py:183} INFO - Processing /workspaces/AirFlowDB/dags/execute_multiple_tasks.py took 0.165 seconds
[2024-04-24T20:17:26.785+0000] {processor.py:161} INFO - Started process (PID=17531) to work on /workspaces/AirFlowDB/dags/execute_multiple_tasks.py
[2024-04-24T20:17:26.786+0000] {processor.py:830} INFO - Processing file /workspaces/AirFlowDB/dags/execute_multiple_tasks.py for tasks to queue
[2024-04-24T20:17:26.788+0000] {logging_mixin.py:188} INFO - [2024-04-24T20:17:26.787+0000] {dagbag.py:540} INFO - Filling up the DagBag from /workspaces/AirFlowDB/dags/execute_multiple_tasks.py
[2024-04-24T20:17:26.794+0000] {processor.py:840} INFO - DAG(s) 'executing_multiple_tasks' retrieved from /workspaces/AirFlowDB/dags/execute_multiple_tasks.py
[2024-04-24T20:17:26.809+0000] {logging_mixin.py:188} INFO - [2024-04-24T20:17:26.809+0000] {dag.py:3096} INFO - Sync 1 DAGs
[2024-04-24T20:17:26.822+0000] {logging_mixin.py:188} INFO - [2024-04-24T20:17:26.822+0000] {dag.py:3954} INFO - Setting next_dagrun for executing_multiple_tasks to None, run_after=None
[2024-04-24T20:17:26.859+0000] {processor.py:183} INFO - Processing /workspaces/AirFlowDB/dags/execute_multiple_tasks.py took 0.078 seconds
[2024-04-24T20:17:57.120+0000] {processor.py:161} INFO - Started process (PID=17723) to work on /workspaces/AirFlowDB/dags/execute_multiple_tasks.py
[2024-04-24T20:17:57.121+0000] {processor.py:830} INFO - Processing file /workspaces/AirFlowDB/dags/execute_multiple_tasks.py for tasks to queue
[2024-04-24T20:17:57.122+0000] {logging_mixin.py:188} INFO - [2024-04-24T20:17:57.122+0000] {dagbag.py:540} INFO - Filling up the DagBag from /workspaces/AirFlowDB/dags/execute_multiple_tasks.py
[2024-04-24T20:17:57.129+0000] {processor.py:840} INFO - DAG(s) 'executing_multiple_tasks' retrieved from /workspaces/AirFlowDB/dags/execute_multiple_tasks.py
[2024-04-24T20:17:57.144+0000] {logging_mixin.py:188} INFO - [2024-04-24T20:17:57.143+0000] {dag.py:3096} INFO - Sync 1 DAGs
[2024-04-24T20:17:57.156+0000] {logging_mixin.py:188} INFO - [2024-04-24T20:17:57.156+0000] {dag.py:3954} INFO - Setting next_dagrun for executing_multiple_tasks to None, run_after=None
[2024-04-24T20:17:57.195+0000] {processor.py:183} INFO - Processing /workspaces/AirFlowDB/dags/execute_multiple_tasks.py took 0.079 seconds
[2024-04-24T20:18:27.464+0000] {processor.py:161} INFO - Started process (PID=18012) to work on /workspaces/AirFlowDB/dags/execute_multiple_tasks.py
[2024-04-24T20:18:27.465+0000] {processor.py:830} INFO - Processing file /workspaces/AirFlowDB/dags/execute_multiple_tasks.py for tasks to queue
[2024-04-24T20:18:27.467+0000] {logging_mixin.py:188} INFO - [2024-04-24T20:18:27.466+0000] {dagbag.py:540} INFO - Filling up the DagBag from /workspaces/AirFlowDB/dags/execute_multiple_tasks.py
[2024-04-24T20:18:27.473+0000] {processor.py:840} INFO - DAG(s) 'executing_multiple_tasks' retrieved from /workspaces/AirFlowDB/dags/execute_multiple_tasks.py
[2024-04-24T20:18:27.488+0000] {logging_mixin.py:188} INFO - [2024-04-24T20:18:27.488+0000] {dag.py:3096} INFO - Sync 1 DAGs
[2024-04-24T20:18:27.501+0000] {logging_mixin.py:188} INFO - [2024-04-24T20:18:27.501+0000] {dag.py:3954} INFO - Setting next_dagrun for executing_multiple_tasks to None, run_after=None
[2024-04-24T20:18:27.538+0000] {processor.py:183} INFO - Processing /workspaces/AirFlowDB/dags/execute_multiple_tasks.py took 0.079 seconds
[2024-04-24T20:18:57.788+0000] {processor.py:161} INFO - Started process (PID=18310) to work on /workspaces/AirFlowDB/dags/execute_multiple_tasks.py
[2024-04-24T20:18:57.788+0000] {processor.py:830} INFO - Processing file /workspaces/AirFlowDB/dags/execute_multiple_tasks.py for tasks to queue
[2024-04-24T20:18:57.790+0000] {logging_mixin.py:188} INFO - [2024-04-24T20:18:57.789+0000] {dagbag.py:540} INFO - Filling up the DagBag from /workspaces/AirFlowDB/dags/execute_multiple_tasks.py
[2024-04-24T20:18:57.797+0000] {processor.py:840} INFO - DAG(s) 'executing_multiple_tasks' retrieved from /workspaces/AirFlowDB/dags/execute_multiple_tasks.py
[2024-04-24T20:18:57.812+0000] {logging_mixin.py:188} INFO - [2024-04-24T20:18:57.812+0000] {dag.py:3096} INFO - Sync 1 DAGs
[2024-04-24T20:18:57.825+0000] {logging_mixin.py:188} INFO - [2024-04-24T20:18:57.825+0000] {dag.py:3954} INFO - Setting next_dagrun for executing_multiple_tasks to None, run_after=None
[2024-04-24T20:18:57.862+0000] {processor.py:183} INFO - Processing /workspaces/AirFlowDB/dags/execute_multiple_tasks.py took 0.079 seconds
[2024-04-24T20:19:28.232+0000] {processor.py:161} INFO - Started process (PID=18608) to work on /workspaces/AirFlowDB/dags/execute_multiple_tasks.py
[2024-04-24T20:19:28.233+0000] {processor.py:830} INFO - Processing file /workspaces/AirFlowDB/dags/execute_multiple_tasks.py for tasks to queue
[2024-04-24T20:19:28.234+0000] {logging_mixin.py:188} INFO - [2024-04-24T20:19:28.234+0000] {dagbag.py:540} INFO - Filling up the DagBag from /workspaces/AirFlowDB/dags/execute_multiple_tasks.py
[2024-04-24T20:19:28.243+0000] {processor.py:840} INFO - DAG(s) 'executing_multiple_tasks' retrieved from /workspaces/AirFlowDB/dags/execute_multiple_tasks.py
[2024-04-24T20:19:28.266+0000] {logging_mixin.py:188} INFO - [2024-04-24T20:19:28.266+0000] {dag.py:3096} INFO - Sync 1 DAGs
[2024-04-24T20:19:28.283+0000] {logging_mixin.py:188} INFO - [2024-04-24T20:19:28.283+0000] {dag.py:3954} INFO - Setting next_dagrun for executing_multiple_tasks to None, run_after=None
[2024-04-24T20:19:28.321+0000] {processor.py:183} INFO - Processing /workspaces/AirFlowDB/dags/execute_multiple_tasks.py took 0.095 seconds
[2024-04-24T20:19:54.794+0000] {processor.py:161} INFO - Started process (PID=19273) to work on /workspaces/AirFlowDB/dags/execute_multiple_tasks.py
[2024-04-24T20:19:54.795+0000] {processor.py:830} INFO - Processing file /workspaces/AirFlowDB/dags/execute_multiple_tasks.py for tasks to queue
[2024-04-24T20:19:54.796+0000] {logging_mixin.py:188} INFO - [2024-04-24T20:19:54.796+0000] {dagbag.py:540} INFO - Filling up the DagBag from /workspaces/AirFlowDB/dags/execute_multiple_tasks.py
[2024-04-24T20:19:54.811+0000] {processor.py:840} INFO - DAG(s) 'executing_multiple_tasks' retrieved from /workspaces/AirFlowDB/dags/execute_multiple_tasks.py
[2024-04-24T20:19:54.820+0000] {logging_mixin.py:188} INFO - [2024-04-24T20:19:54.820+0000] {dag.py:3096} INFO - Sync 1 DAGs
[2024-04-24T20:19:54.842+0000] {logging_mixin.py:188} INFO - [2024-04-24T20:19:54.842+0000] {dag.py:3954} INFO - Setting next_dagrun for executing_multiple_tasks to None, run_after=None
[2024-04-24T20:19:54.894+0000] {processor.py:183} INFO - Processing /workspaces/AirFlowDB/dags/execute_multiple_tasks.py took 0.108 seconds
[2024-04-24T20:20:25.850+0000] {processor.py:161} INFO - Started process (PID=20144) to work on /workspaces/AirFlowDB/dags/execute_multiple_tasks.py
[2024-04-24T20:20:25.851+0000] {processor.py:830} INFO - Processing file /workspaces/AirFlowDB/dags/execute_multiple_tasks.py for tasks to queue
[2024-04-24T20:20:25.852+0000] {logging_mixin.py:188} INFO - [2024-04-24T20:20:25.852+0000] {dagbag.py:540} INFO - Filling up the DagBag from /workspaces/AirFlowDB/dags/execute_multiple_tasks.py
[2024-04-24T20:20:25.862+0000] {processor.py:840} INFO - DAG(s) 'executing_multiple_tasks' retrieved from /workspaces/AirFlowDB/dags/execute_multiple_tasks.py
[2024-04-24T20:20:25.930+0000] {logging_mixin.py:188} INFO - [2024-04-24T20:20:25.930+0000] {dag.py:3096} INFO - Sync 1 DAGs
[2024-04-24T20:20:25.942+0000] {logging_mixin.py:188} INFO - [2024-04-24T20:20:25.942+0000] {dag.py:3954} INFO - Setting next_dagrun for executing_multiple_tasks to None, run_after=None
[2024-04-24T20:20:25.995+0000] {processor.py:183} INFO - Processing /workspaces/AirFlowDB/dags/execute_multiple_tasks.py took 0.149 seconds
[2024-04-24T20:20:56.084+0000] {processor.py:161} INFO - Started process (PID=20468) to work on /workspaces/AirFlowDB/dags/execute_multiple_tasks.py
[2024-04-24T20:20:56.084+0000] {processor.py:830} INFO - Processing file /workspaces/AirFlowDB/dags/execute_multiple_tasks.py for tasks to queue
[2024-04-24T20:20:56.086+0000] {logging_mixin.py:188} INFO - [2024-04-24T20:20:56.085+0000] {dagbag.py:540} INFO - Filling up the DagBag from /workspaces/AirFlowDB/dags/execute_multiple_tasks.py
[2024-04-24T20:20:56.093+0000] {processor.py:840} INFO - DAG(s) 'executing_multiple_tasks' retrieved from /workspaces/AirFlowDB/dags/execute_multiple_tasks.py
[2024-04-24T20:20:56.109+0000] {logging_mixin.py:188} INFO - [2024-04-24T20:20:56.109+0000] {dag.py:3096} INFO - Sync 1 DAGs
[2024-04-24T20:20:56.125+0000] {logging_mixin.py:188} INFO - [2024-04-24T20:20:56.125+0000] {dag.py:3954} INFO - Setting next_dagrun for executing_multiple_tasks to None, run_after=None
[2024-04-24T20:20:56.163+0000] {processor.py:183} INFO - Processing /workspaces/AirFlowDB/dags/execute_multiple_tasks.py took 0.084 seconds
[2024-04-24T20:21:26.406+0000] {processor.py:161} INFO - Started process (PID=20748) to work on /workspaces/AirFlowDB/dags/execute_multiple_tasks.py
[2024-04-24T20:21:26.407+0000] {processor.py:830} INFO - Processing file /workspaces/AirFlowDB/dags/execute_multiple_tasks.py for tasks to queue
[2024-04-24T20:21:26.408+0000] {logging_mixin.py:188} INFO - [2024-04-24T20:21:26.407+0000] {dagbag.py:540} INFO - Filling up the DagBag from /workspaces/AirFlowDB/dags/execute_multiple_tasks.py
[2024-04-24T20:21:26.414+0000] {processor.py:840} INFO - DAG(s) 'executing_multiple_tasks' retrieved from /workspaces/AirFlowDB/dags/execute_multiple_tasks.py
[2024-04-24T20:21:26.429+0000] {logging_mixin.py:188} INFO - [2024-04-24T20:21:26.429+0000] {dag.py:3096} INFO - Sync 1 DAGs
[2024-04-24T20:21:26.442+0000] {logging_mixin.py:188} INFO - [2024-04-24T20:21:26.442+0000] {dag.py:3954} INFO - Setting next_dagrun for executing_multiple_tasks to None, run_after=None
[2024-04-24T20:21:26.480+0000] {processor.py:183} INFO - Processing /workspaces/AirFlowDB/dags/execute_multiple_tasks.py took 0.078 seconds
[2024-04-24T20:21:59.819+0000] {processor.py:161} INFO - Started process (PID=21363) to work on /workspaces/AirFlowDB/dags/execute_multiple_tasks.py
[2024-04-24T20:21:59.820+0000] {processor.py:830} INFO - Processing file /workspaces/AirFlowDB/dags/execute_multiple_tasks.py for tasks to queue
[2024-04-24T20:21:59.823+0000] {logging_mixin.py:188} INFO - [2024-04-24T20:21:59.823+0000] {dagbag.py:540} INFO - Filling up the DagBag from /workspaces/AirFlowDB/dags/execute_multiple_tasks.py
[2024-04-24T20:21:59.837+0000] {processor.py:840} INFO - DAG(s) 'executing_multiple_tasks' retrieved from /workspaces/AirFlowDB/dags/execute_multiple_tasks.py
[2024-04-24T20:21:59.843+0000] {logging_mixin.py:188} INFO - [2024-04-24T20:21:59.843+0000] {dag.py:3096} INFO - Sync 1 DAGs
[2024-04-24T20:21:59.866+0000] {logging_mixin.py:188} INFO - [2024-04-24T20:21:59.866+0000] {dag.py:3954} INFO - Setting next_dagrun for executing_multiple_tasks to None, run_after=None
[2024-04-24T20:21:59.919+0000] {processor.py:183} INFO - Processing /workspaces/AirFlowDB/dags/execute_multiple_tasks.py took 0.106 seconds
[2024-04-24T20:22:30.987+0000] {processor.py:161} INFO - Started process (PID=21912) to work on /workspaces/AirFlowDB/dags/execute_multiple_tasks.py
[2024-04-24T20:22:30.988+0000] {processor.py:830} INFO - Processing file /workspaces/AirFlowDB/dags/execute_multiple_tasks.py for tasks to queue
[2024-04-24T20:22:30.989+0000] {logging_mixin.py:188} INFO - [2024-04-24T20:22:30.989+0000] {dagbag.py:540} INFO - Filling up the DagBag from /workspaces/AirFlowDB/dags/execute_multiple_tasks.py
[2024-04-24T20:22:30.996+0000] {processor.py:840} INFO - DAG(s) 'executing_multiple_tasks' retrieved from /workspaces/AirFlowDB/dags/execute_multiple_tasks.py
[2024-04-24T20:22:31.067+0000] {logging_mixin.py:188} INFO - [2024-04-24T20:22:31.066+0000] {dag.py:3096} INFO - Sync 1 DAGs
[2024-04-24T20:22:31.078+0000] {logging_mixin.py:188} INFO - [2024-04-24T20:22:31.077+0000] {dag.py:3954} INFO - Setting next_dagrun for executing_multiple_tasks to None, run_after=None
[2024-04-24T20:22:31.121+0000] {processor.py:183} INFO - Processing /workspaces/AirFlowDB/dags/execute_multiple_tasks.py took 0.139 seconds
[2024-04-24T20:23:01.246+0000] {processor.py:161} INFO - Started process (PID=22224) to work on /workspaces/AirFlowDB/dags/execute_multiple_tasks.py
[2024-04-24T20:23:01.247+0000] {processor.py:830} INFO - Processing file /workspaces/AirFlowDB/dags/execute_multiple_tasks.py for tasks to queue
[2024-04-24T20:23:01.249+0000] {logging_mixin.py:188} INFO - [2024-04-24T20:23:01.248+0000] {dagbag.py:540} INFO - Filling up the DagBag from /workspaces/AirFlowDB/dags/execute_multiple_tasks.py
[2024-04-24T20:23:01.255+0000] {processor.py:840} INFO - DAG(s) 'executing_multiple_tasks' retrieved from /workspaces/AirFlowDB/dags/execute_multiple_tasks.py
[2024-04-24T20:23:01.271+0000] {logging_mixin.py:188} INFO - [2024-04-24T20:23:01.270+0000] {dag.py:3096} INFO - Sync 1 DAGs
[2024-04-24T20:23:01.284+0000] {logging_mixin.py:188} INFO - [2024-04-24T20:23:01.283+0000] {dag.py:3954} INFO - Setting next_dagrun for executing_multiple_tasks to None, run_after=None
[2024-04-24T20:23:01.321+0000] {processor.py:183} INFO - Processing /workspaces/AirFlowDB/dags/execute_multiple_tasks.py took 0.081 seconds
[2024-04-24T20:23:31.555+0000] {processor.py:161} INFO - Started process (PID=22414) to work on /workspaces/AirFlowDB/dags/execute_multiple_tasks.py
[2024-04-24T20:23:31.556+0000] {processor.py:830} INFO - Processing file /workspaces/AirFlowDB/dags/execute_multiple_tasks.py for tasks to queue
[2024-04-24T20:23:31.557+0000] {logging_mixin.py:188} INFO - [2024-04-24T20:23:31.557+0000] {dagbag.py:540} INFO - Filling up the DagBag from /workspaces/AirFlowDB/dags/execute_multiple_tasks.py
[2024-04-24T20:23:31.564+0000] {processor.py:840} INFO - DAG(s) 'executing_multiple_tasks' retrieved from /workspaces/AirFlowDB/dags/execute_multiple_tasks.py
[2024-04-24T20:23:31.579+0000] {logging_mixin.py:188} INFO - [2024-04-24T20:23:31.579+0000] {dag.py:3096} INFO - Sync 1 DAGs
[2024-04-24T20:23:31.592+0000] {logging_mixin.py:188} INFO - [2024-04-24T20:23:31.592+0000] {dag.py:3954} INFO - Setting next_dagrun for executing_multiple_tasks to None, run_after=None
[2024-04-24T20:23:31.629+0000] {processor.py:183} INFO - Processing /workspaces/AirFlowDB/dags/execute_multiple_tasks.py took 0.078 seconds
[2024-04-24T20:24:01.887+0000] {processor.py:161} INFO - Started process (PID=22797) to work on /workspaces/AirFlowDB/dags/execute_multiple_tasks.py
[2024-04-24T20:24:01.888+0000] {processor.py:830} INFO - Processing file /workspaces/AirFlowDB/dags/execute_multiple_tasks.py for tasks to queue
[2024-04-24T20:24:01.889+0000] {logging_mixin.py:188} INFO - [2024-04-24T20:24:01.889+0000] {dagbag.py:540} INFO - Filling up the DagBag from /workspaces/AirFlowDB/dags/execute_multiple_tasks.py
[2024-04-24T20:24:01.895+0000] {processor.py:840} INFO - DAG(s) 'executing_multiple_tasks' retrieved from /workspaces/AirFlowDB/dags/execute_multiple_tasks.py
[2024-04-24T20:24:01.911+0000] {logging_mixin.py:188} INFO - [2024-04-24T20:24:01.911+0000] {dag.py:3096} INFO - Sync 1 DAGs
[2024-04-24T20:24:01.924+0000] {logging_mixin.py:188} INFO - [2024-04-24T20:24:01.924+0000] {dag.py:3954} INFO - Setting next_dagrun for executing_multiple_tasks to None, run_after=None
[2024-04-24T20:24:01.960+0000] {processor.py:183} INFO - Processing /workspaces/AirFlowDB/dags/execute_multiple_tasks.py took 0.078 seconds
[2024-04-24T20:24:32.219+0000] {processor.py:161} INFO - Started process (PID=23138) to work on /workspaces/AirFlowDB/dags/execute_multiple_tasks.py
[2024-04-24T20:24:32.219+0000] {processor.py:830} INFO - Processing file /workspaces/AirFlowDB/dags/execute_multiple_tasks.py for tasks to queue
[2024-04-24T20:24:32.220+0000] {logging_mixin.py:188} INFO - [2024-04-24T20:24:32.220+0000] {dagbag.py:540} INFO - Filling up the DagBag from /workspaces/AirFlowDB/dags/execute_multiple_tasks.py
[2024-04-24T20:24:32.227+0000] {processor.py:840} INFO - DAG(s) 'executing_multiple_tasks' retrieved from /workspaces/AirFlowDB/dags/execute_multiple_tasks.py
[2024-04-24T20:24:32.242+0000] {logging_mixin.py:188} INFO - [2024-04-24T20:24:32.242+0000] {dag.py:3096} INFO - Sync 1 DAGs
[2024-04-24T20:24:32.260+0000] {logging_mixin.py:188} INFO - [2024-04-24T20:24:32.260+0000] {dag.py:3954} INFO - Setting next_dagrun for executing_multiple_tasks to None, run_after=None
[2024-04-24T20:24:32.305+0000] {processor.py:183} INFO - Processing /workspaces/AirFlowDB/dags/execute_multiple_tasks.py took 0.090 seconds
[2024-04-24T20:25:02.669+0000] {processor.py:161} INFO - Started process (PID=23475) to work on /workspaces/AirFlowDB/dags/execute_multiple_tasks.py
[2024-04-24T20:25:02.670+0000] {processor.py:830} INFO - Processing file /workspaces/AirFlowDB/dags/execute_multiple_tasks.py for tasks to queue
[2024-04-24T20:25:02.671+0000] {logging_mixin.py:188} INFO - [2024-04-24T20:25:02.671+0000] {dagbag.py:540} INFO - Filling up the DagBag from /workspaces/AirFlowDB/dags/execute_multiple_tasks.py
[2024-04-24T20:25:02.677+0000] {processor.py:840} INFO - DAG(s) 'executing_multiple_tasks' retrieved from /workspaces/AirFlowDB/dags/execute_multiple_tasks.py
[2024-04-24T20:25:02.692+0000] {logging_mixin.py:188} INFO - [2024-04-24T20:25:02.692+0000] {dag.py:3096} INFO - Sync 1 DAGs
[2024-04-24T20:25:02.705+0000] {logging_mixin.py:188} INFO - [2024-04-24T20:25:02.705+0000] {dag.py:3954} INFO - Setting next_dagrun for executing_multiple_tasks to None, run_after=None
[2024-04-24T20:25:02.741+0000] {processor.py:183} INFO - Processing /workspaces/AirFlowDB/dags/execute_multiple_tasks.py took 0.077 seconds
[2024-04-24T20:25:32.914+0000] {processor.py:161} INFO - Started process (PID=23829) to work on /workspaces/AirFlowDB/dags/execute_multiple_tasks.py
[2024-04-24T20:25:32.915+0000] {processor.py:830} INFO - Processing file /workspaces/AirFlowDB/dags/execute_multiple_tasks.py for tasks to queue
[2024-04-24T20:25:32.916+0000] {logging_mixin.py:188} INFO - [2024-04-24T20:25:32.915+0000] {dagbag.py:540} INFO - Filling up the DagBag from /workspaces/AirFlowDB/dags/execute_multiple_tasks.py
[2024-04-24T20:25:32.922+0000] {processor.py:840} INFO - DAG(s) 'executing_multiple_tasks' retrieved from /workspaces/AirFlowDB/dags/execute_multiple_tasks.py
[2024-04-24T20:25:32.937+0000] {logging_mixin.py:188} INFO - [2024-04-24T20:25:32.937+0000] {dag.py:3096} INFO - Sync 1 DAGs
[2024-04-24T20:25:32.950+0000] {logging_mixin.py:188} INFO - [2024-04-24T20:25:32.950+0000] {dag.py:3954} INFO - Setting next_dagrun for executing_multiple_tasks to None, run_after=None
[2024-04-24T20:25:32.988+0000] {processor.py:183} INFO - Processing /workspaces/AirFlowDB/dags/execute_multiple_tasks.py took 0.079 seconds
[2024-04-24T20:26:03.204+0000] {processor.py:161} INFO - Started process (PID=24241) to work on /workspaces/AirFlowDB/dags/execute_multiple_tasks.py
[2024-04-24T20:26:03.205+0000] {processor.py:830} INFO - Processing file /workspaces/AirFlowDB/dags/execute_multiple_tasks.py for tasks to queue
[2024-04-24T20:26:03.206+0000] {logging_mixin.py:188} INFO - [2024-04-24T20:26:03.205+0000] {dagbag.py:540} INFO - Filling up the DagBag from /workspaces/AirFlowDB/dags/execute_multiple_tasks.py
[2024-04-24T20:26:03.212+0000] {processor.py:840} INFO - DAG(s) 'executing_multiple_tasks' retrieved from /workspaces/AirFlowDB/dags/execute_multiple_tasks.py
[2024-04-24T20:26:03.227+0000] {logging_mixin.py:188} INFO - [2024-04-24T20:26:03.227+0000] {dag.py:3096} INFO - Sync 1 DAGs
[2024-04-24T20:26:03.240+0000] {logging_mixin.py:188} INFO - [2024-04-24T20:26:03.240+0000] {dag.py:3954} INFO - Setting next_dagrun for executing_multiple_tasks to None, run_after=None
[2024-04-24T20:26:03.277+0000] {processor.py:183} INFO - Processing /workspaces/AirFlowDB/dags/execute_multiple_tasks.py took 0.077 seconds
[2024-04-24T20:26:34.842+0000] {processor.py:161} INFO - Started process (PID=24697) to work on /workspaces/AirFlowDB/dags/execute_multiple_tasks.py
[2024-04-24T20:26:34.845+0000] {processor.py:830} INFO - Processing file /workspaces/AirFlowDB/dags/execute_multiple_tasks.py for tasks to queue
[2024-04-24T20:26:34.846+0000] {logging_mixin.py:188} INFO - [2024-04-24T20:26:34.846+0000] {dagbag.py:540} INFO - Filling up the DagBag from /workspaces/AirFlowDB/dags/execute_multiple_tasks.py
[2024-04-24T20:26:34.861+0000] {processor.py:840} INFO - DAG(s) 'executing_multiple_tasks' retrieved from /workspaces/AirFlowDB/dags/execute_multiple_tasks.py
[2024-04-24T20:26:34.871+0000] {logging_mixin.py:188} INFO - [2024-04-24T20:26:34.871+0000] {dag.py:3096} INFO - Sync 1 DAGs
[2024-04-24T20:26:34.895+0000] {logging_mixin.py:188} INFO - [2024-04-24T20:26:34.895+0000] {dag.py:3954} INFO - Setting next_dagrun for executing_multiple_tasks to None, run_after=None
[2024-04-24T20:26:34.938+0000] {processor.py:183} INFO - Processing /workspaces/AirFlowDB/dags/execute_multiple_tasks.py took 0.102 seconds
[2024-04-24T20:27:05.137+0000] {processor.py:161} INFO - Started process (PID=25125) to work on /workspaces/AirFlowDB/dags/execute_multiple_tasks.py
[2024-04-24T20:27:05.137+0000] {processor.py:830} INFO - Processing file /workspaces/AirFlowDB/dags/execute_multiple_tasks.py for tasks to queue
[2024-04-24T20:27:05.139+0000] {logging_mixin.py:188} INFO - [2024-04-24T20:27:05.138+0000] {dagbag.py:540} INFO - Filling up the DagBag from /workspaces/AirFlowDB/dags/execute_multiple_tasks.py
[2024-04-24T20:27:05.145+0000] {processor.py:840} INFO - DAG(s) 'executing_multiple_tasks' retrieved from /workspaces/AirFlowDB/dags/execute_multiple_tasks.py
[2024-04-24T20:27:05.216+0000] {logging_mixin.py:188} INFO - [2024-04-24T20:27:05.216+0000] {dag.py:3096} INFO - Sync 1 DAGs
[2024-04-24T20:27:05.227+0000] {logging_mixin.py:188} INFO - [2024-04-24T20:27:05.227+0000] {dag.py:3954} INFO - Setting next_dagrun for executing_multiple_tasks to None, run_after=None
[2024-04-24T20:27:05.265+0000] {processor.py:183} INFO - Processing /workspaces/AirFlowDB/dags/execute_multiple_tasks.py took 0.132 seconds
[2024-04-24T20:37:44.600+0000] {processor.py:161} INFO - Started process (PID=31732) to work on /workspaces/AirFlowDB/dags/execute_multiple_tasks.py
[2024-04-24T20:37:44.600+0000] {processor.py:830} INFO - Processing file /workspaces/AirFlowDB/dags/execute_multiple_tasks.py for tasks to queue
[2024-04-24T20:37:44.602+0000] {logging_mixin.py:188} INFO - [2024-04-24T20:37:44.602+0000] {dagbag.py:540} INFO - Filling up the DagBag from /workspaces/AirFlowDB/dags/execute_multiple_tasks.py
[2024-04-24T20:37:44.614+0000] {processor.py:840} INFO - DAG(s) 'executing_multiple_tasks' retrieved from /workspaces/AirFlowDB/dags/execute_multiple_tasks.py
[2024-04-24T20:37:44.621+0000] {logging_mixin.py:188} INFO - [2024-04-24T20:37:44.620+0000] {dag.py:3096} INFO - Sync 1 DAGs
[2024-04-24T20:37:44.641+0000] {logging_mixin.py:188} INFO - [2024-04-24T20:37:44.640+0000] {dag.py:3954} INFO - Setting next_dagrun for executing_multiple_tasks to None, run_after=None
[2024-04-24T20:37:44.682+0000] {processor.py:183} INFO - Processing /workspaces/AirFlowDB/dags/execute_multiple_tasks.py took 0.089 seconds
[2024-04-24T20:38:14.940+0000] {processor.py:161} INFO - Started process (PID=32208) to work on /workspaces/AirFlowDB/dags/execute_multiple_tasks.py
[2024-04-24T20:38:14.941+0000] {processor.py:830} INFO - Processing file /workspaces/AirFlowDB/dags/execute_multiple_tasks.py for tasks to queue
[2024-04-24T20:38:14.942+0000] {logging_mixin.py:188} INFO - [2024-04-24T20:38:14.942+0000] {dagbag.py:540} INFO - Filling up the DagBag from /workspaces/AirFlowDB/dags/execute_multiple_tasks.py
[2024-04-24T20:38:14.948+0000] {processor.py:840} INFO - DAG(s) 'executing_multiple_tasks' retrieved from /workspaces/AirFlowDB/dags/execute_multiple_tasks.py
[2024-04-24T20:38:15.018+0000] {logging_mixin.py:188} INFO - [2024-04-24T20:38:15.018+0000] {dag.py:3096} INFO - Sync 1 DAGs
[2024-04-24T20:38:15.030+0000] {logging_mixin.py:188} INFO - [2024-04-24T20:38:15.029+0000] {dag.py:3954} INFO - Setting next_dagrun for executing_multiple_tasks to None, run_after=None
[2024-04-24T20:38:15.068+0000] {processor.py:183} INFO - Processing /workspaces/AirFlowDB/dags/execute_multiple_tasks.py took 0.132 seconds
