[2024-04-24T20:03:07.832+0000] {processor.py:161} INFO - Started process (PID=8159) to work on /workspaces/AirFlowDB/dags/simple_hello_world.py
[2024-04-24T20:03:07.833+0000] {processor.py:830} INFO - Processing file /workspaces/AirFlowDB/dags/simple_hello_world.py for tasks to queue
[2024-04-24T20:03:07.834+0000] {logging_mixin.py:188} INFO - [2024-04-24T20:03:07.834+0000] {dagbag.py:540} INFO - Filling up the DagBag from /workspaces/AirFlowDB/dags/simple_hello_world.py
[2024-04-24T20:03:07.842+0000] {processor.py:840} INFO - DAG(s) 'hello_world' retrieved from /workspaces/AirFlowDB/dags/simple_hello_world.py
[2024-04-24T20:03:08.004+0000] {logging_mixin.py:188} INFO - [2024-04-24T20:03:08.003+0000] {dag.py:3096} INFO - Sync 1 DAGs
[2024-04-24T20:03:08.020+0000] {logging_mixin.py:188} INFO - [2024-04-24T20:03:08.020+0000] {dag.py:3954} INFO - Setting next_dagrun for hello_world to 2024-04-23 00:00:00+00:00, run_after=2024-04-24 00:00:00+00:00
[2024-04-24T20:03:08.056+0000] {processor.py:183} INFO - Processing /workspaces/AirFlowDB/dags/simple_hello_world.py took 0.230 seconds
[2024-04-24T20:04:21.611+0000] {processor.py:161} INFO - Started process (PID=8862) to work on /workspaces/AirFlowDB/dags/simple_hello_world.py
[2024-04-24T20:04:21.612+0000] {processor.py:830} INFO - Processing file /workspaces/AirFlowDB/dags/simple_hello_world.py for tasks to queue
[2024-04-24T20:04:21.614+0000] {logging_mixin.py:188} INFO - [2024-04-24T20:04:21.613+0000] {dagbag.py:540} INFO - Filling up the DagBag from /workspaces/AirFlowDB/dags/simple_hello_world.py
[2024-04-24T20:04:21.620+0000] {processor.py:840} INFO - DAG(s) 'hello_world' retrieved from /workspaces/AirFlowDB/dags/simple_hello_world.py
[2024-04-24T20:04:21.630+0000] {logging_mixin.py:188} INFO - [2024-04-24T20:04:21.630+0000] {dag.py:3096} INFO - Sync 1 DAGs
[2024-04-24T20:04:21.644+0000] {logging_mixin.py:188} INFO - [2024-04-24T20:04:21.644+0000] {dag.py:3954} INFO - Setting next_dagrun for hello_world to 2024-04-23 00:00:00+00:00, run_after=2024-04-24 00:00:00+00:00
[2024-04-24T20:04:21.681+0000] {processor.py:183} INFO - Processing /workspaces/AirFlowDB/dags/simple_hello_world.py took 0.074 seconds
[2024-04-24T20:05:33.011+0000] {processor.py:161} INFO - Started process (PID=9632) to work on /workspaces/AirFlowDB/dags/simple_hello_world.py
[2024-04-24T20:05:33.011+0000] {processor.py:830} INFO - Processing file /workspaces/AirFlowDB/dags/simple_hello_world.py for tasks to queue
[2024-04-24T20:05:33.012+0000] {logging_mixin.py:188} INFO - [2024-04-24T20:05:33.012+0000] {dagbag.py:540} INFO - Filling up the DagBag from /workspaces/AirFlowDB/dags/simple_hello_world.py
[2024-04-24T20:05:33.018+0000] {processor.py:840} INFO - DAG(s) 'hello_world' retrieved from /workspaces/AirFlowDB/dags/simple_hello_world.py
[2024-04-24T20:05:33.027+0000] {logging_mixin.py:188} INFO - [2024-04-24T20:05:33.027+0000] {dag.py:3096} INFO - Sync 1 DAGs
[2024-04-24T20:05:33.041+0000] {logging_mixin.py:188} INFO - [2024-04-24T20:05:33.041+0000] {dag.py:3954} INFO - Setting next_dagrun for hello_world to 2024-04-23 00:00:00+00:00, run_after=2024-04-24 00:00:00+00:00
[2024-04-24T20:05:33.077+0000] {processor.py:183} INFO - Processing /workspaces/AirFlowDB/dags/simple_hello_world.py took 0.071 seconds
[2024-04-24T20:06:41.473+0000] {processor.py:161} INFO - Started process (PID=10349) to work on /workspaces/AirFlowDB/dags/simple_hello_world.py
[2024-04-24T20:06:41.474+0000] {processor.py:830} INFO - Processing file /workspaces/AirFlowDB/dags/simple_hello_world.py for tasks to queue
[2024-04-24T20:06:41.475+0000] {logging_mixin.py:188} INFO - [2024-04-24T20:06:41.475+0000] {dagbag.py:540} INFO - Filling up the DagBag from /workspaces/AirFlowDB/dags/simple_hello_world.py
[2024-04-24T20:06:41.480+0000] {processor.py:840} INFO - DAG(s) 'hello_world' retrieved from /workspaces/AirFlowDB/dags/simple_hello_world.py
[2024-04-24T20:06:41.491+0000] {logging_mixin.py:188} INFO - [2024-04-24T20:06:41.490+0000] {dag.py:3096} INFO - Sync 1 DAGs
[2024-04-24T20:06:41.506+0000] {logging_mixin.py:188} INFO - [2024-04-24T20:06:41.506+0000] {dag.py:3954} INFO - Setting next_dagrun for hello_world to 2024-04-23 00:00:00+00:00, run_after=2024-04-24 00:00:00+00:00
[2024-04-24T20:06:41.543+0000] {processor.py:183} INFO - Processing /workspaces/AirFlowDB/dags/simple_hello_world.py took 0.074 seconds
[2024-04-24T20:07:51.725+0000] {processor.py:161} INFO - Started process (PID=11343) to work on /workspaces/AirFlowDB/dags/simple_hello_world.py
[2024-04-24T20:07:51.726+0000] {processor.py:830} INFO - Processing file /workspaces/AirFlowDB/dags/simple_hello_world.py for tasks to queue
[2024-04-24T20:07:51.727+0000] {logging_mixin.py:188} INFO - [2024-04-24T20:07:51.727+0000] {dagbag.py:540} INFO - Filling up the DagBag from /workspaces/AirFlowDB/dags/simple_hello_world.py
[2024-04-24T20:07:51.735+0000] {processor.py:840} INFO - DAG(s) 'hello_world' retrieved from /workspaces/AirFlowDB/dags/simple_hello_world.py
[2024-04-24T20:07:51.767+0000] {logging_mixin.py:188} INFO - [2024-04-24T20:07:51.767+0000] {dag.py:3096} INFO - Sync 1 DAGs
[2024-04-24T20:07:51.889+0000] {logging_mixin.py:188} INFO - [2024-04-24T20:07:51.888+0000] {dag.py:3954} INFO - Setting next_dagrun for hello_world to 2024-04-23 00:00:00+00:00, run_after=2024-04-24 00:00:00+00:00
[2024-04-24T20:07:52.033+0000] {processor.py:183} INFO - Processing /workspaces/AirFlowDB/dags/simple_hello_world.py took 0.312 seconds
[2024-04-24T20:08:58.305+0000] {processor.py:161} INFO - Started process (PID=12036) to work on /workspaces/AirFlowDB/dags/simple_hello_world.py
[2024-04-24T20:08:58.306+0000] {processor.py:830} INFO - Processing file /workspaces/AirFlowDB/dags/simple_hello_world.py for tasks to queue
[2024-04-24T20:08:58.307+0000] {logging_mixin.py:188} INFO - [2024-04-24T20:08:58.306+0000] {dagbag.py:540} INFO - Filling up the DagBag from /workspaces/AirFlowDB/dags/simple_hello_world.py
[2024-04-24T20:08:58.312+0000] {processor.py:840} INFO - DAG(s) 'hello_world' retrieved from /workspaces/AirFlowDB/dags/simple_hello_world.py
[2024-04-24T20:08:58.322+0000] {logging_mixin.py:188} INFO - [2024-04-24T20:08:58.322+0000] {dag.py:3096} INFO - Sync 1 DAGs
[2024-04-24T20:08:58.336+0000] {logging_mixin.py:188} INFO - [2024-04-24T20:08:58.336+0000] {dag.py:3954} INFO - Setting next_dagrun for hello_world to 2024-04-23 00:00:00+00:00, run_after=2024-04-24 00:00:00+00:00
[2024-04-24T20:08:58.374+0000] {processor.py:183} INFO - Processing /workspaces/AirFlowDB/dags/simple_hello_world.py took 0.074 seconds
[2024-04-24T20:10:07.572+0000] {processor.py:161} INFO - Started process (PID=12768) to work on /workspaces/AirFlowDB/dags/simple_hello_world.py
[2024-04-24T20:10:07.572+0000] {processor.py:830} INFO - Processing file /workspaces/AirFlowDB/dags/simple_hello_world.py for tasks to queue
[2024-04-24T20:10:07.573+0000] {logging_mixin.py:188} INFO - [2024-04-24T20:10:07.573+0000] {dagbag.py:540} INFO - Filling up the DagBag from /workspaces/AirFlowDB/dags/simple_hello_world.py
[2024-04-24T20:10:07.579+0000] {processor.py:840} INFO - DAG(s) 'hello_world' retrieved from /workspaces/AirFlowDB/dags/simple_hello_world.py
[2024-04-24T20:10:07.589+0000] {logging_mixin.py:188} INFO - [2024-04-24T20:10:07.589+0000] {dag.py:3096} INFO - Sync 1 DAGs
[2024-04-24T20:10:07.604+0000] {logging_mixin.py:188} INFO - [2024-04-24T20:10:07.604+0000] {dag.py:3954} INFO - Setting next_dagrun for hello_world to 2024-04-23 00:00:00+00:00, run_after=2024-04-24 00:00:00+00:00
[2024-04-24T20:10:07.641+0000] {processor.py:183} INFO - Processing /workspaces/AirFlowDB/dags/simple_hello_world.py took 0.074 seconds
[2024-04-24T20:11:15.047+0000] {processor.py:161} INFO - Started process (PID=13343) to work on /workspaces/AirFlowDB/dags/simple_hello_world.py
[2024-04-24T20:11:15.048+0000] {processor.py:830} INFO - Processing file /workspaces/AirFlowDB/dags/simple_hello_world.py for tasks to queue
[2024-04-24T20:11:15.049+0000] {logging_mixin.py:188} INFO - [2024-04-24T20:11:15.049+0000] {dagbag.py:540} INFO - Filling up the DagBag from /workspaces/AirFlowDB/dags/simple_hello_world.py
[2024-04-24T20:11:15.058+0000] {processor.py:840} INFO - DAG(s) 'hello_world' retrieved from /workspaces/AirFlowDB/dags/simple_hello_world.py
[2024-04-24T20:11:15.068+0000] {logging_mixin.py:188} INFO - [2024-04-24T20:11:15.068+0000] {dag.py:3096} INFO - Sync 1 DAGs
[2024-04-24T20:11:15.083+0000] {logging_mixin.py:188} INFO - [2024-04-24T20:11:15.083+0000] {dag.py:3954} INFO - Setting next_dagrun for hello_world to 2024-04-23 00:00:00+00:00, run_after=2024-04-24 00:00:00+00:00
[2024-04-24T20:11:15.121+0000] {processor.py:183} INFO - Processing /workspaces/AirFlowDB/dags/simple_hello_world.py took 0.081 seconds
[2024-04-24T20:12:19.207+0000] {processor.py:161} INFO - Started process (PID=13933) to work on /workspaces/AirFlowDB/dags/simple_hello_world.py
[2024-04-24T20:12:19.208+0000] {processor.py:830} INFO - Processing file /workspaces/AirFlowDB/dags/simple_hello_world.py for tasks to queue
[2024-04-24T20:12:19.209+0000] {logging_mixin.py:188} INFO - [2024-04-24T20:12:19.209+0000] {dagbag.py:540} INFO - Filling up the DagBag from /workspaces/AirFlowDB/dags/simple_hello_world.py
[2024-04-24T20:12:19.214+0000] {processor.py:840} INFO - DAG(s) 'hello_world' retrieved from /workspaces/AirFlowDB/dags/simple_hello_world.py
[2024-04-24T20:12:19.224+0000] {logging_mixin.py:188} INFO - [2024-04-24T20:12:19.224+0000] {dag.py:3096} INFO - Sync 1 DAGs
[2024-04-24T20:12:19.238+0000] {logging_mixin.py:188} INFO - [2024-04-24T20:12:19.237+0000] {dag.py:3954} INFO - Setting next_dagrun for hello_world to 2024-04-23 00:00:00+00:00, run_after=2024-04-24 00:00:00+00:00
[2024-04-24T20:12:19.282+0000] {processor.py:183} INFO - Processing /workspaces/AirFlowDB/dags/simple_hello_world.py took 0.081 seconds
[2024-04-24T20:13:28.871+0000] {processor.py:161} INFO - Started process (PID=14487) to work on /workspaces/AirFlowDB/dags/simple_hello_world.py
[2024-04-24T20:13:28.872+0000] {processor.py:830} INFO - Processing file /workspaces/AirFlowDB/dags/simple_hello_world.py for tasks to queue
[2024-04-24T20:13:28.873+0000] {logging_mixin.py:188} INFO - [2024-04-24T20:13:28.873+0000] {dagbag.py:540} INFO - Filling up the DagBag from /workspaces/AirFlowDB/dags/simple_hello_world.py
[2024-04-24T20:13:28.879+0000] {processor.py:840} INFO - DAG(s) 'hello_world' retrieved from /workspaces/AirFlowDB/dags/simple_hello_world.py
[2024-04-24T20:13:28.888+0000] {logging_mixin.py:188} INFO - [2024-04-24T20:13:28.888+0000] {dag.py:3096} INFO - Sync 1 DAGs
[2024-04-24T20:13:28.902+0000] {logging_mixin.py:188} INFO - [2024-04-24T20:13:28.902+0000] {dag.py:3954} INFO - Setting next_dagrun for hello_world to 2024-04-23 00:00:00+00:00, run_after=2024-04-24 00:00:00+00:00
[2024-04-24T20:13:28.944+0000] {processor.py:183} INFO - Processing /workspaces/AirFlowDB/dags/simple_hello_world.py took 0.077 seconds
[2024-04-24T20:14:36.516+0000] {processor.py:161} INFO - Started process (PID=15196) to work on /workspaces/AirFlowDB/dags/simple_hello_world.py
[2024-04-24T20:14:36.516+0000] {processor.py:830} INFO - Processing file /workspaces/AirFlowDB/dags/simple_hello_world.py for tasks to queue
[2024-04-24T20:14:36.518+0000] {logging_mixin.py:188} INFO - [2024-04-24T20:14:36.517+0000] {dagbag.py:540} INFO - Filling up the DagBag from /workspaces/AirFlowDB/dags/simple_hello_world.py
[2024-04-24T20:14:36.523+0000] {processor.py:840} INFO - DAG(s) 'hello_world' retrieved from /workspaces/AirFlowDB/dags/simple_hello_world.py
[2024-04-24T20:14:36.535+0000] {logging_mixin.py:188} INFO - [2024-04-24T20:14:36.535+0000] {dag.py:3096} INFO - Sync 1 DAGs
[2024-04-24T20:14:36.550+0000] {logging_mixin.py:188} INFO - [2024-04-24T20:14:36.550+0000] {dag.py:3954} INFO - Setting next_dagrun for hello_world to 2024-04-23 00:00:00+00:00, run_after=2024-04-24 00:00:00+00:00
[2024-04-24T20:14:36.592+0000] {processor.py:183} INFO - Processing /workspaces/AirFlowDB/dags/simple_hello_world.py took 0.081 seconds
[2024-04-24T20:15:54.427+0000] {processor.py:161} INFO - Started process (PID=16002) to work on /workspaces/AirFlowDB/dags/simple_hello_world.py
[2024-04-24T20:15:54.428+0000] {processor.py:830} INFO - Processing file /workspaces/AirFlowDB/dags/simple_hello_world.py for tasks to queue
[2024-04-24T20:15:54.429+0000] {logging_mixin.py:188} INFO - [2024-04-24T20:15:54.429+0000] {dagbag.py:540} INFO - Filling up the DagBag from /workspaces/AirFlowDB/dags/simple_hello_world.py
[2024-04-24T20:15:54.443+0000] {processor.py:840} INFO - DAG(s) 'hello_world' retrieved from /workspaces/AirFlowDB/dags/simple_hello_world.py
[2024-04-24T20:15:54.449+0000] {logging_mixin.py:188} INFO - [2024-04-24T20:15:54.449+0000] {dag.py:3096} INFO - Sync 1 DAGs
[2024-04-24T20:15:54.470+0000] {logging_mixin.py:188} INFO - [2024-04-24T20:15:54.470+0000] {dag.py:3954} INFO - Setting next_dagrun for hello_world to 2024-04-23 00:00:00+00:00, run_after=2024-04-24 00:00:00+00:00
[2024-04-24T20:15:54.524+0000] {processor.py:183} INFO - Processing /workspaces/AirFlowDB/dags/simple_hello_world.py took 0.103 seconds
[2024-04-24T20:16:24.106+0000] {processor.py:161} INFO - Started process (PID=16826) to work on /workspaces/AirFlowDB/dags/simple_hello_world.py
[2024-04-24T20:16:24.106+0000] {processor.py:830} INFO - Processing file /workspaces/AirFlowDB/dags/simple_hello_world.py for tasks to queue
[2024-04-24T20:16:24.108+0000] {logging_mixin.py:188} INFO - [2024-04-24T20:16:24.108+0000] {dagbag.py:540} INFO - Filling up the DagBag from /workspaces/AirFlowDB/dags/simple_hello_world.py
[2024-04-24T20:16:24.128+0000] {processor.py:840} INFO - DAG(s) 'hello_world' retrieved from /workspaces/AirFlowDB/dags/simple_hello_world.py
[2024-04-24T20:16:24.136+0000] {logging_mixin.py:188} INFO - [2024-04-24T20:16:24.136+0000] {dag.py:3096} INFO - Sync 1 DAGs
[2024-04-24T20:16:24.159+0000] {logging_mixin.py:188} INFO - [2024-04-24T20:16:24.159+0000] {dag.py:3954} INFO - Setting next_dagrun for hello_world to 2024-04-23 00:00:00+00:00, run_after=2024-04-24 00:00:00+00:00
[2024-04-24T20:16:24.217+0000] {processor.py:183} INFO - Processing /workspaces/AirFlowDB/dags/simple_hello_world.py took 0.122 seconds
[2024-04-24T20:16:55.327+0000] {processor.py:161} INFO - Started process (PID=17233) to work on /workspaces/AirFlowDB/dags/simple_hello_world.py
[2024-04-24T20:16:55.328+0000] {processor.py:830} INFO - Processing file /workspaces/AirFlowDB/dags/simple_hello_world.py for tasks to queue
[2024-04-24T20:16:55.329+0000] {logging_mixin.py:188} INFO - [2024-04-24T20:16:55.329+0000] {dagbag.py:540} INFO - Filling up the DagBag from /workspaces/AirFlowDB/dags/simple_hello_world.py
[2024-04-24T20:16:55.338+0000] {processor.py:840} INFO - DAG(s) 'hello_world' retrieved from /workspaces/AirFlowDB/dags/simple_hello_world.py
[2024-04-24T20:16:55.409+0000] {logging_mixin.py:188} INFO - [2024-04-24T20:16:55.409+0000] {dag.py:3096} INFO - Sync 1 DAGs
[2024-04-24T20:16:55.422+0000] {logging_mixin.py:188} INFO - [2024-04-24T20:16:55.422+0000] {dag.py:3954} INFO - Setting next_dagrun for hello_world to 2024-04-23 00:00:00+00:00, run_after=2024-04-24 00:00:00+00:00
[2024-04-24T20:16:55.461+0000] {processor.py:183} INFO - Processing /workspaces/AirFlowDB/dags/simple_hello_world.py took 0.139 seconds
[2024-04-24T20:17:25.654+0000] {processor.py:161} INFO - Started process (PID=17463) to work on /workspaces/AirFlowDB/dags/simple_hello_world.py
[2024-04-24T20:17:25.654+0000] {processor.py:830} INFO - Processing file /workspaces/AirFlowDB/dags/simple_hello_world.py for tasks to queue
[2024-04-24T20:17:25.656+0000] {logging_mixin.py:188} INFO - [2024-04-24T20:17:25.656+0000] {dagbag.py:540} INFO - Filling up the DagBag from /workspaces/AirFlowDB/dags/simple_hello_world.py
[2024-04-24T20:17:25.664+0000] {processor.py:840} INFO - DAG(s) 'hello_world' retrieved from /workspaces/AirFlowDB/dags/simple_hello_world.py
[2024-04-24T20:17:25.678+0000] {logging_mixin.py:188} INFO - [2024-04-24T20:17:25.678+0000] {dag.py:3096} INFO - Sync 1 DAGs
[2024-04-24T20:17:25.692+0000] {logging_mixin.py:188} INFO - [2024-04-24T20:17:25.692+0000] {dag.py:3954} INFO - Setting next_dagrun for hello_world to 2024-04-23 00:00:00+00:00, run_after=2024-04-24 00:00:00+00:00
[2024-04-24T20:17:25.729+0000] {processor.py:183} INFO - Processing /workspaces/AirFlowDB/dags/simple_hello_world.py took 0.079 seconds
[2024-04-24T20:17:55.990+0000] {processor.py:161} INFO - Started process (PID=17715) to work on /workspaces/AirFlowDB/dags/simple_hello_world.py
[2024-04-24T20:17:55.990+0000] {processor.py:830} INFO - Processing file /workspaces/AirFlowDB/dags/simple_hello_world.py for tasks to queue
[2024-04-24T20:17:55.992+0000] {logging_mixin.py:188} INFO - [2024-04-24T20:17:55.991+0000] {dagbag.py:540} INFO - Filling up the DagBag from /workspaces/AirFlowDB/dags/simple_hello_world.py
[2024-04-24T20:17:56.000+0000] {processor.py:840} INFO - DAG(s) 'hello_world' retrieved from /workspaces/AirFlowDB/dags/simple_hello_world.py
[2024-04-24T20:17:56.014+0000] {logging_mixin.py:188} INFO - [2024-04-24T20:17:56.014+0000] {dag.py:3096} INFO - Sync 1 DAGs
[2024-04-24T20:17:56.030+0000] {logging_mixin.py:188} INFO - [2024-04-24T20:17:56.030+0000] {dag.py:3954} INFO - Setting next_dagrun for hello_world to 2024-04-23 00:00:00+00:00, run_after=2024-04-24 00:00:00+00:00
[2024-04-24T20:17:56.067+0000] {processor.py:183} INFO - Processing /workspaces/AirFlowDB/dags/simple_hello_world.py took 0.083 seconds
[2024-04-24T20:18:26.333+0000] {processor.py:161} INFO - Started process (PID=18005) to work on /workspaces/AirFlowDB/dags/simple_hello_world.py
[2024-04-24T20:18:26.333+0000] {processor.py:830} INFO - Processing file /workspaces/AirFlowDB/dags/simple_hello_world.py for tasks to queue
[2024-04-24T20:18:26.335+0000] {logging_mixin.py:188} INFO - [2024-04-24T20:18:26.334+0000] {dagbag.py:540} INFO - Filling up the DagBag from /workspaces/AirFlowDB/dags/simple_hello_world.py
[2024-04-24T20:18:26.342+0000] {processor.py:840} INFO - DAG(s) 'hello_world' retrieved from /workspaces/AirFlowDB/dags/simple_hello_world.py
[2024-04-24T20:18:26.356+0000] {logging_mixin.py:188} INFO - [2024-04-24T20:18:26.356+0000] {dag.py:3096} INFO - Sync 1 DAGs
[2024-04-24T20:18:26.370+0000] {logging_mixin.py:188} INFO - [2024-04-24T20:18:26.370+0000] {dag.py:3954} INFO - Setting next_dagrun for hello_world to 2024-04-23 00:00:00+00:00, run_after=2024-04-24 00:00:00+00:00
[2024-04-24T20:18:26.406+0000] {processor.py:183} INFO - Processing /workspaces/AirFlowDB/dags/simple_hello_world.py took 0.078 seconds
[2024-04-24T20:18:56.658+0000] {processor.py:161} INFO - Started process (PID=18303) to work on /workspaces/AirFlowDB/dags/simple_hello_world.py
[2024-04-24T20:18:56.659+0000] {processor.py:830} INFO - Processing file /workspaces/AirFlowDB/dags/simple_hello_world.py for tasks to queue
[2024-04-24T20:18:56.660+0000] {logging_mixin.py:188} INFO - [2024-04-24T20:18:56.660+0000] {dagbag.py:540} INFO - Filling up the DagBag from /workspaces/AirFlowDB/dags/simple_hello_world.py
[2024-04-24T20:18:56.669+0000] {processor.py:840} INFO - DAG(s) 'hello_world' retrieved from /workspaces/AirFlowDB/dags/simple_hello_world.py
[2024-04-24T20:18:56.684+0000] {logging_mixin.py:188} INFO - [2024-04-24T20:18:56.684+0000] {dag.py:3096} INFO - Sync 1 DAGs
[2024-04-24T20:18:56.698+0000] {logging_mixin.py:188} INFO - [2024-04-24T20:18:56.698+0000] {dag.py:3954} INFO - Setting next_dagrun for hello_world to 2024-04-23 00:00:00+00:00, run_after=2024-04-24 00:00:00+00:00
[2024-04-24T20:18:56.734+0000] {processor.py:183} INFO - Processing /workspaces/AirFlowDB/dags/simple_hello_world.py took 0.081 seconds
[2024-04-24T20:19:26.999+0000] {processor.py:161} INFO - Started process (PID=18607) to work on /workspaces/AirFlowDB/dags/simple_hello_world.py
[2024-04-24T20:19:27.000+0000] {processor.py:830} INFO - Processing file /workspaces/AirFlowDB/dags/simple_hello_world.py for tasks to queue
[2024-04-24T20:19:27.002+0000] {logging_mixin.py:188} INFO - [2024-04-24T20:19:27.002+0000] {dagbag.py:540} INFO - Filling up the DagBag from /workspaces/AirFlowDB/dags/simple_hello_world.py
[2024-04-24T20:19:27.013+0000] {processor.py:840} INFO - DAG(s) 'hello_world' retrieved from /workspaces/AirFlowDB/dags/simple_hello_world.py
[2024-04-24T20:19:27.034+0000] {logging_mixin.py:188} INFO - [2024-04-24T20:19:27.034+0000] {dag.py:3096} INFO - Sync 1 DAGs
[2024-04-24T20:19:27.056+0000] {logging_mixin.py:188} INFO - [2024-04-24T20:19:27.056+0000] {dag.py:3954} INFO - Setting next_dagrun for hello_world to 2024-04-23 00:00:00+00:00, run_after=2024-04-24 00:00:00+00:00
[2024-04-24T20:19:27.097+0000] {processor.py:183} INFO - Processing /workspaces/AirFlowDB/dags/simple_hello_world.py took 0.104 seconds
[2024-04-24T20:19:53.518+0000] {processor.py:161} INFO - Started process (PID=19140) to work on /workspaces/AirFlowDB/dags/simple_hello_world.py
[2024-04-24T20:19:53.519+0000] {processor.py:830} INFO - Processing file /workspaces/AirFlowDB/dags/simple_hello_world.py for tasks to queue
[2024-04-24T20:19:53.520+0000] {logging_mixin.py:188} INFO - [2024-04-24T20:19:53.520+0000] {dagbag.py:540} INFO - Filling up the DagBag from /workspaces/AirFlowDB/dags/simple_hello_world.py
[2024-04-24T20:19:53.540+0000] {processor.py:840} INFO - DAG(s) 'hello_world' retrieved from /workspaces/AirFlowDB/dags/simple_hello_world.py
[2024-04-24T20:19:53.548+0000] {logging_mixin.py:188} INFO - [2024-04-24T20:19:53.548+0000] {dag.py:3096} INFO - Sync 1 DAGs
[2024-04-24T20:19:53.575+0000] {logging_mixin.py:188} INFO - [2024-04-24T20:19:53.575+0000] {dag.py:3954} INFO - Setting next_dagrun for hello_world to 2024-04-23 00:00:00+00:00, run_after=2024-04-24 00:00:00+00:00
[2024-04-24T20:19:53.631+0000] {processor.py:183} INFO - Processing /workspaces/AirFlowDB/dags/simple_hello_world.py took 0.119 seconds
[2024-04-24T20:20:24.619+0000] {processor.py:161} INFO - Started process (PID=20143) to work on /workspaces/AirFlowDB/dags/simple_hello_world.py
[2024-04-24T20:20:24.620+0000] {processor.py:830} INFO - Processing file /workspaces/AirFlowDB/dags/simple_hello_world.py for tasks to queue
[2024-04-24T20:20:24.621+0000] {logging_mixin.py:188} INFO - [2024-04-24T20:20:24.621+0000] {dagbag.py:540} INFO - Filling up the DagBag from /workspaces/AirFlowDB/dags/simple_hello_world.py
[2024-04-24T20:20:24.629+0000] {processor.py:840} INFO - DAG(s) 'hello_world' retrieved from /workspaces/AirFlowDB/dags/simple_hello_world.py
[2024-04-24T20:20:24.698+0000] {logging_mixin.py:188} INFO - [2024-04-24T20:20:24.697+0000] {dag.py:3096} INFO - Sync 1 DAGs
[2024-04-24T20:20:24.710+0000] {logging_mixin.py:188} INFO - [2024-04-24T20:20:24.710+0000] {dag.py:3954} INFO - Setting next_dagrun for hello_world to 2024-04-23 00:00:00+00:00, run_after=2024-04-24 00:00:00+00:00
[2024-04-24T20:20:24.749+0000] {processor.py:183} INFO - Processing /workspaces/AirFlowDB/dags/simple_hello_world.py took 0.134 seconds
[2024-04-24T20:20:54.945+0000] {processor.py:161} INFO - Started process (PID=20373) to work on /workspaces/AirFlowDB/dags/simple_hello_world.py
[2024-04-24T20:20:54.946+0000] {processor.py:830} INFO - Processing file /workspaces/AirFlowDB/dags/simple_hello_world.py for tasks to queue
[2024-04-24T20:20:54.947+0000] {logging_mixin.py:188} INFO - [2024-04-24T20:20:54.947+0000] {dagbag.py:540} INFO - Filling up the DagBag from /workspaces/AirFlowDB/dags/simple_hello_world.py
[2024-04-24T20:20:54.955+0000] {processor.py:840} INFO - DAG(s) 'hello_world' retrieved from /workspaces/AirFlowDB/dags/simple_hello_world.py
[2024-04-24T20:20:54.969+0000] {logging_mixin.py:188} INFO - [2024-04-24T20:20:54.969+0000] {dag.py:3096} INFO - Sync 1 DAGs
[2024-04-24T20:20:54.983+0000] {logging_mixin.py:188} INFO - [2024-04-24T20:20:54.982+0000] {dag.py:3954} INFO - Setting next_dagrun for hello_world to 2024-04-23 00:00:00+00:00, run_after=2024-04-24 00:00:00+00:00
[2024-04-24T20:20:55.024+0000] {processor.py:183} INFO - Processing /workspaces/AirFlowDB/dags/simple_hello_world.py took 0.083 seconds
[2024-04-24T20:21:25.273+0000] {processor.py:161} INFO - Started process (PID=20741) to work on /workspaces/AirFlowDB/dags/simple_hello_world.py
[2024-04-24T20:21:25.274+0000] {processor.py:830} INFO - Processing file /workspaces/AirFlowDB/dags/simple_hello_world.py for tasks to queue
[2024-04-24T20:21:25.275+0000] {logging_mixin.py:188} INFO - [2024-04-24T20:21:25.275+0000] {dagbag.py:540} INFO - Filling up the DagBag from /workspaces/AirFlowDB/dags/simple_hello_world.py
[2024-04-24T20:21:25.283+0000] {processor.py:840} INFO - DAG(s) 'hello_world' retrieved from /workspaces/AirFlowDB/dags/simple_hello_world.py
[2024-04-24T20:21:25.297+0000] {logging_mixin.py:188} INFO - [2024-04-24T20:21:25.297+0000] {dag.py:3096} INFO - Sync 1 DAGs
[2024-04-24T20:21:25.311+0000] {logging_mixin.py:188} INFO - [2024-04-24T20:21:25.311+0000] {dag.py:3954} INFO - Setting next_dagrun for hello_world to 2024-04-23 00:00:00+00:00, run_after=2024-04-24 00:00:00+00:00
[2024-04-24T20:21:25.348+0000] {processor.py:183} INFO - Processing /workspaces/AirFlowDB/dags/simple_hello_world.py took 0.079 seconds
[2024-04-24T20:21:58.543+0000] {processor.py:161} INFO - Started process (PID=21306) to work on /workspaces/AirFlowDB/dags/simple_hello_world.py
[2024-04-24T20:21:58.545+0000] {processor.py:830} INFO - Processing file /workspaces/AirFlowDB/dags/simple_hello_world.py for tasks to queue
[2024-04-24T20:21:58.547+0000] {logging_mixin.py:188} INFO - [2024-04-24T20:21:58.547+0000] {dagbag.py:540} INFO - Filling up the DagBag from /workspaces/AirFlowDB/dags/simple_hello_world.py
[2024-04-24T20:21:58.562+0000] {processor.py:840} INFO - DAG(s) 'hello_world' retrieved from /workspaces/AirFlowDB/dags/simple_hello_world.py
[2024-04-24T20:21:58.577+0000] {logging_mixin.py:188} INFO - [2024-04-24T20:21:58.577+0000] {dag.py:3096} INFO - Sync 1 DAGs
[2024-04-24T20:21:58.626+0000] {logging_mixin.py:188} INFO - [2024-04-24T20:21:58.625+0000] {dag.py:3954} INFO - Setting next_dagrun for hello_world to 2024-04-23 00:00:00+00:00, run_after=2024-04-24 00:00:00+00:00
[2024-04-24T20:21:58.670+0000] {processor.py:183} INFO - Processing /workspaces/AirFlowDB/dags/simple_hello_world.py took 0.133 seconds
[2024-04-24T20:22:29.753+0000] {processor.py:161} INFO - Started process (PID=21905) to work on /workspaces/AirFlowDB/dags/simple_hello_world.py
[2024-04-24T20:22:29.754+0000] {processor.py:830} INFO - Processing file /workspaces/AirFlowDB/dags/simple_hello_world.py for tasks to queue
[2024-04-24T20:22:29.755+0000] {logging_mixin.py:188} INFO - [2024-04-24T20:22:29.755+0000] {dagbag.py:540} INFO - Filling up the DagBag from /workspaces/AirFlowDB/dags/simple_hello_world.py
[2024-04-24T20:22:29.763+0000] {processor.py:840} INFO - DAG(s) 'hello_world' retrieved from /workspaces/AirFlowDB/dags/simple_hello_world.py
[2024-04-24T20:22:29.831+0000] {logging_mixin.py:188} INFO - [2024-04-24T20:22:29.831+0000] {dag.py:3096} INFO - Sync 1 DAGs
[2024-04-24T20:22:29.843+0000] {logging_mixin.py:188} INFO - [2024-04-24T20:22:29.843+0000] {dag.py:3954} INFO - Setting next_dagrun for hello_world to 2024-04-23 00:00:00+00:00, run_after=2024-04-24 00:00:00+00:00
[2024-04-24T20:22:29.881+0000] {processor.py:183} INFO - Processing /workspaces/AirFlowDB/dags/simple_hello_world.py took 0.132 seconds
[2024-04-24T20:23:00.100+0000] {processor.py:161} INFO - Started process (PID=22136) to work on /workspaces/AirFlowDB/dags/simple_hello_world.py
[2024-04-24T20:23:00.101+0000] {processor.py:830} INFO - Processing file /workspaces/AirFlowDB/dags/simple_hello_world.py for tasks to queue
[2024-04-24T20:23:00.102+0000] {logging_mixin.py:188} INFO - [2024-04-24T20:23:00.102+0000] {dagbag.py:540} INFO - Filling up the DagBag from /workspaces/AirFlowDB/dags/simple_hello_world.py
[2024-04-24T20:23:00.111+0000] {processor.py:840} INFO - DAG(s) 'hello_world' retrieved from /workspaces/AirFlowDB/dags/simple_hello_world.py
[2024-04-24T20:23:00.126+0000] {logging_mixin.py:188} INFO - [2024-04-24T20:23:00.126+0000] {dag.py:3096} INFO - Sync 1 DAGs
[2024-04-24T20:23:00.139+0000] {logging_mixin.py:188} INFO - [2024-04-24T20:23:00.139+0000] {dag.py:3954} INFO - Setting next_dagrun for hello_world to 2024-04-23 00:00:00+00:00, run_after=2024-04-24 00:00:00+00:00
[2024-04-24T20:23:00.180+0000] {processor.py:183} INFO - Processing /workspaces/AirFlowDB/dags/simple_hello_world.py took 0.084 seconds
[2024-04-24T20:23:30.425+0000] {processor.py:161} INFO - Started process (PID=22413) to work on /workspaces/AirFlowDB/dags/simple_hello_world.py
[2024-04-24T20:23:30.425+0000] {processor.py:830} INFO - Processing file /workspaces/AirFlowDB/dags/simple_hello_world.py for tasks to queue
[2024-04-24T20:23:30.426+0000] {logging_mixin.py:188} INFO - [2024-04-24T20:23:30.426+0000] {dagbag.py:540} INFO - Filling up the DagBag from /workspaces/AirFlowDB/dags/simple_hello_world.py
[2024-04-24T20:23:30.434+0000] {processor.py:840} INFO - DAG(s) 'hello_world' retrieved from /workspaces/AirFlowDB/dags/simple_hello_world.py
[2024-04-24T20:23:30.449+0000] {logging_mixin.py:188} INFO - [2024-04-24T20:23:30.448+0000] {dag.py:3096} INFO - Sync 1 DAGs
[2024-04-24T20:23:30.464+0000] {logging_mixin.py:188} INFO - [2024-04-24T20:23:30.464+0000] {dag.py:3954} INFO - Setting next_dagrun for hello_world to 2024-04-23 00:00:00+00:00, run_after=2024-04-24 00:00:00+00:00
[2024-04-24T20:23:30.500+0000] {processor.py:183} INFO - Processing /workspaces/AirFlowDB/dags/simple_hello_world.py took 0.080 seconds
[2024-04-24T20:24:00.758+0000] {processor.py:161} INFO - Started process (PID=22790) to work on /workspaces/AirFlowDB/dags/simple_hello_world.py
[2024-04-24T20:24:00.759+0000] {processor.py:830} INFO - Processing file /workspaces/AirFlowDB/dags/simple_hello_world.py for tasks to queue
[2024-04-24T20:24:00.760+0000] {logging_mixin.py:188} INFO - [2024-04-24T20:24:00.760+0000] {dagbag.py:540} INFO - Filling up the DagBag from /workspaces/AirFlowDB/dags/simple_hello_world.py
[2024-04-24T20:24:00.768+0000] {processor.py:840} INFO - DAG(s) 'hello_world' retrieved from /workspaces/AirFlowDB/dags/simple_hello_world.py
[2024-04-24T20:24:00.782+0000] {logging_mixin.py:188} INFO - [2024-04-24T20:24:00.782+0000] {dag.py:3096} INFO - Sync 1 DAGs
[2024-04-24T20:24:00.796+0000] {logging_mixin.py:188} INFO - [2024-04-24T20:24:00.796+0000] {dag.py:3954} INFO - Setting next_dagrun for hello_world to 2024-04-23 00:00:00+00:00, run_after=2024-04-24 00:00:00+00:00
[2024-04-24T20:24:00.833+0000] {processor.py:183} INFO - Processing /workspaces/AirFlowDB/dags/simple_hello_world.py took 0.080 seconds
[2024-04-24T20:24:31.088+0000] {processor.py:161} INFO - Started process (PID=23137) to work on /workspaces/AirFlowDB/dags/simple_hello_world.py
[2024-04-24T20:24:31.089+0000] {processor.py:830} INFO - Processing file /workspaces/AirFlowDB/dags/simple_hello_world.py for tasks to queue
[2024-04-24T20:24:31.090+0000] {logging_mixin.py:188} INFO - [2024-04-24T20:24:31.090+0000] {dagbag.py:540} INFO - Filling up the DagBag from /workspaces/AirFlowDB/dags/simple_hello_world.py
[2024-04-24T20:24:31.099+0000] {processor.py:840} INFO - DAG(s) 'hello_world' retrieved from /workspaces/AirFlowDB/dags/simple_hello_world.py
[2024-04-24T20:24:31.113+0000] {logging_mixin.py:188} INFO - [2024-04-24T20:24:31.112+0000] {dag.py:3096} INFO - Sync 1 DAGs
[2024-04-24T20:24:31.128+0000] {logging_mixin.py:188} INFO - [2024-04-24T20:24:31.128+0000] {dag.py:3954} INFO - Setting next_dagrun for hello_world to 2024-04-23 00:00:00+00:00, run_after=2024-04-24 00:00:00+00:00
[2024-04-24T20:24:31.163+0000] {processor.py:183} INFO - Processing /workspaces/AirFlowDB/dags/simple_hello_world.py took 0.079 seconds
[2024-04-24T20:25:01.457+0000] {processor.py:161} INFO - Started process (PID=23472) to work on /workspaces/AirFlowDB/dags/simple_hello_world.py
[2024-04-24T20:25:01.458+0000] {processor.py:830} INFO - Processing file /workspaces/AirFlowDB/dags/simple_hello_world.py for tasks to queue
[2024-04-24T20:25:01.464+0000] {logging_mixin.py:188} INFO - [2024-04-24T20:25:01.464+0000] {dagbag.py:540} INFO - Filling up the DagBag from /workspaces/AirFlowDB/dags/simple_hello_world.py
[2024-04-24T20:25:01.488+0000] {processor.py:840} INFO - DAG(s) 'hello_world' retrieved from /workspaces/AirFlowDB/dags/simple_hello_world.py
[2024-04-24T20:25:01.506+0000] {logging_mixin.py:188} INFO - [2024-04-24T20:25:01.506+0000] {dag.py:3096} INFO - Sync 1 DAGs
[2024-04-24T20:25:01.520+0000] {logging_mixin.py:188} INFO - [2024-04-24T20:25:01.519+0000] {dag.py:3954} INFO - Setting next_dagrun for hello_world to 2024-04-23 00:00:00+00:00, run_after=2024-04-24 00:00:00+00:00
[2024-04-24T20:25:01.555+0000] {processor.py:183} INFO - Processing /workspaces/AirFlowDB/dags/simple_hello_world.py took 0.104 seconds
[2024-04-24T20:25:31.747+0000] {processor.py:161} INFO - Started process (PID=23813) to work on /workspaces/AirFlowDB/dags/simple_hello_world.py
[2024-04-24T20:25:31.747+0000] {processor.py:830} INFO - Processing file /workspaces/AirFlowDB/dags/simple_hello_world.py for tasks to queue
[2024-04-24T20:25:31.748+0000] {logging_mixin.py:188} INFO - [2024-04-24T20:25:31.748+0000] {dagbag.py:540} INFO - Filling up the DagBag from /workspaces/AirFlowDB/dags/simple_hello_world.py
[2024-04-24T20:25:31.756+0000] {processor.py:840} INFO - DAG(s) 'hello_world' retrieved from /workspaces/AirFlowDB/dags/simple_hello_world.py
[2024-04-24T20:25:31.771+0000] {logging_mixin.py:188} INFO - [2024-04-24T20:25:31.771+0000] {dag.py:3096} INFO - Sync 1 DAGs
[2024-04-24T20:25:31.785+0000] {logging_mixin.py:188} INFO - [2024-04-24T20:25:31.785+0000] {dag.py:3954} INFO - Setting next_dagrun for hello_world to 2024-04-23 00:00:00+00:00, run_after=2024-04-24 00:00:00+00:00
[2024-04-24T20:25:31.822+0000] {processor.py:183} INFO - Processing /workspaces/AirFlowDB/dags/simple_hello_world.py took 0.080 seconds
[2024-04-24T20:26:02.075+0000] {processor.py:161} INFO - Started process (PID=24228) to work on /workspaces/AirFlowDB/dags/simple_hello_world.py
[2024-04-24T20:26:02.075+0000] {processor.py:830} INFO - Processing file /workspaces/AirFlowDB/dags/simple_hello_world.py for tasks to queue
[2024-04-24T20:26:02.077+0000] {logging_mixin.py:188} INFO - [2024-04-24T20:26:02.076+0000] {dagbag.py:540} INFO - Filling up the DagBag from /workspaces/AirFlowDB/dags/simple_hello_world.py
[2024-04-24T20:26:02.084+0000] {processor.py:840} INFO - DAG(s) 'hello_world' retrieved from /workspaces/AirFlowDB/dags/simple_hello_world.py
[2024-04-24T20:26:02.099+0000] {logging_mixin.py:188} INFO - [2024-04-24T20:26:02.098+0000] {dag.py:3096} INFO - Sync 1 DAGs
[2024-04-24T20:26:02.112+0000] {logging_mixin.py:188} INFO - [2024-04-24T20:26:02.112+0000] {dag.py:3954} INFO - Setting next_dagrun for hello_world to 2024-04-23 00:00:00+00:00, run_after=2024-04-24 00:00:00+00:00
[2024-04-24T20:26:02.150+0000] {processor.py:183} INFO - Processing /workspaces/AirFlowDB/dags/simple_hello_world.py took 0.081 seconds
[2024-04-24T20:26:33.667+0000] {processor.py:161} INFO - Started process (PID=24685) to work on /workspaces/AirFlowDB/dags/simple_hello_world.py
[2024-04-24T20:26:33.668+0000] {processor.py:830} INFO - Processing file /workspaces/AirFlowDB/dags/simple_hello_world.py for tasks to queue
[2024-04-24T20:26:33.669+0000] {logging_mixin.py:188} INFO - [2024-04-24T20:26:33.669+0000] {dagbag.py:540} INFO - Filling up the DagBag from /workspaces/AirFlowDB/dags/simple_hello_world.py
[2024-04-24T20:26:33.685+0000] {processor.py:840} INFO - DAG(s) 'hello_world' retrieved from /workspaces/AirFlowDB/dags/simple_hello_world.py
[2024-04-24T20:26:33.691+0000] {logging_mixin.py:188} INFO - [2024-04-24T20:26:33.691+0000] {dag.py:3096} INFO - Sync 1 DAGs
[2024-04-24T20:26:33.713+0000] {logging_mixin.py:188} INFO - [2024-04-24T20:26:33.713+0000] {dag.py:3954} INFO - Setting next_dagrun for hello_world to 2024-04-23 00:00:00+00:00, run_after=2024-04-24 00:00:00+00:00
[2024-04-24T20:26:33.753+0000] {processor.py:183} INFO - Processing /workspaces/AirFlowDB/dags/simple_hello_world.py took 0.093 seconds
[2024-04-24T20:27:03.871+0000] {processor.py:161} INFO - Started process (PID=25112) to work on /workspaces/AirFlowDB/dags/simple_hello_world.py
[2024-04-24T20:27:03.871+0000] {processor.py:830} INFO - Processing file /workspaces/AirFlowDB/dags/simple_hello_world.py for tasks to queue
[2024-04-24T20:27:03.873+0000] {logging_mixin.py:188} INFO - [2024-04-24T20:27:03.872+0000] {dagbag.py:540} INFO - Filling up the DagBag from /workspaces/AirFlowDB/dags/simple_hello_world.py
[2024-04-24T20:27:03.882+0000] {processor.py:840} INFO - DAG(s) 'hello_world' retrieved from /workspaces/AirFlowDB/dags/simple_hello_world.py
[2024-04-24T20:27:03.953+0000] {logging_mixin.py:188} INFO - [2024-04-24T20:27:03.953+0000] {dag.py:3096} INFO - Sync 1 DAGs
[2024-04-24T20:27:03.966+0000] {logging_mixin.py:188} INFO - [2024-04-24T20:27:03.966+0000] {dag.py:3954} INFO - Setting next_dagrun for hello_world to 2024-04-23 00:00:00+00:00, run_after=2024-04-24 00:00:00+00:00
[2024-04-24T20:27:04.013+0000] {processor.py:183} INFO - Processing /workspaces/AirFlowDB/dags/simple_hello_world.py took 0.147 seconds
[2024-04-24T20:37:43.286+0000] {processor.py:161} INFO - Started process (PID=31724) to work on /workspaces/AirFlowDB/dags/simple_hello_world.py
[2024-04-24T20:37:43.289+0000] {processor.py:830} INFO - Processing file /workspaces/AirFlowDB/dags/simple_hello_world.py for tasks to queue
[2024-04-24T20:37:43.291+0000] {logging_mixin.py:188} INFO - [2024-04-24T20:37:43.290+0000] {dagbag.py:540} INFO - Filling up the DagBag from /workspaces/AirFlowDB/dags/simple_hello_world.py
[2024-04-24T20:37:43.305+0000] {processor.py:840} INFO - DAG(s) 'hello_world' retrieved from /workspaces/AirFlowDB/dags/simple_hello_world.py
[2024-04-24T20:37:43.311+0000] {logging_mixin.py:188} INFO - [2024-04-24T20:37:43.311+0000] {dag.py:3096} INFO - Sync 1 DAGs
[2024-04-24T20:37:43.334+0000] {logging_mixin.py:188} INFO - [2024-04-24T20:37:43.334+0000] {dag.py:3954} INFO - Setting next_dagrun for hello_world to 2024-04-23 00:00:00+00:00, run_after=2024-04-24 00:00:00+00:00
[2024-04-24T20:37:43.390+0000] {processor.py:183} INFO - Processing /workspaces/AirFlowDB/dags/simple_hello_world.py took 0.110 seconds
[2024-04-24T20:38:13.676+0000] {processor.py:161} INFO - Started process (PID=32207) to work on /workspaces/AirFlowDB/dags/simple_hello_world.py
[2024-04-24T20:38:13.677+0000] {processor.py:830} INFO - Processing file /workspaces/AirFlowDB/dags/simple_hello_world.py for tasks to queue
[2024-04-24T20:38:13.678+0000] {logging_mixin.py:188} INFO - [2024-04-24T20:38:13.677+0000] {dagbag.py:540} INFO - Filling up the DagBag from /workspaces/AirFlowDB/dags/simple_hello_world.py
[2024-04-24T20:38:13.685+0000] {processor.py:840} INFO - DAG(s) 'hello_world' retrieved from /workspaces/AirFlowDB/dags/simple_hello_world.py
[2024-04-24T20:38:13.753+0000] {logging_mixin.py:188} INFO - [2024-04-24T20:38:13.753+0000] {dag.py:3096} INFO - Sync 1 DAGs
[2024-04-24T20:38:13.766+0000] {logging_mixin.py:188} INFO - [2024-04-24T20:38:13.766+0000] {dag.py:3954} INFO - Setting next_dagrun for hello_world to 2024-04-23 00:00:00+00:00, run_after=2024-04-24 00:00:00+00:00
[2024-04-24T20:38:13.802+0000] {processor.py:183} INFO - Processing /workspaces/AirFlowDB/dags/simple_hello_world.py took 0.131 seconds
