[2024-05-08T19:08:13.004+0000] {processor.py:161} INFO - Started process (PID=18829) to work on /usr/local/python/3.10.13/lib/python3.10/site-packages/airflow/example_dags/example_latest_only_with_trigger.py
[2024-05-08T19:08:13.005+0000] {processor.py:830} INFO - Processing file /usr/local/python/3.10.13/lib/python3.10/site-packages/airflow/example_dags/example_latest_only_with_trigger.py for tasks to queue
[2024-05-08T19:08:13.006+0000] {logging_mixin.py:188} INFO - [2024-05-08T19:08:13.006+0000] {dagbag.py:545} INFO - Filling up the DagBag from /usr/local/python/3.10.13/lib/python3.10/site-packages/airflow/example_dags/example_latest_only_with_trigger.py
[2024-05-08T19:08:13.012+0000] {processor.py:840} INFO - DAG(s) 'latest_only_with_trigger' retrieved from /usr/local/python/3.10.13/lib/python3.10/site-packages/airflow/example_dags/example_latest_only_with_trigger.py
[2024-05-08T19:08:13.152+0000] {logging_mixin.py:188} INFO - [2024-05-08T19:08:13.152+0000] {dag.py:3096} INFO - Sync 1 DAGs
[2024-05-08T19:08:13.164+0000] {logging_mixin.py:188} INFO - [2024-05-08T19:08:13.163+0000] {dag.py:3954} INFO - Setting next_dagrun for latest_only_with_trigger to 2024-05-08 12:00:00+00:00, run_after=2024-05-08 16:00:00+00:00
[2024-05-08T19:08:13.202+0000] {processor.py:183} INFO - Processing /usr/local/python/3.10.13/lib/python3.10/site-packages/airflow/example_dags/example_latest_only_with_trigger.py took 0.203 seconds
[2024-05-08T19:09:06.849+0000] {processor.py:161} INFO - Started process (PID=19487) to work on /usr/local/python/3.10.13/lib/python3.10/site-packages/airflow/example_dags/example_latest_only_with_trigger.py
[2024-05-08T19:09:06.850+0000] {processor.py:830} INFO - Processing file /usr/local/python/3.10.13/lib/python3.10/site-packages/airflow/example_dags/example_latest_only_with_trigger.py for tasks to queue
[2024-05-08T19:09:06.852+0000] {logging_mixin.py:188} INFO - [2024-05-08T19:09:06.851+0000] {dagbag.py:545} INFO - Filling up the DagBag from /usr/local/python/3.10.13/lib/python3.10/site-packages/airflow/example_dags/example_latest_only_with_trigger.py
[2024-05-08T19:09:06.856+0000] {processor.py:840} INFO - DAG(s) 'latest_only_with_trigger' retrieved from /usr/local/python/3.10.13/lib/python3.10/site-packages/airflow/example_dags/example_latest_only_with_trigger.py
[2024-05-08T19:09:06.871+0000] {logging_mixin.py:188} INFO - [2024-05-08T19:09:06.871+0000] {dag.py:3096} INFO - Sync 1 DAGs
[2024-05-08T19:09:06.887+0000] {logging_mixin.py:188} INFO - [2024-05-08T19:09:06.887+0000] {dag.py:3954} INFO - Setting next_dagrun for latest_only_with_trigger to 2024-05-08 12:00:00+00:00, run_after=2024-05-08 16:00:00+00:00
[2024-05-08T19:09:06.925+0000] {processor.py:183} INFO - Processing /usr/local/python/3.10.13/lib/python3.10/site-packages/airflow/example_dags/example_latest_only_with_trigger.py took 0.082 seconds
[2024-05-08T19:12:08.365+0000] {processor.py:161} INFO - Started process (PID=21488) to work on /usr/local/python/3.10.13/lib/python3.10/site-packages/airflow/example_dags/example_latest_only_with_trigger.py
[2024-05-08T19:12:08.366+0000] {processor.py:830} INFO - Processing file /usr/local/python/3.10.13/lib/python3.10/site-packages/airflow/example_dags/example_latest_only_with_trigger.py for tasks to queue
[2024-05-08T19:12:08.368+0000] {logging_mixin.py:188} INFO - [2024-05-08T19:12:08.367+0000] {dagbag.py:545} INFO - Filling up the DagBag from /usr/local/python/3.10.13/lib/python3.10/site-packages/airflow/example_dags/example_latest_only_with_trigger.py
[2024-05-08T19:12:08.458+0000] {processor.py:840} INFO - DAG(s) 'latest_only_with_trigger' retrieved from /usr/local/python/3.10.13/lib/python3.10/site-packages/airflow/example_dags/example_latest_only_with_trigger.py
[2024-05-08T19:12:08.467+0000] {logging_mixin.py:188} INFO - [2024-05-08T19:12:08.467+0000] {dag.py:3096} INFO - Sync 1 DAGs
[2024-05-08T19:12:08.479+0000] {logging_mixin.py:188} INFO - [2024-05-08T19:12:08.479+0000] {dag.py:3954} INFO - Setting next_dagrun for latest_only_with_trigger to 2024-05-08 12:00:00+00:00, run_after=2024-05-08 16:00:00+00:00
[2024-05-08T19:12:08.517+0000] {processor.py:183} INFO - Processing /usr/local/python/3.10.13/lib/python3.10/site-packages/airflow/example_dags/example_latest_only_with_trigger.py took 0.157 seconds
