[2024-05-08T19:07:39.368+0000] {processor.py:161} INFO - Started process (PID=18011) to work on /usr/local/python/3.10.13/lib/python3.10/site-packages/airflow/example_dags/example_trigger_controller_dag.py
[2024-05-08T19:07:39.369+0000] {processor.py:830} INFO - Processing file /usr/local/python/3.10.13/lib/python3.10/site-packages/airflow/example_dags/example_trigger_controller_dag.py for tasks to queue
[2024-05-08T19:07:39.370+0000] {logging_mixin.py:188} INFO - [2024-05-08T19:07:39.370+0000] {dagbag.py:545} INFO - Filling up the DagBag from /usr/local/python/3.10.13/lib/python3.10/site-packages/airflow/example_dags/example_trigger_controller_dag.py
[2024-05-08T19:07:39.377+0000] {processor.py:840} INFO - DAG(s) 'example_trigger_controller_dag' retrieved from /usr/local/python/3.10.13/lib/python3.10/site-packages/airflow/example_dags/example_trigger_controller_dag.py
[2024-05-08T19:07:39.524+0000] {logging_mixin.py:188} INFO - [2024-05-08T19:07:39.524+0000] {dag.py:3096} INFO - Sync 1 DAGs
[2024-05-08T19:07:39.536+0000] {logging_mixin.py:188} INFO - [2024-05-08T19:07:39.535+0000] {dag.py:3954} INFO - Setting next_dagrun for example_trigger_controller_dag to 2021-01-01 00:00:00+00:00, run_after=2021-01-01 00:00:00+00:00
[2024-05-08T19:07:39.575+0000] {processor.py:183} INFO - Processing /usr/local/python/3.10.13/lib/python3.10/site-packages/airflow/example_dags/example_trigger_controller_dag.py took 0.212 seconds
[2024-05-08T19:08:39.360+0000] {processor.py:161} INFO - Started process (PID=19156) to work on /usr/local/python/3.10.13/lib/python3.10/site-packages/airflow/example_dags/example_trigger_controller_dag.py
[2024-05-08T19:08:39.361+0000] {processor.py:830} INFO - Processing file /usr/local/python/3.10.13/lib/python3.10/site-packages/airflow/example_dags/example_trigger_controller_dag.py for tasks to queue
[2024-05-08T19:08:39.363+0000] {logging_mixin.py:188} INFO - [2024-05-08T19:08:39.362+0000] {dagbag.py:545} INFO - Filling up the DagBag from /usr/local/python/3.10.13/lib/python3.10/site-packages/airflow/example_dags/example_trigger_controller_dag.py
[2024-05-08T19:08:39.367+0000] {processor.py:840} INFO - DAG(s) 'example_trigger_controller_dag' retrieved from /usr/local/python/3.10.13/lib/python3.10/site-packages/airflow/example_dags/example_trigger_controller_dag.py
[2024-05-08T19:08:39.379+0000] {logging_mixin.py:188} INFO - [2024-05-08T19:08:39.378+0000] {dag.py:3096} INFO - Sync 1 DAGs
[2024-05-08T19:08:39.393+0000] {logging_mixin.py:188} INFO - [2024-05-08T19:08:39.393+0000] {dag.py:3954} INFO - Setting next_dagrun for example_trigger_controller_dag to 2021-01-01 00:00:00+00:00, run_after=2021-01-01 00:00:00+00:00
[2024-05-08T19:08:39.438+0000] {processor.py:183} INFO - Processing /usr/local/python/3.10.13/lib/python3.10/site-packages/airflow/example_dags/example_trigger_controller_dag.py took 0.083 seconds
[2024-05-08T19:11:38.494+0000] {processor.py:161} INFO - Started process (PID=21098) to work on /usr/local/python/3.10.13/lib/python3.10/site-packages/airflow/example_dags/example_trigger_controller_dag.py
[2024-05-08T19:11:38.495+0000] {processor.py:830} INFO - Processing file /usr/local/python/3.10.13/lib/python3.10/site-packages/airflow/example_dags/example_trigger_controller_dag.py for tasks to queue
[2024-05-08T19:11:38.496+0000] {logging_mixin.py:188} INFO - [2024-05-08T19:11:38.495+0000] {dagbag.py:545} INFO - Filling up the DagBag from /usr/local/python/3.10.13/lib/python3.10/site-packages/airflow/example_dags/example_trigger_controller_dag.py
[2024-05-08T19:11:38.503+0000] {processor.py:840} INFO - DAG(s) 'example_trigger_controller_dag' retrieved from /usr/local/python/3.10.13/lib/python3.10/site-packages/airflow/example_dags/example_trigger_controller_dag.py
[2024-05-08T19:11:38.517+0000] {logging_mixin.py:188} INFO - [2024-05-08T19:11:38.517+0000] {dag.py:3096} INFO - Sync 1 DAGs
[2024-05-08T19:11:38.531+0000] {logging_mixin.py:188} INFO - [2024-05-08T19:11:38.530+0000] {dag.py:3954} INFO - Setting next_dagrun for example_trigger_controller_dag to 2021-01-01 00:00:00+00:00, run_after=2021-01-01 00:00:00+00:00
[2024-05-08T19:11:38.570+0000] {processor.py:183} INFO - Processing /usr/local/python/3.10.13/lib/python3.10/site-packages/airflow/example_dags/example_trigger_controller_dag.py took 0.082 seconds
