[2024-05-08T19:08:19.069+0000] {processor.py:161} INFO - Started process (PID=18906) to work on /usr/local/python/3.10.13/lib/python3.10/site-packages/airflow/example_dags/example_complex.py
[2024-05-08T19:08:19.070+0000] {processor.py:830} INFO - Processing file /usr/local/python/3.10.13/lib/python3.10/site-packages/airflow/example_dags/example_complex.py for tasks to queue
[2024-05-08T19:08:19.071+0000] {logging_mixin.py:188} INFO - [2024-05-08T19:08:19.071+0000] {dagbag.py:545} INFO - Filling up the DagBag from /usr/local/python/3.10.13/lib/python3.10/site-packages/airflow/example_dags/example_complex.py
[2024-05-08T19:08:19.080+0000] {processor.py:840} INFO - DAG(s) 'example_complex' retrieved from /usr/local/python/3.10.13/lib/python3.10/site-packages/airflow/example_dags/example_complex.py
[2024-05-08T19:08:19.161+0000] {logging_mixin.py:188} INFO - [2024-05-08T19:08:19.161+0000] {dag.py:3096} INFO - Sync 1 DAGs
[2024-05-08T19:08:19.168+0000] {logging_mixin.py:188} INFO - [2024-05-08T19:08:19.168+0000] {dag.py:3954} INFO - Setting next_dagrun for example_complex to None, run_after=None
[2024-05-08T19:08:19.214+0000] {processor.py:183} INFO - Processing /usr/local/python/3.10.13/lib/python3.10/site-packages/airflow/example_dags/example_complex.py took 0.150 seconds
[2024-05-08T19:09:12.111+0000] {processor.py:161} INFO - Started process (PID=19531) to work on /usr/local/python/3.10.13/lib/python3.10/site-packages/airflow/example_dags/example_complex.py
[2024-05-08T19:09:12.111+0000] {processor.py:830} INFO - Processing file /usr/local/python/3.10.13/lib/python3.10/site-packages/airflow/example_dags/example_complex.py for tasks to queue
[2024-05-08T19:09:12.113+0000] {logging_mixin.py:188} INFO - [2024-05-08T19:09:12.112+0000] {dagbag.py:545} INFO - Filling up the DagBag from /usr/local/python/3.10.13/lib/python3.10/site-packages/airflow/example_dags/example_complex.py
[2024-05-08T19:09:12.122+0000] {processor.py:840} INFO - DAG(s) 'example_complex' retrieved from /usr/local/python/3.10.13/lib/python3.10/site-packages/airflow/example_dags/example_complex.py
[2024-05-08T19:09:12.144+0000] {logging_mixin.py:188} INFO - [2024-05-08T19:09:12.143+0000] {dag.py:3096} INFO - Sync 1 DAGs
[2024-05-08T19:09:12.153+0000] {logging_mixin.py:188} INFO - [2024-05-08T19:09:12.152+0000] {dag.py:3954} INFO - Setting next_dagrun for example_complex to None, run_after=None
[2024-05-08T19:09:12.192+0000] {processor.py:183} INFO - Processing /usr/local/python/3.10.13/lib/python3.10/site-packages/airflow/example_dags/example_complex.py took 0.087 seconds
[2024-05-08T19:12:13.705+0000] {processor.py:161} INFO - Started process (PID=21565) to work on /usr/local/python/3.10.13/lib/python3.10/site-packages/airflow/example_dags/example_complex.py
[2024-05-08T19:12:13.705+0000] {processor.py:830} INFO - Processing file /usr/local/python/3.10.13/lib/python3.10/site-packages/airflow/example_dags/example_complex.py for tasks to queue
[2024-05-08T19:12:13.707+0000] {logging_mixin.py:188} INFO - [2024-05-08T19:12:13.706+0000] {dagbag.py:545} INFO - Filling up the DagBag from /usr/local/python/3.10.13/lib/python3.10/site-packages/airflow/example_dags/example_complex.py
[2024-05-08T19:12:13.716+0000] {processor.py:840} INFO - DAG(s) 'example_complex' retrieved from /usr/local/python/3.10.13/lib/python3.10/site-packages/airflow/example_dags/example_complex.py
[2024-05-08T19:12:13.738+0000] {logging_mixin.py:188} INFO - [2024-05-08T19:12:13.737+0000] {dag.py:3096} INFO - Sync 1 DAGs
[2024-05-08T19:12:13.747+0000] {logging_mixin.py:188} INFO - [2024-05-08T19:12:13.747+0000] {dag.py:3954} INFO - Setting next_dagrun for example_complex to None, run_after=None
[2024-05-08T19:12:13.787+0000] {processor.py:183} INFO - Processing /usr/local/python/3.10.13/lib/python3.10/site-packages/airflow/example_dags/example_complex.py took 0.087 seconds
