[2024-05-08T19:08:17.661+0000] {processor.py:161} INFO - Started process (PID=18899) to work on /usr/local/python/3.10.13/lib/python3.10/site-packages/airflow/example_dags/example_branch_operator_decorator.py
[2024-05-08T19:08:17.662+0000] {processor.py:830} INFO - Processing file /usr/local/python/3.10.13/lib/python3.10/site-packages/airflow/example_dags/example_branch_operator_decorator.py for tasks to queue
[2024-05-08T19:08:17.663+0000] {logging_mixin.py:188} INFO - [2024-05-08T19:08:17.663+0000] {dagbag.py:545} INFO - Filling up the DagBag from /usr/local/python/3.10.13/lib/python3.10/site-packages/airflow/example_dags/example_branch_operator_decorator.py
[2024-05-08T19:08:17.758+0000] {processor.py:840} INFO - DAG(s) 'example_branch_python_operator_decorator' retrieved from /usr/local/python/3.10.13/lib/python3.10/site-packages/airflow/example_dags/example_branch_operator_decorator.py
[2024-05-08T19:08:17.826+0000] {logging_mixin.py:188} INFO - [2024-05-08T19:08:17.826+0000] {dag.py:3096} INFO - Sync 1 DAGs
[2024-05-08T19:08:17.838+0000] {logging_mixin.py:188} INFO - [2024-05-08T19:08:17.838+0000] {dag.py:3954} INFO - Setting next_dagrun for example_branch_python_operator_decorator to 2024-05-07 00:00:00+00:00, run_after=2024-05-08 00:00:00+00:00
[2024-05-08T19:08:17.884+0000] {processor.py:183} INFO - Processing /usr/local/python/3.10.13/lib/python3.10/site-packages/airflow/example_dags/example_branch_operator_decorator.py took 0.228 seconds
[2024-05-08T19:09:10.849+0000] {processor.py:161} INFO - Started process (PID=19530) to work on /usr/local/python/3.10.13/lib/python3.10/site-packages/airflow/example_dags/example_branch_operator_decorator.py
[2024-05-08T19:09:10.850+0000] {processor.py:830} INFO - Processing file /usr/local/python/3.10.13/lib/python3.10/site-packages/airflow/example_dags/example_branch_operator_decorator.py for tasks to queue
[2024-05-08T19:09:10.851+0000] {logging_mixin.py:188} INFO - [2024-05-08T19:09:10.851+0000] {dagbag.py:545} INFO - Filling up the DagBag from /usr/local/python/3.10.13/lib/python3.10/site-packages/airflow/example_dags/example_branch_operator_decorator.py
[2024-05-08T19:09:10.869+0000] {processor.py:840} INFO - DAG(s) 'example_branch_python_operator_decorator' retrieved from /usr/local/python/3.10.13/lib/python3.10/site-packages/airflow/example_dags/example_branch_operator_decorator.py
[2024-05-08T19:09:10.889+0000] {logging_mixin.py:188} INFO - [2024-05-08T19:09:10.888+0000] {dag.py:3096} INFO - Sync 1 DAGs
[2024-05-08T19:09:10.905+0000] {logging_mixin.py:188} INFO - [2024-05-08T19:09:10.905+0000] {dag.py:3954} INFO - Setting next_dagrun for example_branch_python_operator_decorator to 2024-05-07 00:00:00+00:00, run_after=2024-05-08 00:00:00+00:00
[2024-05-08T19:09:10.944+0000] {processor.py:183} INFO - Processing /usr/local/python/3.10.13/lib/python3.10/site-packages/airflow/example_dags/example_branch_operator_decorator.py took 0.100 seconds
[2024-05-08T19:12:12.442+0000] {processor.py:161} INFO - Started process (PID=21552) to work on /usr/local/python/3.10.13/lib/python3.10/site-packages/airflow/example_dags/example_branch_operator_decorator.py
[2024-05-08T19:12:12.443+0000] {processor.py:830} INFO - Processing file /usr/local/python/3.10.13/lib/python3.10/site-packages/airflow/example_dags/example_branch_operator_decorator.py for tasks to queue
[2024-05-08T19:12:12.445+0000] {logging_mixin.py:188} INFO - [2024-05-08T19:12:12.444+0000] {dagbag.py:545} INFO - Filling up the DagBag from /usr/local/python/3.10.13/lib/python3.10/site-packages/airflow/example_dags/example_branch_operator_decorator.py
[2024-05-08T19:12:12.462+0000] {processor.py:840} INFO - DAG(s) 'example_branch_python_operator_decorator' retrieved from /usr/local/python/3.10.13/lib/python3.10/site-packages/airflow/example_dags/example_branch_operator_decorator.py
[2024-05-08T19:12:12.548+0000] {logging_mixin.py:188} INFO - [2024-05-08T19:12:12.548+0000] {dag.py:3096} INFO - Sync 1 DAGs
[2024-05-08T19:12:12.563+0000] {logging_mixin.py:188} INFO - [2024-05-08T19:12:12.562+0000] {dag.py:3954} INFO - Setting next_dagrun for example_branch_python_operator_decorator to 2024-05-07 00:00:00+00:00, run_after=2024-05-08 00:00:00+00:00
[2024-05-08T19:12:12.600+0000] {processor.py:183} INFO - Processing /usr/local/python/3.10.13/lib/python3.10/site-packages/airflow/example_dags/example_branch_operator_decorator.py took 0.163 seconds
