[2024-05-08T19:07:44.644+0000] {processor.py:161} INFO - Started process (PID=18463) to work on /usr/local/python/3.10.13/lib/python3.10/site-packages/airflow/example_dags/example_subdag_operator.py
[2024-05-08T19:07:44.645+0000] {processor.py:830} INFO - Processing file /usr/local/python/3.10.13/lib/python3.10/site-packages/airflow/example_dags/example_subdag_operator.py for tasks to queue
[2024-05-08T19:07:44.646+0000] {logging_mixin.py:188} INFO - [2024-05-08T19:07:44.646+0000] {dagbag.py:545} INFO - Filling up the DagBag from /usr/local/python/3.10.13/lib/python3.10/site-packages/airflow/example_dags/example_subdag_operator.py
[2024-05-08T19:07:44.663+0000] {processor.py:840} INFO - DAG(s) 'example_subdag_operator.section-1', 'example_subdag_operator.section-2', 'example_subdag_operator' retrieved from /usr/local/python/3.10.13/lib/python3.10/site-packages/airflow/example_dags/example_subdag_operator.py
[2024-05-08T19:07:44.809+0000] {logging_mixin.py:188} INFO - [2024-05-08T19:07:44.809+0000] {dag.py:3096} INFO - Sync 3 DAGs
[2024-05-08T19:07:44.820+0000] {logging_mixin.py:188} INFO - [2024-05-08T19:07:44.820+0000] {dag.py:3954} INFO - Setting next_dagrun for example_subdag_operator to 2022-01-01 00:00:00+00:00, run_after=2022-01-01 00:00:00+00:00
[2024-05-08T19:07:44.822+0000] {logging_mixin.py:188} INFO - [2024-05-08T19:07:44.822+0000] {dag.py:3954} INFO - Setting next_dagrun for example_subdag_operator.section-1 to None, run_after=None
[2024-05-08T19:07:44.823+0000] {logging_mixin.py:188} INFO - [2024-05-08T19:07:44.823+0000] {dag.py:3954} INFO - Setting next_dagrun for example_subdag_operator.section-2 to None, run_after=None
[2024-05-08T19:07:44.829+0000] {logging_mixin.py:188} INFO - [2024-05-08T19:07:44.829+0000] {dag.py:3096} INFO - Sync 2 DAGs
[2024-05-08T19:07:44.832+0000] {logging_mixin.py:188} INFO - [2024-05-08T19:07:44.832+0000] {dag.py:3954} INFO - Setting next_dagrun for example_subdag_operator.section-1 to None, run_after=None
[2024-05-08T19:07:44.832+0000] {logging_mixin.py:188} INFO - [2024-05-08T19:07:44.832+0000] {dag.py:3954} INFO - Setting next_dagrun for example_subdag_operator.section-2 to None, run_after=None
[2024-05-08T19:07:44.866+0000] {processor.py:183} INFO - Processing /usr/local/python/3.10.13/lib/python3.10/site-packages/airflow/example_dags/example_subdag_operator.py took 0.226 seconds
[2024-05-08T19:08:43.390+0000] {processor.py:161} INFO - Started process (PID=19193) to work on /usr/local/python/3.10.13/lib/python3.10/site-packages/airflow/example_dags/example_subdag_operator.py
[2024-05-08T19:08:43.391+0000] {processor.py:830} INFO - Processing file /usr/local/python/3.10.13/lib/python3.10/site-packages/airflow/example_dags/example_subdag_operator.py for tasks to queue
[2024-05-08T19:08:43.392+0000] {logging_mixin.py:188} INFO - [2024-05-08T19:08:43.392+0000] {dagbag.py:545} INFO - Filling up the DagBag from /usr/local/python/3.10.13/lib/python3.10/site-packages/airflow/example_dags/example_subdag_operator.py
[2024-05-08T19:08:43.409+0000] {processor.py:840} INFO - DAG(s) 'example_subdag_operator.section-1', 'example_subdag_operator.section-2', 'example_subdag_operator' retrieved from /usr/local/python/3.10.13/lib/python3.10/site-packages/airflow/example_dags/example_subdag_operator.py
[2024-05-08T19:08:43.421+0000] {logging_mixin.py:188} INFO - [2024-05-08T19:08:43.420+0000] {dag.py:3096} INFO - Sync 3 DAGs
[2024-05-08T19:08:43.436+0000] {logging_mixin.py:188} INFO - [2024-05-08T19:08:43.436+0000] {dag.py:3954} INFO - Setting next_dagrun for example_subdag_operator to 2022-01-01 00:00:00+00:00, run_after=2022-01-01 00:00:00+00:00
[2024-05-08T19:08:43.439+0000] {logging_mixin.py:188} INFO - [2024-05-08T19:08:43.439+0000] {dag.py:3954} INFO - Setting next_dagrun for example_subdag_operator.section-1 to None, run_after=None
[2024-05-08T19:08:43.440+0000] {logging_mixin.py:188} INFO - [2024-05-08T19:08:43.440+0000] {dag.py:3954} INFO - Setting next_dagrun for example_subdag_operator.section-2 to None, run_after=None
[2024-05-08T19:08:43.444+0000] {logging_mixin.py:188} INFO - [2024-05-08T19:08:43.444+0000] {dag.py:3096} INFO - Sync 2 DAGs
[2024-05-08T19:08:43.448+0000] {logging_mixin.py:188} INFO - [2024-05-08T19:08:43.447+0000] {dag.py:3954} INFO - Setting next_dagrun for example_subdag_operator.section-1 to None, run_after=None
[2024-05-08T19:08:43.448+0000] {logging_mixin.py:188} INFO - [2024-05-08T19:08:43.448+0000] {dag.py:3954} INFO - Setting next_dagrun for example_subdag_operator.section-2 to None, run_after=None
[2024-05-08T19:08:43.483+0000] {processor.py:183} INFO - Processing /usr/local/python/3.10.13/lib/python3.10/site-packages/airflow/example_dags/example_subdag_operator.py took 0.099 seconds
[2024-05-08T19:11:42.442+0000] {processor.py:161} INFO - Started process (PID=21179) to work on /usr/local/python/3.10.13/lib/python3.10/site-packages/airflow/example_dags/example_subdag_operator.py
[2024-05-08T19:11:42.443+0000] {processor.py:830} INFO - Processing file /usr/local/python/3.10.13/lib/python3.10/site-packages/airflow/example_dags/example_subdag_operator.py for tasks to queue
[2024-05-08T19:11:42.444+0000] {logging_mixin.py:188} INFO - [2024-05-08T19:11:42.444+0000] {dagbag.py:545} INFO - Filling up the DagBag from /usr/local/python/3.10.13/lib/python3.10/site-packages/airflow/example_dags/example_subdag_operator.py
[2024-05-08T19:11:42.461+0000] {processor.py:840} INFO - DAG(s) 'example_subdag_operator.section-1', 'example_subdag_operator.section-2', 'example_subdag_operator' retrieved from /usr/local/python/3.10.13/lib/python3.10/site-packages/airflow/example_dags/example_subdag_operator.py
[2024-05-08T19:11:42.474+0000] {logging_mixin.py:188} INFO - [2024-05-08T19:11:42.474+0000] {dag.py:3096} INFO - Sync 3 DAGs
[2024-05-08T19:11:42.488+0000] {logging_mixin.py:188} INFO - [2024-05-08T19:11:42.488+0000] {dag.py:3954} INFO - Setting next_dagrun for example_subdag_operator to 2022-01-01 00:00:00+00:00, run_after=2022-01-01 00:00:00+00:00
[2024-05-08T19:11:42.490+0000] {logging_mixin.py:188} INFO - [2024-05-08T19:11:42.490+0000] {dag.py:3954} INFO - Setting next_dagrun for example_subdag_operator.section-1 to None, run_after=None
[2024-05-08T19:11:42.491+0000] {logging_mixin.py:188} INFO - [2024-05-08T19:11:42.491+0000] {dag.py:3954} INFO - Setting next_dagrun for example_subdag_operator.section-2 to None, run_after=None
[2024-05-08T19:11:42.495+0000] {logging_mixin.py:188} INFO - [2024-05-08T19:11:42.495+0000] {dag.py:3096} INFO - Sync 2 DAGs
[2024-05-08T19:11:42.499+0000] {logging_mixin.py:188} INFO - [2024-05-08T19:11:42.498+0000] {dag.py:3954} INFO - Setting next_dagrun for example_subdag_operator.section-1 to None, run_after=None
[2024-05-08T19:11:42.499+0000] {logging_mixin.py:188} INFO - [2024-05-08T19:11:42.499+0000] {dag.py:3954} INFO - Setting next_dagrun for example_subdag_operator.section-2 to None, run_after=None
[2024-05-08T19:11:42.533+0000] {processor.py:183} INFO - Processing /usr/local/python/3.10.13/lib/python3.10/site-packages/airflow/example_dags/example_subdag_operator.py took 0.096 seconds
