[2024-05-08T19:08:16.341+0000] {processor.py:161} INFO - Started process (PID=18859) to work on /usr/local/python/3.10.13/lib/python3.10/site-packages/airflow/example_dags/example_branch_python_dop_operator_3.py
[2024-05-08T19:08:16.342+0000] {processor.py:830} INFO - Processing file /usr/local/python/3.10.13/lib/python3.10/site-packages/airflow/example_dags/example_branch_python_dop_operator_3.py for tasks to queue
[2024-05-08T19:08:16.345+0000] {logging_mixin.py:188} INFO - [2024-05-08T19:08:16.345+0000] {dagbag.py:545} INFO - Filling up the DagBag from /usr/local/python/3.10.13/lib/python3.10/site-packages/airflow/example_dags/example_branch_python_dop_operator_3.py
[2024-05-08T19:08:16.352+0000] {processor.py:840} INFO - DAG(s) 'example_branch_dop_operator_v3' retrieved from /usr/local/python/3.10.13/lib/python3.10/site-packages/airflow/example_dags/example_branch_python_dop_operator_3.py
[2024-05-08T19:08:16.505+0000] {logging_mixin.py:188} INFO - [2024-05-08T19:08:16.505+0000] {dag.py:3096} INFO - Sync 1 DAGs
[2024-05-08T19:08:16.520+0000] {logging_mixin.py:188} INFO - [2024-05-08T19:08:16.520+0000] {dag.py:3954} INFO - Setting next_dagrun for example_branch_dop_operator_v3 to 2024-05-08 19:07:00+00:00, run_after=2024-05-08 19:08:00+00:00
[2024-05-08T19:08:16.560+0000] {processor.py:183} INFO - Processing /usr/local/python/3.10.13/lib/python3.10/site-packages/airflow/example_dags/example_branch_python_dop_operator_3.py took 0.223 seconds
[2024-05-08T19:09:10.246+0000] {processor.py:161} INFO - Started process (PID=19523) to work on /usr/local/python/3.10.13/lib/python3.10/site-packages/airflow/example_dags/example_branch_python_dop_operator_3.py
[2024-05-08T19:09:10.247+0000] {processor.py:830} INFO - Processing file /usr/local/python/3.10.13/lib/python3.10/site-packages/airflow/example_dags/example_branch_python_dop_operator_3.py for tasks to queue
[2024-05-08T19:09:10.248+0000] {logging_mixin.py:188} INFO - [2024-05-08T19:09:10.248+0000] {dagbag.py:545} INFO - Filling up the DagBag from /usr/local/python/3.10.13/lib/python3.10/site-packages/airflow/example_dags/example_branch_python_dop_operator_3.py
[2024-05-08T19:09:10.256+0000] {processor.py:840} INFO - DAG(s) 'example_branch_dop_operator_v3' retrieved from /usr/local/python/3.10.13/lib/python3.10/site-packages/airflow/example_dags/example_branch_python_dop_operator_3.py
[2024-05-08T19:09:10.269+0000] {logging_mixin.py:188} INFO - [2024-05-08T19:09:10.269+0000] {dag.py:3096} INFO - Sync 1 DAGs
[2024-05-08T19:09:10.288+0000] {logging_mixin.py:188} INFO - [2024-05-08T19:09:10.288+0000] {dag.py:3954} INFO - Setting next_dagrun for example_branch_dop_operator_v3 to 2024-05-08 19:08:00+00:00, run_after=2024-05-08 19:09:00+00:00
[2024-05-08T19:09:10.328+0000] {processor.py:183} INFO - Processing /usr/local/python/3.10.13/lib/python3.10/site-packages/airflow/example_dags/example_branch_python_dop_operator_3.py took 0.087 seconds
[2024-05-08T19:12:12.060+0000] {processor.py:161} INFO - Started process (PID=21551) to work on /usr/local/python/3.10.13/lib/python3.10/site-packages/airflow/example_dags/example_branch_python_dop_operator_3.py
[2024-05-08T19:12:12.061+0000] {processor.py:830} INFO - Processing file /usr/local/python/3.10.13/lib/python3.10/site-packages/airflow/example_dags/example_branch_python_dop_operator_3.py for tasks to queue
[2024-05-08T19:12:12.149+0000] {logging_mixin.py:188} INFO - [2024-05-08T19:12:12.062+0000] {dagbag.py:545} INFO - Filling up the DagBag from /usr/local/python/3.10.13/lib/python3.10/site-packages/airflow/example_dags/example_branch_python_dop_operator_3.py
[2024-05-08T19:12:12.154+0000] {processor.py:840} INFO - DAG(s) 'example_branch_dop_operator_v3' retrieved from /usr/local/python/3.10.13/lib/python3.10/site-packages/airflow/example_dags/example_branch_python_dop_operator_3.py
[2024-05-08T19:12:12.163+0000] {logging_mixin.py:188} INFO - [2024-05-08T19:12:12.162+0000] {dag.py:3096} INFO - Sync 1 DAGs
[2024-05-08T19:12:12.178+0000] {logging_mixin.py:188} INFO - [2024-05-08T19:12:12.178+0000] {dag.py:3954} INFO - Setting next_dagrun for example_branch_dop_operator_v3 to 2024-05-08 19:11:00+00:00, run_after=2024-05-08 19:12:00+00:00
[2024-05-08T19:12:12.218+0000] {processor.py:183} INFO - Processing /usr/local/python/3.10.13/lib/python3.10/site-packages/airflow/example_dags/example_branch_python_dop_operator_3.py took 0.163 seconds
