[2024-05-08T19:08:02.320+0000] {processor.py:161} INFO - Started process (PID=18709) to work on /usr/local/python/3.10.13/lib/python3.10/site-packages/airflow/example_dags/example_trigger_target_dag.py
[2024-05-08T19:08:02.321+0000] {processor.py:830} INFO - Processing file /usr/local/python/3.10.13/lib/python3.10/site-packages/airflow/example_dags/example_trigger_target_dag.py for tasks to queue
[2024-05-08T19:08:02.323+0000] {logging_mixin.py:188} INFO - [2024-05-08T19:08:02.323+0000] {dagbag.py:545} INFO - Filling up the DagBag from /usr/local/python/3.10.13/lib/python3.10/site-packages/airflow/example_dags/example_trigger_target_dag.py
[2024-05-08T19:08:02.330+0000] {processor.py:840} INFO - DAG(s) 'example_trigger_target_dag' retrieved from /usr/local/python/3.10.13/lib/python3.10/site-packages/airflow/example_dags/example_trigger_target_dag.py
[2024-05-08T19:08:02.486+0000] {logging_mixin.py:188} INFO - [2024-05-08T19:08:02.486+0000] {dag.py:3096} INFO - Sync 1 DAGs
[2024-05-08T19:08:02.493+0000] {logging_mixin.py:188} INFO - [2024-05-08T19:08:02.493+0000] {dag.py:3954} INFO - Setting next_dagrun for example_trigger_target_dag to None, run_after=None
[2024-05-08T19:08:02.531+0000] {processor.py:183} INFO - Processing /usr/local/python/3.10.13/lib/python3.10/site-packages/airflow/example_dags/example_trigger_target_dag.py took 0.216 seconds
[2024-05-08T19:08:57.537+0000] {processor.py:161} INFO - Started process (PID=19372) to work on /usr/local/python/3.10.13/lib/python3.10/site-packages/airflow/example_dags/example_trigger_target_dag.py
[2024-05-08T19:08:57.538+0000] {processor.py:830} INFO - Processing file /usr/local/python/3.10.13/lib/python3.10/site-packages/airflow/example_dags/example_trigger_target_dag.py for tasks to queue
[2024-05-08T19:08:57.539+0000] {logging_mixin.py:188} INFO - [2024-05-08T19:08:57.539+0000] {dagbag.py:545} INFO - Filling up the DagBag from /usr/local/python/3.10.13/lib/python3.10/site-packages/airflow/example_dags/example_trigger_target_dag.py
[2024-05-08T19:08:57.544+0000] {processor.py:840} INFO - DAG(s) 'example_trigger_target_dag' retrieved from /usr/local/python/3.10.13/lib/python3.10/site-packages/airflow/example_dags/example_trigger_target_dag.py
[2024-05-08T19:08:57.556+0000] {logging_mixin.py:188} INFO - [2024-05-08T19:08:57.556+0000] {dag.py:3096} INFO - Sync 1 DAGs
[2024-05-08T19:08:57.566+0000] {logging_mixin.py:188} INFO - [2024-05-08T19:08:57.565+0000] {dag.py:3954} INFO - Setting next_dagrun for example_trigger_target_dag to None, run_after=None
[2024-05-08T19:08:57.605+0000] {processor.py:183} INFO - Processing /usr/local/python/3.10.13/lib/python3.10/site-packages/airflow/example_dags/example_trigger_target_dag.py took 0.073 seconds
[2024-05-08T19:11:57.863+0000] {processor.py:161} INFO - Started process (PID=21372) to work on /usr/local/python/3.10.13/lib/python3.10/site-packages/airflow/example_dags/example_trigger_target_dag.py
[2024-05-08T19:11:57.864+0000] {processor.py:830} INFO - Processing file /usr/local/python/3.10.13/lib/python3.10/site-packages/airflow/example_dags/example_trigger_target_dag.py for tasks to queue
[2024-05-08T19:11:57.866+0000] {logging_mixin.py:188} INFO - [2024-05-08T19:11:57.865+0000] {dagbag.py:545} INFO - Filling up the DagBag from /usr/local/python/3.10.13/lib/python3.10/site-packages/airflow/example_dags/example_trigger_target_dag.py
[2024-05-08T19:11:57.871+0000] {processor.py:840} INFO - DAG(s) 'example_trigger_target_dag' retrieved from /usr/local/python/3.10.13/lib/python3.10/site-packages/airflow/example_dags/example_trigger_target_dag.py
[2024-05-08T19:11:57.885+0000] {logging_mixin.py:188} INFO - [2024-05-08T19:11:57.885+0000] {dag.py:3096} INFO - Sync 1 DAGs
[2024-05-08T19:11:57.973+0000] {logging_mixin.py:188} INFO - [2024-05-08T19:11:57.973+0000] {dag.py:3954} INFO - Setting next_dagrun for example_trigger_target_dag to None, run_after=None
[2024-05-08T19:11:58.013+0000] {processor.py:183} INFO - Processing /usr/local/python/3.10.13/lib/python3.10/site-packages/airflow/example_dags/example_trigger_target_dag.py took 0.155 seconds
