[2024-05-08T19:07:48.318+0000] {processor.py:161} INFO - Started process (PID=18526) to work on /usr/local/python/3.10.13/lib/python3.10/site-packages/airflow/example_dags/example_setup_teardown.py
[2024-05-08T19:07:48.319+0000] {processor.py:830} INFO - Processing file /usr/local/python/3.10.13/lib/python3.10/site-packages/airflow/example_dags/example_setup_teardown.py for tasks to queue
[2024-05-08T19:07:48.320+0000] {logging_mixin.py:188} INFO - [2024-05-08T19:07:48.320+0000] {dagbag.py:545} INFO - Filling up the DagBag from /usr/local/python/3.10.13/lib/python3.10/site-packages/airflow/example_dags/example_setup_teardown.py
[2024-05-08T19:07:48.326+0000] {processor.py:840} INFO - DAG(s) 'example_setup_teardown' retrieved from /usr/local/python/3.10.13/lib/python3.10/site-packages/airflow/example_dags/example_setup_teardown.py
[2024-05-08T19:07:48.497+0000] {logging_mixin.py:188} INFO - [2024-05-08T19:07:48.497+0000] {dag.py:3096} INFO - Sync 1 DAGs
[2024-05-08T19:07:48.511+0000] {logging_mixin.py:188} INFO - [2024-05-08T19:07:48.511+0000] {dag.py:3954} INFO - Setting next_dagrun for example_setup_teardown to 2024-05-07 00:00:00+00:00, run_after=2024-05-08 00:00:00+00:00
[2024-05-08T19:07:48.562+0000] {processor.py:183} INFO - Processing /usr/local/python/3.10.13/lib/python3.10/site-packages/airflow/example_dags/example_setup_teardown.py took 0.248 seconds
[2024-05-08T19:08:46.086+0000] {processor.py:161} INFO - Started process (PID=19223) to work on /usr/local/python/3.10.13/lib/python3.10/site-packages/airflow/example_dags/example_setup_teardown.py
[2024-05-08T19:08:46.087+0000] {processor.py:830} INFO - Processing file /usr/local/python/3.10.13/lib/python3.10/site-packages/airflow/example_dags/example_setup_teardown.py for tasks to queue
[2024-05-08T19:08:46.088+0000] {logging_mixin.py:188} INFO - [2024-05-08T19:08:46.088+0000] {dagbag.py:545} INFO - Filling up the DagBag from /usr/local/python/3.10.13/lib/python3.10/site-packages/airflow/example_dags/example_setup_teardown.py
[2024-05-08T19:08:46.094+0000] {processor.py:840} INFO - DAG(s) 'example_setup_teardown' retrieved from /usr/local/python/3.10.13/lib/python3.10/site-packages/airflow/example_dags/example_setup_teardown.py
[2024-05-08T19:08:46.107+0000] {logging_mixin.py:188} INFO - [2024-05-08T19:08:46.107+0000] {dag.py:3096} INFO - Sync 1 DAGs
[2024-05-08T19:08:46.122+0000] {logging_mixin.py:188} INFO - [2024-05-08T19:08:46.122+0000] {dag.py:3954} INFO - Setting next_dagrun for example_setup_teardown to 2024-05-07 00:00:00+00:00, run_after=2024-05-08 00:00:00+00:00
[2024-05-08T19:08:46.162+0000] {processor.py:183} INFO - Processing /usr/local/python/3.10.13/lib/python3.10/site-packages/airflow/example_dags/example_setup_teardown.py took 0.081 seconds
[2024-05-08T19:11:45.937+0000] {processor.py:161} INFO - Started process (PID=21216) to work on /usr/local/python/3.10.13/lib/python3.10/site-packages/airflow/example_dags/example_setup_teardown.py
[2024-05-08T19:11:45.938+0000] {processor.py:830} INFO - Processing file /usr/local/python/3.10.13/lib/python3.10/site-packages/airflow/example_dags/example_setup_teardown.py for tasks to queue
[2024-05-08T19:11:45.940+0000] {logging_mixin.py:188} INFO - [2024-05-08T19:11:45.939+0000] {dagbag.py:545} INFO - Filling up the DagBag from /usr/local/python/3.10.13/lib/python3.10/site-packages/airflow/example_dags/example_setup_teardown.py
[2024-05-08T19:11:45.945+0000] {processor.py:840} INFO - DAG(s) 'example_setup_teardown' retrieved from /usr/local/python/3.10.13/lib/python3.10/site-packages/airflow/example_dags/example_setup_teardown.py
[2024-05-08T19:11:45.959+0000] {logging_mixin.py:188} INFO - [2024-05-08T19:11:45.959+0000] {dag.py:3096} INFO - Sync 1 DAGs
[2024-05-08T19:11:45.973+0000] {logging_mixin.py:188} INFO - [2024-05-08T19:11:45.973+0000] {dag.py:3954} INFO - Setting next_dagrun for example_setup_teardown to 2024-05-07 00:00:00+00:00, run_after=2024-05-08 00:00:00+00:00
[2024-05-08T19:11:46.013+0000] {processor.py:183} INFO - Processing /usr/local/python/3.10.13/lib/python3.10/site-packages/airflow/example_dags/example_setup_teardown.py took 0.081 seconds
