[2024-05-08T19:08:03.031+0000] {processor.py:161} INFO - Started process (PID=18731) to work on /usr/local/python/3.10.13/lib/python3.10/site-packages/airflow/example_dags/example_sensor_decorator.py
[2024-05-08T19:08:03.031+0000] {processor.py:830} INFO - Processing file /usr/local/python/3.10.13/lib/python3.10/site-packages/airflow/example_dags/example_sensor_decorator.py for tasks to queue
[2024-05-08T19:08:03.033+0000] {logging_mixin.py:188} INFO - [2024-05-08T19:08:03.032+0000] {dagbag.py:545} INFO - Filling up the DagBag from /usr/local/python/3.10.13/lib/python3.10/site-packages/airflow/example_dags/example_sensor_decorator.py
[2024-05-08T19:08:03.038+0000] {processor.py:840} INFO - DAG(s) 'example_sensor_decorator' retrieved from /usr/local/python/3.10.13/lib/python3.10/site-packages/airflow/example_dags/example_sensor_decorator.py
[2024-05-08T19:08:03.177+0000] {logging_mixin.py:188} INFO - [2024-05-08T19:08:03.177+0000] {dag.py:3096} INFO - Sync 1 DAGs
[2024-05-08T19:08:03.184+0000] {logging_mixin.py:188} INFO - [2024-05-08T19:08:03.184+0000] {dag.py:3954} INFO - Setting next_dagrun for example_sensor_decorator to None, run_after=None
[2024-05-08T19:08:03.220+0000] {processor.py:183} INFO - Processing /usr/local/python/3.10.13/lib/python3.10/site-packages/airflow/example_dags/example_sensor_decorator.py took 0.194 seconds
[2024-05-08T19:08:59.901+0000] {processor.py:161} INFO - Started process (PID=19416) to work on /usr/local/python/3.10.13/lib/python3.10/site-packages/airflow/example_dags/example_sensor_decorator.py
[2024-05-08T19:08:59.902+0000] {processor.py:830} INFO - Processing file /usr/local/python/3.10.13/lib/python3.10/site-packages/airflow/example_dags/example_sensor_decorator.py for tasks to queue
[2024-05-08T19:08:59.903+0000] {logging_mixin.py:188} INFO - [2024-05-08T19:08:59.903+0000] {dagbag.py:545} INFO - Filling up the DagBag from /usr/local/python/3.10.13/lib/python3.10/site-packages/airflow/example_dags/example_sensor_decorator.py
[2024-05-08T19:08:59.909+0000] {processor.py:840} INFO - DAG(s) 'example_sensor_decorator' retrieved from /usr/local/python/3.10.13/lib/python3.10/site-packages/airflow/example_dags/example_sensor_decorator.py
[2024-05-08T19:08:59.924+0000] {logging_mixin.py:188} INFO - [2024-05-08T19:08:59.924+0000] {dag.py:3096} INFO - Sync 1 DAGs
[2024-05-08T19:08:59.937+0000] {logging_mixin.py:188} INFO - [2024-05-08T19:08:59.936+0000] {dag.py:3954} INFO - Setting next_dagrun for example_sensor_decorator to None, run_after=None
[2024-05-08T19:09:00.003+0000] {processor.py:183} INFO - Processing /usr/local/python/3.10.13/lib/python3.10/site-packages/airflow/example_dags/example_sensor_decorator.py took 0.106 seconds
[2024-05-08T19:12:00.325+0000] {processor.py:161} INFO - Started process (PID=21414) to work on /usr/local/python/3.10.13/lib/python3.10/site-packages/airflow/example_dags/example_sensor_decorator.py
[2024-05-08T19:12:00.326+0000] {processor.py:830} INFO - Processing file /usr/local/python/3.10.13/lib/python3.10/site-packages/airflow/example_dags/example_sensor_decorator.py for tasks to queue
[2024-05-08T19:12:00.327+0000] {logging_mixin.py:188} INFO - [2024-05-08T19:12:00.327+0000] {dagbag.py:545} INFO - Filling up the DagBag from /usr/local/python/3.10.13/lib/python3.10/site-packages/airflow/example_dags/example_sensor_decorator.py
[2024-05-08T19:12:00.332+0000] {processor.py:840} INFO - DAG(s) 'example_sensor_decorator' retrieved from /usr/local/python/3.10.13/lib/python3.10/site-packages/airflow/example_dags/example_sensor_decorator.py
[2024-05-08T19:12:00.427+0000] {logging_mixin.py:188} INFO - [2024-05-08T19:12:00.426+0000] {dag.py:3096} INFO - Sync 1 DAGs
[2024-05-08T19:12:00.434+0000] {logging_mixin.py:188} INFO - [2024-05-08T19:12:00.434+0000] {dag.py:3954} INFO - Setting next_dagrun for example_sensor_decorator to None, run_after=None
[2024-05-08T19:12:00.472+0000] {processor.py:183} INFO - Processing /usr/local/python/3.10.13/lib/python3.10/site-packages/airflow/example_dags/example_sensor_decorator.py took 0.152 seconds
