[2024-05-08T19:08:25.592+0000] {processor.py:161} INFO - Started process (PID=18975) to work on /usr/local/python/3.10.13/lib/python3.10/site-packages/airflow/example_dags/example_branch_day_of_week_operator.py
[2024-05-08T19:08:25.593+0000] {processor.py:830} INFO - Processing file /usr/local/python/3.10.13/lib/python3.10/site-packages/airflow/example_dags/example_branch_day_of_week_operator.py for tasks to queue
[2024-05-08T19:08:25.595+0000] {logging_mixin.py:188} INFO - [2024-05-08T19:08:25.594+0000] {dagbag.py:545} INFO - Filling up the DagBag from /usr/local/python/3.10.13/lib/python3.10/site-packages/airflow/example_dags/example_branch_day_of_week_operator.py
[2024-05-08T19:08:25.601+0000] {processor.py:840} INFO - DAG(s) 'example_weekday_branch_operator' retrieved from /usr/local/python/3.10.13/lib/python3.10/site-packages/airflow/example_dags/example_branch_day_of_week_operator.py
[2024-05-08T19:08:25.674+0000] {logging_mixin.py:188} INFO - [2024-05-08T19:08:25.674+0000] {dag.py:3096} INFO - Sync 1 DAGs
[2024-05-08T19:08:25.687+0000] {logging_mixin.py:188} INFO - [2024-05-08T19:08:25.687+0000] {dag.py:3954} INFO - Setting next_dagrun for example_weekday_branch_operator to 2024-05-07 00:00:00+00:00, run_after=2024-05-08 00:00:00+00:00
[2024-05-08T19:08:25.727+0000] {processor.py:183} INFO - Processing /usr/local/python/3.10.13/lib/python3.10/site-packages/airflow/example_dags/example_branch_day_of_week_operator.py took 0.140 seconds
[2024-05-08T19:09:18.403+0000] {processor.py:161} INFO - Started process (PID=19586) to work on /usr/local/python/3.10.13/lib/python3.10/site-packages/airflow/example_dags/example_branch_day_of_week_operator.py
[2024-05-08T19:09:18.404+0000] {processor.py:830} INFO - Processing file /usr/local/python/3.10.13/lib/python3.10/site-packages/airflow/example_dags/example_branch_day_of_week_operator.py for tasks to queue
[2024-05-08T19:09:18.405+0000] {logging_mixin.py:188} INFO - [2024-05-08T19:09:18.405+0000] {dagbag.py:545} INFO - Filling up the DagBag from /usr/local/python/3.10.13/lib/python3.10/site-packages/airflow/example_dags/example_branch_day_of_week_operator.py
[2024-05-08T19:09:18.412+0000] {processor.py:840} INFO - DAG(s) 'example_weekday_branch_operator' retrieved from /usr/local/python/3.10.13/lib/python3.10/site-packages/airflow/example_dags/example_branch_day_of_week_operator.py
[2024-05-08T19:09:18.425+0000] {logging_mixin.py:188} INFO - [2024-05-08T19:09:18.425+0000] {dag.py:3096} INFO - Sync 1 DAGs
[2024-05-08T19:09:18.441+0000] {logging_mixin.py:188} INFO - [2024-05-08T19:09:18.441+0000] {dag.py:3954} INFO - Setting next_dagrun for example_weekday_branch_operator to 2024-05-07 00:00:00+00:00, run_after=2024-05-08 00:00:00+00:00
[2024-05-08T19:09:18.481+0000] {processor.py:183} INFO - Processing /usr/local/python/3.10.13/lib/python3.10/site-packages/airflow/example_dags/example_branch_day_of_week_operator.py took 0.083 seconds
[2024-05-08T19:12:20.101+0000] {processor.py:161} INFO - Started process (PID=21616) to work on /usr/local/python/3.10.13/lib/python3.10/site-packages/airflow/example_dags/example_branch_day_of_week_operator.py
[2024-05-08T19:12:20.101+0000] {processor.py:830} INFO - Processing file /usr/local/python/3.10.13/lib/python3.10/site-packages/airflow/example_dags/example_branch_day_of_week_operator.py for tasks to queue
[2024-05-08T19:12:20.103+0000] {logging_mixin.py:188} INFO - [2024-05-08T19:12:20.103+0000] {dagbag.py:545} INFO - Filling up the DagBag from /usr/local/python/3.10.13/lib/python3.10/site-packages/airflow/example_dags/example_branch_day_of_week_operator.py
[2024-05-08T19:12:20.110+0000] {processor.py:840} INFO - DAG(s) 'example_weekday_branch_operator' retrieved from /usr/local/python/3.10.13/lib/python3.10/site-packages/airflow/example_dags/example_branch_day_of_week_operator.py
[2024-05-08T19:12:20.123+0000] {logging_mixin.py:188} INFO - [2024-05-08T19:12:20.122+0000] {dag.py:3096} INFO - Sync 1 DAGs
[2024-05-08T19:12:20.138+0000] {logging_mixin.py:188} INFO - [2024-05-08T19:12:20.138+0000] {dag.py:3954} INFO - Setting next_dagrun for example_weekday_branch_operator to 2024-05-07 00:00:00+00:00, run_after=2024-05-08 00:00:00+00:00
[2024-05-08T19:12:20.178+0000] {processor.py:183} INFO - Processing /usr/local/python/3.10.13/lib/python3.10/site-packages/airflow/example_dags/example_branch_day_of_week_operator.py took 0.084 seconds
