[2024-05-08T19:08:09.648+0000] {processor.py:161} INFO - Started process (PID=18814) to work on /usr/local/python/3.10.13/lib/python3.10/site-packages/airflow/example_dags/example_sla_dag.py
[2024-05-08T19:08:09.648+0000] {processor.py:830} INFO - Processing file /usr/local/python/3.10.13/lib/python3.10/site-packages/airflow/example_dags/example_sla_dag.py for tasks to queue
[2024-05-08T19:08:09.650+0000] {logging_mixin.py:188} INFO - [2024-05-08T19:08:09.649+0000] {dagbag.py:545} INFO - Filling up the DagBag from /usr/local/python/3.10.13/lib/python3.10/site-packages/airflow/example_dags/example_sla_dag.py
[2024-05-08T19:08:09.657+0000] {processor.py:840} INFO - DAG(s) 'example_sla_dag' retrieved from /usr/local/python/3.10.13/lib/python3.10/site-packages/airflow/example_dags/example_sla_dag.py
[2024-05-08T19:08:09.798+0000] {logging_mixin.py:188} INFO - [2024-05-08T19:08:09.797+0000] {dag.py:3096} INFO - Sync 1 DAGs
[2024-05-08T19:08:09.812+0000] {logging_mixin.py:188} INFO - [2024-05-08T19:08:09.812+0000] {dag.py:3954} INFO - Setting next_dagrun for example_sla_dag to 2024-05-08 19:06:00+00:00, run_after=2024-05-08 19:08:00+00:00
[2024-05-08T19:08:09.850+0000] {processor.py:183} INFO - Processing /usr/local/python/3.10.13/lib/python3.10/site-packages/airflow/example_dags/example_sla_dag.py took 0.207 seconds
[2024-05-08T19:09:03.644+0000] {processor.py:161} INFO - Started process (PID=19457) to work on /usr/local/python/3.10.13/lib/python3.10/site-packages/airflow/example_dags/example_sla_dag.py
[2024-05-08T19:09:03.645+0000] {processor.py:830} INFO - Processing file /usr/local/python/3.10.13/lib/python3.10/site-packages/airflow/example_dags/example_sla_dag.py for tasks to queue
[2024-05-08T19:09:03.646+0000] {logging_mixin.py:188} INFO - [2024-05-08T19:09:03.646+0000] {dagbag.py:545} INFO - Filling up the DagBag from /usr/local/python/3.10.13/lib/python3.10/site-packages/airflow/example_dags/example_sla_dag.py
[2024-05-08T19:09:03.653+0000] {processor.py:840} INFO - DAG(s) 'example_sla_dag' retrieved from /usr/local/python/3.10.13/lib/python3.10/site-packages/airflow/example_dags/example_sla_dag.py
[2024-05-08T19:09:03.670+0000] {logging_mixin.py:188} INFO - [2024-05-08T19:09:03.670+0000] {dag.py:3096} INFO - Sync 1 DAGs
[2024-05-08T19:09:03.697+0000] {logging_mixin.py:188} INFO - [2024-05-08T19:09:03.697+0000] {dag.py:3954} INFO - Setting next_dagrun for example_sla_dag to 2024-05-08 19:06:00+00:00, run_after=2024-05-08 19:08:00+00:00
[2024-05-08T19:09:03.738+0000] {processor.py:183} INFO - Processing /usr/local/python/3.10.13/lib/python3.10/site-packages/airflow/example_dags/example_sla_dag.py took 0.100 seconds
[2024-05-08T19:12:05.564+0000] {processor.py:161} INFO - Started process (PID=21473) to work on /usr/local/python/3.10.13/lib/python3.10/site-packages/airflow/example_dags/example_sla_dag.py
[2024-05-08T19:12:05.565+0000] {processor.py:830} INFO - Processing file /usr/local/python/3.10.13/lib/python3.10/site-packages/airflow/example_dags/example_sla_dag.py for tasks to queue
[2024-05-08T19:12:05.566+0000] {logging_mixin.py:188} INFO - [2024-05-08T19:12:05.566+0000] {dagbag.py:545} INFO - Filling up the DagBag from /usr/local/python/3.10.13/lib/python3.10/site-packages/airflow/example_dags/example_sla_dag.py
[2024-05-08T19:12:05.573+0000] {processor.py:840} INFO - DAG(s) 'example_sla_dag' retrieved from /usr/local/python/3.10.13/lib/python3.10/site-packages/airflow/example_dags/example_sla_dag.py
[2024-05-08T19:12:05.664+0000] {logging_mixin.py:188} INFO - [2024-05-08T19:12:05.664+0000] {dag.py:3096} INFO - Sync 1 DAGs
[2024-05-08T19:12:05.679+0000] {logging_mixin.py:188} INFO - [2024-05-08T19:12:05.679+0000] {dag.py:3954} INFO - Setting next_dagrun for example_sla_dag to 2024-05-08 19:10:00+00:00, run_after=2024-05-08 19:12:00+00:00
[2024-05-08T19:12:05.717+0000] {processor.py:183} INFO - Processing /usr/local/python/3.10.13/lib/python3.10/site-packages/airflow/example_dags/example_sla_dag.py took 0.158 seconds
