[2024-05-08T19:07:59.032+0000] {processor.py:161} INFO - Started process (PID=18684) to work on /usr/local/python/3.10.13/lib/python3.10/site-packages/airflow/example_dags/example_task_group.py
[2024-05-08T19:07:59.033+0000] {processor.py:830} INFO - Processing file /usr/local/python/3.10.13/lib/python3.10/site-packages/airflow/example_dags/example_task_group.py for tasks to queue
[2024-05-08T19:07:59.035+0000] {logging_mixin.py:188} INFO - [2024-05-08T19:07:59.034+0000] {dagbag.py:545} INFO - Filling up the DagBag from /usr/local/python/3.10.13/lib/python3.10/site-packages/airflow/example_dags/example_task_group.py
[2024-05-08T19:07:59.041+0000] {processor.py:840} INFO - DAG(s) 'example_task_group' retrieved from /usr/local/python/3.10.13/lib/python3.10/site-packages/airflow/example_dags/example_task_group.py
[2024-05-08T19:07:59.190+0000] {logging_mixin.py:188} INFO - [2024-05-08T19:07:59.190+0000] {dag.py:3096} INFO - Sync 1 DAGs
[2024-05-08T19:07:59.201+0000] {logging_mixin.py:188} INFO - [2024-05-08T19:07:59.201+0000] {dag.py:3954} INFO - Setting next_dagrun for example_task_group to 2024-05-07 00:00:00+00:00, run_after=2024-05-08 00:00:00+00:00
[2024-05-08T19:07:59.240+0000] {processor.py:183} INFO - Processing /usr/local/python/3.10.13/lib/python3.10/site-packages/airflow/example_dags/example_task_group.py took 0.212 seconds
[2024-05-08T19:08:54.645+0000] {processor.py:161} INFO - Started process (PID=19345) to work on /usr/local/python/3.10.13/lib/python3.10/site-packages/airflow/example_dags/example_task_group.py
[2024-05-08T19:08:54.646+0000] {processor.py:830} INFO - Processing file /usr/local/python/3.10.13/lib/python3.10/site-packages/airflow/example_dags/example_task_group.py for tasks to queue
[2024-05-08T19:08:54.648+0000] {logging_mixin.py:188} INFO - [2024-05-08T19:08:54.647+0000] {dagbag.py:545} INFO - Filling up the DagBag from /usr/local/python/3.10.13/lib/python3.10/site-packages/airflow/example_dags/example_task_group.py
[2024-05-08T19:08:54.653+0000] {processor.py:840} INFO - DAG(s) 'example_task_group' retrieved from /usr/local/python/3.10.13/lib/python3.10/site-packages/airflow/example_dags/example_task_group.py
[2024-05-08T19:08:54.667+0000] {logging_mixin.py:188} INFO - [2024-05-08T19:08:54.667+0000] {dag.py:3096} INFO - Sync 1 DAGs
[2024-05-08T19:08:54.683+0000] {logging_mixin.py:188} INFO - [2024-05-08T19:08:54.682+0000] {dag.py:3954} INFO - Setting next_dagrun for example_task_group to 2024-05-07 00:00:00+00:00, run_after=2024-05-08 00:00:00+00:00
[2024-05-08T19:08:54.723+0000] {processor.py:183} INFO - Processing /usr/local/python/3.10.13/lib/python3.10/site-packages/airflow/example_dags/example_task_group.py took 0.083 seconds
[2024-05-08T19:11:54.068+0000] {processor.py:161} INFO - Started process (PID=21336) to work on /usr/local/python/3.10.13/lib/python3.10/site-packages/airflow/example_dags/example_task_group.py
[2024-05-08T19:11:54.068+0000] {processor.py:830} INFO - Processing file /usr/local/python/3.10.13/lib/python3.10/site-packages/airflow/example_dags/example_task_group.py for tasks to queue
[2024-05-08T19:11:54.070+0000] {logging_mixin.py:188} INFO - [2024-05-08T19:11:54.069+0000] {dagbag.py:545} INFO - Filling up the DagBag from /usr/local/python/3.10.13/lib/python3.10/site-packages/airflow/example_dags/example_task_group.py
[2024-05-08T19:11:54.076+0000] {processor.py:840} INFO - DAG(s) 'example_task_group' retrieved from /usr/local/python/3.10.13/lib/python3.10/site-packages/airflow/example_dags/example_task_group.py
[2024-05-08T19:11:54.092+0000] {logging_mixin.py:188} INFO - [2024-05-08T19:11:54.092+0000] {dag.py:3096} INFO - Sync 1 DAGs
[2024-05-08T19:11:54.185+0000] {logging_mixin.py:188} INFO - [2024-05-08T19:11:54.185+0000] {dag.py:3954} INFO - Setting next_dagrun for example_task_group to 2024-05-07 00:00:00+00:00, run_after=2024-05-08 00:00:00+00:00
[2024-05-08T19:11:54.226+0000] {processor.py:183} INFO - Processing /usr/local/python/3.10.13/lib/python3.10/site-packages/airflow/example_dags/example_task_group.py took 0.163 seconds
