[2024-05-08T19:08:08.286+0000] {processor.py:161} INFO - Started process (PID=18801) to work on /usr/local/python/3.10.13/lib/python3.10/site-packages/airflow/example_dags/example_xcom.py
[2024-05-08T19:08:08.287+0000] {processor.py:830} INFO - Processing file /usr/local/python/3.10.13/lib/python3.10/site-packages/airflow/example_dags/example_xcom.py for tasks to queue
[2024-05-08T19:08:08.288+0000] {logging_mixin.py:188} INFO - [2024-05-08T19:08:08.288+0000] {dagbag.py:545} INFO - Filling up the DagBag from /usr/local/python/3.10.13/lib/python3.10/site-packages/airflow/example_dags/example_xcom.py
[2024-05-08T19:08:08.294+0000] {processor.py:840} INFO - DAG(s) 'example_xcom' retrieved from /usr/local/python/3.10.13/lib/python3.10/site-packages/airflow/example_dags/example_xcom.py
[2024-05-08T19:08:08.442+0000] {logging_mixin.py:188} INFO - [2024-05-08T19:08:08.442+0000] {dag.py:3096} INFO - Sync 1 DAGs
[2024-05-08T19:08:08.453+0000] {logging_mixin.py:188} INFO - [2024-05-08T19:08:08.453+0000] {dag.py:3954} INFO - Setting next_dagrun for example_xcom to 2021-01-01 00:00:00+00:00, run_after=2021-01-01 00:00:00+00:00
[2024-05-08T19:08:08.493+0000] {processor.py:183} INFO - Processing /usr/local/python/3.10.13/lib/python3.10/site-packages/airflow/example_dags/example_xcom.py took 0.211 seconds
[2024-05-08T19:09:03.269+0000] {processor.py:161} INFO - Started process (PID=19435) to work on /usr/local/python/3.10.13/lib/python3.10/site-packages/airflow/example_dags/example_xcom.py
[2024-05-08T19:09:03.270+0000] {processor.py:830} INFO - Processing file /usr/local/python/3.10.13/lib/python3.10/site-packages/airflow/example_dags/example_xcom.py for tasks to queue
[2024-05-08T19:09:03.272+0000] {logging_mixin.py:188} INFO - [2024-05-08T19:09:03.271+0000] {dagbag.py:545} INFO - Filling up the DagBag from /usr/local/python/3.10.13/lib/python3.10/site-packages/airflow/example_dags/example_xcom.py
[2024-05-08T19:09:03.279+0000] {processor.py:840} INFO - DAG(s) 'example_xcom' retrieved from /usr/local/python/3.10.13/lib/python3.10/site-packages/airflow/example_dags/example_xcom.py
[2024-05-08T19:09:03.296+0000] {logging_mixin.py:188} INFO - [2024-05-08T19:09:03.295+0000] {dag.py:3096} INFO - Sync 1 DAGs
[2024-05-08T19:09:03.314+0000] {logging_mixin.py:188} INFO - [2024-05-08T19:09:03.314+0000] {dag.py:3954} INFO - Setting next_dagrun for example_xcom to 2021-01-01 00:00:00+00:00, run_after=2021-01-01 00:00:00+00:00
[2024-05-08T19:09:03.354+0000] {processor.py:183} INFO - Processing /usr/local/python/3.10.13/lib/python3.10/site-packages/airflow/example_dags/example_xcom.py took 0.089 seconds
[2024-05-08T19:12:04.333+0000] {processor.py:161} INFO - Started process (PID=21466) to work on /usr/local/python/3.10.13/lib/python3.10/site-packages/airflow/example_dags/example_xcom.py
[2024-05-08T19:12:04.334+0000] {processor.py:830} INFO - Processing file /usr/local/python/3.10.13/lib/python3.10/site-packages/airflow/example_dags/example_xcom.py for tasks to queue
[2024-05-08T19:12:04.335+0000] {logging_mixin.py:188} INFO - [2024-05-08T19:12:04.335+0000] {dagbag.py:545} INFO - Filling up the DagBag from /usr/local/python/3.10.13/lib/python3.10/site-packages/airflow/example_dags/example_xcom.py
[2024-05-08T19:12:04.341+0000] {processor.py:840} INFO - DAG(s) 'example_xcom' retrieved from /usr/local/python/3.10.13/lib/python3.10/site-packages/airflow/example_dags/example_xcom.py
[2024-05-08T19:12:04.435+0000] {logging_mixin.py:188} INFO - [2024-05-08T19:12:04.435+0000] {dag.py:3096} INFO - Sync 1 DAGs
[2024-05-08T19:12:04.447+0000] {logging_mixin.py:188} INFO - [2024-05-08T19:12:04.447+0000] {dag.py:3954} INFO - Setting next_dagrun for example_xcom to 2021-01-01 00:00:00+00:00, run_after=2021-01-01 00:00:00+00:00
[2024-05-08T19:12:04.485+0000] {processor.py:183} INFO - Processing /usr/local/python/3.10.13/lib/python3.10/site-packages/airflow/example_dags/example_xcom.py took 0.157 seconds
