[2024-05-08T19:08:24.331+0000] {processor.py:161} INFO - Started process (PID=18962) to work on /usr/local/python/3.10.13/lib/python3.10/site-packages/airflow/example_dags/example_branch_datetime_operator.py
[2024-05-08T19:08:24.332+0000] {processor.py:830} INFO - Processing file /usr/local/python/3.10.13/lib/python3.10/site-packages/airflow/example_dags/example_branch_datetime_operator.py for tasks to queue
[2024-05-08T19:08:24.333+0000] {logging_mixin.py:188} INFO - [2024-05-08T19:08:24.333+0000] {dagbag.py:545} INFO - Filling up the DagBag from /usr/local/python/3.10.13/lib/python3.10/site-packages/airflow/example_dags/example_branch_datetime_operator.py
[2024-05-08T19:08:24.344+0000] {processor.py:840} INFO - DAG(s) 'example_branch_datetime_operator_2', 'example_branch_datetime_operator', 'example_branch_datetime_operator_3' retrieved from /usr/local/python/3.10.13/lib/python3.10/site-packages/airflow/example_dags/example_branch_datetime_operator.py
[2024-05-08T19:08:24.431+0000] {logging_mixin.py:188} INFO - [2024-05-08T19:08:24.431+0000] {dag.py:3096} INFO - Sync 3 DAGs
[2024-05-08T19:08:24.446+0000] {logging_mixin.py:188} INFO - [2024-05-08T19:08:24.446+0000] {dag.py:3954} INFO - Setting next_dagrun for example_branch_datetime_operator to 2024-05-07 00:00:00+00:00, run_after=2024-05-08 00:00:00+00:00
[2024-05-08T19:08:24.450+0000] {logging_mixin.py:188} INFO - [2024-05-08T19:08:24.449+0000] {dag.py:3954} INFO - Setting next_dagrun for example_branch_datetime_operator_2 to 2024-05-07 00:00:00+00:00, run_after=2024-05-08 00:00:00+00:00
[2024-05-08T19:08:24.452+0000] {logging_mixin.py:188} INFO - [2024-05-08T19:08:24.452+0000] {dag.py:3954} INFO - Setting next_dagrun for example_branch_datetime_operator_3 to 2024-05-07 00:00:00+00:00, run_after=2024-05-08 00:00:00+00:00
[2024-05-08T19:08:24.490+0000] {processor.py:183} INFO - Processing /usr/local/python/3.10.13/lib/python3.10/site-packages/airflow/example_dags/example_branch_datetime_operator.py took 0.164 seconds
[2024-05-08T19:09:17.273+0000] {processor.py:161} INFO - Started process (PID=19564) to work on /usr/local/python/3.10.13/lib/python3.10/site-packages/airflow/example_dags/example_branch_datetime_operator.py
[2024-05-08T19:09:17.274+0000] {processor.py:830} INFO - Processing file /usr/local/python/3.10.13/lib/python3.10/site-packages/airflow/example_dags/example_branch_datetime_operator.py for tasks to queue
[2024-05-08T19:09:17.275+0000] {logging_mixin.py:188} INFO - [2024-05-08T19:09:17.275+0000] {dagbag.py:545} INFO - Filling up the DagBag from /usr/local/python/3.10.13/lib/python3.10/site-packages/airflow/example_dags/example_branch_datetime_operator.py
[2024-05-08T19:09:17.284+0000] {processor.py:840} INFO - DAG(s) 'example_branch_datetime_operator_3', 'example_branch_datetime_operator_2', 'example_branch_datetime_operator' retrieved from /usr/local/python/3.10.13/lib/python3.10/site-packages/airflow/example_dags/example_branch_datetime_operator.py
[2024-05-08T19:09:17.301+0000] {logging_mixin.py:188} INFO - [2024-05-08T19:09:17.301+0000] {dag.py:3096} INFO - Sync 3 DAGs
[2024-05-08T19:09:17.317+0000] {logging_mixin.py:188} INFO - [2024-05-08T19:09:17.317+0000] {dag.py:3954} INFO - Setting next_dagrun for example_branch_datetime_operator to 2024-05-07 00:00:00+00:00, run_after=2024-05-08 00:00:00+00:00
[2024-05-08T19:09:17.321+0000] {logging_mixin.py:188} INFO - [2024-05-08T19:09:17.321+0000] {dag.py:3954} INFO - Setting next_dagrun for example_branch_datetime_operator_2 to 2024-05-07 00:00:00+00:00, run_after=2024-05-08 00:00:00+00:00
[2024-05-08T19:09:17.322+0000] {logging_mixin.py:188} INFO - [2024-05-08T19:09:17.322+0000] {dag.py:3954} INFO - Setting next_dagrun for example_branch_datetime_operator_3 to 2024-05-07 00:00:00+00:00, run_after=2024-05-08 00:00:00+00:00
[2024-05-08T19:09:17.361+0000] {processor.py:183} INFO - Processing /usr/local/python/3.10.13/lib/python3.10/site-packages/airflow/example_dags/example_branch_datetime_operator.py took 0.093 seconds
[2024-05-08T19:12:18.867+0000] {processor.py:161} INFO - Started process (PID=21591) to work on /usr/local/python/3.10.13/lib/python3.10/site-packages/airflow/example_dags/example_branch_datetime_operator.py
[2024-05-08T19:12:18.868+0000] {processor.py:830} INFO - Processing file /usr/local/python/3.10.13/lib/python3.10/site-packages/airflow/example_dags/example_branch_datetime_operator.py for tasks to queue
[2024-05-08T19:12:18.870+0000] {logging_mixin.py:188} INFO - [2024-05-08T19:12:18.869+0000] {dagbag.py:545} INFO - Filling up the DagBag from /usr/local/python/3.10.13/lib/python3.10/site-packages/airflow/example_dags/example_branch_datetime_operator.py
[2024-05-08T19:12:18.879+0000] {processor.py:840} INFO - DAG(s) 'example_branch_datetime_operator_2', 'example_branch_datetime_operator', 'example_branch_datetime_operator_3' retrieved from /usr/local/python/3.10.13/lib/python3.10/site-packages/airflow/example_dags/example_branch_datetime_operator.py
[2024-05-08T19:12:18.901+0000] {logging_mixin.py:188} INFO - [2024-05-08T19:12:18.901+0000] {dag.py:3096} INFO - Sync 3 DAGs
[2024-05-08T19:12:18.921+0000] {logging_mixin.py:188} INFO - [2024-05-08T19:12:18.921+0000] {dag.py:3954} INFO - Setting next_dagrun for example_branch_datetime_operator to 2024-05-07 00:00:00+00:00, run_after=2024-05-08 00:00:00+00:00
[2024-05-08T19:12:18.925+0000] {logging_mixin.py:188} INFO - [2024-05-08T19:12:18.925+0000] {dag.py:3954} INFO - Setting next_dagrun for example_branch_datetime_operator_2 to 2024-05-07 00:00:00+00:00, run_after=2024-05-08 00:00:00+00:00
[2024-05-08T19:12:18.927+0000] {logging_mixin.py:188} INFO - [2024-05-08T19:12:18.927+0000] {dag.py:3954} INFO - Setting next_dagrun for example_branch_datetime_operator_3 to 2024-05-07 00:00:00+00:00, run_after=2024-05-08 00:00:00+00:00
[2024-05-08T19:12:18.967+0000] {processor.py:183} INFO - Processing /usr/local/python/3.10.13/lib/python3.10/site-packages/airflow/example_dags/example_branch_datetime_operator.py took 0.105 seconds
