[2024-05-08T19:07:56.374+0000] {processor.py:161} INFO - Started process (PID=18623) to work on /usr/local/python/3.10.13/lib/python3.10/site-packages/airflow/example_dags/example_nested_branch_dag.py
[2024-05-08T19:07:56.374+0000] {processor.py:830} INFO - Processing file /usr/local/python/3.10.13/lib/python3.10/site-packages/airflow/example_dags/example_nested_branch_dag.py for tasks to queue
[2024-05-08T19:07:56.376+0000] {logging_mixin.py:188} INFO - [2024-05-08T19:07:56.375+0000] {dagbag.py:545} INFO - Filling up the DagBag from /usr/local/python/3.10.13/lib/python3.10/site-packages/airflow/example_dags/example_nested_branch_dag.py
[2024-05-08T19:07:56.386+0000] {processor.py:840} INFO - DAG(s) 'example_nested_branch_dag' retrieved from /usr/local/python/3.10.13/lib/python3.10/site-packages/airflow/example_dags/example_nested_branch_dag.py
[2024-05-08T19:07:56.566+0000] {logging_mixin.py:188} INFO - [2024-05-08T19:07:56.566+0000] {dag.py:3096} INFO - Sync 1 DAGs
[2024-05-08T19:07:56.578+0000] {logging_mixin.py:188} INFO - [2024-05-08T19:07:56.578+0000] {dag.py:3954} INFO - Setting next_dagrun for example_nested_branch_dag to 2024-05-07 00:00:00+00:00, run_after=2024-05-08 00:00:00+00:00
[2024-05-08T19:07:56.617+0000] {processor.py:183} INFO - Processing /usr/local/python/3.10.13/lib/python3.10/site-packages/airflow/example_dags/example_nested_branch_dag.py took 0.248 seconds
[2024-05-08T19:08:52.378+0000] {processor.py:161} INFO - Started process (PID=19301) to work on /usr/local/python/3.10.13/lib/python3.10/site-packages/airflow/example_dags/example_nested_branch_dag.py
[2024-05-08T19:08:52.379+0000] {processor.py:830} INFO - Processing file /usr/local/python/3.10.13/lib/python3.10/site-packages/airflow/example_dags/example_nested_branch_dag.py for tasks to queue
[2024-05-08T19:08:52.381+0000] {logging_mixin.py:188} INFO - [2024-05-08T19:08:52.381+0000] {dagbag.py:545} INFO - Filling up the DagBag from /usr/local/python/3.10.13/lib/python3.10/site-packages/airflow/example_dags/example_nested_branch_dag.py
[2024-05-08T19:08:52.390+0000] {processor.py:840} INFO - DAG(s) 'example_nested_branch_dag' retrieved from /usr/local/python/3.10.13/lib/python3.10/site-packages/airflow/example_dags/example_nested_branch_dag.py
[2024-05-08T19:08:52.404+0000] {logging_mixin.py:188} INFO - [2024-05-08T19:08:52.404+0000] {dag.py:3096} INFO - Sync 1 DAGs
[2024-05-08T19:08:52.421+0000] {logging_mixin.py:188} INFO - [2024-05-08T19:08:52.421+0000] {dag.py:3954} INFO - Setting next_dagrun for example_nested_branch_dag to 2024-05-07 00:00:00+00:00, run_after=2024-05-08 00:00:00+00:00
[2024-05-08T19:08:52.457+0000] {processor.py:183} INFO - Processing /usr/local/python/3.10.13/lib/python3.10/site-packages/airflow/example_dags/example_nested_branch_dag.py took 0.084 seconds
[2024-05-08T19:11:51.438+0000] {processor.py:161} INFO - Started process (PID=21298) to work on /usr/local/python/3.10.13/lib/python3.10/site-packages/airflow/example_dags/example_nested_branch_dag.py
[2024-05-08T19:11:51.438+0000] {processor.py:830} INFO - Processing file /usr/local/python/3.10.13/lib/python3.10/site-packages/airflow/example_dags/example_nested_branch_dag.py for tasks to queue
[2024-05-08T19:11:51.440+0000] {logging_mixin.py:188} INFO - [2024-05-08T19:11:51.440+0000] {dagbag.py:545} INFO - Filling up the DagBag from /usr/local/python/3.10.13/lib/python3.10/site-packages/airflow/example_dags/example_nested_branch_dag.py
[2024-05-08T19:11:51.449+0000] {processor.py:840} INFO - DAG(s) 'example_nested_branch_dag' retrieved from /usr/local/python/3.10.13/lib/python3.10/site-packages/airflow/example_dags/example_nested_branch_dag.py
[2024-05-08T19:11:51.464+0000] {logging_mixin.py:188} INFO - [2024-05-08T19:11:51.464+0000] {dag.py:3096} INFO - Sync 1 DAGs
[2024-05-08T19:11:51.568+0000] {logging_mixin.py:188} INFO - [2024-05-08T19:11:51.568+0000] {dag.py:3954} INFO - Setting next_dagrun for example_nested_branch_dag to 2024-05-07 00:00:00+00:00, run_after=2024-05-08 00:00:00+00:00
[2024-05-08T19:11:51.638+0000] {processor.py:183} INFO - Processing /usr/local/python/3.10.13/lib/python3.10/site-packages/airflow/example_dags/example_nested_branch_dag.py took 0.205 seconds
