[2024-05-08T19:07:43.311+0000] {processor.py:161} INFO - Started process (PID=18453) to work on /usr/local/python/3.10.13/lib/python3.10/site-packages/airflow/example_dags/example_task_group_decorator.py
[2024-05-08T19:07:43.312+0000] {processor.py:830} INFO - Processing file /usr/local/python/3.10.13/lib/python3.10/site-packages/airflow/example_dags/example_task_group_decorator.py for tasks to queue
[2024-05-08T19:07:43.313+0000] {logging_mixin.py:188} INFO - [2024-05-08T19:07:43.313+0000] {dagbag.py:545} INFO - Filling up the DagBag from /usr/local/python/3.10.13/lib/python3.10/site-packages/airflow/example_dags/example_task_group_decorator.py
[2024-05-08T19:07:43.326+0000] {processor.py:840} INFO - DAG(s) 'example_task_group_decorator' retrieved from /usr/local/python/3.10.13/lib/python3.10/site-packages/airflow/example_dags/example_task_group_decorator.py
[2024-05-08T19:07:43.491+0000] {logging_mixin.py:188} INFO - [2024-05-08T19:07:43.491+0000] {dag.py:3096} INFO - Sync 1 DAGs
[2024-05-08T19:07:43.503+0000] {logging_mixin.py:188} INFO - [2024-05-08T19:07:43.502+0000] {dag.py:3954} INFO - Setting next_dagrun for example_task_group_decorator to 2024-05-07 00:00:00+00:00, run_after=2024-05-08 00:00:00+00:00
[2024-05-08T19:07:43.548+0000] {processor.py:183} INFO - Processing /usr/local/python/3.10.13/lib/python3.10/site-packages/airflow/example_dags/example_task_group_decorator.py took 0.242 seconds
[2024-05-08T19:08:42.157+0000] {processor.py:161} INFO - Started process (PID=19177) to work on /usr/local/python/3.10.13/lib/python3.10/site-packages/airflow/example_dags/example_task_group_decorator.py
[2024-05-08T19:08:42.157+0000] {processor.py:830} INFO - Processing file /usr/local/python/3.10.13/lib/python3.10/site-packages/airflow/example_dags/example_task_group_decorator.py for tasks to queue
[2024-05-08T19:08:42.159+0000] {logging_mixin.py:188} INFO - [2024-05-08T19:08:42.159+0000] {dagbag.py:545} INFO - Filling up the DagBag from /usr/local/python/3.10.13/lib/python3.10/site-packages/airflow/example_dags/example_task_group_decorator.py
[2024-05-08T19:08:42.171+0000] {processor.py:840} INFO - DAG(s) 'example_task_group_decorator' retrieved from /usr/local/python/3.10.13/lib/python3.10/site-packages/airflow/example_dags/example_task_group_decorator.py
[2024-05-08T19:08:42.189+0000] {logging_mixin.py:188} INFO - [2024-05-08T19:08:42.189+0000] {dag.py:3096} INFO - Sync 1 DAGs
[2024-05-08T19:08:42.205+0000] {logging_mixin.py:188} INFO - [2024-05-08T19:08:42.205+0000] {dag.py:3954} INFO - Setting next_dagrun for example_task_group_decorator to 2024-05-07 00:00:00+00:00, run_after=2024-05-08 00:00:00+00:00
[2024-05-08T19:08:42.261+0000] {processor.py:183} INFO - Processing /usr/local/python/3.10.13/lib/python3.10/site-packages/airflow/example_dags/example_task_group_decorator.py took 0.110 seconds
[2024-05-08T19:11:41.275+0000] {processor.py:161} INFO - Started process (PID=21169) to work on /usr/local/python/3.10.13/lib/python3.10/site-packages/airflow/example_dags/example_task_group_decorator.py
[2024-05-08T19:11:41.276+0000] {processor.py:830} INFO - Processing file /usr/local/python/3.10.13/lib/python3.10/site-packages/airflow/example_dags/example_task_group_decorator.py for tasks to queue
[2024-05-08T19:11:41.277+0000] {logging_mixin.py:188} INFO - [2024-05-08T19:11:41.277+0000] {dagbag.py:545} INFO - Filling up the DagBag from /usr/local/python/3.10.13/lib/python3.10/site-packages/airflow/example_dags/example_task_group_decorator.py
[2024-05-08T19:11:41.291+0000] {processor.py:840} INFO - DAG(s) 'example_task_group_decorator' retrieved from /usr/local/python/3.10.13/lib/python3.10/site-packages/airflow/example_dags/example_task_group_decorator.py
[2024-05-08T19:11:41.308+0000] {logging_mixin.py:188} INFO - [2024-05-08T19:11:41.308+0000] {dag.py:3096} INFO - Sync 1 DAGs
[2024-05-08T19:11:41.322+0000] {logging_mixin.py:188} INFO - [2024-05-08T19:11:41.322+0000] {dag.py:3954} INFO - Setting next_dagrun for example_task_group_decorator to 2024-05-07 00:00:00+00:00, run_after=2024-05-08 00:00:00+00:00
[2024-05-08T19:11:41.362+0000] {processor.py:183} INFO - Processing /usr/local/python/3.10.13/lib/python3.10/site-packages/airflow/example_dags/example_task_group_decorator.py took 0.092 seconds
