[2024-05-08T19:08:22.796+0000] {processor.py:161} INFO - Started process (PID=18954) to work on /usr/local/python/3.10.13/lib/python3.10/site-packages/airflow/example_dags/example_display_name.py
[2024-05-08T19:08:22.796+0000] {processor.py:830} INFO - Processing file /usr/local/python/3.10.13/lib/python3.10/site-packages/airflow/example_dags/example_display_name.py for tasks to queue
[2024-05-08T19:08:22.798+0000] {logging_mixin.py:188} INFO - [2024-05-08T19:08:22.798+0000] {dagbag.py:545} INFO - Filling up the DagBag from /usr/local/python/3.10.13/lib/python3.10/site-packages/airflow/example_dags/example_display_name.py
[2024-05-08T19:08:22.804+0000] {processor.py:840} INFO - DAG(s) 'example_display_name' retrieved from /usr/local/python/3.10.13/lib/python3.10/site-packages/airflow/example_dags/example_display_name.py
[2024-05-08T19:08:22.875+0000] {logging_mixin.py:188} INFO - [2024-05-08T19:08:22.875+0000] {dag.py:3096} INFO - Sync 1 DAGs
[2024-05-08T19:08:22.883+0000] {logging_mixin.py:188} INFO - [2024-05-08T19:08:22.882+0000] {dag.py:3954} INFO - Setting next_dagrun for example_display_name to None, run_after=None
[2024-05-08T19:08:22.922+0000] {processor.py:183} INFO - Processing /usr/local/python/3.10.13/lib/python3.10/site-packages/airflow/example_dags/example_display_name.py took 0.131 seconds
[2024-05-08T19:09:15.012+0000] {processor.py:161} INFO - Started process (PID=19556) to work on /usr/local/python/3.10.13/lib/python3.10/site-packages/airflow/example_dags/example_display_name.py
[2024-05-08T19:09:15.013+0000] {processor.py:830} INFO - Processing file /usr/local/python/3.10.13/lib/python3.10/site-packages/airflow/example_dags/example_display_name.py for tasks to queue
[2024-05-08T19:09:15.014+0000] {logging_mixin.py:188} INFO - [2024-05-08T19:09:15.014+0000] {dagbag.py:545} INFO - Filling up the DagBag from /usr/local/python/3.10.13/lib/python3.10/site-packages/airflow/example_dags/example_display_name.py
[2024-05-08T19:09:15.019+0000] {processor.py:840} INFO - DAG(s) 'example_display_name' retrieved from /usr/local/python/3.10.13/lib/python3.10/site-packages/airflow/example_dags/example_display_name.py
[2024-05-08T19:09:15.032+0000] {logging_mixin.py:188} INFO - [2024-05-08T19:09:15.031+0000] {dag.py:3096} INFO - Sync 1 DAGs
[2024-05-08T19:09:15.041+0000] {logging_mixin.py:188} INFO - [2024-05-08T19:09:15.040+0000] {dag.py:3954} INFO - Setting next_dagrun for example_display_name to None, run_after=None
[2024-05-08T19:09:15.080+0000] {processor.py:183} INFO - Processing /usr/local/python/3.10.13/lib/python3.10/site-packages/airflow/example_dags/example_display_name.py took 0.073 seconds
[2024-05-08T19:12:16.786+0000] {processor.py:161} INFO - Started process (PID=21577) to work on /usr/local/python/3.10.13/lib/python3.10/site-packages/airflow/example_dags/example_display_name.py
[2024-05-08T19:12:16.786+0000] {processor.py:830} INFO - Processing file /usr/local/python/3.10.13/lib/python3.10/site-packages/airflow/example_dags/example_display_name.py for tasks to queue
[2024-05-08T19:12:16.788+0000] {logging_mixin.py:188} INFO - [2024-05-08T19:12:16.787+0000] {dagbag.py:545} INFO - Filling up the DagBag from /usr/local/python/3.10.13/lib/python3.10/site-packages/airflow/example_dags/example_display_name.py
[2024-05-08T19:12:16.793+0000] {processor.py:840} INFO - DAG(s) 'example_display_name' retrieved from /usr/local/python/3.10.13/lib/python3.10/site-packages/airflow/example_dags/example_display_name.py
[2024-05-08T19:12:16.805+0000] {logging_mixin.py:188} INFO - [2024-05-08T19:12:16.805+0000] {dag.py:3096} INFO - Sync 1 DAGs
[2024-05-08T19:12:16.815+0000] {logging_mixin.py:188} INFO - [2024-05-08T19:12:16.814+0000] {dag.py:3954} INFO - Setting next_dagrun for example_display_name to None, run_after=None
[2024-05-08T19:12:16.854+0000] {processor.py:183} INFO - Processing /usr/local/python/3.10.13/lib/python3.10/site-packages/airflow/example_dags/example_display_name.py took 0.074 seconds
