[2024-05-08T19:07:52.310+0000] {processor.py:161} INFO - Started process (PID=18584) to work on /usr/local/python/3.10.13/lib/python3.10/site-packages/airflow/example_dags/example_short_circuit_decorator.py
[2024-05-08T19:07:52.311+0000] {processor.py:830} INFO - Processing file /usr/local/python/3.10.13/lib/python3.10/site-packages/airflow/example_dags/example_short_circuit_decorator.py for tasks to queue
[2024-05-08T19:07:52.312+0000] {logging_mixin.py:188} INFO - [2024-05-08T19:07:52.312+0000] {dagbag.py:545} INFO - Filling up the DagBag from /usr/local/python/3.10.13/lib/python3.10/site-packages/airflow/example_dags/example_short_circuit_decorator.py
[2024-05-08T19:07:52.320+0000] {processor.py:840} INFO - DAG(s) 'example_short_circuit_decorator' retrieved from /usr/local/python/3.10.13/lib/python3.10/site-packages/airflow/example_dags/example_short_circuit_decorator.py
[2024-05-08T19:07:52.465+0000] {logging_mixin.py:188} INFO - [2024-05-08T19:07:52.465+0000] {dag.py:3096} INFO - Sync 1 DAGs
[2024-05-08T19:07:52.477+0000] {logging_mixin.py:188} INFO - [2024-05-08T19:07:52.476+0000] {dag.py:3954} INFO - Setting next_dagrun for example_short_circuit_decorator to 2024-05-07 00:00:00+00:00, run_after=2024-05-08 00:00:00+00:00
[2024-05-08T19:07:52.515+0000] {processor.py:183} INFO - Processing /usr/local/python/3.10.13/lib/python3.10/site-packages/airflow/example_dags/example_short_circuit_decorator.py took 0.210 seconds
[2024-05-08T19:08:49.271+0000] {processor.py:161} INFO - Started process (PID=19286) to work on /usr/local/python/3.10.13/lib/python3.10/site-packages/airflow/example_dags/example_short_circuit_decorator.py
[2024-05-08T19:08:49.271+0000] {processor.py:830} INFO - Processing file /usr/local/python/3.10.13/lib/python3.10/site-packages/airflow/example_dags/example_short_circuit_decorator.py for tasks to queue
[2024-05-08T19:08:49.273+0000] {logging_mixin.py:188} INFO - [2024-05-08T19:08:49.273+0000] {dagbag.py:545} INFO - Filling up the DagBag from /usr/local/python/3.10.13/lib/python3.10/site-packages/airflow/example_dags/example_short_circuit_decorator.py
[2024-05-08T19:08:49.280+0000] {processor.py:840} INFO - DAG(s) 'example_short_circuit_decorator' retrieved from /usr/local/python/3.10.13/lib/python3.10/site-packages/airflow/example_dags/example_short_circuit_decorator.py
[2024-05-08T19:08:49.295+0000] {logging_mixin.py:188} INFO - [2024-05-08T19:08:49.295+0000] {dag.py:3096} INFO - Sync 1 DAGs
[2024-05-08T19:08:49.310+0000] {logging_mixin.py:188} INFO - [2024-05-08T19:08:49.310+0000] {dag.py:3954} INFO - Setting next_dagrun for example_short_circuit_decorator to 2024-05-07 00:00:00+00:00, run_after=2024-05-08 00:00:00+00:00
[2024-05-08T19:08:49.350+0000] {processor.py:183} INFO - Processing /usr/local/python/3.10.13/lib/python3.10/site-packages/airflow/example_dags/example_short_circuit_decorator.py took 0.085 seconds
[2024-05-08T19:11:48.777+0000] {processor.py:161} INFO - Started process (PID=21265) to work on /usr/local/python/3.10.13/lib/python3.10/site-packages/airflow/example_dags/example_short_circuit_decorator.py
[2024-05-08T19:11:48.778+0000] {processor.py:830} INFO - Processing file /usr/local/python/3.10.13/lib/python3.10/site-packages/airflow/example_dags/example_short_circuit_decorator.py for tasks to queue
[2024-05-08T19:11:48.779+0000] {logging_mixin.py:188} INFO - [2024-05-08T19:11:48.779+0000] {dagbag.py:545} INFO - Filling up the DagBag from /usr/local/python/3.10.13/lib/python3.10/site-packages/airflow/example_dags/example_short_circuit_decorator.py
[2024-05-08T19:11:48.787+0000] {processor.py:840} INFO - DAG(s) 'example_short_circuit_decorator' retrieved from /usr/local/python/3.10.13/lib/python3.10/site-packages/airflow/example_dags/example_short_circuit_decorator.py
[2024-05-08T19:11:48.803+0000] {logging_mixin.py:188} INFO - [2024-05-08T19:11:48.803+0000] {dag.py:3096} INFO - Sync 1 DAGs
[2024-05-08T19:11:48.818+0000] {logging_mixin.py:188} INFO - [2024-05-08T19:11:48.817+0000] {dag.py:3954} INFO - Setting next_dagrun for example_short_circuit_decorator to 2024-05-07 00:00:00+00:00, run_after=2024-05-08 00:00:00+00:00
[2024-05-08T19:11:48.857+0000] {processor.py:183} INFO - Processing /usr/local/python/3.10.13/lib/python3.10/site-packages/airflow/example_dags/example_short_circuit_decorator.py took 0.085 seconds
