[2024-05-08T19:08:04.291+0000] {processor.py:161} INFO - Started process (PID=18738) to work on /usr/local/python/3.10.13/lib/python3.10/site-packages/airflow/example_dags/example_python_operator.py
[2024-05-08T19:08:04.292+0000] {processor.py:830} INFO - Processing file /usr/local/python/3.10.13/lib/python3.10/site-packages/airflow/example_dags/example_python_operator.py for tasks to queue
[2024-05-08T19:08:04.293+0000] {logging_mixin.py:188} INFO - [2024-05-08T19:08:04.293+0000] {dagbag.py:545} INFO - Filling up the DagBag from /usr/local/python/3.10.13/lib/python3.10/site-packages/airflow/example_dags/example_python_operator.py
[2024-05-08T19:08:04.301+0000] {processor.py:840} INFO - DAG(s) 'example_python_operator' retrieved from /usr/local/python/3.10.13/lib/python3.10/site-packages/airflow/example_dags/example_python_operator.py
[2024-05-08T19:08:04.454+0000] {logging_mixin.py:188} INFO - [2024-05-08T19:08:04.454+0000] {dag.py:3096} INFO - Sync 1 DAGs
[2024-05-08T19:08:04.461+0000] {logging_mixin.py:188} INFO - [2024-05-08T19:08:04.460+0000] {dag.py:3954} INFO - Setting next_dagrun for example_python_operator to None, run_after=None
[2024-05-08T19:08:04.498+0000] {processor.py:183} INFO - Processing /usr/local/python/3.10.13/lib/python3.10/site-packages/airflow/example_dags/example_python_operator.py took 0.212 seconds
[2024-05-08T19:09:00.408+0000] {processor.py:161} INFO - Started process (PID=19423) to work on /usr/local/python/3.10.13/lib/python3.10/site-packages/airflow/example_dags/example_python_operator.py
[2024-05-08T19:09:00.408+0000] {processor.py:830} INFO - Processing file /usr/local/python/3.10.13/lib/python3.10/site-packages/airflow/example_dags/example_python_operator.py for tasks to queue
[2024-05-08T19:09:00.410+0000] {logging_mixin.py:188} INFO - [2024-05-08T19:09:00.410+0000] {dagbag.py:545} INFO - Filling up the DagBag from /usr/local/python/3.10.13/lib/python3.10/site-packages/airflow/example_dags/example_python_operator.py
[2024-05-08T19:09:00.419+0000] {processor.py:840} INFO - DAG(s) 'example_python_operator' retrieved from /usr/local/python/3.10.13/lib/python3.10/site-packages/airflow/example_dags/example_python_operator.py
[2024-05-08T19:09:00.433+0000] {logging_mixin.py:188} INFO - [2024-05-08T19:09:00.433+0000] {dag.py:3096} INFO - Sync 1 DAGs
[2024-05-08T19:09:00.443+0000] {logging_mixin.py:188} INFO - [2024-05-08T19:09:00.443+0000] {dag.py:3954} INFO - Setting next_dagrun for example_python_operator to None, run_after=None
[2024-05-08T19:09:00.510+0000] {processor.py:183} INFO - Processing /usr/local/python/3.10.13/lib/python3.10/site-packages/airflow/example_dags/example_python_operator.py took 0.109 seconds
[2024-05-08T19:12:01.444+0000] {processor.py:161} INFO - Started process (PID=21421) to work on /usr/local/python/3.10.13/lib/python3.10/site-packages/airflow/example_dags/example_python_operator.py
[2024-05-08T19:12:01.444+0000] {processor.py:830} INFO - Processing file /usr/local/python/3.10.13/lib/python3.10/site-packages/airflow/example_dags/example_python_operator.py for tasks to queue
[2024-05-08T19:12:01.446+0000] {logging_mixin.py:188} INFO - [2024-05-08T19:12:01.446+0000] {dagbag.py:545} INFO - Filling up the DagBag from /usr/local/python/3.10.13/lib/python3.10/site-packages/airflow/example_dags/example_python_operator.py
[2024-05-08T19:12:01.454+0000] {processor.py:840} INFO - DAG(s) 'example_python_operator' retrieved from /usr/local/python/3.10.13/lib/python3.10/site-packages/airflow/example_dags/example_python_operator.py
[2024-05-08T19:12:01.600+0000] {logging_mixin.py:188} INFO - [2024-05-08T19:12:01.599+0000] {dag.py:3096} INFO - Sync 1 DAGs
[2024-05-08T19:12:01.606+0000] {logging_mixin.py:188} INFO - [2024-05-08T19:12:01.606+0000] {dag.py:3954} INFO - Setting next_dagrun for example_python_operator to None, run_after=None
[2024-05-08T19:12:01.645+0000] {processor.py:183} INFO - Processing /usr/local/python/3.10.13/lib/python3.10/site-packages/airflow/example_dags/example_python_operator.py took 0.206 seconds
