[2024-05-08T19:08:28.063+0000] {processor.py:161} INFO - Started process (PID=19006) to work on /usr/local/python/3.10.13/lib/python3.10/site-packages/airflow/example_dags/example_branch_labels.py
[2024-05-08T19:08:28.064+0000] {processor.py:830} INFO - Processing file /usr/local/python/3.10.13/lib/python3.10/site-packages/airflow/example_dags/example_branch_labels.py for tasks to queue
[2024-05-08T19:08:28.065+0000] {logging_mixin.py:188} INFO - [2024-05-08T19:08:28.065+0000] {dagbag.py:545} INFO - Filling up the DagBag from /usr/local/python/3.10.13/lib/python3.10/site-packages/airflow/example_dags/example_branch_labels.py
[2024-05-08T19:08:28.071+0000] {processor.py:840} INFO - DAG(s) 'example_branch_labels' retrieved from /usr/local/python/3.10.13/lib/python3.10/site-packages/airflow/example_dags/example_branch_labels.py
[2024-05-08T19:08:28.158+0000] {logging_mixin.py:188} INFO - [2024-05-08T19:08:28.157+0000] {dag.py:3096} INFO - Sync 1 DAGs
[2024-05-08T19:08:28.174+0000] {logging_mixin.py:188} INFO - [2024-05-08T19:08:28.174+0000] {dag.py:3954} INFO - Setting next_dagrun for example_branch_labels to 2024-05-07 00:00:00+00:00, run_after=2024-05-08 00:00:00+00:00
[2024-05-08T19:08:28.221+0000] {processor.py:183} INFO - Processing /usr/local/python/3.10.13/lib/python3.10/site-packages/airflow/example_dags/example_branch_labels.py took 0.164 seconds
[2024-05-08T19:09:20.674+0000] {processor.py:161} INFO - Started process (PID=19606) to work on /usr/local/python/3.10.13/lib/python3.10/site-packages/airflow/example_dags/example_branch_labels.py
[2024-05-08T19:09:20.675+0000] {processor.py:830} INFO - Processing file /usr/local/python/3.10.13/lib/python3.10/site-packages/airflow/example_dags/example_branch_labels.py for tasks to queue
[2024-05-08T19:09:20.676+0000] {logging_mixin.py:188} INFO - [2024-05-08T19:09:20.676+0000] {dagbag.py:545} INFO - Filling up the DagBag from /usr/local/python/3.10.13/lib/python3.10/site-packages/airflow/example_dags/example_branch_labels.py
[2024-05-08T19:09:20.683+0000] {processor.py:840} INFO - DAG(s) 'example_branch_labels' retrieved from /usr/local/python/3.10.13/lib/python3.10/site-packages/airflow/example_dags/example_branch_labels.py
[2024-05-08T19:09:20.697+0000] {logging_mixin.py:188} INFO - [2024-05-08T19:09:20.697+0000] {dag.py:3096} INFO - Sync 1 DAGs
[2024-05-08T19:09:20.713+0000] {logging_mixin.py:188} INFO - [2024-05-08T19:09:20.712+0000] {dag.py:3954} INFO - Setting next_dagrun for example_branch_labels to 2024-05-07 00:00:00+00:00, run_after=2024-05-08 00:00:00+00:00
[2024-05-08T19:09:20.751+0000] {processor.py:183} INFO - Processing /usr/local/python/3.10.13/lib/python3.10/site-packages/airflow/example_dags/example_branch_labels.py took 0.083 seconds
[2024-05-08T19:12:22.294+0000] {processor.py:161} INFO - Started process (PID=21638) to work on /usr/local/python/3.10.13/lib/python3.10/site-packages/airflow/example_dags/example_branch_labels.py
[2024-05-08T19:12:22.295+0000] {processor.py:830} INFO - Processing file /usr/local/python/3.10.13/lib/python3.10/site-packages/airflow/example_dags/example_branch_labels.py for tasks to queue
[2024-05-08T19:12:22.296+0000] {logging_mixin.py:188} INFO - [2024-05-08T19:12:22.296+0000] {dagbag.py:545} INFO - Filling up the DagBag from /usr/local/python/3.10.13/lib/python3.10/site-packages/airflow/example_dags/example_branch_labels.py
[2024-05-08T19:12:22.303+0000] {processor.py:840} INFO - DAG(s) 'example_branch_labels' retrieved from /usr/local/python/3.10.13/lib/python3.10/site-packages/airflow/example_dags/example_branch_labels.py
[2024-05-08T19:12:22.317+0000] {logging_mixin.py:188} INFO - [2024-05-08T19:12:22.317+0000] {dag.py:3096} INFO - Sync 1 DAGs
[2024-05-08T19:12:22.334+0000] {logging_mixin.py:188} INFO - [2024-05-08T19:12:22.333+0000] {dag.py:3954} INFO - Setting next_dagrun for example_branch_labels to 2024-05-07 00:00:00+00:00, run_after=2024-05-08 00:00:00+00:00
[2024-05-08T19:12:22.375+0000] {processor.py:183} INFO - Processing /usr/local/python/3.10.13/lib/python3.10/site-packages/airflow/example_dags/example_branch_labels.py took 0.086 seconds
