[2024-05-08T19:08:05.623+0000] {processor.py:161} INFO - Started process (PID=18745) to work on /usr/local/python/3.10.13/lib/python3.10/site-packages/airflow/example_dags/example_xcomargs.py
[2024-05-08T19:08:05.623+0000] {processor.py:830} INFO - Processing file /usr/local/python/3.10.13/lib/python3.10/site-packages/airflow/example_dags/example_xcomargs.py for tasks to queue
[2024-05-08T19:08:05.625+0000] {logging_mixin.py:188} INFO - [2024-05-08T19:08:05.624+0000] {dagbag.py:545} INFO - Filling up the DagBag from /usr/local/python/3.10.13/lib/python3.10/site-packages/airflow/example_dags/example_xcomargs.py
[2024-05-08T19:08:05.632+0000] {processor.py:840} INFO - DAG(s) 'example_xcom_args_with_operators', 'example_xcom_args' retrieved from /usr/local/python/3.10.13/lib/python3.10/site-packages/airflow/example_dags/example_xcomargs.py
[2024-05-08T19:08:05.775+0000] {logging_mixin.py:188} INFO - [2024-05-08T19:08:05.774+0000] {dag.py:3096} INFO - Sync 2 DAGs
[2024-05-08T19:08:05.782+0000] {logging_mixin.py:188} INFO - [2024-05-08T19:08:05.781+0000] {dag.py:3954} INFO - Setting next_dagrun for example_xcom_args to None, run_after=None
[2024-05-08T19:08:05.784+0000] {logging_mixin.py:188} INFO - [2024-05-08T19:08:05.784+0000] {dag.py:3954} INFO - Setting next_dagrun for example_xcom_args_with_operators to None, run_after=None
[2024-05-08T19:08:05.821+0000] {processor.py:183} INFO - Processing /usr/local/python/3.10.13/lib/python3.10/site-packages/airflow/example_dags/example_xcomargs.py took 0.203 seconds
[2024-05-08T19:09:01.684+0000] {processor.py:161} INFO - Started process (PID=19424) to work on /usr/local/python/3.10.13/lib/python3.10/site-packages/airflow/example_dags/example_xcomargs.py
[2024-05-08T19:09:01.685+0000] {processor.py:830} INFO - Processing file /usr/local/python/3.10.13/lib/python3.10/site-packages/airflow/example_dags/example_xcomargs.py for tasks to queue
[2024-05-08T19:09:01.686+0000] {logging_mixin.py:188} INFO - [2024-05-08T19:09:01.686+0000] {dagbag.py:545} INFO - Filling up the DagBag from /usr/local/python/3.10.13/lib/python3.10/site-packages/airflow/example_dags/example_xcomargs.py
[2024-05-08T19:09:01.693+0000] {processor.py:840} INFO - DAG(s) 'example_xcom_args', 'example_xcom_args_with_operators' retrieved from /usr/local/python/3.10.13/lib/python3.10/site-packages/airflow/example_dags/example_xcomargs.py
[2024-05-08T19:09:01.708+0000] {logging_mixin.py:188} INFO - [2024-05-08T19:09:01.707+0000] {dag.py:3096} INFO - Sync 2 DAGs
[2024-05-08T19:09:01.717+0000] {logging_mixin.py:188} INFO - [2024-05-08T19:09:01.717+0000] {dag.py:3954} INFO - Setting next_dagrun for example_xcom_args to None, run_after=None
[2024-05-08T19:09:01.719+0000] {logging_mixin.py:188} INFO - [2024-05-08T19:09:01.719+0000] {dag.py:3954} INFO - Setting next_dagrun for example_xcom_args_with_operators to None, run_after=None
[2024-05-08T19:09:01.757+0000] {processor.py:183} INFO - Processing /usr/local/python/3.10.13/lib/python3.10/site-packages/airflow/example_dags/example_xcomargs.py took 0.078 seconds
[2024-05-08T19:12:01.830+0000] {processor.py:161} INFO - Started process (PID=21428) to work on /usr/local/python/3.10.13/lib/python3.10/site-packages/airflow/example_dags/example_xcomargs.py
[2024-05-08T19:12:01.831+0000] {processor.py:830} INFO - Processing file /usr/local/python/3.10.13/lib/python3.10/site-packages/airflow/example_dags/example_xcomargs.py for tasks to queue
[2024-05-08T19:12:01.832+0000] {logging_mixin.py:188} INFO - [2024-05-08T19:12:01.832+0000] {dagbag.py:545} INFO - Filling up the DagBag from /usr/local/python/3.10.13/lib/python3.10/site-packages/airflow/example_dags/example_xcomargs.py
[2024-05-08T19:12:01.839+0000] {processor.py:840} INFO - DAG(s) 'example_xcom_args_with_operators', 'example_xcom_args' retrieved from /usr/local/python/3.10.13/lib/python3.10/site-packages/airflow/example_dags/example_xcomargs.py
[2024-05-08T19:12:01.937+0000] {logging_mixin.py:188} INFO - [2024-05-08T19:12:01.937+0000] {dag.py:3096} INFO - Sync 2 DAGs
[2024-05-08T19:12:01.944+0000] {logging_mixin.py:188} INFO - [2024-05-08T19:12:01.944+0000] {dag.py:3954} INFO - Setting next_dagrun for example_xcom_args to None, run_after=None
[2024-05-08T19:12:01.946+0000] {logging_mixin.py:188} INFO - [2024-05-08T19:12:01.946+0000] {dag.py:3954} INFO - Setting next_dagrun for example_xcom_args_with_operators to None, run_after=None
[2024-05-08T19:12:01.982+0000] {processor.py:183} INFO - Processing /usr/local/python/3.10.13/lib/python3.10/site-packages/airflow/example_dags/example_xcomargs.py took 0.157 seconds
