[2024-05-08T19:07:45.976+0000] {processor.py:161} INFO - Started process (PID=18470) to work on /usr/local/python/3.10.13/lib/python3.10/site-packages/airflow/example_dags/example_params_ui_tutorial.py
[2024-05-08T19:07:45.977+0000] {processor.py:830} INFO - Processing file /usr/local/python/3.10.13/lib/python3.10/site-packages/airflow/example_dags/example_params_ui_tutorial.py for tasks to queue
[2024-05-08T19:07:45.978+0000] {logging_mixin.py:188} INFO - [2024-05-08T19:07:45.978+0000] {dagbag.py:545} INFO - Filling up the DagBag from /usr/local/python/3.10.13/lib/python3.10/site-packages/airflow/example_dags/example_params_ui_tutorial.py
[2024-05-08T19:07:45.988+0000] {processor.py:840} INFO - DAG(s) 'example_params_ui_tutorial' retrieved from /usr/local/python/3.10.13/lib/python3.10/site-packages/airflow/example_dags/example_params_ui_tutorial.py
[2024-05-08T19:07:46.164+0000] {logging_mixin.py:188} INFO - [2024-05-08T19:07:46.164+0000] {dag.py:3096} INFO - Sync 1 DAGs
[2024-05-08T19:07:46.171+0000] {logging_mixin.py:188} INFO - [2024-05-08T19:07:46.171+0000] {dag.py:3954} INFO - Setting next_dagrun for example_params_ui_tutorial to None, run_after=None
[2024-05-08T19:07:46.215+0000] {processor.py:183} INFO - Processing /usr/local/python/3.10.13/lib/python3.10/site-packages/airflow/example_dags/example_params_ui_tutorial.py took 0.244 seconds
[2024-05-08T19:08:44.624+0000] {processor.py:161} INFO - Started process (PID=19215) to work on /usr/local/python/3.10.13/lib/python3.10/site-packages/airflow/example_dags/example_params_ui_tutorial.py
[2024-05-08T19:08:44.625+0000] {processor.py:830} INFO - Processing file /usr/local/python/3.10.13/lib/python3.10/site-packages/airflow/example_dags/example_params_ui_tutorial.py for tasks to queue
[2024-05-08T19:08:44.627+0000] {logging_mixin.py:188} INFO - [2024-05-08T19:08:44.627+0000] {dagbag.py:545} INFO - Filling up the DagBag from /usr/local/python/3.10.13/lib/python3.10/site-packages/airflow/example_dags/example_params_ui_tutorial.py
[2024-05-08T19:08:44.636+0000] {processor.py:840} INFO - DAG(s) 'example_params_ui_tutorial' retrieved from /usr/local/python/3.10.13/lib/python3.10/site-packages/airflow/example_dags/example_params_ui_tutorial.py
[2024-05-08T19:08:44.674+0000] {logging_mixin.py:188} INFO - [2024-05-08T19:08:44.674+0000] {dag.py:3096} INFO - Sync 1 DAGs
[2024-05-08T19:08:44.684+0000] {logging_mixin.py:188} INFO - [2024-05-08T19:08:44.684+0000] {dag.py:3954} INFO - Setting next_dagrun for example_params_ui_tutorial to None, run_after=None
[2024-05-08T19:08:44.725+0000] {processor.py:183} INFO - Processing /usr/local/python/3.10.13/lib/python3.10/site-packages/airflow/example_dags/example_params_ui_tutorial.py took 0.106 seconds
[2024-05-08T19:11:43.575+0000] {processor.py:161} INFO - Started process (PID=21185) to work on /usr/local/python/3.10.13/lib/python3.10/site-packages/airflow/example_dags/example_params_ui_tutorial.py
[2024-05-08T19:11:43.576+0000] {processor.py:830} INFO - Processing file /usr/local/python/3.10.13/lib/python3.10/site-packages/airflow/example_dags/example_params_ui_tutorial.py for tasks to queue
[2024-05-08T19:11:43.577+0000] {logging_mixin.py:188} INFO - [2024-05-08T19:11:43.577+0000] {dagbag.py:545} INFO - Filling up the DagBag from /usr/local/python/3.10.13/lib/python3.10/site-packages/airflow/example_dags/example_params_ui_tutorial.py
[2024-05-08T19:11:43.586+0000] {processor.py:840} INFO - DAG(s) 'example_params_ui_tutorial' retrieved from /usr/local/python/3.10.13/lib/python3.10/site-packages/airflow/example_dags/example_params_ui_tutorial.py
[2024-05-08T19:11:43.624+0000] {logging_mixin.py:188} INFO - [2024-05-08T19:11:43.624+0000] {dag.py:3096} INFO - Sync 1 DAGs
[2024-05-08T19:11:43.633+0000] {logging_mixin.py:188} INFO - [2024-05-08T19:11:43.632+0000] {dag.py:3954} INFO - Setting next_dagrun for example_params_ui_tutorial to None, run_after=None
[2024-05-08T19:11:43.671+0000] {processor.py:183} INFO - Processing /usr/local/python/3.10.13/lib/python3.10/site-packages/airflow/example_dags/example_params_ui_tutorial.py took 0.101 seconds
