[2024-05-08T19:08:20.330+0000] {processor.py:161} INFO - Started process (PID=18913) to work on /usr/local/python/3.10.13/lib/python3.10/site-packages/airflow/example_dags/example_latest_only.py
[2024-05-08T19:08:20.331+0000] {processor.py:830} INFO - Processing file /usr/local/python/3.10.13/lib/python3.10/site-packages/airflow/example_dags/example_latest_only.py for tasks to queue
[2024-05-08T19:08:20.332+0000] {logging_mixin.py:188} INFO - [2024-05-08T19:08:20.332+0000] {dagbag.py:545} INFO - Filling up the DagBag from /usr/local/python/3.10.13/lib/python3.10/site-packages/airflow/example_dags/example_latest_only.py
[2024-05-08T19:08:20.337+0000] {processor.py:840} INFO - DAG(s) 'latest_only' retrieved from /usr/local/python/3.10.13/lib/python3.10/site-packages/airflow/example_dags/example_latest_only.py
[2024-05-08T19:08:20.422+0000] {logging_mixin.py:188} INFO - [2024-05-08T19:08:20.422+0000] {dag.py:3096} INFO - Sync 1 DAGs
[2024-05-08T19:08:20.435+0000] {logging_mixin.py:188} INFO - [2024-05-08T19:08:20.435+0000] {dag.py:3954} INFO - Setting next_dagrun for latest_only to 2024-05-08 12:00:00+00:00, run_after=2024-05-08 16:00:00+00:00
[2024-05-08T19:08:20.476+0000] {processor.py:183} INFO - Processing /usr/local/python/3.10.13/lib/python3.10/site-packages/airflow/example_dags/example_latest_only.py took 0.151 seconds
[2024-05-08T19:09:13.242+0000] {processor.py:161} INFO - Started process (PID=19541) to work on /usr/local/python/3.10.13/lib/python3.10/site-packages/airflow/example_dags/example_latest_only.py
[2024-05-08T19:09:13.242+0000] {processor.py:830} INFO - Processing file /usr/local/python/3.10.13/lib/python3.10/site-packages/airflow/example_dags/example_latest_only.py for tasks to queue
[2024-05-08T19:09:13.244+0000] {logging_mixin.py:188} INFO - [2024-05-08T19:09:13.243+0000] {dagbag.py:545} INFO - Filling up the DagBag from /usr/local/python/3.10.13/lib/python3.10/site-packages/airflow/example_dags/example_latest_only.py
[2024-05-08T19:09:13.248+0000] {processor.py:840} INFO - DAG(s) 'latest_only' retrieved from /usr/local/python/3.10.13/lib/python3.10/site-packages/airflow/example_dags/example_latest_only.py
[2024-05-08T19:09:13.260+0000] {logging_mixin.py:188} INFO - [2024-05-08T19:09:13.260+0000] {dag.py:3096} INFO - Sync 1 DAGs
[2024-05-08T19:09:13.276+0000] {logging_mixin.py:188} INFO - [2024-05-08T19:09:13.276+0000] {dag.py:3954} INFO - Setting next_dagrun for latest_only to 2024-05-08 12:00:00+00:00, run_after=2024-05-08 16:00:00+00:00
[2024-05-08T19:09:13.316+0000] {processor.py:183} INFO - Processing /usr/local/python/3.10.13/lib/python3.10/site-packages/airflow/example_dags/example_latest_only.py took 0.079 seconds
[2024-05-08T19:12:14.839+0000] {processor.py:161} INFO - Started process (PID=21566) to work on /usr/local/python/3.10.13/lib/python3.10/site-packages/airflow/example_dags/example_latest_only.py
[2024-05-08T19:12:14.839+0000] {processor.py:830} INFO - Processing file /usr/local/python/3.10.13/lib/python3.10/site-packages/airflow/example_dags/example_latest_only.py for tasks to queue
[2024-05-08T19:12:14.841+0000] {logging_mixin.py:188} INFO - [2024-05-08T19:12:14.840+0000] {dagbag.py:545} INFO - Filling up the DagBag from /usr/local/python/3.10.13/lib/python3.10/site-packages/airflow/example_dags/example_latest_only.py
[2024-05-08T19:12:14.845+0000] {processor.py:840} INFO - DAG(s) 'latest_only' retrieved from /usr/local/python/3.10.13/lib/python3.10/site-packages/airflow/example_dags/example_latest_only.py
[2024-05-08T19:12:14.857+0000] {logging_mixin.py:188} INFO - [2024-05-08T19:12:14.857+0000] {dag.py:3096} INFO - Sync 1 DAGs
[2024-05-08T19:12:14.872+0000] {logging_mixin.py:188} INFO - [2024-05-08T19:12:14.872+0000] {dag.py:3954} INFO - Setting next_dagrun for latest_only to 2024-05-08 12:00:00+00:00, run_after=2024-05-08 16:00:00+00:00
[2024-05-08T19:12:14.911+0000] {processor.py:183} INFO - Processing /usr/local/python/3.10.13/lib/python3.10/site-packages/airflow/example_dags/example_latest_only.py took 0.078 seconds
