[2024-05-08T19:08:23.337+0000] {processor.py:161} INFO - Started process (PID=18961) to work on /usr/local/python/3.10.13/lib/python3.10/site-packages/airflow/example_dags/example_local_kubernetes_executor.py
[2024-05-08T19:08:23.338+0000] {processor.py:830} INFO - Processing file /usr/local/python/3.10.13/lib/python3.10/site-packages/airflow/example_dags/example_local_kubernetes_executor.py for tasks to queue
[2024-05-08T19:08:23.340+0000] {logging_mixin.py:188} INFO - [2024-05-08T19:08:23.339+0000] {dagbag.py:545} INFO - Filling up the DagBag from /usr/local/python/3.10.13/lib/python3.10/site-packages/airflow/example_dags/example_local_kubernetes_executor.py
[2024-05-08T19:08:23.342+0000] {logging_mixin.py:188} INFO - [2024-05-08T19:08:23.342+0000] {example_local_kubernetes_executor.py:40} WARNING - Could not import DAGs in example_local_kubernetes_executor.py
Traceback (most recent call last):
  File "/usr/local/python/3.10.13/lib/python3.10/site-packages/airflow/example_dags/example_local_kubernetes_executor.py", line 38, in <module>
    from kubernetes.client import models as k8s
ModuleNotFoundError: No module named 'kubernetes'
[2024-05-08T19:08:23.342+0000] {logging_mixin.py:188} INFO - [2024-05-08T19:08:23.342+0000] {example_local_kubernetes_executor.py:41} WARNING - Install Kubernetes dependencies with: pip install apache-airflow[cncf.kubernetes]
[2024-05-08T19:08:23.343+0000] {processor.py:842} WARNING - No viable dags retrieved from /usr/local/python/3.10.13/lib/python3.10/site-packages/airflow/example_dags/example_local_kubernetes_executor.py
[2024-05-08T19:08:23.351+0000] {processor.py:183} INFO - Processing /usr/local/python/3.10.13/lib/python3.10/site-packages/airflow/example_dags/example_local_kubernetes_executor.py took 0.019 seconds
[2024-05-08T19:09:16.110+0000] {processor.py:161} INFO - Started process (PID=19557) to work on /usr/local/python/3.10.13/lib/python3.10/site-packages/airflow/example_dags/example_local_kubernetes_executor.py
[2024-05-08T19:09:16.111+0000] {processor.py:830} INFO - Processing file /usr/local/python/3.10.13/lib/python3.10/site-packages/airflow/example_dags/example_local_kubernetes_executor.py for tasks to queue
[2024-05-08T19:09:16.112+0000] {logging_mixin.py:188} INFO - [2024-05-08T19:09:16.112+0000] {dagbag.py:545} INFO - Filling up the DagBag from /usr/local/python/3.10.13/lib/python3.10/site-packages/airflow/example_dags/example_local_kubernetes_executor.py
[2024-05-08T19:09:16.115+0000] {logging_mixin.py:188} INFO - [2024-05-08T19:09:16.115+0000] {example_local_kubernetes_executor.py:40} WARNING - Could not import DAGs in example_local_kubernetes_executor.py
Traceback (most recent call last):
  File "/usr/local/python/3.10.13/lib/python3.10/site-packages/airflow/example_dags/example_local_kubernetes_executor.py", line 38, in <module>
    from kubernetes.client import models as k8s
ModuleNotFoundError: No module named 'kubernetes'
[2024-05-08T19:09:16.115+0000] {logging_mixin.py:188} INFO - [2024-05-08T19:09:16.115+0000] {example_local_kubernetes_executor.py:41} WARNING - Install Kubernetes dependencies with: pip install apache-airflow[cncf.kubernetes]
[2024-05-08T19:09:16.115+0000] {processor.py:842} WARNING - No viable dags retrieved from /usr/local/python/3.10.13/lib/python3.10/site-packages/airflow/example_dags/example_local_kubernetes_executor.py
[2024-05-08T19:09:16.124+0000] {processor.py:183} INFO - Processing /usr/local/python/3.10.13/lib/python3.10/site-packages/airflow/example_dags/example_local_kubernetes_executor.py took 0.019 seconds
[2024-05-08T19:12:17.704+0000] {processor.py:161} INFO - Started process (PID=21584) to work on /usr/local/python/3.10.13/lib/python3.10/site-packages/airflow/example_dags/example_local_kubernetes_executor.py
[2024-05-08T19:12:17.705+0000] {processor.py:830} INFO - Processing file /usr/local/python/3.10.13/lib/python3.10/site-packages/airflow/example_dags/example_local_kubernetes_executor.py for tasks to queue
[2024-05-08T19:12:17.706+0000] {logging_mixin.py:188} INFO - [2024-05-08T19:12:17.706+0000] {dagbag.py:545} INFO - Filling up the DagBag from /usr/local/python/3.10.13/lib/python3.10/site-packages/airflow/example_dags/example_local_kubernetes_executor.py
[2024-05-08T19:12:17.709+0000] {logging_mixin.py:188} INFO - [2024-05-08T19:12:17.708+0000] {example_local_kubernetes_executor.py:40} WARNING - Could not import DAGs in example_local_kubernetes_executor.py
Traceback (most recent call last):
  File "/usr/local/python/3.10.13/lib/python3.10/site-packages/airflow/example_dags/example_local_kubernetes_executor.py", line 38, in <module>
    from kubernetes.client import models as k8s
ModuleNotFoundError: No module named 'kubernetes'
[2024-05-08T19:12:17.709+0000] {logging_mixin.py:188} INFO - [2024-05-08T19:12:17.709+0000] {example_local_kubernetes_executor.py:41} WARNING - Install Kubernetes dependencies with: pip install apache-airflow[cncf.kubernetes]
[2024-05-08T19:12:17.709+0000] {processor.py:842} WARNING - No viable dags retrieved from /usr/local/python/3.10.13/lib/python3.10/site-packages/airflow/example_dags/example_local_kubernetes_executor.py
[2024-05-08T19:12:17.717+0000] {processor.py:183} INFO - Processing /usr/local/python/3.10.13/lib/python3.10/site-packages/airflow/example_dags/example_local_kubernetes_executor.py took 0.019 seconds
