[2024-05-08T19:07:40.711+0000] {processor.py:161} INFO - Started process (PID=18414) to work on /usr/local/python/3.10.13/lib/python3.10/site-packages/airflow/example_dags/example_python_decorator.py
[2024-05-08T19:07:40.712+0000] {processor.py:830} INFO - Processing file /usr/local/python/3.10.13/lib/python3.10/site-packages/airflow/example_dags/example_python_decorator.py for tasks to queue
[2024-05-08T19:07:40.713+0000] {logging_mixin.py:188} INFO - [2024-05-08T19:07:40.713+0000] {dagbag.py:545} INFO - Filling up the DagBag from /usr/local/python/3.10.13/lib/python3.10/site-packages/airflow/example_dags/example_python_decorator.py
[2024-05-08T19:07:40.725+0000] {processor.py:840} INFO - DAG(s) 'example_python_decorator' retrieved from /usr/local/python/3.10.13/lib/python3.10/site-packages/airflow/example_dags/example_python_decorator.py
[2024-05-08T19:07:40.871+0000] {logging_mixin.py:188} INFO - [2024-05-08T19:07:40.871+0000] {dag.py:3096} INFO - Sync 1 DAGs
[2024-05-08T19:07:40.877+0000] {logging_mixin.py:188} INFO - [2024-05-08T19:07:40.877+0000] {dag.py:3954} INFO - Setting next_dagrun for example_python_decorator to None, run_after=None
[2024-05-08T19:07:40.921+0000] {processor.py:183} INFO - Processing /usr/local/python/3.10.13/lib/python3.10/site-packages/airflow/example_dags/example_python_decorator.py took 0.215 seconds
[2024-05-08T19:08:39.765+0000] {processor.py:161} INFO - Started process (PID=19163) to work on /usr/local/python/3.10.13/lib/python3.10/site-packages/airflow/example_dags/example_python_decorator.py
[2024-05-08T19:08:39.766+0000] {processor.py:830} INFO - Processing file /usr/local/python/3.10.13/lib/python3.10/site-packages/airflow/example_dags/example_python_decorator.py for tasks to queue
[2024-05-08T19:08:39.768+0000] {logging_mixin.py:188} INFO - [2024-05-08T19:08:39.767+0000] {dagbag.py:545} INFO - Filling up the DagBag from /usr/local/python/3.10.13/lib/python3.10/site-packages/airflow/example_dags/example_python_decorator.py
[2024-05-08T19:08:39.779+0000] {processor.py:840} INFO - DAG(s) 'example_python_decorator' retrieved from /usr/local/python/3.10.13/lib/python3.10/site-packages/airflow/example_dags/example_python_decorator.py
[2024-05-08T19:08:39.794+0000] {logging_mixin.py:188} INFO - [2024-05-08T19:08:39.793+0000] {dag.py:3096} INFO - Sync 1 DAGs
[2024-05-08T19:08:39.802+0000] {logging_mixin.py:188} INFO - [2024-05-08T19:08:39.802+0000] {dag.py:3954} INFO - Setting next_dagrun for example_python_decorator to None, run_after=None
[2024-05-08T19:08:39.841+0000] {processor.py:183} INFO - Processing /usr/local/python/3.10.13/lib/python3.10/site-packages/airflow/example_dags/example_python_decorator.py took 0.081 seconds
[2024-05-08T19:11:39.634+0000] {processor.py:161} INFO - Started process (PID=21117) to work on /usr/local/python/3.10.13/lib/python3.10/site-packages/airflow/example_dags/example_python_decorator.py
[2024-05-08T19:11:39.635+0000] {processor.py:830} INFO - Processing file /usr/local/python/3.10.13/lib/python3.10/site-packages/airflow/example_dags/example_python_decorator.py for tasks to queue
[2024-05-08T19:11:39.637+0000] {logging_mixin.py:188} INFO - [2024-05-08T19:11:39.636+0000] {dagbag.py:545} INFO - Filling up the DagBag from /usr/local/python/3.10.13/lib/python3.10/site-packages/airflow/example_dags/example_python_decorator.py
[2024-05-08T19:11:39.649+0000] {processor.py:840} INFO - DAG(s) 'example_python_decorator' retrieved from /usr/local/python/3.10.13/lib/python3.10/site-packages/airflow/example_dags/example_python_decorator.py
[2024-05-08T19:11:39.794+0000] {logging_mixin.py:188} INFO - [2024-05-08T19:11:39.794+0000] {dag.py:3096} INFO - Sync 1 DAGs
[2024-05-08T19:11:39.800+0000] {logging_mixin.py:188} INFO - [2024-05-08T19:11:39.800+0000] {dag.py:3954} INFO - Setting next_dagrun for example_python_decorator to None, run_after=None
[2024-05-08T19:11:39.839+0000] {processor.py:183} INFO - Processing /usr/local/python/3.10.13/lib/python3.10/site-packages/airflow/example_dags/example_python_decorator.py took 0.210 seconds
