[2024-05-08T19:08:29.302+0000] {processor.py:161} INFO - Started process (PID=19015) to work on /usr/local/python/3.10.13/lib/python3.10/site-packages/airflow/example_dags/example_datasets.py
[2024-05-08T19:08:29.303+0000] {processor.py:830} INFO - Processing file /usr/local/python/3.10.13/lib/python3.10/site-packages/airflow/example_dags/example_datasets.py for tasks to queue
[2024-05-08T19:08:29.304+0000] {logging_mixin.py:188} INFO - [2024-05-08T19:08:29.304+0000] {dagbag.py:545} INFO - Filling up the DagBag from /usr/local/python/3.10.13/lib/python3.10/site-packages/airflow/example_dags/example_datasets.py
[2024-05-08T19:08:29.315+0000] {processor.py:840} INFO - DAG(s) 'dataset_consumes_1_never_scheduled', 'dataset_produces_2', 'dataset_consumes_1_and_2', 'conditional_dataset_and_time_based_timetable', 'dataset_consumes_unknown_never_scheduled', 'dataset_consumes_1', 'consume_1_or_2_with_dataset_expressions', 'consume_1_or_both_2_and_3_with_dataset_expressions', 'dataset_produces_1', 'consume_1_and_2_with_dataset_expressions' retrieved from /usr/local/python/3.10.13/lib/python3.10/site-packages/airflow/example_dags/example_datasets.py
[2024-05-08T19:08:29.439+0000] {logging_mixin.py:188} INFO - [2024-05-08T19:08:29.439+0000] {dag.py:3096} INFO - Sync 10 DAGs
[2024-05-08T19:08:29.454+0000] {logging_mixin.py:188} INFO - [2024-05-08T19:08:29.454+0000] {dag.py:3954} INFO - Setting next_dagrun for conditional_dataset_and_time_based_timetable to 2024-05-08 01:00:00+00:00, run_after=2024-05-08 01:00:00+00:00
[2024-05-08T19:08:29.456+0000] {logging_mixin.py:188} INFO - [2024-05-08T19:08:29.456+0000] {dag.py:3954} INFO - Setting next_dagrun for consume_1_and_2_with_dataset_expressions to None, run_after=None
[2024-05-08T19:08:29.457+0000] {logging_mixin.py:188} INFO - [2024-05-08T19:08:29.457+0000] {dag.py:3954} INFO - Setting next_dagrun for consume_1_or_2_with_dataset_expressions to None, run_after=None
[2024-05-08T19:08:29.458+0000] {logging_mixin.py:188} INFO - [2024-05-08T19:08:29.458+0000] {dag.py:3954} INFO - Setting next_dagrun for consume_1_or_both_2_and_3_with_dataset_expressions to None, run_after=None
[2024-05-08T19:08:29.459+0000] {logging_mixin.py:188} INFO - [2024-05-08T19:08:29.458+0000] {dag.py:3954} INFO - Setting next_dagrun for dataset_consumes_1 to None, run_after=None
[2024-05-08T19:08:29.459+0000] {logging_mixin.py:188} INFO - [2024-05-08T19:08:29.459+0000] {dag.py:3954} INFO - Setting next_dagrun for dataset_consumes_1_and_2 to None, run_after=None
[2024-05-08T19:08:29.460+0000] {logging_mixin.py:188} INFO - [2024-05-08T19:08:29.460+0000] {dag.py:3954} INFO - Setting next_dagrun for dataset_consumes_1_never_scheduled to None, run_after=None
[2024-05-08T19:08:29.461+0000] {logging_mixin.py:188} INFO - [2024-05-08T19:08:29.461+0000] {dag.py:3954} INFO - Setting next_dagrun for dataset_consumes_unknown_never_scheduled to None, run_after=None
[2024-05-08T19:08:29.462+0000] {logging_mixin.py:188} INFO - [2024-05-08T19:08:29.462+0000] {dag.py:3954} INFO - Setting next_dagrun for dataset_produces_1 to 2024-05-07 00:00:00+00:00, run_after=2024-05-08 00:00:00+00:00
[2024-05-08T19:08:29.463+0000] {logging_mixin.py:188} INFO - [2024-05-08T19:08:29.463+0000] {dag.py:3954} INFO - Setting next_dagrun for dataset_produces_2 to None, run_after=None
[2024-05-08T19:08:29.511+0000] {processor.py:183} INFO - Processing /usr/local/python/3.10.13/lib/python3.10/site-packages/airflow/example_dags/example_datasets.py took 0.214 seconds
[2024-05-08T19:09:21.273+0000] {processor.py:161} INFO - Started process (PID=19607) to work on /usr/local/python/3.10.13/lib/python3.10/site-packages/airflow/example_dags/example_datasets.py
[2024-05-08T19:09:21.273+0000] {processor.py:830} INFO - Processing file /usr/local/python/3.10.13/lib/python3.10/site-packages/airflow/example_dags/example_datasets.py for tasks to queue
[2024-05-08T19:09:21.275+0000] {logging_mixin.py:188} INFO - [2024-05-08T19:09:21.274+0000] {dagbag.py:545} INFO - Filling up the DagBag from /usr/local/python/3.10.13/lib/python3.10/site-packages/airflow/example_dags/example_datasets.py
[2024-05-08T19:09:21.285+0000] {processor.py:840} INFO - DAG(s) 'conditional_dataset_and_time_based_timetable', 'consume_1_and_2_with_dataset_expressions', 'dataset_consumes_unknown_never_scheduled', 'dataset_consumes_1', 'dataset_produces_2', 'consume_1_or_2_with_dataset_expressions', 'consume_1_or_both_2_and_3_with_dataset_expressions', 'dataset_consumes_1_never_scheduled', 'dataset_consumes_1_and_2', 'dataset_produces_1' retrieved from /usr/local/python/3.10.13/lib/python3.10/site-packages/airflow/example_dags/example_datasets.py
[2024-05-08T19:09:21.316+0000] {logging_mixin.py:188} INFO - [2024-05-08T19:09:21.315+0000] {dag.py:3096} INFO - Sync 10 DAGs
[2024-05-08T19:09:21.333+0000] {logging_mixin.py:188} INFO - [2024-05-08T19:09:21.333+0000] {dag.py:3954} INFO - Setting next_dagrun for conditional_dataset_and_time_based_timetable to 2024-05-08 01:00:00+00:00, run_after=2024-05-08 01:00:00+00:00
[2024-05-08T19:09:21.335+0000] {logging_mixin.py:188} INFO - [2024-05-08T19:09:21.335+0000] {dag.py:3954} INFO - Setting next_dagrun for consume_1_and_2_with_dataset_expressions to None, run_after=None
[2024-05-08T19:09:21.336+0000] {logging_mixin.py:188} INFO - [2024-05-08T19:09:21.336+0000] {dag.py:3954} INFO - Setting next_dagrun for consume_1_or_2_with_dataset_expressions to None, run_after=None
[2024-05-08T19:09:21.337+0000] {logging_mixin.py:188} INFO - [2024-05-08T19:09:21.337+0000] {dag.py:3954} INFO - Setting next_dagrun for consume_1_or_both_2_and_3_with_dataset_expressions to None, run_after=None
[2024-05-08T19:09:21.338+0000] {logging_mixin.py:188} INFO - [2024-05-08T19:09:21.337+0000] {dag.py:3954} INFO - Setting next_dagrun for dataset_consumes_1 to None, run_after=None
[2024-05-08T19:09:21.338+0000] {logging_mixin.py:188} INFO - [2024-05-08T19:09:21.338+0000] {dag.py:3954} INFO - Setting next_dagrun for dataset_consumes_1_and_2 to None, run_after=None
[2024-05-08T19:09:21.339+0000] {logging_mixin.py:188} INFO - [2024-05-08T19:09:21.339+0000] {dag.py:3954} INFO - Setting next_dagrun for dataset_consumes_1_never_scheduled to None, run_after=None
[2024-05-08T19:09:21.340+0000] {logging_mixin.py:188} INFO - [2024-05-08T19:09:21.340+0000] {dag.py:3954} INFO - Setting next_dagrun for dataset_consumes_unknown_never_scheduled to None, run_after=None
[2024-05-08T19:09:21.341+0000] {logging_mixin.py:188} INFO - [2024-05-08T19:09:21.341+0000] {dag.py:3954} INFO - Setting next_dagrun for dataset_produces_1 to 2024-05-07 00:00:00+00:00, run_after=2024-05-08 00:00:00+00:00
[2024-05-08T19:09:21.342+0000] {logging_mixin.py:188} INFO - [2024-05-08T19:09:21.342+0000] {dag.py:3954} INFO - Setting next_dagrun for dataset_produces_2 to None, run_after=None
[2024-05-08T19:09:21.389+0000] {processor.py:183} INFO - Processing /usr/local/python/3.10.13/lib/python3.10/site-packages/airflow/example_dags/example_datasets.py took 0.122 seconds
