[2024-05-08T19:07:38.032+0000] {processor.py:161} INFO - Started process (PID=18007) to work on /usr/local/python/3.10.13/lib/python3.10/site-packages/airflow/example_dags/tutorial_dag.py
[2024-05-08T19:07:38.032+0000] {processor.py:830} INFO - Processing file /usr/local/python/3.10.13/lib/python3.10/site-packages/airflow/example_dags/tutorial_dag.py for tasks to queue
[2024-05-08T19:07:38.034+0000] {logging_mixin.py:188} INFO - [2024-05-08T19:07:38.033+0000] {dagbag.py:545} INFO - Filling up the DagBag from /usr/local/python/3.10.13/lib/python3.10/site-packages/airflow/example_dags/tutorial_dag.py
[2024-05-08T19:07:38.041+0000] {processor.py:840} INFO - DAG(s) 'tutorial_dag' retrieved from /usr/local/python/3.10.13/lib/python3.10/site-packages/airflow/example_dags/tutorial_dag.py
[2024-05-08T19:07:38.190+0000] {logging_mixin.py:188} INFO - [2024-05-08T19:07:38.190+0000] {dag.py:3096} INFO - Sync 1 DAGs
[2024-05-08T19:07:38.197+0000] {logging_mixin.py:188} INFO - [2024-05-08T19:07:38.197+0000] {dag.py:3954} INFO - Setting next_dagrun for tutorial_dag to None, run_after=None
[2024-05-08T19:07:38.235+0000] {processor.py:183} INFO - Processing /usr/local/python/3.10.13/lib/python3.10/site-packages/airflow/example_dags/tutorial_dag.py took 0.209 seconds
[2024-05-08T19:08:38.229+0000] {processor.py:161} INFO - Started process (PID=19127) to work on /usr/local/python/3.10.13/lib/python3.10/site-packages/airflow/example_dags/tutorial_dag.py
[2024-05-08T19:08:38.229+0000] {processor.py:830} INFO - Processing file /usr/local/python/3.10.13/lib/python3.10/site-packages/airflow/example_dags/tutorial_dag.py for tasks to queue
[2024-05-08T19:08:38.231+0000] {logging_mixin.py:188} INFO - [2024-05-08T19:08:38.230+0000] {dagbag.py:545} INFO - Filling up the DagBag from /usr/local/python/3.10.13/lib/python3.10/site-packages/airflow/example_dags/tutorial_dag.py
[2024-05-08T19:08:38.235+0000] {processor.py:840} INFO - DAG(s) 'tutorial_dag' retrieved from /usr/local/python/3.10.13/lib/python3.10/site-packages/airflow/example_dags/tutorial_dag.py
[2024-05-08T19:08:38.248+0000] {logging_mixin.py:188} INFO - [2024-05-08T19:08:38.247+0000] {dag.py:3096} INFO - Sync 1 DAGs
[2024-05-08T19:08:38.257+0000] {logging_mixin.py:188} INFO - [2024-05-08T19:08:38.257+0000] {dag.py:3954} INFO - Setting next_dagrun for tutorial_dag to None, run_after=None
[2024-05-08T19:08:38.296+0000] {processor.py:183} INFO - Processing /usr/local/python/3.10.13/lib/python3.10/site-packages/airflow/example_dags/tutorial_dag.py took 0.072 seconds
[2024-05-08T19:11:37.351+0000] {processor.py:161} INFO - Started process (PID=21079) to work on /usr/local/python/3.10.13/lib/python3.10/site-packages/airflow/example_dags/tutorial_dag.py
[2024-05-08T19:11:37.352+0000] {processor.py:830} INFO - Processing file /usr/local/python/3.10.13/lib/python3.10/site-packages/airflow/example_dags/tutorial_dag.py for tasks to queue
[2024-05-08T19:11:37.353+0000] {logging_mixin.py:188} INFO - [2024-05-08T19:11:37.353+0000] {dagbag.py:545} INFO - Filling up the DagBag from /usr/local/python/3.10.13/lib/python3.10/site-packages/airflow/example_dags/tutorial_dag.py
[2024-05-08T19:11:37.361+0000] {processor.py:840} INFO - DAG(s) 'tutorial_dag' retrieved from /usr/local/python/3.10.13/lib/python3.10/site-packages/airflow/example_dags/tutorial_dag.py
[2024-05-08T19:11:37.382+0000] {logging_mixin.py:188} INFO - [2024-05-08T19:11:37.382+0000] {dag.py:3096} INFO - Sync 1 DAGs
[2024-05-08T19:11:37.391+0000] {logging_mixin.py:188} INFO - [2024-05-08T19:11:37.391+0000] {dag.py:3954} INFO - Setting next_dagrun for tutorial_dag to None, run_after=None
[2024-05-08T19:11:37.431+0000] {processor.py:183} INFO - Processing /usr/local/python/3.10.13/lib/python3.10/site-packages/airflow/example_dags/tutorial_dag.py took 0.085 seconds
