[2024-05-08T19:07:41.947+0000] {processor.py:161} INFO - Started process (PID=18443) to work on /usr/local/python/3.10.13/lib/python3.10/site-packages/airflow/example_dags/tutorial.py
[2024-05-08T19:07:41.948+0000] {processor.py:830} INFO - Processing file /usr/local/python/3.10.13/lib/python3.10/site-packages/airflow/example_dags/tutorial.py for tasks to queue
[2024-05-08T19:07:41.949+0000] {logging_mixin.py:188} INFO - [2024-05-08T19:07:41.949+0000] {dagbag.py:545} INFO - Filling up the DagBag from /usr/local/python/3.10.13/lib/python3.10/site-packages/airflow/example_dags/tutorial.py
[2024-05-08T19:07:41.955+0000] {processor.py:840} INFO - DAG(s) 'tutorial' retrieved from /usr/local/python/3.10.13/lib/python3.10/site-packages/airflow/example_dags/tutorial.py
[2024-05-08T19:07:42.099+0000] {logging_mixin.py:188} INFO - [2024-05-08T19:07:42.099+0000] {dag.py:3096} INFO - Sync 1 DAGs
[2024-05-08T19:07:42.111+0000] {logging_mixin.py:188} INFO - [2024-05-08T19:07:42.111+0000] {dag.py:3954} INFO - Setting next_dagrun for tutorial to 2024-05-07 00:00:00+00:00, run_after=2024-05-08 00:00:00+00:00
[2024-05-08T19:07:42.151+0000] {processor.py:183} INFO - Processing /usr/local/python/3.10.13/lib/python3.10/site-packages/airflow/example_dags/tutorial.py took 0.209 seconds
[2024-05-08T19:08:40.925+0000] {processor.py:161} INFO - Started process (PID=19164) to work on /usr/local/python/3.10.13/lib/python3.10/site-packages/airflow/example_dags/tutorial.py
[2024-05-08T19:08:40.925+0000] {processor.py:830} INFO - Processing file /usr/local/python/3.10.13/lib/python3.10/site-packages/airflow/example_dags/tutorial.py for tasks to queue
[2024-05-08T19:08:40.927+0000] {logging_mixin.py:188} INFO - [2024-05-08T19:08:40.927+0000] {dagbag.py:545} INFO - Filling up the DagBag from /usr/local/python/3.10.13/lib/python3.10/site-packages/airflow/example_dags/tutorial.py
[2024-05-08T19:08:40.934+0000] {processor.py:840} INFO - DAG(s) 'tutorial' retrieved from /usr/local/python/3.10.13/lib/python3.10/site-packages/airflow/example_dags/tutorial.py
[2024-05-08T19:08:40.946+0000] {logging_mixin.py:188} INFO - [2024-05-08T19:08:40.946+0000] {dag.py:3096} INFO - Sync 1 DAGs
[2024-05-08T19:08:40.961+0000] {logging_mixin.py:188} INFO - [2024-05-08T19:08:40.961+0000] {dag.py:3954} INFO - Setting next_dagrun for tutorial to 2024-05-07 00:00:00+00:00, run_after=2024-05-08 00:00:00+00:00
[2024-05-08T19:08:41.019+0000] {processor.py:183} INFO - Processing /usr/local/python/3.10.13/lib/python3.10/site-packages/airflow/example_dags/tutorial.py took 0.099 seconds
[2024-05-08T19:11:40.966+0000] {processor.py:161} INFO - Started process (PID=21168) to work on /usr/local/python/3.10.13/lib/python3.10/site-packages/airflow/example_dags/tutorial.py
[2024-05-08T19:11:40.967+0000] {processor.py:830} INFO - Processing file /usr/local/python/3.10.13/lib/python3.10/site-packages/airflow/example_dags/tutorial.py for tasks to queue
[2024-05-08T19:11:40.968+0000] {logging_mixin.py:188} INFO - [2024-05-08T19:11:40.968+0000] {dagbag.py:545} INFO - Filling up the DagBag from /usr/local/python/3.10.13/lib/python3.10/site-packages/airflow/example_dags/tutorial.py
[2024-05-08T19:11:40.974+0000] {processor.py:840} INFO - DAG(s) 'tutorial' retrieved from /usr/local/python/3.10.13/lib/python3.10/site-packages/airflow/example_dags/tutorial.py
[2024-05-08T19:11:40.988+0000] {logging_mixin.py:188} INFO - [2024-05-08T19:11:40.988+0000] {dag.py:3096} INFO - Sync 1 DAGs
[2024-05-08T19:11:41.002+0000] {logging_mixin.py:188} INFO - [2024-05-08T19:11:41.002+0000] {dag.py:3954} INFO - Setting next_dagrun for tutorial to 2024-05-07 00:00:00+00:00, run_after=2024-05-08 00:00:00+00:00
[2024-05-08T19:11:41.042+0000] {processor.py:183} INFO - Processing /usr/local/python/3.10.13/lib/python3.10/site-packages/airflow/example_dags/tutorial.py took 0.081 seconds
