[2024-05-08T19:07:53.710+0000] {processor.py:161} INFO - Started process (PID=18609) to work on /usr/local/python/3.10.13/lib/python3.10/site-packages/airflow/example_dags/tutorial_objectstorage.py
[2024-05-08T19:07:53.711+0000] {processor.py:830} INFO - Processing file /usr/local/python/3.10.13/lib/python3.10/site-packages/airflow/example_dags/tutorial_objectstorage.py for tasks to queue
[2024-05-08T19:07:53.712+0000] {logging_mixin.py:188} INFO - [2024-05-08T19:07:53.712+0000] {dagbag.py:545} INFO - Filling up the DagBag from /usr/local/python/3.10.13/lib/python3.10/site-packages/airflow/example_dags/tutorial_objectstorage.py
[2024-05-08T19:07:53.718+0000] {processor.py:840} INFO - DAG(s) 'tutorial_objectstorage' retrieved from /usr/local/python/3.10.13/lib/python3.10/site-packages/airflow/example_dags/tutorial_objectstorage.py
[2024-05-08T19:07:53.859+0000] {logging_mixin.py:188} INFO - [2024-05-08T19:07:53.859+0000] {dag.py:3096} INFO - Sync 1 DAGs
[2024-05-08T19:07:53.866+0000] {logging_mixin.py:188} INFO - [2024-05-08T19:07:53.865+0000] {dag.py:3954} INFO - Setting next_dagrun for tutorial_objectstorage to None, run_after=None
[2024-05-08T19:07:53.906+0000] {processor.py:183} INFO - Processing /usr/local/python/3.10.13/lib/python3.10/site-packages/airflow/example_dags/tutorial_objectstorage.py took 0.201 seconds
[2024-05-08T19:08:50.086+0000] {processor.py:161} INFO - Started process (PID=19293) to work on /usr/local/python/3.10.13/lib/python3.10/site-packages/airflow/example_dags/tutorial_objectstorage.py
[2024-05-08T19:08:50.087+0000] {processor.py:830} INFO - Processing file /usr/local/python/3.10.13/lib/python3.10/site-packages/airflow/example_dags/tutorial_objectstorage.py for tasks to queue
[2024-05-08T19:08:50.088+0000] {logging_mixin.py:188} INFO - [2024-05-08T19:08:50.088+0000] {dagbag.py:545} INFO - Filling up the DagBag from /usr/local/python/3.10.13/lib/python3.10/site-packages/airflow/example_dags/tutorial_objectstorage.py
[2024-05-08T19:08:50.094+0000] {processor.py:840} INFO - DAG(s) 'tutorial_objectstorage' retrieved from /usr/local/python/3.10.13/lib/python3.10/site-packages/airflow/example_dags/tutorial_objectstorage.py
[2024-05-08T19:08:50.106+0000] {logging_mixin.py:188} INFO - [2024-05-08T19:08:50.106+0000] {dag.py:3096} INFO - Sync 1 DAGs
[2024-05-08T19:08:50.115+0000] {logging_mixin.py:188} INFO - [2024-05-08T19:08:50.115+0000] {dag.py:3954} INFO - Setting next_dagrun for tutorial_objectstorage to None, run_after=None
[2024-05-08T19:08:50.155+0000] {processor.py:183} INFO - Processing /usr/local/python/3.10.13/lib/python3.10/site-packages/airflow/example_dags/tutorial_objectstorage.py took 0.074 seconds
[2024-05-08T19:11:49.945+0000] {processor.py:161} INFO - Started process (PID=21284) to work on /usr/local/python/3.10.13/lib/python3.10/site-packages/airflow/example_dags/tutorial_objectstorage.py
[2024-05-08T19:11:49.945+0000] {processor.py:830} INFO - Processing file /usr/local/python/3.10.13/lib/python3.10/site-packages/airflow/example_dags/tutorial_objectstorage.py for tasks to queue
[2024-05-08T19:11:49.947+0000] {logging_mixin.py:188} INFO - [2024-05-08T19:11:49.946+0000] {dagbag.py:545} INFO - Filling up the DagBag from /usr/local/python/3.10.13/lib/python3.10/site-packages/airflow/example_dags/tutorial_objectstorage.py
[2024-05-08T19:11:49.953+0000] {processor.py:840} INFO - DAG(s) 'tutorial_objectstorage' retrieved from /usr/local/python/3.10.13/lib/python3.10/site-packages/airflow/example_dags/tutorial_objectstorage.py
[2024-05-08T19:11:49.966+0000] {logging_mixin.py:188} INFO - [2024-05-08T19:11:49.966+0000] {dag.py:3096} INFO - Sync 1 DAGs
[2024-05-08T19:11:50.051+0000] {logging_mixin.py:188} INFO - [2024-05-08T19:11:50.051+0000] {dag.py:3954} INFO - Setting next_dagrun for tutorial_objectstorage to None, run_after=None
[2024-05-08T19:11:50.089+0000] {processor.py:183} INFO - Processing /usr/local/python/3.10.13/lib/python3.10/site-packages/airflow/example_dags/tutorial_objectstorage.py took 0.149 seconds
