[2024-05-08T19:07:33.149+0000] {processor.py:161} INFO - Started process (PID=17926) to work on /usr/local/python/3.10.13/lib/python3.10/site-packages/airflow/example_dags/plugins/listener_plugin.py
[2024-05-08T19:07:33.149+0000] {processor.py:830} INFO - Processing file /usr/local/python/3.10.13/lib/python3.10/site-packages/airflow/example_dags/plugins/listener_plugin.py for tasks to queue
[2024-05-08T19:07:33.151+0000] {logging_mixin.py:188} INFO - [2024-05-08T19:07:33.150+0000] {dagbag.py:545} INFO - Filling up the DagBag from /usr/local/python/3.10.13/lib/python3.10/site-packages/airflow/example_dags/plugins/listener_plugin.py
[2024-05-08T19:07:33.153+0000] {processor.py:842} WARNING - No viable dags retrieved from /usr/local/python/3.10.13/lib/python3.10/site-packages/airflow/example_dags/plugins/listener_plugin.py
[2024-05-08T19:07:33.161+0000] {processor.py:183} INFO - Processing /usr/local/python/3.10.13/lib/python3.10/site-packages/airflow/example_dags/plugins/listener_plugin.py took 0.017 seconds
[2024-05-08T19:08:33.469+0000] {processor.py:161} INFO - Started process (PID=19041) to work on /usr/local/python/3.10.13/lib/python3.10/site-packages/airflow/example_dags/plugins/listener_plugin.py
[2024-05-08T19:08:33.470+0000] {processor.py:830} INFO - Processing file /usr/local/python/3.10.13/lib/python3.10/site-packages/airflow/example_dags/plugins/listener_plugin.py for tasks to queue
[2024-05-08T19:08:33.472+0000] {logging_mixin.py:188} INFO - [2024-05-08T19:08:33.472+0000] {dagbag.py:545} INFO - Filling up the DagBag from /usr/local/python/3.10.13/lib/python3.10/site-packages/airflow/example_dags/plugins/listener_plugin.py
[2024-05-08T19:08:33.474+0000] {processor.py:842} WARNING - No viable dags retrieved from /usr/local/python/3.10.13/lib/python3.10/site-packages/airflow/example_dags/plugins/listener_plugin.py
[2024-05-08T19:08:33.482+0000] {processor.py:183} INFO - Processing /usr/local/python/3.10.13/lib/python3.10/site-packages/airflow/example_dags/plugins/listener_plugin.py took 0.018 seconds
[2024-05-08T19:09:23.666+0000] {processor.py:161} INFO - Started process (PID=19618) to work on /usr/local/python/3.10.13/lib/python3.10/site-packages/airflow/example_dags/plugins/listener_plugin.py
[2024-05-08T19:09:23.667+0000] {processor.py:830} INFO - Processing file /usr/local/python/3.10.13/lib/python3.10/site-packages/airflow/example_dags/plugins/listener_plugin.py for tasks to queue
[2024-05-08T19:09:23.668+0000] {logging_mixin.py:188} INFO - [2024-05-08T19:09:23.668+0000] {dagbag.py:545} INFO - Filling up the DagBag from /usr/local/python/3.10.13/lib/python3.10/site-packages/airflow/example_dags/plugins/listener_plugin.py
[2024-05-08T19:09:23.670+0000] {processor.py:842} WARNING - No viable dags retrieved from /usr/local/python/3.10.13/lib/python3.10/site-packages/airflow/example_dags/plugins/listener_plugin.py
[2024-05-08T19:09:23.679+0000] {processor.py:183} INFO - Processing /usr/local/python/3.10.13/lib/python3.10/site-packages/airflow/example_dags/plugins/listener_plugin.py took 0.019 seconds
[2024-05-08T19:11:32.475+0000] {processor.py:161} INFO - Started process (PID=20622) to work on /usr/local/python/3.10.13/lib/python3.10/site-packages/airflow/example_dags/plugins/listener_plugin.py
[2024-05-08T19:11:32.476+0000] {processor.py:830} INFO - Processing file /usr/local/python/3.10.13/lib/python3.10/site-packages/airflow/example_dags/plugins/listener_plugin.py for tasks to queue
[2024-05-08T19:11:32.477+0000] {logging_mixin.py:188} INFO - [2024-05-08T19:11:32.477+0000] {dagbag.py:545} INFO - Filling up the DagBag from /usr/local/python/3.10.13/lib/python3.10/site-packages/airflow/example_dags/plugins/listener_plugin.py
[2024-05-08T19:11:32.479+0000] {processor.py:842} WARNING - No viable dags retrieved from /usr/local/python/3.10.13/lib/python3.10/site-packages/airflow/example_dags/plugins/listener_plugin.py
[2024-05-08T19:11:32.487+0000] {processor.py:183} INFO - Processing /usr/local/python/3.10.13/lib/python3.10/site-packages/airflow/example_dags/plugins/listener_plugin.py took 0.017 seconds
