[2024-04-26T15:10:26.595+0000] {processor.py:161} INFO - Started process (PID=56499) to work on /usr/local/python/3.10.13/lib/python3.10/site-packages/airflow/example_dags/example_short_circuit_operator.py
[2024-04-26T15:10:26.596+0000] {processor.py:830} INFO - Processing file /usr/local/python/3.10.13/lib/python3.10/site-packages/airflow/example_dags/example_short_circuit_operator.py for tasks to queue
[2024-04-26T15:10:26.597+0000] {logging_mixin.py:188} INFO - [2024-04-26T15:10:26.597+0000] {dagbag.py:540} INFO - Filling up the DagBag from /usr/local/python/3.10.13/lib/python3.10/site-packages/airflow/example_dags/example_short_circuit_operator.py
[2024-04-26T15:10:26.603+0000] {processor.py:840} INFO - DAG(s) 'example_short_circuit_operator' retrieved from /usr/local/python/3.10.13/lib/python3.10/site-packages/airflow/example_dags/example_short_circuit_operator.py
[2024-04-26T15:10:26.804+0000] {logging_mixin.py:188} INFO - [2024-04-26T15:10:26.803+0000] {override.py:1829} INFO - Created Permission View: can read on DAG:example_short_circuit_operator
[2024-04-26T15:10:26.833+0000] {logging_mixin.py:188} INFO - [2024-04-26T15:10:26.833+0000] {override.py:1829} INFO - Created Permission View: can edit on DAG:example_short_circuit_operator
[2024-04-26T15:10:26.860+0000] {logging_mixin.py:188} INFO - [2024-04-26T15:10:26.860+0000] {override.py:1829} INFO - Created Permission View: can delete on DAG:example_short_circuit_operator
[2024-04-26T15:10:26.861+0000] {logging_mixin.py:188} INFO - [2024-04-26T15:10:26.860+0000] {dag.py:3096} INFO - Sync 1 DAGs
[2024-04-26T15:10:26.868+0000] {logging_mixin.py:188} INFO - [2024-04-26T15:10:26.868+0000] {dag.py:3118} INFO - Creating ORM DAG for example_short_circuit_operator
[2024-04-26T15:10:26.874+0000] {logging_mixin.py:188} INFO - [2024-04-26T15:10:26.874+0000] {dag.py:3954} INFO - Setting next_dagrun for example_short_circuit_operator to 2024-04-25 00:00:00+00:00, run_after=2024-04-26 00:00:00+00:00
[2024-04-26T15:10:26.923+0000] {processor.py:183} INFO - Processing /usr/local/python/3.10.13/lib/python3.10/site-packages/airflow/example_dags/example_short_circuit_operator.py took 0.333 seconds
[2024-04-26T15:12:00.338+0000] {processor.py:161} INFO - Started process (PID=57660) to work on /usr/local/python/3.10.13/lib/python3.10/site-packages/airflow/example_dags/example_short_circuit_operator.py
[2024-04-26T15:12:00.339+0000] {processor.py:830} INFO - Processing file /usr/local/python/3.10.13/lib/python3.10/site-packages/airflow/example_dags/example_short_circuit_operator.py for tasks to queue
[2024-04-26T15:12:00.341+0000] {logging_mixin.py:188} INFO - [2024-04-26T15:12:00.340+0000] {dagbag.py:540} INFO - Filling up the DagBag from /usr/local/python/3.10.13/lib/python3.10/site-packages/airflow/example_dags/example_short_circuit_operator.py
[2024-04-26T15:12:00.347+0000] {processor.py:840} INFO - DAG(s) 'example_short_circuit_operator' retrieved from /usr/local/python/3.10.13/lib/python3.10/site-packages/airflow/example_dags/example_short_circuit_operator.py
[2024-04-26T15:12:00.353+0000] {logging_mixin.py:188} INFO - [2024-04-26T15:12:00.353+0000] {dag.py:3096} INFO - Sync 1 DAGs
[2024-04-26T15:12:00.369+0000] {logging_mixin.py:188} INFO - [2024-04-26T15:12:00.369+0000] {dag.py:3954} INFO - Setting next_dagrun for example_short_circuit_operator to 2024-04-25 00:00:00+00:00, run_after=2024-04-26 00:00:00+00:00
[2024-04-26T15:12:00.481+0000] {processor.py:183} INFO - Processing /usr/local/python/3.10.13/lib/python3.10/site-packages/airflow/example_dags/example_short_circuit_operator.py took 0.147 seconds
[2024-04-26T15:12:54.115+0000] {processor.py:161} INFO - Started process (PID=58293) to work on /usr/local/python/3.10.13/lib/python3.10/site-packages/airflow/example_dags/example_short_circuit_operator.py
[2024-04-26T15:12:54.116+0000] {processor.py:830} INFO - Processing file /usr/local/python/3.10.13/lib/python3.10/site-packages/airflow/example_dags/example_short_circuit_operator.py for tasks to queue
[2024-04-26T15:12:54.117+0000] {logging_mixin.py:188} INFO - [2024-04-26T15:12:54.117+0000] {dagbag.py:540} INFO - Filling up the DagBag from /usr/local/python/3.10.13/lib/python3.10/site-packages/airflow/example_dags/example_short_circuit_operator.py
[2024-04-26T15:12:54.123+0000] {processor.py:840} INFO - DAG(s) 'example_short_circuit_operator' retrieved from /usr/local/python/3.10.13/lib/python3.10/site-packages/airflow/example_dags/example_short_circuit_operator.py
[2024-04-26T15:12:54.193+0000] {logging_mixin.py:188} INFO - [2024-04-26T15:12:54.193+0000] {dag.py:3096} INFO - Sync 1 DAGs
[2024-04-26T15:12:54.206+0000] {logging_mixin.py:188} INFO - [2024-04-26T15:12:54.206+0000] {dag.py:3954} INFO - Setting next_dagrun for example_short_circuit_operator to 2024-04-25 00:00:00+00:00, run_after=2024-04-26 00:00:00+00:00
[2024-04-26T15:12:54.244+0000] {processor.py:183} INFO - Processing /usr/local/python/3.10.13/lib/python3.10/site-packages/airflow/example_dags/example_short_circuit_operator.py took 0.134 seconds
