[2024-04-26T15:10:18.765+0000] {processor.py:161} INFO - Started process (PID=56437) to work on /usr/local/python/3.10.13/lib/python3.10/site-packages/airflow/example_dags/example_time_delta_sensor_async.py
[2024-04-26T15:10:18.765+0000] {processor.py:830} INFO - Processing file /usr/local/python/3.10.13/lib/python3.10/site-packages/airflow/example_dags/example_time_delta_sensor_async.py for tasks to queue
[2024-04-26T15:10:18.767+0000] {logging_mixin.py:188} INFO - [2024-04-26T15:10:18.767+0000] {dagbag.py:540} INFO - Filling up the DagBag from /usr/local/python/3.10.13/lib/python3.10/site-packages/airflow/example_dags/example_time_delta_sensor_async.py
[2024-04-26T15:10:18.771+0000] {processor.py:840} INFO - DAG(s) 'example_time_delta_sensor_async' retrieved from /usr/local/python/3.10.13/lib/python3.10/site-packages/airflow/example_dags/example_time_delta_sensor_async.py
[2024-04-26T15:10:18.963+0000] {logging_mixin.py:188} INFO - [2024-04-26T15:10:18.962+0000] {override.py:1829} INFO - Created Permission View: can read on DAG:example_time_delta_sensor_async
[2024-04-26T15:10:18.992+0000] {logging_mixin.py:188} INFO - [2024-04-26T15:10:18.991+0000] {override.py:1829} INFO - Created Permission View: can edit on DAG:example_time_delta_sensor_async
[2024-04-26T15:10:19.018+0000] {logging_mixin.py:188} INFO - [2024-04-26T15:10:19.018+0000] {override.py:1829} INFO - Created Permission View: can delete on DAG:example_time_delta_sensor_async
[2024-04-26T15:10:19.018+0000] {logging_mixin.py:188} INFO - [2024-04-26T15:10:19.018+0000] {dag.py:3096} INFO - Sync 1 DAGs
[2024-04-26T15:10:19.028+0000] {logging_mixin.py:188} INFO - [2024-04-26T15:10:19.027+0000] {dag.py:3118} INFO - Creating ORM DAG for example_time_delta_sensor_async
[2024-04-26T15:10:19.028+0000] {logging_mixin.py:188} INFO - [2024-04-26T15:10:19.028+0000] {dag.py:3954} INFO - Setting next_dagrun for example_time_delta_sensor_async to None, run_after=None
[2024-04-26T15:10:19.062+0000] {processor.py:183} INFO - Processing /usr/local/python/3.10.13/lib/python3.10/site-packages/airflow/example_dags/example_time_delta_sensor_async.py took 0.302 seconds
[2024-04-26T15:11:53.466+0000] {processor.py:161} INFO - Started process (PID=57547) to work on /usr/local/python/3.10.13/lib/python3.10/site-packages/airflow/example_dags/example_time_delta_sensor_async.py
[2024-04-26T15:11:53.467+0000] {processor.py:830} INFO - Processing file /usr/local/python/3.10.13/lib/python3.10/site-packages/airflow/example_dags/example_time_delta_sensor_async.py for tasks to queue
[2024-04-26T15:11:53.468+0000] {logging_mixin.py:188} INFO - [2024-04-26T15:11:53.468+0000] {dagbag.py:540} INFO - Filling up the DagBag from /usr/local/python/3.10.13/lib/python3.10/site-packages/airflow/example_dags/example_time_delta_sensor_async.py
[2024-04-26T15:11:53.472+0000] {processor.py:840} INFO - DAG(s) 'example_time_delta_sensor_async' retrieved from /usr/local/python/3.10.13/lib/python3.10/site-packages/airflow/example_dags/example_time_delta_sensor_async.py
[2024-04-26T15:11:53.478+0000] {logging_mixin.py:188} INFO - [2024-04-26T15:11:53.478+0000] {dag.py:3096} INFO - Sync 1 DAGs
[2024-04-26T15:11:53.487+0000] {logging_mixin.py:188} INFO - [2024-04-26T15:11:53.487+0000] {dag.py:3954} INFO - Setting next_dagrun for example_time_delta_sensor_async to None, run_after=None
[2024-04-26T15:11:53.525+0000] {processor.py:183} INFO - Processing /usr/local/python/3.10.13/lib/python3.10/site-packages/airflow/example_dags/example_time_delta_sensor_async.py took 0.064 seconds
[2024-04-26T15:12:47.721+0000] {processor.py:161} INFO - Started process (PID=58252) to work on /usr/local/python/3.10.13/lib/python3.10/site-packages/airflow/example_dags/example_time_delta_sensor_async.py
[2024-04-26T15:12:47.722+0000] {processor.py:830} INFO - Processing file /usr/local/python/3.10.13/lib/python3.10/site-packages/airflow/example_dags/example_time_delta_sensor_async.py for tasks to queue
[2024-04-26T15:12:47.723+0000] {logging_mixin.py:188} INFO - [2024-04-26T15:12:47.723+0000] {dagbag.py:540} INFO - Filling up the DagBag from /usr/local/python/3.10.13/lib/python3.10/site-packages/airflow/example_dags/example_time_delta_sensor_async.py
[2024-04-26T15:12:47.727+0000] {processor.py:840} INFO - DAG(s) 'example_time_delta_sensor_async' retrieved from /usr/local/python/3.10.13/lib/python3.10/site-packages/airflow/example_dags/example_time_delta_sensor_async.py
[2024-04-26T15:12:47.796+0000] {logging_mixin.py:188} INFO - [2024-04-26T15:12:47.796+0000] {dag.py:3096} INFO - Sync 1 DAGs
[2024-04-26T15:12:47.803+0000] {logging_mixin.py:188} INFO - [2024-04-26T15:12:47.803+0000] {dag.py:3954} INFO - Setting next_dagrun for example_time_delta_sensor_async to None, run_after=None
[2024-04-26T15:12:47.841+0000] {processor.py:183} INFO - Processing /usr/local/python/3.10.13/lib/python3.10/site-packages/airflow/example_dags/example_time_delta_sensor_async.py took 0.125 seconds
