[2024-04-26T15:10:33.269+0000] {processor.py:161} INFO - Started process (PID=56532) to work on /usr/local/python/3.10.13/lib/python3.10/site-packages/airflow/example_dags/example_python_operator.py
[2024-04-26T15:10:33.269+0000] {processor.py:830} INFO - Processing file /usr/local/python/3.10.13/lib/python3.10/site-packages/airflow/example_dags/example_python_operator.py for tasks to queue
[2024-04-26T15:10:33.271+0000] {logging_mixin.py:188} INFO - [2024-04-26T15:10:33.270+0000] {dagbag.py:540} INFO - Filling up the DagBag from /usr/local/python/3.10.13/lib/python3.10/site-packages/airflow/example_dags/example_python_operator.py
[2024-04-26T15:10:33.280+0000] {processor.py:840} INFO - DAG(s) 'example_python_operator' retrieved from /usr/local/python/3.10.13/lib/python3.10/site-packages/airflow/example_dags/example_python_operator.py
[2024-04-26T15:10:33.471+0000] {logging_mixin.py:188} INFO - [2024-04-26T15:10:33.470+0000] {override.py:1829} INFO - Created Permission View: can read on DAG:example_python_operator
[2024-04-26T15:10:33.499+0000] {logging_mixin.py:188} INFO - [2024-04-26T15:10:33.499+0000] {override.py:1829} INFO - Created Permission View: can edit on DAG:example_python_operator
[2024-04-26T15:10:33.525+0000] {logging_mixin.py:188} INFO - [2024-04-26T15:10:33.525+0000] {override.py:1829} INFO - Created Permission View: can delete on DAG:example_python_operator
[2024-04-26T15:10:33.526+0000] {logging_mixin.py:188} INFO - [2024-04-26T15:10:33.526+0000] {dag.py:3096} INFO - Sync 1 DAGs
[2024-04-26T15:10:33.533+0000] {logging_mixin.py:188} INFO - [2024-04-26T15:10:33.533+0000] {dag.py:3118} INFO - Creating ORM DAG for example_python_operator
[2024-04-26T15:10:33.534+0000] {logging_mixin.py:188} INFO - [2024-04-26T15:10:33.534+0000] {dag.py:3954} INFO - Setting next_dagrun for example_python_operator to None, run_after=None
[2024-04-26T15:10:33.573+0000] {processor.py:183} INFO - Processing /usr/local/python/3.10.13/lib/python3.10/site-packages/airflow/example_dags/example_python_operator.py took 0.309 seconds
[2024-04-26T15:12:05.597+0000] {processor.py:161} INFO - Started process (PID=57750) to work on /usr/local/python/3.10.13/lib/python3.10/site-packages/airflow/example_dags/example_python_operator.py
[2024-04-26T15:12:05.598+0000] {processor.py:830} INFO - Processing file /usr/local/python/3.10.13/lib/python3.10/site-packages/airflow/example_dags/example_python_operator.py for tasks to queue
[2024-04-26T15:12:05.599+0000] {logging_mixin.py:188} INFO - [2024-04-26T15:12:05.599+0000] {dagbag.py:540} INFO - Filling up the DagBag from /usr/local/python/3.10.13/lib/python3.10/site-packages/airflow/example_dags/example_python_operator.py
[2024-04-26T15:12:05.607+0000] {processor.py:840} INFO - DAG(s) 'example_python_operator' retrieved from /usr/local/python/3.10.13/lib/python3.10/site-packages/airflow/example_dags/example_python_operator.py
[2024-04-26T15:12:05.742+0000] {logging_mixin.py:188} INFO - [2024-04-26T15:12:05.742+0000] {dag.py:3096} INFO - Sync 1 DAGs
[2024-04-26T15:12:05.748+0000] {logging_mixin.py:188} INFO - [2024-04-26T15:12:05.748+0000] {dag.py:3954} INFO - Setting next_dagrun for example_python_operator to None, run_after=None
[2024-04-26T15:12:05.786+0000] {processor.py:183} INFO - Processing /usr/local/python/3.10.13/lib/python3.10/site-packages/airflow/example_dags/example_python_operator.py took 0.194 seconds
[2024-04-26T15:12:59.355+0000] {processor.py:161} INFO - Started process (PID=58338) to work on /usr/local/python/3.10.13/lib/python3.10/site-packages/airflow/example_dags/example_python_operator.py
[2024-04-26T15:12:59.356+0000] {processor.py:830} INFO - Processing file /usr/local/python/3.10.13/lib/python3.10/site-packages/airflow/example_dags/example_python_operator.py for tasks to queue
[2024-04-26T15:12:59.357+0000] {logging_mixin.py:188} INFO - [2024-04-26T15:12:59.357+0000] {dagbag.py:540} INFO - Filling up the DagBag from /usr/local/python/3.10.13/lib/python3.10/site-packages/airflow/example_dags/example_python_operator.py
[2024-04-26T15:12:59.366+0000] {processor.py:840} INFO - DAG(s) 'example_python_operator' retrieved from /usr/local/python/3.10.13/lib/python3.10/site-packages/airflow/example_dags/example_python_operator.py
[2024-04-26T15:12:59.380+0000] {logging_mixin.py:188} INFO - [2024-04-26T15:12:59.380+0000] {dag.py:3096} INFO - Sync 1 DAGs
[2024-04-26T15:12:59.389+0000] {logging_mixin.py:188} INFO - [2024-04-26T15:12:59.389+0000] {dag.py:3954} INFO - Setting next_dagrun for example_python_operator to None, run_after=None
[2024-04-26T15:12:59.428+0000] {processor.py:183} INFO - Processing /usr/local/python/3.10.13/lib/python3.10/site-packages/airflow/example_dags/example_python_operator.py took 0.078 seconds
