[2024-04-26T15:10:15.899+0000] {processor.py:161} INFO - Started process (PID=56419) to work on /usr/local/python/3.10.13/lib/python3.10/site-packages/airflow/example_dags/example_short_circuit_decorator.py
[2024-04-26T15:10:15.900+0000] {processor.py:830} INFO - Processing file /usr/local/python/3.10.13/lib/python3.10/site-packages/airflow/example_dags/example_short_circuit_decorator.py for tasks to queue
[2024-04-26T15:10:15.902+0000] {logging_mixin.py:188} INFO - [2024-04-26T15:10:15.901+0000] {dagbag.py:540} INFO - Filling up the DagBag from /usr/local/python/3.10.13/lib/python3.10/site-packages/airflow/example_dags/example_short_circuit_decorator.py
[2024-04-26T15:10:15.909+0000] {processor.py:840} INFO - DAG(s) 'example_short_circuit_decorator' retrieved from /usr/local/python/3.10.13/lib/python3.10/site-packages/airflow/example_dags/example_short_circuit_decorator.py
[2024-04-26T15:10:16.115+0000] {logging_mixin.py:188} INFO - [2024-04-26T15:10:16.115+0000] {override.py:1829} INFO - Created Permission View: can read on DAG:example_short_circuit_decorator
[2024-04-26T15:10:16.144+0000] {logging_mixin.py:188} INFO - [2024-04-26T15:10:16.144+0000] {override.py:1829} INFO - Created Permission View: can edit on DAG:example_short_circuit_decorator
[2024-04-26T15:10:16.170+0000] {logging_mixin.py:188} INFO - [2024-04-26T15:10:16.170+0000] {override.py:1829} INFO - Created Permission View: can delete on DAG:example_short_circuit_decorator
[2024-04-26T15:10:16.170+0000] {logging_mixin.py:188} INFO - [2024-04-26T15:10:16.170+0000] {dag.py:3096} INFO - Sync 1 DAGs
[2024-04-26T15:10:16.179+0000] {logging_mixin.py:188} INFO - [2024-04-26T15:10:16.179+0000] {dag.py:3118} INFO - Creating ORM DAG for example_short_circuit_decorator
[2024-04-26T15:10:16.186+0000] {logging_mixin.py:188} INFO - [2024-04-26T15:10:16.185+0000] {dag.py:3954} INFO - Setting next_dagrun for example_short_circuit_decorator to 2024-04-25 00:00:00+00:00, run_after=2024-04-26 00:00:00+00:00
[2024-04-26T15:10:16.226+0000] {processor.py:183} INFO - Processing /usr/local/python/3.10.13/lib/python3.10/site-packages/airflow/example_dags/example_short_circuit_decorator.py took 0.331 seconds
[2024-04-26T15:11:51.145+0000] {processor.py:161} INFO - Started process (PID=57539) to work on /usr/local/python/3.10.13/lib/python3.10/site-packages/airflow/example_dags/example_short_circuit_decorator.py
[2024-04-26T15:11:51.146+0000] {processor.py:830} INFO - Processing file /usr/local/python/3.10.13/lib/python3.10/site-packages/airflow/example_dags/example_short_circuit_decorator.py for tasks to queue
[2024-04-26T15:11:51.148+0000] {logging_mixin.py:188} INFO - [2024-04-26T15:11:51.147+0000] {dagbag.py:540} INFO - Filling up the DagBag from /usr/local/python/3.10.13/lib/python3.10/site-packages/airflow/example_dags/example_short_circuit_decorator.py
[2024-04-26T15:11:51.155+0000] {processor.py:840} INFO - DAG(s) 'example_short_circuit_decorator' retrieved from /usr/local/python/3.10.13/lib/python3.10/site-packages/airflow/example_dags/example_short_circuit_decorator.py
[2024-04-26T15:11:51.161+0000] {logging_mixin.py:188} INFO - [2024-04-26T15:11:51.161+0000] {dag.py:3096} INFO - Sync 1 DAGs
[2024-04-26T15:11:51.175+0000] {logging_mixin.py:188} INFO - [2024-04-26T15:11:51.175+0000] {dag.py:3954} INFO - Setting next_dagrun for example_short_circuit_decorator to 2024-04-25 00:00:00+00:00, run_after=2024-04-26 00:00:00+00:00
[2024-04-26T15:11:51.283+0000] {processor.py:183} INFO - Processing /usr/local/python/3.10.13/lib/python3.10/site-packages/airflow/example_dags/example_short_circuit_decorator.py took 0.143 seconds
[2024-04-26T15:12:45.694+0000] {processor.py:161} INFO - Started process (PID=58222) to work on /usr/local/python/3.10.13/lib/python3.10/site-packages/airflow/example_dags/example_short_circuit_decorator.py
[2024-04-26T15:12:45.695+0000] {processor.py:830} INFO - Processing file /usr/local/python/3.10.13/lib/python3.10/site-packages/airflow/example_dags/example_short_circuit_decorator.py for tasks to queue
[2024-04-26T15:12:45.697+0000] {logging_mixin.py:188} INFO - [2024-04-26T15:12:45.696+0000] {dagbag.py:540} INFO - Filling up the DagBag from /usr/local/python/3.10.13/lib/python3.10/site-packages/airflow/example_dags/example_short_circuit_decorator.py
[2024-04-26T15:12:45.704+0000] {processor.py:840} INFO - DAG(s) 'example_short_circuit_decorator' retrieved from /usr/local/python/3.10.13/lib/python3.10/site-packages/airflow/example_dags/example_short_circuit_decorator.py
[2024-04-26T15:12:45.778+0000] {logging_mixin.py:188} INFO - [2024-04-26T15:12:45.777+0000] {dag.py:3096} INFO - Sync 1 DAGs
[2024-04-26T15:12:45.792+0000] {logging_mixin.py:188} INFO - [2024-04-26T15:12:45.792+0000] {dag.py:3954} INFO - Setting next_dagrun for example_short_circuit_decorator to 2024-04-25 00:00:00+00:00, run_after=2024-04-26 00:00:00+00:00
[2024-04-26T15:12:45.834+0000] {processor.py:183} INFO - Processing /usr/local/python/3.10.13/lib/python3.10/site-packages/airflow/example_dags/example_short_circuit_decorator.py took 0.144 seconds
