[2024-04-26T15:10:19.900+0000] {processor.py:161} INFO - Started process (PID=56438) to work on /usr/local/python/3.10.13/lib/python3.10/site-packages/airflow/example_dags/example_latest_only.py
[2024-04-26T15:10:19.900+0000] {processor.py:830} INFO - Processing file /usr/local/python/3.10.13/lib/python3.10/site-packages/airflow/example_dags/example_latest_only.py for tasks to queue
[2024-04-26T15:10:19.902+0000] {logging_mixin.py:188} INFO - [2024-04-26T15:10:19.901+0000] {dagbag.py:540} INFO - Filling up the DagBag from /usr/local/python/3.10.13/lib/python3.10/site-packages/airflow/example_dags/example_latest_only.py
[2024-04-26T15:10:19.906+0000] {processor.py:840} INFO - DAG(s) 'latest_only' retrieved from /usr/local/python/3.10.13/lib/python3.10/site-packages/airflow/example_dags/example_latest_only.py
[2024-04-26T15:10:20.113+0000] {logging_mixin.py:188} INFO - [2024-04-26T15:10:20.112+0000] {override.py:1829} INFO - Created Permission View: can read on DAG:latest_only
[2024-04-26T15:10:20.143+0000] {logging_mixin.py:188} INFO - [2024-04-26T15:10:20.143+0000] {override.py:1829} INFO - Created Permission View: can edit on DAG:latest_only
[2024-04-26T15:10:20.170+0000] {logging_mixin.py:188} INFO - [2024-04-26T15:10:20.169+0000] {override.py:1829} INFO - Created Permission View: can delete on DAG:latest_only
[2024-04-26T15:10:20.170+0000] {logging_mixin.py:188} INFO - [2024-04-26T15:10:20.170+0000] {dag.py:3096} INFO - Sync 1 DAGs
[2024-04-26T15:10:20.179+0000] {logging_mixin.py:188} INFO - [2024-04-26T15:10:20.178+0000] {dag.py:3118} INFO - Creating ORM DAG for latest_only
[2024-04-26T15:10:20.184+0000] {logging_mixin.py:188} INFO - [2024-04-26T15:10:20.184+0000] {dag.py:3954} INFO - Setting next_dagrun for latest_only to 2024-04-26 08:00:00+00:00, run_after=2024-04-26 12:00:00+00:00
[2024-04-26T15:10:20.226+0000] {processor.py:183} INFO - Processing /usr/local/python/3.10.13/lib/python3.10/site-packages/airflow/example_dags/example_latest_only.py took 0.331 seconds
[2024-04-26T15:11:53.913+0000] {processor.py:161} INFO - Started process (PID=57548) to work on /usr/local/python/3.10.13/lib/python3.10/site-packages/airflow/example_dags/example_latest_only.py
[2024-04-26T15:11:53.914+0000] {processor.py:830} INFO - Processing file /usr/local/python/3.10.13/lib/python3.10/site-packages/airflow/example_dags/example_latest_only.py for tasks to queue
[2024-04-26T15:11:53.915+0000] {logging_mixin.py:188} INFO - [2024-04-26T15:11:53.915+0000] {dagbag.py:540} INFO - Filling up the DagBag from /usr/local/python/3.10.13/lib/python3.10/site-packages/airflow/example_dags/example_latest_only.py
[2024-04-26T15:11:53.919+0000] {processor.py:840} INFO - DAG(s) 'latest_only' retrieved from /usr/local/python/3.10.13/lib/python3.10/site-packages/airflow/example_dags/example_latest_only.py
[2024-04-26T15:11:53.926+0000] {logging_mixin.py:188} INFO - [2024-04-26T15:11:53.925+0000] {dag.py:3096} INFO - Sync 1 DAGs
[2024-04-26T15:11:53.940+0000] {logging_mixin.py:188} INFO - [2024-04-26T15:11:53.940+0000] {dag.py:3954} INFO - Setting next_dagrun for latest_only to 2024-04-26 08:00:00+00:00, run_after=2024-04-26 12:00:00+00:00
[2024-04-26T15:11:54.048+0000] {processor.py:183} INFO - Processing /usr/local/python/3.10.13/lib/python3.10/site-packages/airflow/example_dags/example_latest_only.py took 0.140 seconds
[2024-04-26T15:12:48.953+0000] {processor.py:161} INFO - Started process (PID=58259) to work on /usr/local/python/3.10.13/lib/python3.10/site-packages/airflow/example_dags/example_latest_only.py
[2024-04-26T15:12:48.953+0000] {processor.py:830} INFO - Processing file /usr/local/python/3.10.13/lib/python3.10/site-packages/airflow/example_dags/example_latest_only.py for tasks to queue
[2024-04-26T15:12:48.955+0000] {logging_mixin.py:188} INFO - [2024-04-26T15:12:48.954+0000] {dagbag.py:540} INFO - Filling up the DagBag from /usr/local/python/3.10.13/lib/python3.10/site-packages/airflow/example_dags/example_latest_only.py
[2024-04-26T15:12:48.959+0000] {processor.py:840} INFO - DAG(s) 'latest_only' retrieved from /usr/local/python/3.10.13/lib/python3.10/site-packages/airflow/example_dags/example_latest_only.py
[2024-04-26T15:12:49.027+0000] {logging_mixin.py:188} INFO - [2024-04-26T15:12:49.027+0000] {dag.py:3096} INFO - Sync 1 DAGs
[2024-04-26T15:12:49.040+0000] {logging_mixin.py:188} INFO - [2024-04-26T15:12:49.040+0000] {dag.py:3954} INFO - Setting next_dagrun for latest_only to 2024-04-26 08:00:00+00:00, run_after=2024-04-26 12:00:00+00:00
[2024-04-26T15:12:49.078+0000] {processor.py:183} INFO - Processing /usr/local/python/3.10.13/lib/python3.10/site-packages/airflow/example_dags/example_latest_only.py took 0.130 seconds
