[2024-04-26T15:10:07.758+0000] {processor.py:161} INFO - Started process (PID=56291) to work on /usr/local/python/3.10.13/lib/python3.10/site-packages/airflow/example_dags/example_trigger_controller_dag.py
[2024-04-26T15:10:07.759+0000] {processor.py:830} INFO - Processing file /usr/local/python/3.10.13/lib/python3.10/site-packages/airflow/example_dags/example_trigger_controller_dag.py for tasks to queue
[2024-04-26T15:10:07.760+0000] {logging_mixin.py:188} INFO - [2024-04-26T15:10:07.760+0000] {dagbag.py:540} INFO - Filling up the DagBag from /usr/local/python/3.10.13/lib/python3.10/site-packages/airflow/example_dags/example_trigger_controller_dag.py
[2024-04-26T15:10:07.765+0000] {processor.py:840} INFO - DAG(s) 'example_trigger_controller_dag' retrieved from /usr/local/python/3.10.13/lib/python3.10/site-packages/airflow/example_dags/example_trigger_controller_dag.py
[2024-04-26T15:10:07.955+0000] {logging_mixin.py:188} INFO - [2024-04-26T15:10:07.955+0000] {override.py:1829} INFO - Created Permission View: can read on DAG:example_trigger_controller_dag
[2024-04-26T15:10:07.985+0000] {logging_mixin.py:188} INFO - [2024-04-26T15:10:07.984+0000] {override.py:1829} INFO - Created Permission View: can edit on DAG:example_trigger_controller_dag
[2024-04-26T15:10:08.011+0000] {logging_mixin.py:188} INFO - [2024-04-26T15:10:08.011+0000] {override.py:1829} INFO - Created Permission View: can delete on DAG:example_trigger_controller_dag
[2024-04-26T15:10:08.011+0000] {logging_mixin.py:188} INFO - [2024-04-26T15:10:08.011+0000] {dag.py:3096} INFO - Sync 1 DAGs
[2024-04-26T15:10:08.023+0000] {logging_mixin.py:188} INFO - [2024-04-26T15:10:08.023+0000] {dag.py:3118} INFO - Creating ORM DAG for example_trigger_controller_dag
[2024-04-26T15:10:08.029+0000] {logging_mixin.py:188} INFO - [2024-04-26T15:10:08.029+0000] {dag.py:3954} INFO - Setting next_dagrun for example_trigger_controller_dag to 2021-01-01 00:00:00+00:00, run_after=2021-01-01 00:00:00+00:00
[2024-04-26T15:10:08.065+0000] {processor.py:183} INFO - Processing /usr/local/python/3.10.13/lib/python3.10/site-packages/airflow/example_dags/example_trigger_controller_dag.py took 0.312 seconds
[2024-04-26T15:11:43.496+0000] {processor.py:161} INFO - Started process (PID=57410) to work on /usr/local/python/3.10.13/lib/python3.10/site-packages/airflow/example_dags/example_trigger_controller_dag.py
[2024-04-26T15:11:43.496+0000] {processor.py:830} INFO - Processing file /usr/local/python/3.10.13/lib/python3.10/site-packages/airflow/example_dags/example_trigger_controller_dag.py for tasks to queue
[2024-04-26T15:11:43.498+0000] {logging_mixin.py:188} INFO - [2024-04-26T15:11:43.497+0000] {dagbag.py:540} INFO - Filling up the DagBag from /usr/local/python/3.10.13/lib/python3.10/site-packages/airflow/example_dags/example_trigger_controller_dag.py
[2024-04-26T15:11:43.503+0000] {processor.py:840} INFO - DAG(s) 'example_trigger_controller_dag' retrieved from /usr/local/python/3.10.13/lib/python3.10/site-packages/airflow/example_dags/example_trigger_controller_dag.py
[2024-04-26T15:11:43.509+0000] {logging_mixin.py:188} INFO - [2024-04-26T15:11:43.509+0000] {dag.py:3096} INFO - Sync 1 DAGs
[2024-04-26T15:11:43.525+0000] {logging_mixin.py:188} INFO - [2024-04-26T15:11:43.525+0000] {dag.py:3954} INFO - Setting next_dagrun for example_trigger_controller_dag to 2021-01-01 00:00:00+00:00, run_after=2021-01-01 00:00:00+00:00
[2024-04-26T15:11:43.563+0000] {processor.py:183} INFO - Processing /usr/local/python/3.10.13/lib/python3.10/site-packages/airflow/example_dags/example_trigger_controller_dag.py took 0.072 seconds
[2024-04-26T15:12:38.335+0000] {processor.py:161} INFO - Started process (PID=58181) to work on /usr/local/python/3.10.13/lib/python3.10/site-packages/airflow/example_dags/example_trigger_controller_dag.py
[2024-04-26T15:12:38.336+0000] {processor.py:830} INFO - Processing file /usr/local/python/3.10.13/lib/python3.10/site-packages/airflow/example_dags/example_trigger_controller_dag.py for tasks to queue
[2024-04-26T15:12:38.337+0000] {logging_mixin.py:188} INFO - [2024-04-26T15:12:38.337+0000] {dagbag.py:540} INFO - Filling up the DagBag from /usr/local/python/3.10.13/lib/python3.10/site-packages/airflow/example_dags/example_trigger_controller_dag.py
[2024-04-26T15:12:38.341+0000] {processor.py:840} INFO - DAG(s) 'example_trigger_controller_dag' retrieved from /usr/local/python/3.10.13/lib/python3.10/site-packages/airflow/example_dags/example_trigger_controller_dag.py
[2024-04-26T15:12:38.417+0000] {logging_mixin.py:188} INFO - [2024-04-26T15:12:38.417+0000] {dag.py:3096} INFO - Sync 1 DAGs
[2024-04-26T15:12:38.429+0000] {logging_mixin.py:188} INFO - [2024-04-26T15:12:38.429+0000] {dag.py:3954} INFO - Setting next_dagrun for example_trigger_controller_dag to 2021-01-01 00:00:00+00:00, run_after=2021-01-01 00:00:00+00:00
[2024-04-26T15:12:38.468+0000] {processor.py:183} INFO - Processing /usr/local/python/3.10.13/lib/python3.10/site-packages/airflow/example_dags/example_trigger_controller_dag.py took 0.138 seconds
