[2024-04-26T15:10:34.197+0000] {processor.py:161} INFO - Started process (PID=56533) to work on /usr/local/python/3.10.13/lib/python3.10/site-packages/airflow/example_dags/example_setup_teardown_taskflow.py
[2024-04-26T15:10:34.198+0000] {processor.py:830} INFO - Processing file /usr/local/python/3.10.13/lib/python3.10/site-packages/airflow/example_dags/example_setup_teardown_taskflow.py for tasks to queue
[2024-04-26T15:10:34.200+0000] {logging_mixin.py:188} INFO - [2024-04-26T15:10:34.199+0000] {dagbag.py:540} INFO - Filling up the DagBag from /usr/local/python/3.10.13/lib/python3.10/site-packages/airflow/example_dags/example_setup_teardown_taskflow.py
[2024-04-26T15:10:34.207+0000] {processor.py:840} INFO - DAG(s) 'example_setup_teardown_taskflow' retrieved from /usr/local/python/3.10.13/lib/python3.10/site-packages/airflow/example_dags/example_setup_teardown_taskflow.py
[2024-04-26T15:10:34.410+0000] {logging_mixin.py:188} INFO - [2024-04-26T15:10:34.409+0000] {override.py:1829} INFO - Created Permission View: can read on DAG:example_setup_teardown_taskflow
[2024-04-26T15:10:34.440+0000] {logging_mixin.py:188} INFO - [2024-04-26T15:10:34.440+0000] {override.py:1829} INFO - Created Permission View: can edit on DAG:example_setup_teardown_taskflow
[2024-04-26T15:10:34.466+0000] {logging_mixin.py:188} INFO - [2024-04-26T15:10:34.466+0000] {override.py:1829} INFO - Created Permission View: can delete on DAG:example_setup_teardown_taskflow
[2024-04-26T15:10:34.467+0000] {logging_mixin.py:188} INFO - [2024-04-26T15:10:34.466+0000] {dag.py:3096} INFO - Sync 1 DAGs
[2024-04-26T15:10:34.474+0000] {logging_mixin.py:188} INFO - [2024-04-26T15:10:34.474+0000] {dag.py:3118} INFO - Creating ORM DAG for example_setup_teardown_taskflow
[2024-04-26T15:10:34.480+0000] {logging_mixin.py:188} INFO - [2024-04-26T15:10:34.479+0000] {dag.py:3954} INFO - Setting next_dagrun for example_setup_teardown_taskflow to 2024-04-25 00:00:00+00:00, run_after=2024-04-26 00:00:00+00:00
[2024-04-26T15:10:34.521+0000] {processor.py:183} INFO - Processing /usr/local/python/3.10.13/lib/python3.10/site-packages/airflow/example_dags/example_setup_teardown_taskflow.py took 0.328 seconds
[2024-04-26T15:12:06.827+0000] {processor.py:161} INFO - Started process (PID=57776) to work on /usr/local/python/3.10.13/lib/python3.10/site-packages/airflow/example_dags/example_setup_teardown_taskflow.py
[2024-04-26T15:12:06.828+0000] {processor.py:830} INFO - Processing file /usr/local/python/3.10.13/lib/python3.10/site-packages/airflow/example_dags/example_setup_teardown_taskflow.py for tasks to queue
[2024-04-26T15:12:06.830+0000] {logging_mixin.py:188} INFO - [2024-04-26T15:12:06.829+0000] {dagbag.py:540} INFO - Filling up the DagBag from /usr/local/python/3.10.13/lib/python3.10/site-packages/airflow/example_dags/example_setup_teardown_taskflow.py
[2024-04-26T15:12:06.837+0000] {processor.py:840} INFO - DAG(s) 'example_setup_teardown_taskflow' retrieved from /usr/local/python/3.10.13/lib/python3.10/site-packages/airflow/example_dags/example_setup_teardown_taskflow.py
[2024-04-26T15:12:06.998+0000] {logging_mixin.py:188} INFO - [2024-04-26T15:12:06.998+0000] {dag.py:3096} INFO - Sync 1 DAGs
[2024-04-26T15:12:07.009+0000] {logging_mixin.py:188} INFO - [2024-04-26T15:12:07.009+0000] {dag.py:3954} INFO - Setting next_dagrun for example_setup_teardown_taskflow to 2024-04-25 00:00:00+00:00, run_after=2024-04-26 00:00:00+00:00
[2024-04-26T15:12:07.047+0000] {processor.py:183} INFO - Processing /usr/local/python/3.10.13/lib/python3.10/site-packages/airflow/example_dags/example_setup_teardown_taskflow.py took 0.224 seconds
[2024-04-26T15:13:00.487+0000] {processor.py:161} INFO - Started process (PID=58345) to work on /usr/local/python/3.10.13/lib/python3.10/site-packages/airflow/example_dags/example_setup_teardown_taskflow.py
[2024-04-26T15:13:00.488+0000] {processor.py:830} INFO - Processing file /usr/local/python/3.10.13/lib/python3.10/site-packages/airflow/example_dags/example_setup_teardown_taskflow.py for tasks to queue
[2024-04-26T15:13:00.489+0000] {logging_mixin.py:188} INFO - [2024-04-26T15:13:00.489+0000] {dagbag.py:540} INFO - Filling up the DagBag from /usr/local/python/3.10.13/lib/python3.10/site-packages/airflow/example_dags/example_setup_teardown_taskflow.py
[2024-04-26T15:13:00.497+0000] {processor.py:840} INFO - DAG(s) 'example_setup_teardown_taskflow' retrieved from /usr/local/python/3.10.13/lib/python3.10/site-packages/airflow/example_dags/example_setup_teardown_taskflow.py
[2024-04-26T15:13:00.510+0000] {logging_mixin.py:188} INFO - [2024-04-26T15:13:00.510+0000] {dag.py:3096} INFO - Sync 1 DAGs
[2024-04-26T15:13:00.525+0000] {logging_mixin.py:188} INFO - [2024-04-26T15:13:00.525+0000] {dag.py:3954} INFO - Setting next_dagrun for example_setup_teardown_taskflow to 2024-04-25 00:00:00+00:00, run_after=2024-04-26 00:00:00+00:00
[2024-04-26T15:13:00.562+0000] {processor.py:183} INFO - Processing /usr/local/python/3.10.13/lib/python3.10/site-packages/airflow/example_dags/example_setup_teardown_taskflow.py took 0.080 seconds
