[2024-04-26T15:10:28.029+0000] {processor.py:161} INFO - Started process (PID=56500) to work on /usr/local/python/3.10.13/lib/python3.10/site-packages/airflow/example_dags/example_sensors.py
[2024-04-26T15:10:28.030+0000] {processor.py:830} INFO - Processing file /usr/local/python/3.10.13/lib/python3.10/site-packages/airflow/example_dags/example_sensors.py for tasks to queue
[2024-04-26T15:10:28.031+0000] {logging_mixin.py:188} INFO - [2024-04-26T15:10:28.031+0000] {dagbag.py:540} INFO - Filling up the DagBag from /usr/local/python/3.10.13/lib/python3.10/site-packages/airflow/example_dags/example_sensors.py
[2024-04-26T15:10:28.038+0000] {processor.py:840} INFO - DAG(s) 'example_sensors' retrieved from /usr/local/python/3.10.13/lib/python3.10/site-packages/airflow/example_dags/example_sensors.py
[2024-04-26T15:10:28.248+0000] {logging_mixin.py:188} INFO - [2024-04-26T15:10:28.247+0000] {override.py:1829} INFO - Created Permission View: can read on DAG:example_sensors
[2024-04-26T15:10:28.279+0000] {logging_mixin.py:188} INFO - [2024-04-26T15:10:28.278+0000] {override.py:1829} INFO - Created Permission View: can edit on DAG:example_sensors
[2024-04-26T15:10:28.307+0000] {logging_mixin.py:188} INFO - [2024-04-26T15:10:28.306+0000] {override.py:1829} INFO - Created Permission View: can delete on DAG:example_sensors
[2024-04-26T15:10:28.307+0000] {logging_mixin.py:188} INFO - [2024-04-26T15:10:28.307+0000] {dag.py:3096} INFO - Sync 1 DAGs
[2024-04-26T15:10:28.314+0000] {logging_mixin.py:188} INFO - [2024-04-26T15:10:28.314+0000] {dag.py:3118} INFO - Creating ORM DAG for example_sensors
[2024-04-26T15:10:28.315+0000] {logging_mixin.py:188} INFO - [2024-04-26T15:10:28.315+0000] {dag.py:3954} INFO - Setting next_dagrun for example_sensors to None, run_after=None
[2024-04-26T15:10:28.355+0000] {processor.py:183} INFO - Processing /usr/local/python/3.10.13/lib/python3.10/site-packages/airflow/example_dags/example_sensors.py took 0.331 seconds
[2024-04-26T15:12:01.639+0000] {processor.py:161} INFO - Started process (PID=57674) to work on /usr/local/python/3.10.13/lib/python3.10/site-packages/airflow/example_dags/example_sensors.py
[2024-04-26T15:12:01.639+0000] {processor.py:830} INFO - Processing file /usr/local/python/3.10.13/lib/python3.10/site-packages/airflow/example_dags/example_sensors.py for tasks to queue
[2024-04-26T15:12:01.641+0000] {logging_mixin.py:188} INFO - [2024-04-26T15:12:01.641+0000] {dagbag.py:540} INFO - Filling up the DagBag from /usr/local/python/3.10.13/lib/python3.10/site-packages/airflow/example_dags/example_sensors.py
[2024-04-26T15:12:01.648+0000] {processor.py:840} INFO - DAG(s) 'example_sensors' retrieved from /usr/local/python/3.10.13/lib/python3.10/site-packages/airflow/example_dags/example_sensors.py
[2024-04-26T15:12:01.789+0000] {logging_mixin.py:188} INFO - [2024-04-26T15:12:01.789+0000] {dag.py:3096} INFO - Sync 1 DAGs
[2024-04-26T15:12:01.795+0000] {logging_mixin.py:188} INFO - [2024-04-26T15:12:01.795+0000] {dag.py:3954} INFO - Setting next_dagrun for example_sensors to None, run_after=None
[2024-04-26T15:12:01.838+0000] {processor.py:183} INFO - Processing /usr/local/python/3.10.13/lib/python3.10/site-packages/airflow/example_dags/example_sensors.py took 0.204 seconds
[2024-04-26T15:12:54.695+0000] {processor.py:161} INFO - Started process (PID=58294) to work on /usr/local/python/3.10.13/lib/python3.10/site-packages/airflow/example_dags/example_sensors.py
[2024-04-26T15:12:54.695+0000] {processor.py:830} INFO - Processing file /usr/local/python/3.10.13/lib/python3.10/site-packages/airflow/example_dags/example_sensors.py for tasks to queue
[2024-04-26T15:12:54.697+0000] {logging_mixin.py:188} INFO - [2024-04-26T15:12:54.696+0000] {dagbag.py:540} INFO - Filling up the DagBag from /usr/local/python/3.10.13/lib/python3.10/site-packages/airflow/example_dags/example_sensors.py
[2024-04-26T15:12:54.704+0000] {processor.py:840} INFO - DAG(s) 'example_sensors' retrieved from /usr/local/python/3.10.13/lib/python3.10/site-packages/airflow/example_dags/example_sensors.py
[2024-04-26T15:12:54.720+0000] {logging_mixin.py:188} INFO - [2024-04-26T15:12:54.720+0000] {dag.py:3096} INFO - Sync 1 DAGs
[2024-04-26T15:12:54.729+0000] {logging_mixin.py:188} INFO - [2024-04-26T15:12:54.729+0000] {dag.py:3954} INFO - Setting next_dagrun for example_sensors to None, run_after=None
[2024-04-26T15:12:54.767+0000] {processor.py:183} INFO - Processing /usr/local/python/3.10.13/lib/python3.10/site-packages/airflow/example_dags/example_sensors.py took 0.077 seconds
