[2024-04-26T15:10:35.631+0000] {processor.py:161} INFO - Started process (PID=56564) to work on /usr/local/python/3.10.13/lib/python3.10/site-packages/airflow/example_dags/example_xcom.py
[2024-04-26T15:10:35.632+0000] {processor.py:830} INFO - Processing file /usr/local/python/3.10.13/lib/python3.10/site-packages/airflow/example_dags/example_xcom.py for tasks to queue
[2024-04-26T15:10:35.633+0000] {logging_mixin.py:188} INFO - [2024-04-26T15:10:35.633+0000] {dagbag.py:540} INFO - Filling up the DagBag from /usr/local/python/3.10.13/lib/python3.10/site-packages/airflow/example_dags/example_xcom.py
[2024-04-26T15:10:35.639+0000] {processor.py:840} INFO - DAG(s) 'example_xcom' retrieved from /usr/local/python/3.10.13/lib/python3.10/site-packages/airflow/example_dags/example_xcom.py
[2024-04-26T15:10:35.830+0000] {logging_mixin.py:188} INFO - [2024-04-26T15:10:35.830+0000] {override.py:1829} INFO - Created Permission View: can read on DAG:example_xcom
[2024-04-26T15:10:35.858+0000] {logging_mixin.py:188} INFO - [2024-04-26T15:10:35.858+0000] {override.py:1829} INFO - Created Permission View: can edit on DAG:example_xcom
[2024-04-26T15:10:35.884+0000] {logging_mixin.py:188} INFO - [2024-04-26T15:10:35.883+0000] {override.py:1829} INFO - Created Permission View: can delete on DAG:example_xcom
[2024-04-26T15:10:35.884+0000] {logging_mixin.py:188} INFO - [2024-04-26T15:10:35.884+0000] {dag.py:3096} INFO - Sync 1 DAGs
[2024-04-26T15:10:35.892+0000] {logging_mixin.py:188} INFO - [2024-04-26T15:10:35.892+0000] {dag.py:3118} INFO - Creating ORM DAG for example_xcom
[2024-04-26T15:10:35.898+0000] {logging_mixin.py:188} INFO - [2024-04-26T15:10:35.898+0000] {dag.py:3954} INFO - Setting next_dagrun for example_xcom to 2021-01-01 00:00:00+00:00, run_after=2021-01-01 00:00:00+00:00
[2024-04-26T15:10:35.938+0000] {processor.py:183} INFO - Processing /usr/local/python/3.10.13/lib/python3.10/site-packages/airflow/example_dags/example_xcom.py took 0.312 seconds
[2024-04-26T15:12:08.908+0000] {processor.py:161} INFO - Started process (PID=57849) to work on /usr/local/python/3.10.13/lib/python3.10/site-packages/airflow/example_dags/example_xcom.py
[2024-04-26T15:12:08.908+0000] {processor.py:830} INFO - Processing file /usr/local/python/3.10.13/lib/python3.10/site-packages/airflow/example_dags/example_xcom.py for tasks to queue
[2024-04-26T15:12:08.910+0000] {logging_mixin.py:188} INFO - [2024-04-26T15:12:08.909+0000] {dagbag.py:540} INFO - Filling up the DagBag from /usr/local/python/3.10.13/lib/python3.10/site-packages/airflow/example_dags/example_xcom.py
[2024-04-26T15:12:08.916+0000] {processor.py:840} INFO - DAG(s) 'example_xcom' retrieved from /usr/local/python/3.10.13/lib/python3.10/site-packages/airflow/example_dags/example_xcom.py
[2024-04-26T15:12:09.106+0000] {logging_mixin.py:188} INFO - [2024-04-26T15:12:09.106+0000] {dag.py:3096} INFO - Sync 1 DAGs
[2024-04-26T15:12:09.117+0000] {logging_mixin.py:188} INFO - [2024-04-26T15:12:09.116+0000] {dag.py:3954} INFO - Setting next_dagrun for example_xcom to 2021-01-01 00:00:00+00:00, run_after=2021-01-01 00:00:00+00:00
[2024-04-26T15:12:09.153+0000] {processor.py:183} INFO - Processing /usr/local/python/3.10.13/lib/python3.10/site-packages/airflow/example_dags/example_xcom.py took 0.250 seconds
[2024-04-26T15:13:01.618+0000] {processor.py:161} INFO - Started process (PID=58352) to work on /usr/local/python/3.10.13/lib/python3.10/site-packages/airflow/example_dags/example_xcom.py
[2024-04-26T15:13:01.619+0000] {processor.py:830} INFO - Processing file /usr/local/python/3.10.13/lib/python3.10/site-packages/airflow/example_dags/example_xcom.py for tasks to queue
[2024-04-26T15:13:01.620+0000] {logging_mixin.py:188} INFO - [2024-04-26T15:13:01.620+0000] {dagbag.py:540} INFO - Filling up the DagBag from /usr/local/python/3.10.13/lib/python3.10/site-packages/airflow/example_dags/example_xcom.py
[2024-04-26T15:13:01.626+0000] {processor.py:840} INFO - DAG(s) 'example_xcom' retrieved from /usr/local/python/3.10.13/lib/python3.10/site-packages/airflow/example_dags/example_xcom.py
[2024-04-26T15:13:01.639+0000] {logging_mixin.py:188} INFO - [2024-04-26T15:13:01.639+0000] {dag.py:3096} INFO - Sync 1 DAGs
[2024-04-26T15:13:01.654+0000] {logging_mixin.py:188} INFO - [2024-04-26T15:13:01.654+0000] {dag.py:3954} INFO - Setting next_dagrun for example_xcom to 2021-01-01 00:00:00+00:00, run_after=2021-01-01 00:00:00+00:00
[2024-04-26T15:13:01.692+0000] {processor.py:183} INFO - Processing /usr/local/python/3.10.13/lib/python3.10/site-packages/airflow/example_dags/example_xcom.py took 0.078 seconds
