[2024-04-26T15:10:45.158+0000] {processor.py:161} INFO - Started process (PID=56654) to work on /usr/local/python/3.10.13/lib/python3.10/site-packages/airflow/example_dags/example_branch_operator_decorator.py
[2024-04-26T15:10:45.158+0000] {processor.py:830} INFO - Processing file /usr/local/python/3.10.13/lib/python3.10/site-packages/airflow/example_dags/example_branch_operator_decorator.py for tasks to queue
[2024-04-26T15:10:45.160+0000] {logging_mixin.py:188} INFO - [2024-04-26T15:10:45.160+0000] {dagbag.py:540} INFO - Filling up the DagBag from /usr/local/python/3.10.13/lib/python3.10/site-packages/airflow/example_dags/example_branch_operator_decorator.py
[2024-04-26T15:10:45.260+0000] {processor.py:840} INFO - DAG(s) 'example_branch_python_operator_decorator' retrieved from /usr/local/python/3.10.13/lib/python3.10/site-packages/airflow/example_dags/example_branch_operator_decorator.py
[2024-04-26T15:10:45.395+0000] {logging_mixin.py:188} INFO - [2024-04-26T15:10:45.395+0000] {override.py:1829} INFO - Created Permission View: can read on DAG:example_branch_python_operator_decorator
[2024-04-26T15:10:45.426+0000] {logging_mixin.py:188} INFO - [2024-04-26T15:10:45.425+0000] {override.py:1829} INFO - Created Permission View: can edit on DAG:example_branch_python_operator_decorator
[2024-04-26T15:10:45.453+0000] {logging_mixin.py:188} INFO - [2024-04-26T15:10:45.453+0000] {override.py:1829} INFO - Created Permission View: can delete on DAG:example_branch_python_operator_decorator
[2024-04-26T15:10:45.454+0000] {logging_mixin.py:188} INFO - [2024-04-26T15:10:45.454+0000] {dag.py:3096} INFO - Sync 1 DAGs
[2024-04-26T15:10:45.461+0000] {logging_mixin.py:188} INFO - [2024-04-26T15:10:45.461+0000] {dag.py:3118} INFO - Creating ORM DAG for example_branch_python_operator_decorator
[2024-04-26T15:10:45.468+0000] {logging_mixin.py:188} INFO - [2024-04-26T15:10:45.468+0000] {dag.py:3954} INFO - Setting next_dagrun for example_branch_python_operator_decorator to 2024-04-25 00:00:00+00:00, run_after=2024-04-26 00:00:00+00:00
[2024-04-26T15:10:45.511+0000] {processor.py:183} INFO - Processing /usr/local/python/3.10.13/lib/python3.10/site-packages/airflow/example_dags/example_branch_operator_decorator.py took 0.358 seconds
[2024-04-26T15:12:16.216+0000] {processor.py:161} INFO - Started process (PID=57958) to work on /usr/local/python/3.10.13/lib/python3.10/site-packages/airflow/example_dags/example_branch_operator_decorator.py
[2024-04-26T15:12:16.217+0000] {processor.py:830} INFO - Processing file /usr/local/python/3.10.13/lib/python3.10/site-packages/airflow/example_dags/example_branch_operator_decorator.py for tasks to queue
[2024-04-26T15:12:16.218+0000] {logging_mixin.py:188} INFO - [2024-04-26T15:12:16.218+0000] {dagbag.py:540} INFO - Filling up the DagBag from /usr/local/python/3.10.13/lib/python3.10/site-packages/airflow/example_dags/example_branch_operator_decorator.py
[2024-04-26T15:12:16.308+0000] {processor.py:840} INFO - DAG(s) 'example_branch_python_operator_decorator' retrieved from /usr/local/python/3.10.13/lib/python3.10/site-packages/airflow/example_dags/example_branch_operator_decorator.py
[2024-04-26T15:12:16.376+0000] {logging_mixin.py:188} INFO - [2024-04-26T15:12:16.376+0000] {dag.py:3096} INFO - Sync 1 DAGs
[2024-04-26T15:12:16.388+0000] {logging_mixin.py:188} INFO - [2024-04-26T15:12:16.388+0000] {dag.py:3954} INFO - Setting next_dagrun for example_branch_python_operator_decorator to 2024-04-25 00:00:00+00:00, run_after=2024-04-26 00:00:00+00:00
[2024-04-26T15:12:16.441+0000] {processor.py:183} INFO - Processing /usr/local/python/3.10.13/lib/python3.10/site-packages/airflow/example_dags/example_branch_operator_decorator.py took 0.230 seconds
[2024-04-26T15:13:07.388+0000] {processor.py:161} INFO - Started process (PID=58411) to work on /usr/local/python/3.10.13/lib/python3.10/site-packages/airflow/example_dags/example_branch_operator_decorator.py
[2024-04-26T15:13:07.389+0000] {processor.py:830} INFO - Processing file /usr/local/python/3.10.13/lib/python3.10/site-packages/airflow/example_dags/example_branch_operator_decorator.py for tasks to queue
[2024-04-26T15:13:07.390+0000] {logging_mixin.py:188} INFO - [2024-04-26T15:13:07.390+0000] {dagbag.py:540} INFO - Filling up the DagBag from /usr/local/python/3.10.13/lib/python3.10/site-packages/airflow/example_dags/example_branch_operator_decorator.py
[2024-04-26T15:13:07.412+0000] {processor.py:840} INFO - DAG(s) 'example_branch_python_operator_decorator' retrieved from /usr/local/python/3.10.13/lib/python3.10/site-packages/airflow/example_dags/example_branch_operator_decorator.py
[2024-04-26T15:13:07.435+0000] {logging_mixin.py:188} INFO - [2024-04-26T15:13:07.435+0000] {dag.py:3096} INFO - Sync 1 DAGs
[2024-04-26T15:13:07.450+0000] {logging_mixin.py:188} INFO - [2024-04-26T15:13:07.450+0000] {dag.py:3954} INFO - Setting next_dagrun for example_branch_python_operator_decorator to 2024-04-25 00:00:00+00:00, run_after=2024-04-26 00:00:00+00:00
[2024-04-26T15:13:07.486+0000] {processor.py:183} INFO - Processing /usr/local/python/3.10.13/lib/python3.10/site-packages/airflow/example_dags/example_branch_operator_decorator.py took 0.105 seconds
