[2024-04-26T15:10:40.832+0000] {processor.py:161} INFO - Started process (PID=56596) to work on /usr/local/python/3.10.13/lib/python3.10/site-packages/airflow/example_dags/example_dynamic_task_mapping_with_no_taskflow_operators.py
[2024-04-26T15:10:40.833+0000] {processor.py:830} INFO - Processing file /usr/local/python/3.10.13/lib/python3.10/site-packages/airflow/example_dags/example_dynamic_task_mapping_with_no_taskflow_operators.py for tasks to queue
[2024-04-26T15:10:40.834+0000] {logging_mixin.py:188} INFO - [2024-04-26T15:10:40.834+0000] {dagbag.py:540} INFO - Filling up the DagBag from /usr/local/python/3.10.13/lib/python3.10/site-packages/airflow/example_dags/example_dynamic_task_mapping_with_no_taskflow_operators.py
[2024-04-26T15:10:40.839+0000] {processor.py:840} INFO - DAG(s) 'example_dynamic_task_mapping_with_no_taskflow_operators' retrieved from /usr/local/python/3.10.13/lib/python3.10/site-packages/airflow/example_dags/example_dynamic_task_mapping_with_no_taskflow_operators.py
[2024-04-26T15:10:41.025+0000] {logging_mixin.py:188} INFO - [2024-04-26T15:10:41.024+0000] {override.py:1829} INFO - Created Permission View: can read on DAG:example_dynamic_task_mapping_with_no_taskflow_operators
[2024-04-26T15:10:41.055+0000] {logging_mixin.py:188} INFO - [2024-04-26T15:10:41.054+0000] {override.py:1829} INFO - Created Permission View: can edit on DAG:example_dynamic_task_mapping_with_no_taskflow_operators
[2024-04-26T15:10:41.082+0000] {logging_mixin.py:188} INFO - [2024-04-26T15:10:41.081+0000] {override.py:1829} INFO - Created Permission View: can delete on DAG:example_dynamic_task_mapping_with_no_taskflow_operators
[2024-04-26T15:10:41.082+0000] {logging_mixin.py:188} INFO - [2024-04-26T15:10:41.082+0000] {dag.py:3096} INFO - Sync 1 DAGs
[2024-04-26T15:10:41.089+0000] {logging_mixin.py:188} INFO - [2024-04-26T15:10:41.089+0000] {dag.py:3118} INFO - Creating ORM DAG for example_dynamic_task_mapping_with_no_taskflow_operators
[2024-04-26T15:10:41.096+0000] {logging_mixin.py:188} INFO - [2024-04-26T15:10:41.096+0000] {dag.py:3954} INFO - Setting next_dagrun for example_dynamic_task_mapping_with_no_taskflow_operators to 2024-04-25 00:00:00+00:00, run_after=2024-04-26 00:00:00+00:00
[2024-04-26T15:10:41.136+0000] {processor.py:183} INFO - Processing /usr/local/python/3.10.13/lib/python3.10/site-packages/airflow/example_dags/example_dynamic_task_mapping_with_no_taskflow_operators.py took 0.308 seconds
[2024-04-26T15:12:13.276+0000] {processor.py:161} INFO - Started process (PID=57896) to work on /usr/local/python/3.10.13/lib/python3.10/site-packages/airflow/example_dags/example_dynamic_task_mapping_with_no_taskflow_operators.py
[2024-04-26T15:12:13.276+0000] {processor.py:830} INFO - Processing file /usr/local/python/3.10.13/lib/python3.10/site-packages/airflow/example_dags/example_dynamic_task_mapping_with_no_taskflow_operators.py for tasks to queue
[2024-04-26T15:12:13.278+0000] {logging_mixin.py:188} INFO - [2024-04-26T15:12:13.278+0000] {dagbag.py:540} INFO - Filling up the DagBag from /usr/local/python/3.10.13/lib/python3.10/site-packages/airflow/example_dags/example_dynamic_task_mapping_with_no_taskflow_operators.py
[2024-04-26T15:12:13.284+0000] {processor.py:840} INFO - DAG(s) 'example_dynamic_task_mapping_with_no_taskflow_operators' retrieved from /usr/local/python/3.10.13/lib/python3.10/site-packages/airflow/example_dags/example_dynamic_task_mapping_with_no_taskflow_operators.py
[2024-04-26T15:12:13.418+0000] {logging_mixin.py:188} INFO - [2024-04-26T15:12:13.418+0000] {dag.py:3096} INFO - Sync 1 DAGs
[2024-04-26T15:12:13.432+0000] {logging_mixin.py:188} INFO - [2024-04-26T15:12:13.432+0000] {dag.py:3954} INFO - Setting next_dagrun for example_dynamic_task_mapping_with_no_taskflow_operators to 2024-04-25 00:00:00+00:00, run_after=2024-04-26 00:00:00+00:00
[2024-04-26T15:12:13.470+0000] {processor.py:183} INFO - Processing /usr/local/python/3.10.13/lib/python3.10/site-packages/airflow/example_dags/example_dynamic_task_mapping_with_no_taskflow_operators.py took 0.199 seconds
[2024-04-26T15:13:04.827+0000] {processor.py:161} INFO - Started process (PID=58372) to work on /usr/local/python/3.10.13/lib/python3.10/site-packages/airflow/example_dags/example_dynamic_task_mapping_with_no_taskflow_operators.py
[2024-04-26T15:13:04.828+0000] {processor.py:830} INFO - Processing file /usr/local/python/3.10.13/lib/python3.10/site-packages/airflow/example_dags/example_dynamic_task_mapping_with_no_taskflow_operators.py for tasks to queue
[2024-04-26T15:13:04.829+0000] {logging_mixin.py:188} INFO - [2024-04-26T15:13:04.829+0000] {dagbag.py:540} INFO - Filling up the DagBag from /usr/local/python/3.10.13/lib/python3.10/site-packages/airflow/example_dags/example_dynamic_task_mapping_with_no_taskflow_operators.py
[2024-04-26T15:13:04.834+0000] {processor.py:840} INFO - DAG(s) 'example_dynamic_task_mapping_with_no_taskflow_operators' retrieved from /usr/local/python/3.10.13/lib/python3.10/site-packages/airflow/example_dags/example_dynamic_task_mapping_with_no_taskflow_operators.py
[2024-04-26T15:13:04.846+0000] {logging_mixin.py:188} INFO - [2024-04-26T15:13:04.846+0000] {dag.py:3096} INFO - Sync 1 DAGs
[2024-04-26T15:13:04.861+0000] {logging_mixin.py:188} INFO - [2024-04-26T15:13:04.860+0000] {dag.py:3954} INFO - Setting next_dagrun for example_dynamic_task_mapping_with_no_taskflow_operators to 2024-04-25 00:00:00+00:00, run_after=2024-04-26 00:00:00+00:00
[2024-04-26T15:13:04.899+0000] {processor.py:183} INFO - Processing /usr/local/python/3.10.13/lib/python3.10/site-packages/airflow/example_dags/example_dynamic_task_mapping_with_no_taskflow_operators.py took 0.077 seconds
