[2024-04-26T15:10:08.980+0000] {processor.py:161} INFO - Started process (PID=56298) to work on /usr/local/python/3.10.13/lib/python3.10/site-packages/airflow/example_dags/example_python_decorator.py
[2024-04-26T15:10:08.981+0000] {processor.py:830} INFO - Processing file /usr/local/python/3.10.13/lib/python3.10/site-packages/airflow/example_dags/example_python_decorator.py for tasks to queue
[2024-04-26T15:10:08.982+0000] {logging_mixin.py:188} INFO - [2024-04-26T15:10:08.982+0000] {dagbag.py:540} INFO - Filling up the DagBag from /usr/local/python/3.10.13/lib/python3.10/site-packages/airflow/example_dags/example_python_decorator.py
[2024-04-26T15:10:08.994+0000] {processor.py:840} INFO - DAG(s) 'example_python_decorator' retrieved from /usr/local/python/3.10.13/lib/python3.10/site-packages/airflow/example_dags/example_python_decorator.py
[2024-04-26T15:10:09.186+0000] {logging_mixin.py:188} INFO - [2024-04-26T15:10:09.185+0000] {override.py:1829} INFO - Created Permission View: can read on DAG:example_python_decorator
[2024-04-26T15:10:09.216+0000] {logging_mixin.py:188} INFO - [2024-04-26T15:10:09.216+0000] {override.py:1829} INFO - Created Permission View: can edit on DAG:example_python_decorator
[2024-04-26T15:10:09.242+0000] {logging_mixin.py:188} INFO - [2024-04-26T15:10:09.242+0000] {override.py:1829} INFO - Created Permission View: can delete on DAG:example_python_decorator
[2024-04-26T15:10:09.243+0000] {logging_mixin.py:188} INFO - [2024-04-26T15:10:09.243+0000] {dag.py:3096} INFO - Sync 1 DAGs
[2024-04-26T15:10:09.251+0000] {logging_mixin.py:188} INFO - [2024-04-26T15:10:09.251+0000] {dag.py:3118} INFO - Creating ORM DAG for example_python_decorator
[2024-04-26T15:10:09.252+0000] {logging_mixin.py:188} INFO - [2024-04-26T15:10:09.252+0000] {dag.py:3954} INFO - Setting next_dagrun for example_python_decorator to None, run_after=None
[2024-04-26T15:10:09.292+0000] {processor.py:183} INFO - Processing /usr/local/python/3.10.13/lib/python3.10/site-packages/airflow/example_dags/example_python_decorator.py took 0.316 seconds
[2024-04-26T15:11:44.656+0000] {processor.py:161} INFO - Started process (PID=57442) to work on /usr/local/python/3.10.13/lib/python3.10/site-packages/airflow/example_dags/example_python_decorator.py
[2024-04-26T15:11:44.656+0000] {processor.py:830} INFO - Processing file /usr/local/python/3.10.13/lib/python3.10/site-packages/airflow/example_dags/example_python_decorator.py for tasks to queue
[2024-04-26T15:11:44.658+0000] {logging_mixin.py:188} INFO - [2024-04-26T15:11:44.657+0000] {dagbag.py:540} INFO - Filling up the DagBag from /usr/local/python/3.10.13/lib/python3.10/site-packages/airflow/example_dags/example_python_decorator.py
[2024-04-26T15:11:44.670+0000] {processor.py:840} INFO - DAG(s) 'example_python_decorator' retrieved from /usr/local/python/3.10.13/lib/python3.10/site-packages/airflow/example_dags/example_python_decorator.py
[2024-04-26T15:11:44.676+0000] {logging_mixin.py:188} INFO - [2024-04-26T15:11:44.676+0000] {dag.py:3096} INFO - Sync 1 DAGs
[2024-04-26T15:11:44.685+0000] {logging_mixin.py:188} INFO - [2024-04-26T15:11:44.685+0000] {dag.py:3954} INFO - Setting next_dagrun for example_python_decorator to None, run_after=None
[2024-04-26T15:11:44.723+0000] {processor.py:183} INFO - Processing /usr/local/python/3.10.13/lib/python3.10/site-packages/airflow/example_dags/example_python_decorator.py took 0.073 seconds
[2024-04-26T15:12:39.568+0000] {processor.py:161} INFO - Started process (PID=58188) to work on /usr/local/python/3.10.13/lib/python3.10/site-packages/airflow/example_dags/example_python_decorator.py
[2024-04-26T15:12:39.569+0000] {processor.py:830} INFO - Processing file /usr/local/python/3.10.13/lib/python3.10/site-packages/airflow/example_dags/example_python_decorator.py for tasks to queue
[2024-04-26T15:12:39.570+0000] {logging_mixin.py:188} INFO - [2024-04-26T15:12:39.570+0000] {dagbag.py:540} INFO - Filling up the DagBag from /usr/local/python/3.10.13/lib/python3.10/site-packages/airflow/example_dags/example_python_decorator.py
[2024-04-26T15:12:39.583+0000] {processor.py:840} INFO - DAG(s) 'example_python_decorator' retrieved from /usr/local/python/3.10.13/lib/python3.10/site-packages/airflow/example_dags/example_python_decorator.py
[2024-04-26T15:12:39.661+0000] {logging_mixin.py:188} INFO - [2024-04-26T15:12:39.661+0000] {dag.py:3096} INFO - Sync 1 DAGs
[2024-04-26T15:12:39.669+0000] {logging_mixin.py:188} INFO - [2024-04-26T15:12:39.669+0000] {dag.py:3954} INFO - Setting next_dagrun for example_python_decorator to None, run_after=None
[2024-04-26T15:12:39.707+0000] {processor.py:183} INFO - Processing /usr/local/python/3.10.13/lib/python3.10/site-packages/airflow/example_dags/example_python_decorator.py took 0.146 seconds
