[2024-04-26T15:10:37.091+0000] {processor.py:161} INFO - Started process (PID=56575) to work on /usr/local/python/3.10.13/lib/python3.10/site-packages/airflow/example_dags/example_sla_dag.py
[2024-04-26T15:10:37.091+0000] {processor.py:830} INFO - Processing file /usr/local/python/3.10.13/lib/python3.10/site-packages/airflow/example_dags/example_sla_dag.py for tasks to queue
[2024-04-26T15:10:37.093+0000] {logging_mixin.py:188} INFO - [2024-04-26T15:10:37.092+0000] {dagbag.py:540} INFO - Filling up the DagBag from /usr/local/python/3.10.13/lib/python3.10/site-packages/airflow/example_dags/example_sla_dag.py
[2024-04-26T15:10:37.100+0000] {processor.py:840} INFO - DAG(s) 'example_sla_dag' retrieved from /usr/local/python/3.10.13/lib/python3.10/site-packages/airflow/example_dags/example_sla_dag.py
[2024-04-26T15:10:37.281+0000] {logging_mixin.py:188} INFO - [2024-04-26T15:10:37.280+0000] {override.py:1829} INFO - Created Permission View: can read on DAG:example_sla_dag
[2024-04-26T15:10:37.309+0000] {logging_mixin.py:188} INFO - [2024-04-26T15:10:37.309+0000] {override.py:1829} INFO - Created Permission View: can edit on DAG:example_sla_dag
[2024-04-26T15:10:37.336+0000] {logging_mixin.py:188} INFO - [2024-04-26T15:10:37.335+0000] {override.py:1829} INFO - Created Permission View: can delete on DAG:example_sla_dag
[2024-04-26T15:10:37.336+0000] {logging_mixin.py:188} INFO - [2024-04-26T15:10:37.336+0000] {dag.py:3096} INFO - Sync 1 DAGs
[2024-04-26T15:10:37.343+0000] {logging_mixin.py:188} INFO - [2024-04-26T15:10:37.343+0000] {dag.py:3118} INFO - Creating ORM DAG for example_sla_dag
[2024-04-26T15:10:37.352+0000] {logging_mixin.py:188} INFO - [2024-04-26T15:10:37.351+0000] {dag.py:3954} INFO - Setting next_dagrun for example_sla_dag to 2024-04-26 15:08:00+00:00, run_after=2024-04-26 15:10:00+00:00
[2024-04-26T15:10:37.391+0000] {processor.py:183} INFO - Processing /usr/local/python/3.10.13/lib/python3.10/site-packages/airflow/example_dags/example_sla_dag.py took 0.305 seconds
[2024-04-26T15:12:09.596+0000] {processor.py:161} INFO - Started process (PID=57850) to work on /usr/local/python/3.10.13/lib/python3.10/site-packages/airflow/example_dags/example_sla_dag.py
[2024-04-26T15:12:09.597+0000] {processor.py:830} INFO - Processing file /usr/local/python/3.10.13/lib/python3.10/site-packages/airflow/example_dags/example_sla_dag.py for tasks to queue
[2024-04-26T15:12:09.598+0000] {logging_mixin.py:188} INFO - [2024-04-26T15:12:09.598+0000] {dagbag.py:540} INFO - Filling up the DagBag from /usr/local/python/3.10.13/lib/python3.10/site-packages/airflow/example_dags/example_sla_dag.py
[2024-04-26T15:12:09.605+0000] {processor.py:840} INFO - DAG(s) 'example_sla_dag' retrieved from /usr/local/python/3.10.13/lib/python3.10/site-packages/airflow/example_dags/example_sla_dag.py
[2024-04-26T15:12:09.737+0000] {logging_mixin.py:188} INFO - [2024-04-26T15:12:09.736+0000] {dag.py:3096} INFO - Sync 1 DAGs
[2024-04-26T15:12:09.750+0000] {logging_mixin.py:188} INFO - [2024-04-26T15:12:09.750+0000] {dag.py:3954} INFO - Setting next_dagrun for example_sla_dag to 2024-04-26 15:10:00+00:00, run_after=2024-04-26 15:12:00+00:00
[2024-04-26T15:12:09.787+0000] {processor.py:183} INFO - Processing /usr/local/python/3.10.13/lib/python3.10/site-packages/airflow/example_dags/example_sla_dag.py took 0.196 seconds
[2024-04-26T15:13:02.223+0000] {processor.py:161} INFO - Started process (PID=58363) to work on /usr/local/python/3.10.13/lib/python3.10/site-packages/airflow/example_dags/example_sla_dag.py
[2024-04-26T15:13:02.224+0000] {processor.py:830} INFO - Processing file /usr/local/python/3.10.13/lib/python3.10/site-packages/airflow/example_dags/example_sla_dag.py for tasks to queue
[2024-04-26T15:13:02.225+0000] {logging_mixin.py:188} INFO - [2024-04-26T15:13:02.225+0000] {dagbag.py:540} INFO - Filling up the DagBag from /usr/local/python/3.10.13/lib/python3.10/site-packages/airflow/example_dags/example_sla_dag.py
[2024-04-26T15:13:02.232+0000] {processor.py:840} INFO - DAG(s) 'example_sla_dag' retrieved from /usr/local/python/3.10.13/lib/python3.10/site-packages/airflow/example_dags/example_sla_dag.py
[2024-04-26T15:13:02.244+0000] {logging_mixin.py:188} INFO - [2024-04-26T15:13:02.244+0000] {dag.py:3096} INFO - Sync 1 DAGs
[2024-04-26T15:13:02.261+0000] {logging_mixin.py:188} INFO - [2024-04-26T15:13:02.261+0000] {dag.py:3954} INFO - Setting next_dagrun for example_sla_dag to 2024-04-26 15:10:00+00:00, run_after=2024-04-26 15:12:00+00:00
[2024-04-26T15:13:02.298+0000] {processor.py:183} INFO - Processing /usr/local/python/3.10.13/lib/python3.10/site-packages/airflow/example_dags/example_sla_dag.py took 0.080 seconds
