[2024-04-26T15:10:12.364+0000] {processor.py:161} INFO - Started process (PID=56379) to work on /usr/local/python/3.10.13/lib/python3.10/site-packages/airflow/example_dags/example_params_ui_tutorial.py
[2024-04-26T15:10:12.364+0000] {processor.py:830} INFO - Processing file /usr/local/python/3.10.13/lib/python3.10/site-packages/airflow/example_dags/example_params_ui_tutorial.py for tasks to queue
[2024-04-26T15:10:12.366+0000] {logging_mixin.py:188} INFO - [2024-04-26T15:10:12.366+0000] {dagbag.py:540} INFO - Filling up the DagBag from /usr/local/python/3.10.13/lib/python3.10/site-packages/airflow/example_dags/example_params_ui_tutorial.py
[2024-04-26T15:10:12.375+0000] {processor.py:840} INFO - DAG(s) 'example_params_ui_tutorial' retrieved from /usr/local/python/3.10.13/lib/python3.10/site-packages/airflow/example_dags/example_params_ui_tutorial.py
[2024-04-26T15:10:12.591+0000] {logging_mixin.py:188} INFO - [2024-04-26T15:10:12.591+0000] {override.py:1829} INFO - Created Permission View: can read on DAG:example_params_ui_tutorial
[2024-04-26T15:10:12.621+0000] {logging_mixin.py:188} INFO - [2024-04-26T15:10:12.621+0000] {override.py:1829} INFO - Created Permission View: can edit on DAG:example_params_ui_tutorial
[2024-04-26T15:10:12.647+0000] {logging_mixin.py:188} INFO - [2024-04-26T15:10:12.647+0000] {override.py:1829} INFO - Created Permission View: can delete on DAG:example_params_ui_tutorial
[2024-04-26T15:10:12.647+0000] {logging_mixin.py:188} INFO - [2024-04-26T15:10:12.647+0000] {dag.py:3096} INFO - Sync 1 DAGs
[2024-04-26T15:10:12.655+0000] {logging_mixin.py:188} INFO - [2024-04-26T15:10:12.655+0000] {dag.py:3118} INFO - Creating ORM DAG for example_params_ui_tutorial
[2024-04-26T15:10:12.655+0000] {logging_mixin.py:188} INFO - [2024-04-26T15:10:12.655+0000] {dag.py:3954} INFO - Setting next_dagrun for example_params_ui_tutorial to None, run_after=None
[2024-04-26T15:10:12.694+0000] {processor.py:183} INFO - Processing /usr/local/python/3.10.13/lib/python3.10/site-packages/airflow/example_dags/example_params_ui_tutorial.py took 0.336 seconds
[2024-04-26T15:11:48.251+0000] {processor.py:161} INFO - Started process (PID=57514) to work on /usr/local/python/3.10.13/lib/python3.10/site-packages/airflow/example_dags/example_params_ui_tutorial.py
[2024-04-26T15:11:48.252+0000] {processor.py:830} INFO - Processing file /usr/local/python/3.10.13/lib/python3.10/site-packages/airflow/example_dags/example_params_ui_tutorial.py for tasks to queue
[2024-04-26T15:11:48.253+0000] {logging_mixin.py:188} INFO - [2024-04-26T15:11:48.253+0000] {dagbag.py:540} INFO - Filling up the DagBag from /usr/local/python/3.10.13/lib/python3.10/site-packages/airflow/example_dags/example_params_ui_tutorial.py
[2024-04-26T15:11:48.263+0000] {processor.py:840} INFO - DAG(s) 'example_params_ui_tutorial' retrieved from /usr/local/python/3.10.13/lib/python3.10/site-packages/airflow/example_dags/example_params_ui_tutorial.py
[2024-04-26T15:11:48.269+0000] {logging_mixin.py:188} INFO - [2024-04-26T15:11:48.269+0000] {dag.py:3096} INFO - Sync 1 DAGs
[2024-04-26T15:11:48.278+0000] {logging_mixin.py:188} INFO - [2024-04-26T15:11:48.278+0000] {dag.py:3954} INFO - Setting next_dagrun for example_params_ui_tutorial to None, run_after=None
[2024-04-26T15:11:48.323+0000] {processor.py:183} INFO - Processing /usr/local/python/3.10.13/lib/python3.10/site-packages/airflow/example_dags/example_params_ui_tutorial.py took 0.077 seconds
[2024-04-26T15:12:42.462+0000] {processor.py:161} INFO - Started process (PID=58207) to work on /usr/local/python/3.10.13/lib/python3.10/site-packages/airflow/example_dags/example_params_ui_tutorial.py
[2024-04-26T15:12:42.463+0000] {processor.py:830} INFO - Processing file /usr/local/python/3.10.13/lib/python3.10/site-packages/airflow/example_dags/example_params_ui_tutorial.py for tasks to queue
[2024-04-26T15:12:42.464+0000] {logging_mixin.py:188} INFO - [2024-04-26T15:12:42.464+0000] {dagbag.py:540} INFO - Filling up the DagBag from /usr/local/python/3.10.13/lib/python3.10/site-packages/airflow/example_dags/example_params_ui_tutorial.py
[2024-04-26T15:12:42.474+0000] {processor.py:840} INFO - DAG(s) 'example_params_ui_tutorial' retrieved from /usr/local/python/3.10.13/lib/python3.10/site-packages/airflow/example_dags/example_params_ui_tutorial.py
[2024-04-26T15:12:42.569+0000] {logging_mixin.py:188} INFO - [2024-04-26T15:12:42.569+0000] {dag.py:3096} INFO - Sync 1 DAGs
[2024-04-26T15:12:42.576+0000] {logging_mixin.py:188} INFO - [2024-04-26T15:12:42.576+0000] {dag.py:3954} INFO - Setting next_dagrun for example_params_ui_tutorial to None, run_after=None
[2024-04-26T15:12:42.614+0000] {processor.py:183} INFO - Processing /usr/local/python/3.10.13/lib/python3.10/site-packages/airflow/example_dags/example_params_ui_tutorial.py took 0.157 seconds
