[2024-04-26T15:10:39.674+0000] {processor.py:161} INFO - Started process (PID=56583) to work on /usr/local/python/3.10.13/lib/python3.10/site-packages/airflow/example_dags/example_external_task_marker_dag.py
[2024-04-26T15:10:39.675+0000] {processor.py:830} INFO - Processing file /usr/local/python/3.10.13/lib/python3.10/site-packages/airflow/example_dags/example_external_task_marker_dag.py for tasks to queue
[2024-04-26T15:10:39.677+0000] {logging_mixin.py:188} INFO - [2024-04-26T15:10:39.676+0000] {dagbag.py:540} INFO - Filling up the DagBag from /usr/local/python/3.10.13/lib/python3.10/site-packages/airflow/example_dags/example_external_task_marker_dag.py
[2024-04-26T15:10:39.682+0000] {processor.py:840} INFO - DAG(s) 'example_external_task_marker_child', 'example_external_task_marker_parent' retrieved from /usr/local/python/3.10.13/lib/python3.10/site-packages/airflow/example_dags/example_external_task_marker_dag.py
[2024-04-26T15:10:39.869+0000] {logging_mixin.py:188} INFO - [2024-04-26T15:10:39.869+0000] {override.py:1829} INFO - Created Permission View: can read on DAG:example_external_task_marker_child
[2024-04-26T15:10:39.897+0000] {logging_mixin.py:188} INFO - [2024-04-26T15:10:39.897+0000] {override.py:1829} INFO - Created Permission View: can edit on DAG:example_external_task_marker_child
[2024-04-26T15:10:39.923+0000] {logging_mixin.py:188} INFO - [2024-04-26T15:10:39.923+0000] {override.py:1829} INFO - Created Permission View: can delete on DAG:example_external_task_marker_child
[2024-04-26T15:10:39.976+0000] {logging_mixin.py:188} INFO - [2024-04-26T15:10:39.976+0000] {override.py:1829} INFO - Created Permission View: can read on DAG:example_external_task_marker_parent
[2024-04-26T15:10:40.001+0000] {logging_mixin.py:188} INFO - [2024-04-26T15:10:40.001+0000] {override.py:1829} INFO - Created Permission View: can edit on DAG:example_external_task_marker_parent
[2024-04-26T15:10:40.027+0000] {logging_mixin.py:188} INFO - [2024-04-26T15:10:40.027+0000] {override.py:1829} INFO - Created Permission View: can delete on DAG:example_external_task_marker_parent
[2024-04-26T15:10:40.027+0000] {logging_mixin.py:188} INFO - [2024-04-26T15:10:40.027+0000] {dag.py:3096} INFO - Sync 2 DAGs
[2024-04-26T15:10:40.034+0000] {logging_mixin.py:188} INFO - [2024-04-26T15:10:40.034+0000] {dag.py:3118} INFO - Creating ORM DAG for example_external_task_marker_child
[2024-04-26T15:10:40.035+0000] {logging_mixin.py:188} INFO - [2024-04-26T15:10:40.035+0000] {dag.py:3118} INFO - Creating ORM DAG for example_external_task_marker_parent
[2024-04-26T15:10:40.035+0000] {logging_mixin.py:188} INFO - [2024-04-26T15:10:40.035+0000] {dag.py:3954} INFO - Setting next_dagrun for example_external_task_marker_child to None, run_after=None
[2024-04-26T15:10:40.036+0000] {logging_mixin.py:188} INFO - [2024-04-26T15:10:40.036+0000] {dag.py:3954} INFO - Setting next_dagrun for example_external_task_marker_parent to None, run_after=None
[2024-04-26T15:10:40.075+0000] {processor.py:183} INFO - Processing /usr/local/python/3.10.13/lib/python3.10/site-packages/airflow/example_dags/example_external_task_marker_dag.py took 0.406 seconds
[2024-04-26T15:12:12.042+0000] {processor.py:161} INFO - Started process (PID=57858) to work on /usr/local/python/3.10.13/lib/python3.10/site-packages/airflow/example_dags/example_external_task_marker_dag.py
[2024-04-26T15:12:12.042+0000] {processor.py:830} INFO - Processing file /usr/local/python/3.10.13/lib/python3.10/site-packages/airflow/example_dags/example_external_task_marker_dag.py for tasks to queue
[2024-04-26T15:12:12.044+0000] {logging_mixin.py:188} INFO - [2024-04-26T15:12:12.043+0000] {dagbag.py:540} INFO - Filling up the DagBag from /usr/local/python/3.10.13/lib/python3.10/site-packages/airflow/example_dags/example_external_task_marker_dag.py
[2024-04-26T15:12:12.049+0000] {processor.py:840} INFO - DAG(s) 'example_external_task_marker_child', 'example_external_task_marker_parent' retrieved from /usr/local/python/3.10.13/lib/python3.10/site-packages/airflow/example_dags/example_external_task_marker_dag.py
[2024-04-26T15:12:12.187+0000] {logging_mixin.py:188} INFO - [2024-04-26T15:12:12.187+0000] {dag.py:3096} INFO - Sync 2 DAGs
[2024-04-26T15:12:12.193+0000] {logging_mixin.py:188} INFO - [2024-04-26T15:12:12.193+0000] {dag.py:3954} INFO - Setting next_dagrun for example_external_task_marker_child to None, run_after=None
[2024-04-26T15:12:12.195+0000] {logging_mixin.py:188} INFO - [2024-04-26T15:12:12.195+0000] {dag.py:3954} INFO - Setting next_dagrun for example_external_task_marker_parent to None, run_after=None
[2024-04-26T15:12:12.231+0000] {processor.py:183} INFO - Processing /usr/local/python/3.10.13/lib/python3.10/site-packages/airflow/example_dags/example_external_task_marker_dag.py took 0.195 seconds
[2024-04-26T15:13:04.185+0000] {processor.py:161} INFO - Started process (PID=58365) to work on /usr/local/python/3.10.13/lib/python3.10/site-packages/airflow/example_dags/example_external_task_marker_dag.py
[2024-04-26T15:13:04.186+0000] {processor.py:830} INFO - Processing file /usr/local/python/3.10.13/lib/python3.10/site-packages/airflow/example_dags/example_external_task_marker_dag.py for tasks to queue
[2024-04-26T15:13:04.187+0000] {logging_mixin.py:188} INFO - [2024-04-26T15:13:04.187+0000] {dagbag.py:540} INFO - Filling up the DagBag from /usr/local/python/3.10.13/lib/python3.10/site-packages/airflow/example_dags/example_external_task_marker_dag.py
[2024-04-26T15:13:04.192+0000] {processor.py:840} INFO - DAG(s) 'example_external_task_marker_child', 'example_external_task_marker_parent' retrieved from /usr/local/python/3.10.13/lib/python3.10/site-packages/airflow/example_dags/example_external_task_marker_dag.py
[2024-04-26T15:13:04.207+0000] {logging_mixin.py:188} INFO - [2024-04-26T15:13:04.207+0000] {dag.py:3096} INFO - Sync 2 DAGs
[2024-04-26T15:13:04.216+0000] {logging_mixin.py:188} INFO - [2024-04-26T15:13:04.216+0000] {dag.py:3954} INFO - Setting next_dagrun for example_external_task_marker_child to None, run_after=None
[2024-04-26T15:13:04.219+0000] {logging_mixin.py:188} INFO - [2024-04-26T15:13:04.219+0000] {dag.py:3954} INFO - Setting next_dagrun for example_external_task_marker_parent to None, run_after=None
[2024-04-26T15:13:04.258+0000] {processor.py:183} INFO - Processing /usr/local/python/3.10.13/lib/python3.10/site-packages/airflow/example_dags/example_external_task_marker_dag.py took 0.078 seconds
