[2024-04-26T15:10:31.837+0000] {processor.py:161} INFO - Started process (PID=56525) to work on /usr/local/python/3.10.13/lib/python3.10/site-packages/airflow/example_dags/example_sensor_decorator.py
[2024-04-26T15:10:31.838+0000] {processor.py:830} INFO - Processing file /usr/local/python/3.10.13/lib/python3.10/site-packages/airflow/example_dags/example_sensor_decorator.py for tasks to queue
[2024-04-26T15:10:31.840+0000] {logging_mixin.py:188} INFO - [2024-04-26T15:10:31.839+0000] {dagbag.py:540} INFO - Filling up the DagBag from /usr/local/python/3.10.13/lib/python3.10/site-packages/airflow/example_dags/example_sensor_decorator.py
[2024-04-26T15:10:31.845+0000] {processor.py:840} INFO - DAG(s) 'example_sensor_decorator' retrieved from /usr/local/python/3.10.13/lib/python3.10/site-packages/airflow/example_dags/example_sensor_decorator.py
[2024-04-26T15:10:32.035+0000] {logging_mixin.py:188} INFO - [2024-04-26T15:10:32.034+0000] {override.py:1829} INFO - Created Permission View: can read on DAG:example_sensor_decorator
[2024-04-26T15:10:32.064+0000] {logging_mixin.py:188} INFO - [2024-04-26T15:10:32.063+0000] {override.py:1829} INFO - Created Permission View: can edit on DAG:example_sensor_decorator
[2024-04-26T15:10:32.090+0000] {logging_mixin.py:188} INFO - [2024-04-26T15:10:32.090+0000] {override.py:1829} INFO - Created Permission View: can delete on DAG:example_sensor_decorator
[2024-04-26T15:10:32.090+0000] {logging_mixin.py:188} INFO - [2024-04-26T15:10:32.090+0000] {dag.py:3096} INFO - Sync 1 DAGs
[2024-04-26T15:10:32.098+0000] {logging_mixin.py:188} INFO - [2024-04-26T15:10:32.098+0000] {dag.py:3118} INFO - Creating ORM DAG for example_sensor_decorator
[2024-04-26T15:10:32.099+0000] {logging_mixin.py:188} INFO - [2024-04-26T15:10:32.099+0000] {dag.py:3954} INFO - Setting next_dagrun for example_sensor_decorator to None, run_after=None
[2024-04-26T15:10:32.139+0000] {processor.py:183} INFO - Processing /usr/local/python/3.10.13/lib/python3.10/site-packages/airflow/example_dags/example_sensor_decorator.py took 0.307 seconds
[2024-04-26T15:12:04.337+0000] {processor.py:161} INFO - Started process (PID=57743) to work on /usr/local/python/3.10.13/lib/python3.10/site-packages/airflow/example_dags/example_sensor_decorator.py
[2024-04-26T15:12:04.338+0000] {processor.py:830} INFO - Processing file /usr/local/python/3.10.13/lib/python3.10/site-packages/airflow/example_dags/example_sensor_decorator.py for tasks to queue
[2024-04-26T15:12:04.340+0000] {logging_mixin.py:188} INFO - [2024-04-26T15:12:04.339+0000] {dagbag.py:540} INFO - Filling up the DagBag from /usr/local/python/3.10.13/lib/python3.10/site-packages/airflow/example_dags/example_sensor_decorator.py
[2024-04-26T15:12:04.344+0000] {processor.py:840} INFO - DAG(s) 'example_sensor_decorator' retrieved from /usr/local/python/3.10.13/lib/python3.10/site-packages/airflow/example_dags/example_sensor_decorator.py
[2024-04-26T15:12:04.481+0000] {logging_mixin.py:188} INFO - [2024-04-26T15:12:04.481+0000] {dag.py:3096} INFO - Sync 1 DAGs
[2024-04-26T15:12:04.487+0000] {logging_mixin.py:188} INFO - [2024-04-26T15:12:04.487+0000] {dag.py:3954} INFO - Setting next_dagrun for example_sensor_decorator to None, run_after=None
[2024-04-26T15:12:04.525+0000] {processor.py:183} INFO - Processing /usr/local/python/3.10.13/lib/python3.10/site-packages/airflow/example_dags/example_sensor_decorator.py took 0.192 seconds
[2024-04-26T15:12:58.224+0000] {processor.py:161} INFO - Started process (PID=58337) to work on /usr/local/python/3.10.13/lib/python3.10/site-packages/airflow/example_dags/example_sensor_decorator.py
[2024-04-26T15:12:58.225+0000] {processor.py:830} INFO - Processing file /usr/local/python/3.10.13/lib/python3.10/site-packages/airflow/example_dags/example_sensor_decorator.py for tasks to queue
[2024-04-26T15:12:58.226+0000] {logging_mixin.py:188} INFO - [2024-04-26T15:12:58.226+0000] {dagbag.py:540} INFO - Filling up the DagBag from /usr/local/python/3.10.13/lib/python3.10/site-packages/airflow/example_dags/example_sensor_decorator.py
[2024-04-26T15:12:58.231+0000] {processor.py:840} INFO - DAG(s) 'example_sensor_decorator' retrieved from /usr/local/python/3.10.13/lib/python3.10/site-packages/airflow/example_dags/example_sensor_decorator.py
[2024-04-26T15:12:58.243+0000] {logging_mixin.py:188} INFO - [2024-04-26T15:12:58.243+0000] {dag.py:3096} INFO - Sync 1 DAGs
[2024-04-26T15:12:58.252+0000] {logging_mixin.py:188} INFO - [2024-04-26T15:12:58.252+0000] {dag.py:3954} INFO - Setting next_dagrun for example_sensor_decorator to None, run_after=None
[2024-04-26T15:12:58.289+0000] {processor.py:183} INFO - Processing /usr/local/python/3.10.13/lib/python3.10/site-packages/airflow/example_dags/example_sensor_decorator.py took 0.070 seconds
