[2024-04-26T15:10:49.633+0000] {processor.py:161} INFO - Started process (PID=56711) to work on /usr/local/python/3.10.13/lib/python3.10/site-packages/airflow/example_dags/example_branch_datetime_operator.py
[2024-04-26T15:10:49.633+0000] {processor.py:830} INFO - Processing file /usr/local/python/3.10.13/lib/python3.10/site-packages/airflow/example_dags/example_branch_datetime_operator.py for tasks to queue
[2024-04-26T15:10:49.635+0000] {logging_mixin.py:188} INFO - [2024-04-26T15:10:49.634+0000] {dagbag.py:540} INFO - Filling up the DagBag from /usr/local/python/3.10.13/lib/python3.10/site-packages/airflow/example_dags/example_branch_datetime_operator.py
[2024-04-26T15:10:49.726+0000] {processor.py:840} INFO - DAG(s) 'example_branch_datetime_operator', 'example_branch_datetime_operator_2', 'example_branch_datetime_operator_3' retrieved from /usr/local/python/3.10.13/lib/python3.10/site-packages/airflow/example_dags/example_branch_datetime_operator.py
[2024-04-26T15:10:49.875+0000] {logging_mixin.py:188} INFO - [2024-04-26T15:10:49.874+0000] {override.py:1829} INFO - Created Permission View: can read on DAG:example_branch_datetime_operator
[2024-04-26T15:10:49.904+0000] {logging_mixin.py:188} INFO - [2024-04-26T15:10:49.904+0000] {override.py:1829} INFO - Created Permission View: can edit on DAG:example_branch_datetime_operator
[2024-04-26T15:10:49.930+0000] {logging_mixin.py:188} INFO - [2024-04-26T15:10:49.930+0000] {override.py:1829} INFO - Created Permission View: can delete on DAG:example_branch_datetime_operator
[2024-04-26T15:10:49.991+0000] {logging_mixin.py:188} INFO - [2024-04-26T15:10:49.990+0000] {override.py:1829} INFO - Created Permission View: can read on DAG:example_branch_datetime_operator_2
[2024-04-26T15:10:50.017+0000] {logging_mixin.py:188} INFO - [2024-04-26T15:10:50.017+0000] {override.py:1829} INFO - Created Permission View: can edit on DAG:example_branch_datetime_operator_2
[2024-04-26T15:10:50.043+0000] {logging_mixin.py:188} INFO - [2024-04-26T15:10:50.043+0000] {override.py:1829} INFO - Created Permission View: can delete on DAG:example_branch_datetime_operator_2
[2024-04-26T15:10:50.103+0000] {logging_mixin.py:188} INFO - [2024-04-26T15:10:50.103+0000] {override.py:1829} INFO - Created Permission View: can read on DAG:example_branch_datetime_operator_3
[2024-04-26T15:10:50.130+0000] {logging_mixin.py:188} INFO - [2024-04-26T15:10:50.130+0000] {override.py:1829} INFO - Created Permission View: can edit on DAG:example_branch_datetime_operator_3
[2024-04-26T15:10:50.157+0000] {logging_mixin.py:188} INFO - [2024-04-26T15:10:50.157+0000] {override.py:1829} INFO - Created Permission View: can delete on DAG:example_branch_datetime_operator_3
[2024-04-26T15:10:50.158+0000] {logging_mixin.py:188} INFO - [2024-04-26T15:10:50.158+0000] {dag.py:3096} INFO - Sync 3 DAGs
[2024-04-26T15:10:50.165+0000] {logging_mixin.py:188} INFO - [2024-04-26T15:10:50.165+0000] {dag.py:3118} INFO - Creating ORM DAG for example_branch_datetime_operator_3
[2024-04-26T15:10:50.165+0000] {logging_mixin.py:188} INFO - [2024-04-26T15:10:50.165+0000] {dag.py:3118} INFO - Creating ORM DAG for example_branch_datetime_operator
[2024-04-26T15:10:50.166+0000] {logging_mixin.py:188} INFO - [2024-04-26T15:10:50.166+0000] {dag.py:3118} INFO - Creating ORM DAG for example_branch_datetime_operator_2
[2024-04-26T15:10:50.172+0000] {logging_mixin.py:188} INFO - [2024-04-26T15:10:50.172+0000] {dag.py:3954} INFO - Setting next_dagrun for example_branch_datetime_operator to 2024-04-25 00:00:00+00:00, run_after=2024-04-26 00:00:00+00:00
[2024-04-26T15:10:50.174+0000] {logging_mixin.py:188} INFO - [2024-04-26T15:10:50.174+0000] {dag.py:3954} INFO - Setting next_dagrun for example_branch_datetime_operator_2 to 2024-04-25 00:00:00+00:00, run_after=2024-04-26 00:00:00+00:00
[2024-04-26T15:10:50.175+0000] {logging_mixin.py:188} INFO - [2024-04-26T15:10:50.175+0000] {dag.py:3954} INFO - Setting next_dagrun for example_branch_datetime_operator_3 to 2024-04-25 00:00:00+00:00, run_after=2024-04-26 00:00:00+00:00
[2024-04-26T15:10:50.217+0000] {processor.py:183} INFO - Processing /usr/local/python/3.10.13/lib/python3.10/site-packages/airflow/example_dags/example_branch_datetime_operator.py took 0.589 seconds
[2024-04-26T15:12:21.225+0000] {processor.py:161} INFO - Started process (PID=57986) to work on /usr/local/python/3.10.13/lib/python3.10/site-packages/airflow/example_dags/example_branch_datetime_operator.py
[2024-04-26T15:12:21.226+0000] {processor.py:830} INFO - Processing file /usr/local/python/3.10.13/lib/python3.10/site-packages/airflow/example_dags/example_branch_datetime_operator.py for tasks to queue
[2024-04-26T15:12:21.228+0000] {logging_mixin.py:188} INFO - [2024-04-26T15:12:21.227+0000] {dagbag.py:540} INFO - Filling up the DagBag from /usr/local/python/3.10.13/lib/python3.10/site-packages/airflow/example_dags/example_branch_datetime_operator.py
[2024-04-26T15:12:21.236+0000] {processor.py:840} INFO - DAG(s) 'example_branch_datetime_operator_3', 'example_branch_datetime_operator', 'example_branch_datetime_operator_2' retrieved from /usr/local/python/3.10.13/lib/python3.10/site-packages/airflow/example_dags/example_branch_datetime_operator.py
[2024-04-26T15:12:21.319+0000] {logging_mixin.py:188} INFO - [2024-04-26T15:12:21.319+0000] {dag.py:3096} INFO - Sync 3 DAGs
[2024-04-26T15:12:21.333+0000] {logging_mixin.py:188} INFO - [2024-04-26T15:12:21.333+0000] {dag.py:3954} INFO - Setting next_dagrun for example_branch_datetime_operator to 2024-04-25 00:00:00+00:00, run_after=2024-04-26 00:00:00+00:00
[2024-04-26T15:12:21.336+0000] {logging_mixin.py:188} INFO - [2024-04-26T15:12:21.336+0000] {dag.py:3954} INFO - Setting next_dagrun for example_branch_datetime_operator_2 to 2024-04-25 00:00:00+00:00, run_after=2024-04-26 00:00:00+00:00
[2024-04-26T15:12:21.338+0000] {logging_mixin.py:188} INFO - [2024-04-26T15:12:21.338+0000] {dag.py:3954} INFO - Setting next_dagrun for example_branch_datetime_operator_3 to 2024-04-25 00:00:00+00:00, run_after=2024-04-26 00:00:00+00:00
[2024-04-26T15:12:21.374+0000] {processor.py:183} INFO - Processing /usr/local/python/3.10.13/lib/python3.10/site-packages/airflow/example_dags/example_branch_datetime_operator.py took 0.153 seconds
[2024-04-26T15:13:12.040+0000] {processor.py:161} INFO - Started process (PID=58437) to work on /usr/local/python/3.10.13/lib/python3.10/site-packages/airflow/example_dags/example_branch_datetime_operator.py
[2024-04-26T15:13:12.041+0000] {processor.py:830} INFO - Processing file /usr/local/python/3.10.13/lib/python3.10/site-packages/airflow/example_dags/example_branch_datetime_operator.py for tasks to queue
[2024-04-26T15:13:12.042+0000] {logging_mixin.py:188} INFO - [2024-04-26T15:13:12.042+0000] {dagbag.py:540} INFO - Filling up the DagBag from /usr/local/python/3.10.13/lib/python3.10/site-packages/airflow/example_dags/example_branch_datetime_operator.py
[2024-04-26T15:13:12.051+0000] {processor.py:840} INFO - DAG(s) 'example_branch_datetime_operator', 'example_branch_datetime_operator_2', 'example_branch_datetime_operator_3' retrieved from /usr/local/python/3.10.13/lib/python3.10/site-packages/airflow/example_dags/example_branch_datetime_operator.py
[2024-04-26T15:13:12.068+0000] {logging_mixin.py:188} INFO - [2024-04-26T15:13:12.068+0000] {dag.py:3096} INFO - Sync 3 DAGs
[2024-04-26T15:13:12.083+0000] {logging_mixin.py:188} INFO - [2024-04-26T15:13:12.083+0000] {dag.py:3954} INFO - Setting next_dagrun for example_branch_datetime_operator to 2024-04-25 00:00:00+00:00, run_after=2024-04-26 00:00:00+00:00
[2024-04-26T15:13:12.087+0000] {logging_mixin.py:188} INFO - [2024-04-26T15:13:12.087+0000] {dag.py:3954} INFO - Setting next_dagrun for example_branch_datetime_operator_2 to 2024-04-25 00:00:00+00:00, run_after=2024-04-26 00:00:00+00:00
[2024-04-26T15:13:12.089+0000] {logging_mixin.py:188} INFO - [2024-04-26T15:13:12.089+0000] {dag.py:3954} INFO - Setting next_dagrun for example_branch_datetime_operator_3 to 2024-04-25 00:00:00+00:00, run_after=2024-04-26 00:00:00+00:00
[2024-04-26T15:13:12.125+0000] {processor.py:183} INFO - Processing /usr/local/python/3.10.13/lib/python3.10/site-packages/airflow/example_dags/example_branch_datetime_operator.py took 0.089 seconds
