[2024-04-26T15:10:13.795+0000] {processor.py:161} INFO - Started process (PID=56386) to work on /usr/local/python/3.10.13/lib/python3.10/site-packages/airflow/example_dags/example_setup_teardown.py
[2024-04-26T15:10:13.796+0000] {processor.py:830} INFO - Processing file /usr/local/python/3.10.13/lib/python3.10/site-packages/airflow/example_dags/example_setup_teardown.py for tasks to queue
[2024-04-26T15:10:13.797+0000] {logging_mixin.py:188} INFO - [2024-04-26T15:10:13.797+0000] {dagbag.py:540} INFO - Filling up the DagBag from /usr/local/python/3.10.13/lib/python3.10/site-packages/airflow/example_dags/example_setup_teardown.py
[2024-04-26T15:10:13.802+0000] {processor.py:840} INFO - DAG(s) 'example_setup_teardown' retrieved from /usr/local/python/3.10.13/lib/python3.10/site-packages/airflow/example_dags/example_setup_teardown.py
[2024-04-26T15:10:14.004+0000] {logging_mixin.py:188} INFO - [2024-04-26T15:10:14.004+0000] {override.py:1829} INFO - Created Permission View: can read on DAG:example_setup_teardown
[2024-04-26T15:10:14.033+0000] {logging_mixin.py:188} INFO - [2024-04-26T15:10:14.032+0000] {override.py:1829} INFO - Created Permission View: can edit on DAG:example_setup_teardown
[2024-04-26T15:10:14.059+0000] {logging_mixin.py:188} INFO - [2024-04-26T15:10:14.059+0000] {override.py:1829} INFO - Created Permission View: can delete on DAG:example_setup_teardown
[2024-04-26T15:10:14.059+0000] {logging_mixin.py:188} INFO - [2024-04-26T15:10:14.059+0000] {dag.py:3096} INFO - Sync 1 DAGs
[2024-04-26T15:10:14.068+0000] {logging_mixin.py:188} INFO - [2024-04-26T15:10:14.068+0000] {dag.py:3118} INFO - Creating ORM DAG for example_setup_teardown
[2024-04-26T15:10:14.074+0000] {logging_mixin.py:188} INFO - [2024-04-26T15:10:14.073+0000] {dag.py:3954} INFO - Setting next_dagrun for example_setup_teardown to 2024-04-25 00:00:00+00:00, run_after=2024-04-26 00:00:00+00:00
[2024-04-26T15:10:14.115+0000] {processor.py:183} INFO - Processing /usr/local/python/3.10.13/lib/python3.10/site-packages/airflow/example_dags/example_setup_teardown.py took 0.325 seconds
[2024-04-26T15:11:48.654+0000] {processor.py:161} INFO - Started process (PID=57521) to work on /usr/local/python/3.10.13/lib/python3.10/site-packages/airflow/example_dags/example_setup_teardown.py
[2024-04-26T15:11:48.655+0000] {processor.py:830} INFO - Processing file /usr/local/python/3.10.13/lib/python3.10/site-packages/airflow/example_dags/example_setup_teardown.py for tasks to queue
[2024-04-26T15:11:48.656+0000] {logging_mixin.py:188} INFO - [2024-04-26T15:11:48.656+0000] {dagbag.py:540} INFO - Filling up the DagBag from /usr/local/python/3.10.13/lib/python3.10/site-packages/airflow/example_dags/example_setup_teardown.py
[2024-04-26T15:11:48.661+0000] {processor.py:840} INFO - DAG(s) 'example_setup_teardown' retrieved from /usr/local/python/3.10.13/lib/python3.10/site-packages/airflow/example_dags/example_setup_teardown.py
[2024-04-26T15:11:48.668+0000] {logging_mixin.py:188} INFO - [2024-04-26T15:11:48.667+0000] {dag.py:3096} INFO - Sync 1 DAGs
[2024-04-26T15:11:48.682+0000] {logging_mixin.py:188} INFO - [2024-04-26T15:11:48.682+0000] {dag.py:3954} INFO - Setting next_dagrun for example_setup_teardown to 2024-04-25 00:00:00+00:00, run_after=2024-04-26 00:00:00+00:00
[2024-04-26T15:11:48.797+0000] {processor.py:183} INFO - Processing /usr/local/python/3.10.13/lib/python3.10/site-packages/airflow/example_dags/example_setup_teardown.py took 0.147 seconds
[2024-04-26T15:12:43.694+0000] {processor.py:161} INFO - Started process (PID=58208) to work on /usr/local/python/3.10.13/lib/python3.10/site-packages/airflow/example_dags/example_setup_teardown.py
[2024-04-26T15:12:43.694+0000] {processor.py:830} INFO - Processing file /usr/local/python/3.10.13/lib/python3.10/site-packages/airflow/example_dags/example_setup_teardown.py for tasks to queue
[2024-04-26T15:12:43.696+0000] {logging_mixin.py:188} INFO - [2024-04-26T15:12:43.696+0000] {dagbag.py:540} INFO - Filling up the DagBag from /usr/local/python/3.10.13/lib/python3.10/site-packages/airflow/example_dags/example_setup_teardown.py
[2024-04-26T15:12:43.701+0000] {processor.py:840} INFO - DAG(s) 'example_setup_teardown' retrieved from /usr/local/python/3.10.13/lib/python3.10/site-packages/airflow/example_dags/example_setup_teardown.py
[2024-04-26T15:12:43.787+0000] {logging_mixin.py:188} INFO - [2024-04-26T15:12:43.786+0000] {dag.py:3096} INFO - Sync 1 DAGs
[2024-04-26T15:12:43.800+0000] {logging_mixin.py:188} INFO - [2024-04-26T15:12:43.800+0000] {dag.py:3954} INFO - Setting next_dagrun for example_setup_teardown to 2024-04-25 00:00:00+00:00, run_after=2024-04-26 00:00:00+00:00
[2024-04-26T15:12:43.838+0000] {processor.py:183} INFO - Processing /usr/local/python/3.10.13/lib/python3.10/site-packages/airflow/example_dags/example_setup_teardown.py took 0.149 seconds
