[2024-04-26T15:10:09.496+0000] {processor.py:161} INFO - Started process (PID=56325) to work on /usr/local/python/3.10.13/lib/python3.10/site-packages/airflow/example_dags/example_task_group_decorator.py
[2024-04-26T15:10:09.497+0000] {processor.py:830} INFO - Processing file /usr/local/python/3.10.13/lib/python3.10/site-packages/airflow/example_dags/example_task_group_decorator.py for tasks to queue
[2024-04-26T15:10:09.498+0000] {logging_mixin.py:188} INFO - [2024-04-26T15:10:09.498+0000] {dagbag.py:540} INFO - Filling up the DagBag from /usr/local/python/3.10.13/lib/python3.10/site-packages/airflow/example_dags/example_task_group_decorator.py
[2024-04-26T15:10:09.511+0000] {processor.py:840} INFO - DAG(s) 'example_task_group_decorator' retrieved from /usr/local/python/3.10.13/lib/python3.10/site-packages/airflow/example_dags/example_task_group_decorator.py
[2024-04-26T15:10:09.701+0000] {logging_mixin.py:188} INFO - [2024-04-26T15:10:09.701+0000] {override.py:1829} INFO - Created Permission View: can read on DAG:example_task_group_decorator
[2024-04-26T15:10:09.730+0000] {logging_mixin.py:188} INFO - [2024-04-26T15:10:09.730+0000] {override.py:1829} INFO - Created Permission View: can edit on DAG:example_task_group_decorator
[2024-04-26T15:10:09.756+0000] {logging_mixin.py:188} INFO - [2024-04-26T15:10:09.756+0000] {override.py:1829} INFO - Created Permission View: can delete on DAG:example_task_group_decorator
[2024-04-26T15:10:09.757+0000] {logging_mixin.py:188} INFO - [2024-04-26T15:10:09.757+0000] {dag.py:3096} INFO - Sync 1 DAGs
[2024-04-26T15:10:09.765+0000] {logging_mixin.py:188} INFO - [2024-04-26T15:10:09.765+0000] {dag.py:3118} INFO - Creating ORM DAG for example_task_group_decorator
[2024-04-26T15:10:09.771+0000] {logging_mixin.py:188} INFO - [2024-04-26T15:10:09.771+0000] {dag.py:3954} INFO - Setting next_dagrun for example_task_group_decorator to 2024-04-25 00:00:00+00:00, run_after=2024-04-26 00:00:00+00:00
[2024-04-26T15:10:09.807+0000] {processor.py:183} INFO - Processing /usr/local/python/3.10.13/lib/python3.10/site-packages/airflow/example_dags/example_task_group_decorator.py took 0.316 seconds
[2024-04-26T15:11:45.786+0000] {processor.py:161} INFO - Started process (PID=57506) to work on /usr/local/python/3.10.13/lib/python3.10/site-packages/airflow/example_dags/example_task_group_decorator.py
[2024-04-26T15:11:45.787+0000] {processor.py:830} INFO - Processing file /usr/local/python/3.10.13/lib/python3.10/site-packages/airflow/example_dags/example_task_group_decorator.py for tasks to queue
[2024-04-26T15:11:45.788+0000] {logging_mixin.py:188} INFO - [2024-04-26T15:11:45.788+0000] {dagbag.py:540} INFO - Filling up the DagBag from /usr/local/python/3.10.13/lib/python3.10/site-packages/airflow/example_dags/example_task_group_decorator.py
[2024-04-26T15:11:45.801+0000] {processor.py:840} INFO - DAG(s) 'example_task_group_decorator' retrieved from /usr/local/python/3.10.13/lib/python3.10/site-packages/airflow/example_dags/example_task_group_decorator.py
[2024-04-26T15:11:45.807+0000] {logging_mixin.py:188} INFO - [2024-04-26T15:11:45.806+0000] {dag.py:3096} INFO - Sync 1 DAGs
[2024-04-26T15:11:45.821+0000] {logging_mixin.py:188} INFO - [2024-04-26T15:11:45.821+0000] {dag.py:3954} INFO - Setting next_dagrun for example_task_group_decorator to 2024-04-25 00:00:00+00:00, run_after=2024-04-26 00:00:00+00:00
[2024-04-26T15:11:45.929+0000] {processor.py:183} INFO - Processing /usr/local/python/3.10.13/lib/python3.10/site-packages/airflow/example_dags/example_task_group_decorator.py took 0.147 seconds
[2024-04-26T15:12:40.797+0000] {processor.py:161} INFO - Started process (PID=58195) to work on /usr/local/python/3.10.13/lib/python3.10/site-packages/airflow/example_dags/example_task_group_decorator.py
[2024-04-26T15:12:40.798+0000] {processor.py:830} INFO - Processing file /usr/local/python/3.10.13/lib/python3.10/site-packages/airflow/example_dags/example_task_group_decorator.py for tasks to queue
[2024-04-26T15:12:40.799+0000] {logging_mixin.py:188} INFO - [2024-04-26T15:12:40.799+0000] {dagbag.py:540} INFO - Filling up the DagBag from /usr/local/python/3.10.13/lib/python3.10/site-packages/airflow/example_dags/example_task_group_decorator.py
[2024-04-26T15:12:40.810+0000] {processor.py:840} INFO - DAG(s) 'example_task_group_decorator' retrieved from /usr/local/python/3.10.13/lib/python3.10/site-packages/airflow/example_dags/example_task_group_decorator.py
[2024-04-26T15:12:40.883+0000] {logging_mixin.py:188} INFO - [2024-04-26T15:12:40.883+0000] {dag.py:3096} INFO - Sync 1 DAGs
[2024-04-26T15:12:40.896+0000] {logging_mixin.py:188} INFO - [2024-04-26T15:12:40.896+0000] {dag.py:3954} INFO - Setting next_dagrun for example_task_group_decorator to 2024-04-25 00:00:00+00:00, run_after=2024-04-26 00:00:00+00:00
[2024-04-26T15:12:40.935+0000] {processor.py:183} INFO - Processing /usr/local/python/3.10.13/lib/python3.10/site-packages/airflow/example_dags/example_task_group_decorator.py took 0.143 seconds
