[2024-04-26T15:10:43.727+0000] {processor.py:161} INFO - Started process (PID=56604) to work on /usr/local/python/3.10.13/lib/python3.10/site-packages/airflow/example_dags/example_branch_python_dop_operator_3.py
[2024-04-26T15:10:43.728+0000] {processor.py:830} INFO - Processing file /usr/local/python/3.10.13/lib/python3.10/site-packages/airflow/example_dags/example_branch_python_dop_operator_3.py for tasks to queue
[2024-04-26T15:10:43.730+0000] {logging_mixin.py:188} INFO - [2024-04-26T15:10:43.729+0000] {dagbag.py:540} INFO - Filling up the DagBag from /usr/local/python/3.10.13/lib/python3.10/site-packages/airflow/example_dags/example_branch_python_dop_operator_3.py
[2024-04-26T15:10:43.737+0000] {processor.py:840} INFO - DAG(s) 'example_branch_dop_operator_v3' retrieved from /usr/local/python/3.10.13/lib/python3.10/site-packages/airflow/example_dags/example_branch_python_dop_operator_3.py
[2024-04-26T15:10:43.958+0000] {logging_mixin.py:188} INFO - [2024-04-26T15:10:43.957+0000] {override.py:1829} INFO - Created Permission View: can read on DAG:example_branch_dop_operator_v3
[2024-04-26T15:10:43.993+0000] {logging_mixin.py:188} INFO - [2024-04-26T15:10:43.992+0000] {override.py:1829} INFO - Created Permission View: can edit on DAG:example_branch_dop_operator_v3
[2024-04-26T15:10:44.021+0000] {logging_mixin.py:188} INFO - [2024-04-26T15:10:44.021+0000] {override.py:1829} INFO - Created Permission View: can delete on DAG:example_branch_dop_operator_v3
[2024-04-26T15:10:44.021+0000] {logging_mixin.py:188} INFO - [2024-04-26T15:10:44.021+0000] {dag.py:3096} INFO - Sync 1 DAGs
[2024-04-26T15:10:44.029+0000] {logging_mixin.py:188} INFO - [2024-04-26T15:10:44.029+0000] {dag.py:3118} INFO - Creating ORM DAG for example_branch_dop_operator_v3
[2024-04-26T15:10:44.038+0000] {logging_mixin.py:188} INFO - [2024-04-26T15:10:44.038+0000] {dag.py:3954} INFO - Setting next_dagrun for example_branch_dop_operator_v3 to 2024-04-26 15:09:00+00:00, run_after=2024-04-26 15:10:00+00:00
[2024-04-26T15:10:44.080+0000] {processor.py:183} INFO - Processing /usr/local/python/3.10.13/lib/python3.10/site-packages/airflow/example_dags/example_branch_python_dop_operator_3.py took 0.359 seconds
[2024-04-26T15:12:14.857+0000] {processor.py:161} INFO - Started process (PID=57933) to work on /usr/local/python/3.10.13/lib/python3.10/site-packages/airflow/example_dags/example_branch_python_dop_operator_3.py
[2024-04-26T15:12:14.858+0000] {processor.py:830} INFO - Processing file /usr/local/python/3.10.13/lib/python3.10/site-packages/airflow/example_dags/example_branch_python_dop_operator_3.py for tasks to queue
[2024-04-26T15:12:14.859+0000] {logging_mixin.py:188} INFO - [2024-04-26T15:12:14.859+0000] {dagbag.py:540} INFO - Filling up the DagBag from /usr/local/python/3.10.13/lib/python3.10/site-packages/airflow/example_dags/example_branch_python_dop_operator_3.py
[2024-04-26T15:12:14.867+0000] {processor.py:840} INFO - DAG(s) 'example_branch_dop_operator_v3' retrieved from /usr/local/python/3.10.13/lib/python3.10/site-packages/airflow/example_dags/example_branch_python_dop_operator_3.py
[2024-04-26T15:12:15.010+0000] {logging_mixin.py:188} INFO - [2024-04-26T15:12:15.009+0000] {dag.py:3096} INFO - Sync 1 DAGs
[2024-04-26T15:12:15.030+0000] {logging_mixin.py:188} INFO - [2024-04-26T15:12:15.030+0000] {dag.py:3954} INFO - Setting next_dagrun for example_branch_dop_operator_v3 to 2024-04-26 15:11:00+00:00, run_after=2024-04-26 15:12:00+00:00
[2024-04-26T15:12:15.067+0000] {processor.py:183} INFO - Processing /usr/local/python/3.10.13/lib/python3.10/site-packages/airflow/example_dags/example_branch_python_dop_operator_3.py took 0.215 seconds
[2024-04-26T15:13:07.091+0000] {processor.py:161} INFO - Started process (PID=58410) to work on /usr/local/python/3.10.13/lib/python3.10/site-packages/airflow/example_dags/example_branch_python_dop_operator_3.py
[2024-04-26T15:13:07.091+0000] {processor.py:830} INFO - Processing file /usr/local/python/3.10.13/lib/python3.10/site-packages/airflow/example_dags/example_branch_python_dop_operator_3.py for tasks to queue
[2024-04-26T15:13:07.093+0000] {logging_mixin.py:188} INFO - [2024-04-26T15:13:07.093+0000] {dagbag.py:540} INFO - Filling up the DagBag from /usr/local/python/3.10.13/lib/python3.10/site-packages/airflow/example_dags/example_branch_python_dop_operator_3.py
[2024-04-26T15:13:07.100+0000] {processor.py:840} INFO - DAG(s) 'example_branch_dop_operator_v3' retrieved from /usr/local/python/3.10.13/lib/python3.10/site-packages/airflow/example_dags/example_branch_python_dop_operator_3.py
[2024-04-26T15:13:07.112+0000] {logging_mixin.py:188} INFO - [2024-04-26T15:13:07.112+0000] {dag.py:3096} INFO - Sync 1 DAGs
[2024-04-26T15:13:07.130+0000] {logging_mixin.py:188} INFO - [2024-04-26T15:13:07.130+0000] {dag.py:3954} INFO - Setting next_dagrun for example_branch_dop_operator_v3 to 2024-04-26 15:12:00+00:00, run_after=2024-04-26 15:13:00+00:00
[2024-04-26T15:13:07.169+0000] {processor.py:183} INFO - Processing /usr/local/python/3.10.13/lib/python3.10/site-packages/airflow/example_dags/example_branch_python_dop_operator_3.py took 0.083 seconds
