[2024-04-26T15:10:25.370+0000] {processor.py:161} INFO - Started process (PID=56488) to work on /usr/local/python/3.10.13/lib/python3.10/site-packages/airflow/example_dags/example_local_kubernetes_executor.py
[2024-04-26T15:10:25.370+0000] {processor.py:830} INFO - Processing file /usr/local/python/3.10.13/lib/python3.10/site-packages/airflow/example_dags/example_local_kubernetes_executor.py for tasks to queue
[2024-04-26T15:10:25.372+0000] {logging_mixin.py:188} INFO - [2024-04-26T15:10:25.372+0000] {dagbag.py:540} INFO - Filling up the DagBag from /usr/local/python/3.10.13/lib/python3.10/site-packages/airflow/example_dags/example_local_kubernetes_executor.py
[2024-04-26T15:10:25.374+0000] {logging_mixin.py:188} INFO - [2024-04-26T15:10:25.374+0000] {example_local_kubernetes_executor.py:40} WARNING - Could not import DAGs in example_local_kubernetes_executor.py
Traceback (most recent call last):
  File "/usr/local/python/3.10.13/lib/python3.10/site-packages/airflow/example_dags/example_local_kubernetes_executor.py", line 38, in <module>
    from kubernetes.client import models as k8s
ModuleNotFoundError: No module named 'kubernetes'
[2024-04-26T15:10:25.375+0000] {logging_mixin.py:188} INFO - [2024-04-26T15:10:25.375+0000] {example_local_kubernetes_executor.py:41} WARNING - Install Kubernetes dependencies with: pip install apache-airflow[cncf.kubernetes]
[2024-04-26T15:10:25.375+0000] {processor.py:842} WARNING - No viable dags retrieved from /usr/local/python/3.10.13/lib/python3.10/site-packages/airflow/example_dags/example_local_kubernetes_executor.py
[2024-04-26T15:10:25.383+0000] {processor.py:183} INFO - Processing /usr/local/python/3.10.13/lib/python3.10/site-packages/airflow/example_dags/example_local_kubernetes_executor.py took 0.019 seconds
[2024-04-26T15:11:59.171+0000] {processor.py:161} INFO - Started process (PID=57659) to work on /usr/local/python/3.10.13/lib/python3.10/site-packages/airflow/example_dags/example_local_kubernetes_executor.py
[2024-04-26T15:11:59.172+0000] {processor.py:830} INFO - Processing file /usr/local/python/3.10.13/lib/python3.10/site-packages/airflow/example_dags/example_local_kubernetes_executor.py for tasks to queue
[2024-04-26T15:11:59.174+0000] {logging_mixin.py:188} INFO - [2024-04-26T15:11:59.173+0000] {dagbag.py:540} INFO - Filling up the DagBag from /usr/local/python/3.10.13/lib/python3.10/site-packages/airflow/example_dags/example_local_kubernetes_executor.py
[2024-04-26T15:11:59.176+0000] {logging_mixin.py:188} INFO - [2024-04-26T15:11:59.176+0000] {example_local_kubernetes_executor.py:40} WARNING - Could not import DAGs in example_local_kubernetes_executor.py
Traceback (most recent call last):
  File "/usr/local/python/3.10.13/lib/python3.10/site-packages/airflow/example_dags/example_local_kubernetes_executor.py", line 38, in <module>
    from kubernetes.client import models as k8s
ModuleNotFoundError: No module named 'kubernetes'
[2024-04-26T15:11:59.176+0000] {logging_mixin.py:188} INFO - [2024-04-26T15:11:59.176+0000] {example_local_kubernetes_executor.py:41} WARNING - Install Kubernetes dependencies with: pip install apache-airflow[cncf.kubernetes]
[2024-04-26T15:11:59.177+0000] {processor.py:842} WARNING - No viable dags retrieved from /usr/local/python/3.10.13/lib/python3.10/site-packages/airflow/example_dags/example_local_kubernetes_executor.py
[2024-04-26T15:11:59.185+0000] {processor.py:183} INFO - Processing /usr/local/python/3.10.13/lib/python3.10/site-packages/airflow/example_dags/example_local_kubernetes_executor.py took 0.018 seconds
[2024-04-26T15:12:52.984+0000] {processor.py:161} INFO - Started process (PID=58286) to work on /usr/local/python/3.10.13/lib/python3.10/site-packages/airflow/example_dags/example_local_kubernetes_executor.py
[2024-04-26T15:12:52.984+0000] {processor.py:830} INFO - Processing file /usr/local/python/3.10.13/lib/python3.10/site-packages/airflow/example_dags/example_local_kubernetes_executor.py for tasks to queue
[2024-04-26T15:12:52.986+0000] {logging_mixin.py:188} INFO - [2024-04-26T15:12:52.986+0000] {dagbag.py:540} INFO - Filling up the DagBag from /usr/local/python/3.10.13/lib/python3.10/site-packages/airflow/example_dags/example_local_kubernetes_executor.py
[2024-04-26T15:12:52.989+0000] {logging_mixin.py:188} INFO - [2024-04-26T15:12:52.988+0000] {example_local_kubernetes_executor.py:40} WARNING - Could not import DAGs in example_local_kubernetes_executor.py
Traceback (most recent call last):
  File "/usr/local/python/3.10.13/lib/python3.10/site-packages/airflow/example_dags/example_local_kubernetes_executor.py", line 38, in <module>
    from kubernetes.client import models as k8s
ModuleNotFoundError: No module named 'kubernetes'
[2024-04-26T15:12:52.989+0000] {logging_mixin.py:188} INFO - [2024-04-26T15:12:52.989+0000] {example_local_kubernetes_executor.py:41} WARNING - Install Kubernetes dependencies with: pip install apache-airflow[cncf.kubernetes]
[2024-04-26T15:12:52.989+0000] {processor.py:842} WARNING - No viable dags retrieved from /usr/local/python/3.10.13/lib/python3.10/site-packages/airflow/example_dags/example_local_kubernetes_executor.py
[2024-04-26T15:12:52.997+0000] {processor.py:183} INFO - Processing /usr/local/python/3.10.13/lib/python3.10/site-packages/airflow/example_dags/example_local_kubernetes_executor.py took 0.018 seconds
