[2024-04-26T15:10:01.971+0000] {processor.py:161} INFO - Started process (PID=56176) to work on /usr/local/python/3.10.13/lib/python3.10/site-packages/airflow/example_dags/example_xcomargs.py
[2024-04-26T15:10:01.972+0000] {processor.py:830} INFO - Processing file /usr/local/python/3.10.13/lib/python3.10/site-packages/airflow/example_dags/example_xcomargs.py for tasks to queue
[2024-04-26T15:10:01.973+0000] {logging_mixin.py:188} INFO - [2024-04-26T15:10:01.973+0000] {dagbag.py:540} INFO - Filling up the DagBag from /usr/local/python/3.10.13/lib/python3.10/site-packages/airflow/example_dags/example_xcomargs.py
[2024-04-26T15:10:01.983+0000] {processor.py:840} INFO - DAG(s) 'example_xcom_args_with_operators', 'example_xcom_args' retrieved from /usr/local/python/3.10.13/lib/python3.10/site-packages/airflow/example_dags/example_xcomargs.py
[2024-04-26T15:10:02.184+0000] {logging_mixin.py:188} INFO - [2024-04-26T15:10:02.184+0000] {override.py:1829} INFO - Created Permission View: can read on DAG:example_xcom_args_with_operators
[2024-04-26T15:10:02.214+0000] {logging_mixin.py:188} INFO - [2024-04-26T15:10:02.214+0000] {override.py:1829} INFO - Created Permission View: can edit on DAG:example_xcom_args_with_operators
[2024-04-26T15:10:02.241+0000] {logging_mixin.py:188} INFO - [2024-04-26T15:10:02.241+0000] {override.py:1829} INFO - Created Permission View: can delete on DAG:example_xcom_args_with_operators
[2024-04-26T15:10:02.304+0000] {logging_mixin.py:188} INFO - [2024-04-26T15:10:02.303+0000] {override.py:1829} INFO - Created Permission View: can read on DAG:example_xcom_args
[2024-04-26T15:10:02.329+0000] {logging_mixin.py:188} INFO - [2024-04-26T15:10:02.329+0000] {override.py:1829} INFO - Created Permission View: can edit on DAG:example_xcom_args
[2024-04-26T15:10:02.355+0000] {logging_mixin.py:188} INFO - [2024-04-26T15:10:02.355+0000] {override.py:1829} INFO - Created Permission View: can delete on DAG:example_xcom_args
[2024-04-26T15:10:02.356+0000] {logging_mixin.py:188} INFO - [2024-04-26T15:10:02.355+0000] {dag.py:3096} INFO - Sync 2 DAGs
[2024-04-26T15:10:02.367+0000] {logging_mixin.py:188} INFO - [2024-04-26T15:10:02.367+0000] {dag.py:3118} INFO - Creating ORM DAG for example_xcom_args
[2024-04-26T15:10:02.368+0000] {logging_mixin.py:188} INFO - [2024-04-26T15:10:02.368+0000] {dag.py:3118} INFO - Creating ORM DAG for example_xcom_args_with_operators
[2024-04-26T15:10:02.368+0000] {logging_mixin.py:188} INFO - [2024-04-26T15:10:02.368+0000] {dag.py:3954} INFO - Setting next_dagrun for example_xcom_args to None, run_after=None
[2024-04-26T15:10:02.369+0000] {logging_mixin.py:188} INFO - [2024-04-26T15:10:02.369+0000] {dag.py:3954} INFO - Setting next_dagrun for example_xcom_args_with_operators to None, run_after=None
[2024-04-26T15:10:02.409+0000] {processor.py:183} INFO - Processing /usr/local/python/3.10.13/lib/python3.10/site-packages/airflow/example_dags/example_xcomargs.py took 0.444 seconds
[2024-04-26T15:11:38.331+0000] {processor.py:161} INFO - Started process (PID=57319) to work on /usr/local/python/3.10.13/lib/python3.10/site-packages/airflow/example_dags/example_xcomargs.py
[2024-04-26T15:11:38.332+0000] {processor.py:830} INFO - Processing file /usr/local/python/3.10.13/lib/python3.10/site-packages/airflow/example_dags/example_xcomargs.py for tasks to queue
[2024-04-26T15:11:38.333+0000] {logging_mixin.py:188} INFO - [2024-04-26T15:11:38.333+0000] {dagbag.py:540} INFO - Filling up the DagBag from /usr/local/python/3.10.13/lib/python3.10/site-packages/airflow/example_dags/example_xcomargs.py
[2024-04-26T15:11:38.341+0000] {processor.py:840} INFO - DAG(s) 'example_xcom_args', 'example_xcom_args_with_operators' retrieved from /usr/local/python/3.10.13/lib/python3.10/site-packages/airflow/example_dags/example_xcomargs.py
[2024-04-26T15:11:38.348+0000] {logging_mixin.py:188} INFO - [2024-04-26T15:11:38.348+0000] {dag.py:3096} INFO - Sync 2 DAGs
[2024-04-26T15:11:38.357+0000] {logging_mixin.py:188} INFO - [2024-04-26T15:11:38.357+0000] {dag.py:3954} INFO - Setting next_dagrun for example_xcom_args to None, run_after=None
[2024-04-26T15:11:38.360+0000] {logging_mixin.py:188} INFO - [2024-04-26T15:11:38.360+0000] {dag.py:3954} INFO - Setting next_dagrun for example_xcom_args_with_operators to None, run_after=None
[2024-04-26T15:11:38.396+0000] {processor.py:183} INFO - Processing /usr/local/python/3.10.13/lib/python3.10/site-packages/airflow/example_dags/example_xcomargs.py took 0.070 seconds
[2024-04-26T15:12:33.331+0000] {processor.py:161} INFO - Started process (PID=58066) to work on /usr/local/python/3.10.13/lib/python3.10/site-packages/airflow/example_dags/example_xcomargs.py
[2024-04-26T15:12:33.331+0000] {processor.py:830} INFO - Processing file /usr/local/python/3.10.13/lib/python3.10/site-packages/airflow/example_dags/example_xcomargs.py for tasks to queue
[2024-04-26T15:12:33.333+0000] {logging_mixin.py:188} INFO - [2024-04-26T15:12:33.332+0000] {dagbag.py:540} INFO - Filling up the DagBag from /usr/local/python/3.10.13/lib/python3.10/site-packages/airflow/example_dags/example_xcomargs.py
[2024-04-26T15:12:33.339+0000] {processor.py:840} INFO - DAG(s) 'example_xcom_args_with_operators', 'example_xcom_args' retrieved from /usr/local/python/3.10.13/lib/python3.10/site-packages/airflow/example_dags/example_xcomargs.py
[2024-04-26T15:12:33.417+0000] {logging_mixin.py:188} INFO - [2024-04-26T15:12:33.416+0000] {dag.py:3096} INFO - Sync 2 DAGs
[2024-04-26T15:12:33.428+0000] {logging_mixin.py:188} INFO - [2024-04-26T15:12:33.428+0000] {dag.py:3954} INFO - Setting next_dagrun for example_xcom_args to None, run_after=None
[2024-04-26T15:12:33.430+0000] {logging_mixin.py:188} INFO - [2024-04-26T15:12:33.430+0000] {dag.py:3954} INFO - Setting next_dagrun for example_xcom_args_with_operators to None, run_after=None
[2024-04-26T15:12:33.467+0000] {processor.py:183} INFO - Processing /usr/local/python/3.10.13/lib/python3.10/site-packages/airflow/example_dags/example_xcomargs.py took 0.142 seconds
