[2024-04-26T15:10:42.293+0000] {processor.py:161} INFO - Started process (PID=56597) to work on /usr/local/python/3.10.13/lib/python3.10/site-packages/airflow/example_dags/example_bash_operator.py
[2024-04-26T15:10:42.294+0000] {processor.py:830} INFO - Processing file /usr/local/python/3.10.13/lib/python3.10/site-packages/airflow/example_dags/example_bash_operator.py for tasks to queue
[2024-04-26T15:10:42.295+0000] {logging_mixin.py:188} INFO - [2024-04-26T15:10:42.295+0000] {dagbag.py:540} INFO - Filling up the DagBag from /usr/local/python/3.10.13/lib/python3.10/site-packages/airflow/example_dags/example_bash_operator.py
[2024-04-26T15:10:42.305+0000] {processor.py:840} INFO - DAG(s) 'example_bash_operator' retrieved from /usr/local/python/3.10.13/lib/python3.10/site-packages/airflow/example_dags/example_bash_operator.py
[2024-04-26T15:10:42.506+0000] {logging_mixin.py:188} INFO - [2024-04-26T15:10:42.505+0000] {override.py:1829} INFO - Created Permission View: can read on DAG:example_bash_operator
[2024-04-26T15:10:42.535+0000] {logging_mixin.py:188} INFO - [2024-04-26T15:10:42.534+0000] {override.py:1829} INFO - Created Permission View: can edit on DAG:example_bash_operator
[2024-04-26T15:10:42.561+0000] {logging_mixin.py:188} INFO - [2024-04-26T15:10:42.561+0000] {override.py:1829} INFO - Created Permission View: can delete on DAG:example_bash_operator
[2024-04-26T15:10:42.562+0000] {logging_mixin.py:188} INFO - [2024-04-26T15:10:42.561+0000] {dag.py:3096} INFO - Sync 1 DAGs
[2024-04-26T15:10:42.569+0000] {logging_mixin.py:188} INFO - [2024-04-26T15:10:42.569+0000] {dag.py:3118} INFO - Creating ORM DAG for example_bash_operator
[2024-04-26T15:10:42.576+0000] {logging_mixin.py:188} INFO - [2024-04-26T15:10:42.576+0000] {dag.py:3954} INFO - Setting next_dagrun for example_bash_operator to 2024-04-25 00:00:00+00:00, run_after=2024-04-26 00:00:00+00:00
[2024-04-26T15:10:42.616+0000] {processor.py:183} INFO - Processing /usr/local/python/3.10.13/lib/python3.10/site-packages/airflow/example_dags/example_bash_operator.py took 0.328 seconds
[2024-04-26T15:12:13.733+0000] {processor.py:161} INFO - Started process (PID=57932) to work on /usr/local/python/3.10.13/lib/python3.10/site-packages/airflow/example_dags/example_bash_operator.py
[2024-04-26T15:12:13.733+0000] {processor.py:830} INFO - Processing file /usr/local/python/3.10.13/lib/python3.10/site-packages/airflow/example_dags/example_bash_operator.py for tasks to queue
[2024-04-26T15:12:13.735+0000] {logging_mixin.py:188} INFO - [2024-04-26T15:12:13.734+0000] {dagbag.py:540} INFO - Filling up the DagBag from /usr/local/python/3.10.13/lib/python3.10/site-packages/airflow/example_dags/example_bash_operator.py
[2024-04-26T15:12:13.746+0000] {processor.py:840} INFO - DAG(s) 'example_bash_operator' retrieved from /usr/local/python/3.10.13/lib/python3.10/site-packages/airflow/example_dags/example_bash_operator.py
[2024-04-26T15:12:13.884+0000] {logging_mixin.py:188} INFO - [2024-04-26T15:12:13.884+0000] {dag.py:3096} INFO - Sync 1 DAGs
[2024-04-26T15:12:13.897+0000] {logging_mixin.py:188} INFO - [2024-04-26T15:12:13.897+0000] {dag.py:3954} INFO - Setting next_dagrun for example_bash_operator to 2024-04-25 00:00:00+00:00, run_after=2024-04-26 00:00:00+00:00
[2024-04-26T15:12:13.936+0000] {processor.py:183} INFO - Processing /usr/local/python/3.10.13/lib/python3.10/site-packages/airflow/example_dags/example_bash_operator.py took 0.209 seconds
[2024-04-26T15:13:05.962+0000] {processor.py:161} INFO - Started process (PID=58373) to work on /usr/local/python/3.10.13/lib/python3.10/site-packages/airflow/example_dags/example_bash_operator.py
[2024-04-26T15:13:05.962+0000] {processor.py:830} INFO - Processing file /usr/local/python/3.10.13/lib/python3.10/site-packages/airflow/example_dags/example_bash_operator.py for tasks to queue
[2024-04-26T15:13:05.964+0000] {logging_mixin.py:188} INFO - [2024-04-26T15:13:05.964+0000] {dagbag.py:540} INFO - Filling up the DagBag from /usr/local/python/3.10.13/lib/python3.10/site-packages/airflow/example_dags/example_bash_operator.py
[2024-04-26T15:13:05.973+0000] {processor.py:840} INFO - DAG(s) 'example_bash_operator' retrieved from /usr/local/python/3.10.13/lib/python3.10/site-packages/airflow/example_dags/example_bash_operator.py
[2024-04-26T15:13:05.992+0000] {logging_mixin.py:188} INFO - [2024-04-26T15:13:05.992+0000] {dag.py:3096} INFO - Sync 1 DAGs
[2024-04-26T15:13:06.007+0000] {logging_mixin.py:188} INFO - [2024-04-26T15:13:06.007+0000] {dag.py:3954} INFO - Setting next_dagrun for example_bash_operator to 2024-04-25 00:00:00+00:00, run_after=2024-04-26 00:00:00+00:00
[2024-04-26T15:13:06.044+0000] {processor.py:183} INFO - Processing /usr/local/python/3.10.13/lib/python3.10/site-packages/airflow/example_dags/example_bash_operator.py took 0.089 seconds
