[2024-04-26T15:10:10.931+0000] {processor.py:161} INFO - Started process (PID=56368) to work on /usr/local/python/3.10.13/lib/python3.10/site-packages/airflow/example_dags/example_subdag_operator.py
[2024-04-26T15:10:10.932+0000] {processor.py:830} INFO - Processing file /usr/local/python/3.10.13/lib/python3.10/site-packages/airflow/example_dags/example_subdag_operator.py for tasks to queue
[2024-04-26T15:10:10.933+0000] {logging_mixin.py:188} INFO - [2024-04-26T15:10:10.933+0000] {dagbag.py:540} INFO - Filling up the DagBag from /usr/local/python/3.10.13/lib/python3.10/site-packages/airflow/example_dags/example_subdag_operator.py
[2024-04-26T15:10:10.949+0000] {processor.py:840} INFO - DAG(s) 'example_subdag_operator.section-1', 'example_subdag_operator.section-2', 'example_subdag_operator' retrieved from /usr/local/python/3.10.13/lib/python3.10/site-packages/airflow/example_dags/example_subdag_operator.py
[2024-04-26T15:10:11.151+0000] {logging_mixin.py:188} INFO - [2024-04-26T15:10:11.150+0000] {override.py:1829} INFO - Created Permission View: can read on DAG:example_subdag_operator
[2024-04-26T15:10:11.181+0000] {logging_mixin.py:188} INFO - [2024-04-26T15:10:11.180+0000] {override.py:1829} INFO - Created Permission View: can edit on DAG:example_subdag_operator
[2024-04-26T15:10:11.207+0000] {logging_mixin.py:188} INFO - [2024-04-26T15:10:11.206+0000] {override.py:1829} INFO - Created Permission View: can delete on DAG:example_subdag_operator
[2024-04-26T15:10:11.207+0000] {logging_mixin.py:188} INFO - [2024-04-26T15:10:11.207+0000] {dag.py:3096} INFO - Sync 3 DAGs
[2024-04-26T15:10:11.219+0000] {logging_mixin.py:188} INFO - [2024-04-26T15:10:11.219+0000] {dag.py:3118} INFO - Creating ORM DAG for example_subdag_operator
[2024-04-26T15:10:11.219+0000] {logging_mixin.py:188} INFO - [2024-04-26T15:10:11.219+0000] {dag.py:3118} INFO - Creating ORM DAG for example_subdag_operator.section-2
[2024-04-26T15:10:11.220+0000] {logging_mixin.py:188} INFO - [2024-04-26T15:10:11.220+0000] {dag.py:3118} INFO - Creating ORM DAG for example_subdag_operator.section-1
[2024-04-26T15:10:11.226+0000] {logging_mixin.py:188} INFO - [2024-04-26T15:10:11.226+0000] {dag.py:3954} INFO - Setting next_dagrun for example_subdag_operator to 2022-01-01 00:00:00+00:00, run_after=2022-01-01 00:00:00+00:00
[2024-04-26T15:10:11.226+0000] {logging_mixin.py:188} INFO - [2024-04-26T15:10:11.226+0000] {dag.py:3954} INFO - Setting next_dagrun for example_subdag_operator.section-1 to None, run_after=None
[2024-04-26T15:10:11.226+0000] {logging_mixin.py:188} INFO - [2024-04-26T15:10:11.226+0000] {dag.py:3954} INFO - Setting next_dagrun for example_subdag_operator.section-2 to None, run_after=None
[2024-04-26T15:10:11.231+0000] {logging_mixin.py:188} INFO - [2024-04-26T15:10:11.231+0000] {dag.py:3096} INFO - Sync 2 DAGs
[2024-04-26T15:10:11.234+0000] {logging_mixin.py:188} INFO - [2024-04-26T15:10:11.234+0000] {dag.py:3954} INFO - Setting next_dagrun for example_subdag_operator.section-1 to None, run_after=None
[2024-04-26T15:10:11.236+0000] {logging_mixin.py:188} INFO - [2024-04-26T15:10:11.236+0000] {dag.py:3954} INFO - Setting next_dagrun for example_subdag_operator.section-2 to None, run_after=None
[2024-04-26T15:10:11.272+0000] {processor.py:183} INFO - Processing /usr/local/python/3.10.13/lib/python3.10/site-packages/airflow/example_dags/example_subdag_operator.py took 0.346 seconds
[2024-04-26T15:11:47.018+0000] {processor.py:161} INFO - Started process (PID=57513) to work on /usr/local/python/3.10.13/lib/python3.10/site-packages/airflow/example_dags/example_subdag_operator.py
[2024-04-26T15:11:47.019+0000] {processor.py:830} INFO - Processing file /usr/local/python/3.10.13/lib/python3.10/site-packages/airflow/example_dags/example_subdag_operator.py for tasks to queue
[2024-04-26T15:11:47.020+0000] {logging_mixin.py:188} INFO - [2024-04-26T15:11:47.020+0000] {dagbag.py:540} INFO - Filling up the DagBag from /usr/local/python/3.10.13/lib/python3.10/site-packages/airflow/example_dags/example_subdag_operator.py
[2024-04-26T15:11:47.036+0000] {processor.py:840} INFO - DAG(s) 'example_subdag_operator.section-1', 'example_subdag_operator.section-2', 'example_subdag_operator' retrieved from /usr/local/python/3.10.13/lib/python3.10/site-packages/airflow/example_dags/example_subdag_operator.py
[2024-04-26T15:11:47.038+0000] {logging_mixin.py:188} INFO - [2024-04-26T15:11:47.038+0000] {dag.py:3096} INFO - Sync 3 DAGs
[2024-04-26T15:11:47.055+0000] {logging_mixin.py:188} INFO - [2024-04-26T15:11:47.055+0000] {dag.py:3954} INFO - Setting next_dagrun for example_subdag_operator to 2022-01-01 00:00:00+00:00, run_after=2022-01-01 00:00:00+00:00
[2024-04-26T15:11:47.059+0000] {logging_mixin.py:188} INFO - [2024-04-26T15:11:47.058+0000] {dag.py:3954} INFO - Setting next_dagrun for example_subdag_operator.section-1 to None, run_after=None
[2024-04-26T15:11:47.059+0000] {logging_mixin.py:188} INFO - [2024-04-26T15:11:47.059+0000] {dag.py:3954} INFO - Setting next_dagrun for example_subdag_operator.section-2 to None, run_after=None
[2024-04-26T15:11:47.064+0000] {logging_mixin.py:188} INFO - [2024-04-26T15:11:47.063+0000] {dag.py:3096} INFO - Sync 2 DAGs
[2024-04-26T15:11:47.137+0000] {logging_mixin.py:188} INFO - [2024-04-26T15:11:47.136+0000] {dag.py:3954} INFO - Setting next_dagrun for example_subdag_operator.section-1 to None, run_after=None
[2024-04-26T15:11:47.137+0000] {logging_mixin.py:188} INFO - [2024-04-26T15:11:47.137+0000] {dag.py:3954} INFO - Setting next_dagrun for example_subdag_operator.section-2 to None, run_after=None
[2024-04-26T15:11:47.169+0000] {processor.py:183} INFO - Processing /usr/local/python/3.10.13/lib/python3.10/site-packages/airflow/example_dags/example_subdag_operator.py took 0.155 seconds
[2024-04-26T15:12:41.203+0000] {processor.py:161} INFO - Started process (PID=58196) to work on /usr/local/python/3.10.13/lib/python3.10/site-packages/airflow/example_dags/example_subdag_operator.py
[2024-04-26T15:12:41.203+0000] {processor.py:830} INFO - Processing file /usr/local/python/3.10.13/lib/python3.10/site-packages/airflow/example_dags/example_subdag_operator.py for tasks to queue
[2024-04-26T15:12:41.205+0000] {logging_mixin.py:188} INFO - [2024-04-26T15:12:41.205+0000] {dagbag.py:540} INFO - Filling up the DagBag from /usr/local/python/3.10.13/lib/python3.10/site-packages/airflow/example_dags/example_subdag_operator.py
[2024-04-26T15:12:41.221+0000] {processor.py:840} INFO - DAG(s) 'example_subdag_operator.section-1', 'example_subdag_operator.section-2', 'example_subdag_operator' retrieved from /usr/local/python/3.10.13/lib/python3.10/site-packages/airflow/example_dags/example_subdag_operator.py
[2024-04-26T15:12:41.290+0000] {logging_mixin.py:188} INFO - [2024-04-26T15:12:41.290+0000] {dag.py:3096} INFO - Sync 3 DAGs
[2024-04-26T15:12:41.303+0000] {logging_mixin.py:188} INFO - [2024-04-26T15:12:41.303+0000] {dag.py:3954} INFO - Setting next_dagrun for example_subdag_operator to 2022-01-01 00:00:00+00:00, run_after=2022-01-01 00:00:00+00:00
[2024-04-26T15:12:41.305+0000] {logging_mixin.py:188} INFO - [2024-04-26T15:12:41.305+0000] {dag.py:3954} INFO - Setting next_dagrun for example_subdag_operator.section-1 to None, run_after=None
[2024-04-26T15:12:41.306+0000] {logging_mixin.py:188} INFO - [2024-04-26T15:12:41.305+0000] {dag.py:3954} INFO - Setting next_dagrun for example_subdag_operator.section-2 to None, run_after=None
[2024-04-26T15:12:41.311+0000] {logging_mixin.py:188} INFO - [2024-04-26T15:12:41.311+0000] {dag.py:3096} INFO - Sync 2 DAGs
[2024-04-26T15:12:41.314+0000] {logging_mixin.py:188} INFO - [2024-04-26T15:12:41.314+0000] {dag.py:3954} INFO - Setting next_dagrun for example_subdag_operator.section-1 to None, run_after=None
[2024-04-26T15:12:41.314+0000] {logging_mixin.py:188} INFO - [2024-04-26T15:12:41.314+0000] {dag.py:3954} INFO - Setting next_dagrun for example_subdag_operator.section-2 to None, run_after=None
[2024-04-26T15:12:41.345+0000] {processor.py:183} INFO - Processing /usr/local/python/3.10.13/lib/python3.10/site-packages/airflow/example_dags/example_subdag_operator.py took 0.148 seconds
