[2024-04-26T15:10:47.757+0000] {processor.py:161} INFO - Started process (PID=56703) to work on /usr/local/python/3.10.13/lib/python3.10/site-packages/airflow/example_dags/example_bash_decorator.py
[2024-04-26T15:10:47.758+0000] {processor.py:830} INFO - Processing file /usr/local/python/3.10.13/lib/python3.10/site-packages/airflow/example_dags/example_bash_decorator.py for tasks to queue
[2024-04-26T15:10:47.759+0000] {logging_mixin.py:188} INFO - [2024-04-26T15:10:47.759+0000] {dagbag.py:540} INFO - Filling up the DagBag from /usr/local/python/3.10.13/lib/python3.10/site-packages/airflow/example_dags/example_bash_decorator.py
[2024-04-26T15:10:47.849+0000] {processor.py:840} INFO - DAG(s) 'example_bash_decorator' retrieved from /usr/local/python/3.10.13/lib/python3.10/site-packages/airflow/example_dags/example_bash_decorator.py
[2024-04-26T15:10:47.968+0000] {logging_mixin.py:188} INFO - [2024-04-26T15:10:47.967+0000] {override.py:1829} INFO - Created Permission View: can read on DAG:example_bash_decorator
[2024-04-26T15:10:47.998+0000] {logging_mixin.py:188} INFO - [2024-04-26T15:10:47.997+0000] {override.py:1829} INFO - Created Permission View: can edit on DAG:example_bash_decorator
[2024-04-26T15:10:48.025+0000] {logging_mixin.py:188} INFO - [2024-04-26T15:10:48.024+0000] {override.py:1829} INFO - Created Permission View: can delete on DAG:example_bash_decorator
[2024-04-26T15:10:48.025+0000] {logging_mixin.py:188} INFO - [2024-04-26T15:10:48.025+0000] {dag.py:3096} INFO - Sync 1 DAGs
[2024-04-26T15:10:48.032+0000] {logging_mixin.py:188} INFO - [2024-04-26T15:10:48.032+0000] {dag.py:3118} INFO - Creating ORM DAG for example_bash_decorator
[2024-04-26T15:10:48.033+0000] {logging_mixin.py:188} INFO - [2024-04-26T15:10:48.033+0000] {dag.py:3954} INFO - Setting next_dagrun for example_bash_decorator to None, run_after=None
[2024-04-26T15:10:48.072+0000] {processor.py:183} INFO - Processing /usr/local/python/3.10.13/lib/python3.10/site-packages/airflow/example_dags/example_bash_decorator.py took 0.322 seconds
[2024-04-26T15:12:18.733+0000] {processor.py:161} INFO - Started process (PID=57972) to work on /usr/local/python/3.10.13/lib/python3.10/site-packages/airflow/example_dags/example_bash_decorator.py
[2024-04-26T15:12:18.733+0000] {processor.py:830} INFO - Processing file /usr/local/python/3.10.13/lib/python3.10/site-packages/airflow/example_dags/example_bash_decorator.py for tasks to queue
[2024-04-26T15:12:18.735+0000] {logging_mixin.py:188} INFO - [2024-04-26T15:12:18.734+0000] {dagbag.py:540} INFO - Filling up the DagBag from /usr/local/python/3.10.13/lib/python3.10/site-packages/airflow/example_dags/example_bash_decorator.py
[2024-04-26T15:12:18.746+0000] {processor.py:840} INFO - DAG(s) 'example_bash_decorator' retrieved from /usr/local/python/3.10.13/lib/python3.10/site-packages/airflow/example_dags/example_bash_decorator.py
[2024-04-26T15:12:18.819+0000] {logging_mixin.py:188} INFO - [2024-04-26T15:12:18.818+0000] {dag.py:3096} INFO - Sync 1 DAGs
[2024-04-26T15:12:18.826+0000] {logging_mixin.py:188} INFO - [2024-04-26T15:12:18.825+0000] {dag.py:3954} INFO - Setting next_dagrun for example_bash_decorator to None, run_after=None
[2024-04-26T15:12:18.863+0000] {processor.py:183} INFO - Processing /usr/local/python/3.10.13/lib/python3.10/site-packages/airflow/example_dags/example_bash_decorator.py took 0.135 seconds
[2024-04-26T15:13:09.779+0000] {processor.py:161} INFO - Started process (PID=58419) to work on /usr/local/python/3.10.13/lib/python3.10/site-packages/airflow/example_dags/example_bash_decorator.py
[2024-04-26T15:13:09.779+0000] {processor.py:830} INFO - Processing file /usr/local/python/3.10.13/lib/python3.10/site-packages/airflow/example_dags/example_bash_decorator.py for tasks to queue
[2024-04-26T15:13:09.781+0000] {logging_mixin.py:188} INFO - [2024-04-26T15:13:09.781+0000] {dagbag.py:540} INFO - Filling up the DagBag from /usr/local/python/3.10.13/lib/python3.10/site-packages/airflow/example_dags/example_bash_decorator.py
[2024-04-26T15:13:09.792+0000] {processor.py:840} INFO - DAG(s) 'example_bash_decorator' retrieved from /usr/local/python/3.10.13/lib/python3.10/site-packages/airflow/example_dags/example_bash_decorator.py
[2024-04-26T15:13:09.807+0000] {logging_mixin.py:188} INFO - [2024-04-26T15:13:09.807+0000] {dag.py:3096} INFO - Sync 1 DAGs
[2024-04-26T15:13:09.816+0000] {logging_mixin.py:188} INFO - [2024-04-26T15:13:09.816+0000] {dag.py:3954} INFO - Setting next_dagrun for example_bash_decorator to None, run_after=None
[2024-04-26T15:13:09.854+0000] {processor.py:183} INFO - Processing /usr/local/python/3.10.13/lib/python3.10/site-packages/airflow/example_dags/example_bash_decorator.py took 0.080 seconds
