[2024-04-26T15:09:54.077+0000] {processor.py:161} INFO - Started process (PID=56027) to work on /usr/local/python/3.10.13/lib/python3.10/site-packages/airflow/example_dags/tutorial_taskflow_api.py
[2024-04-26T15:09:54.078+0000] {processor.py:830} INFO - Processing file /usr/local/python/3.10.13/lib/python3.10/site-packages/airflow/example_dags/tutorial_taskflow_api.py for tasks to queue
[2024-04-26T15:09:54.080+0000] {logging_mixin.py:188} INFO - [2024-04-26T15:09:54.080+0000] {dagbag.py:540} INFO - Filling up the DagBag from /usr/local/python/3.10.13/lib/python3.10/site-packages/airflow/example_dags/tutorial_taskflow_api.py
[2024-04-26T15:09:54.090+0000] {processor.py:840} INFO - DAG(s) 'tutorial_taskflow_api' retrieved from /usr/local/python/3.10.13/lib/python3.10/site-packages/airflow/example_dags/tutorial_taskflow_api.py
[2024-04-26T15:09:54.344+0000] {logging_mixin.py:188} INFO - [2024-04-26T15:09:54.343+0000] {override.py:1829} INFO - Created Permission View: can read on DAG:tutorial_taskflow_api
[2024-04-26T15:09:54.383+0000] {logging_mixin.py:188} INFO - [2024-04-26T15:09:54.383+0000] {override.py:1829} INFO - Created Permission View: can edit on DAG:tutorial_taskflow_api
[2024-04-26T15:09:54.409+0000] {logging_mixin.py:188} INFO - [2024-04-26T15:09:54.409+0000] {override.py:1829} INFO - Created Permission View: can delete on DAG:tutorial_taskflow_api
[2024-04-26T15:09:54.410+0000] {logging_mixin.py:188} INFO - [2024-04-26T15:09:54.409+0000] {dag.py:3096} INFO - Sync 1 DAGs
[2024-04-26T15:09:54.417+0000] {logging_mixin.py:188} INFO - [2024-04-26T15:09:54.416+0000] {dag.py:3118} INFO - Creating ORM DAG for tutorial_taskflow_api
[2024-04-26T15:09:54.417+0000] {logging_mixin.py:188} INFO - [2024-04-26T15:09:54.417+0000] {dag.py:3954} INFO - Setting next_dagrun for tutorial_taskflow_api to None, run_after=None
[2024-04-26T15:09:54.456+0000] {processor.py:183} INFO - Processing /usr/local/python/3.10.13/lib/python3.10/site-packages/airflow/example_dags/tutorial_taskflow_api.py took 0.386 seconds
[2024-04-26T15:11:35.674+0000] {processor.py:161} INFO - Started process (PID=57304) to work on /usr/local/python/3.10.13/lib/python3.10/site-packages/airflow/example_dags/tutorial_taskflow_api.py
[2024-04-26T15:11:35.675+0000] {processor.py:830} INFO - Processing file /usr/local/python/3.10.13/lib/python3.10/site-packages/airflow/example_dags/tutorial_taskflow_api.py for tasks to queue
[2024-04-26T15:11:35.676+0000] {logging_mixin.py:188} INFO - [2024-04-26T15:11:35.676+0000] {dagbag.py:540} INFO - Filling up the DagBag from /usr/local/python/3.10.13/lib/python3.10/site-packages/airflow/example_dags/tutorial_taskflow_api.py
[2024-04-26T15:11:35.682+0000] {processor.py:840} INFO - DAG(s) 'tutorial_taskflow_api' retrieved from /usr/local/python/3.10.13/lib/python3.10/site-packages/airflow/example_dags/tutorial_taskflow_api.py
[2024-04-26T15:11:35.689+0000] {logging_mixin.py:188} INFO - [2024-04-26T15:11:35.688+0000] {dag.py:3096} INFO - Sync 1 DAGs
[2024-04-26T15:11:35.698+0000] {logging_mixin.py:188} INFO - [2024-04-26T15:11:35.698+0000] {dag.py:3954} INFO - Setting next_dagrun for tutorial_taskflow_api to None, run_after=None
[2024-04-26T15:11:35.736+0000] {processor.py:183} INFO - Processing /usr/local/python/3.10.13/lib/python3.10/site-packages/airflow/example_dags/tutorial_taskflow_api.py took 0.067 seconds
[2024-04-26T15:12:30.585+0000] {processor.py:161} INFO - Started process (PID=58057) to work on /usr/local/python/3.10.13/lib/python3.10/site-packages/airflow/example_dags/tutorial_taskflow_api.py
[2024-04-26T15:12:30.586+0000] {processor.py:830} INFO - Processing file /usr/local/python/3.10.13/lib/python3.10/site-packages/airflow/example_dags/tutorial_taskflow_api.py for tasks to queue
[2024-04-26T15:12:30.588+0000] {logging_mixin.py:188} INFO - [2024-04-26T15:12:30.587+0000] {dagbag.py:540} INFO - Filling up the DagBag from /usr/local/python/3.10.13/lib/python3.10/site-packages/airflow/example_dags/tutorial_taskflow_api.py
[2024-04-26T15:12:30.593+0000] {processor.py:840} INFO - DAG(s) 'tutorial_taskflow_api' retrieved from /usr/local/python/3.10.13/lib/python3.10/site-packages/airflow/example_dags/tutorial_taskflow_api.py
[2024-04-26T15:12:30.661+0000] {logging_mixin.py:188} INFO - [2024-04-26T15:12:30.661+0000] {dag.py:3096} INFO - Sync 1 DAGs
[2024-04-26T15:12:30.668+0000] {logging_mixin.py:188} INFO - [2024-04-26T15:12:30.668+0000] {dag.py:3954} INFO - Setting next_dagrun for tutorial_taskflow_api to None, run_after=None
[2024-04-26T15:12:30.705+0000] {processor.py:183} INFO - Processing /usr/local/python/3.10.13/lib/python3.10/site-packages/airflow/example_dags/tutorial_taskflow_api.py took 0.125 seconds
