[2024-04-26T15:09:49.137+0000] {processor.py:161} INFO - Started process (PID=55956) to work on /usr/local/python/3.10.13/lib/python3.10/site-packages/airflow/example_dags/tutorial_dag.py
[2024-04-26T15:09:49.137+0000] {processor.py:830} INFO - Processing file /usr/local/python/3.10.13/lib/python3.10/site-packages/airflow/example_dags/tutorial_dag.py for tasks to queue
[2024-04-26T15:09:49.139+0000] {logging_mixin.py:188} INFO - [2024-04-26T15:09:49.138+0000] {dagbag.py:540} INFO - Filling up the DagBag from /usr/local/python/3.10.13/lib/python3.10/site-packages/airflow/example_dags/tutorial_dag.py
[2024-04-26T15:09:49.148+0000] {processor.py:840} INFO - DAG(s) 'tutorial_dag' retrieved from /usr/local/python/3.10.13/lib/python3.10/site-packages/airflow/example_dags/tutorial_dag.py
[2024-04-26T15:09:49.290+0000] {logging_mixin.py:188} INFO - [2024-04-26T15:09:49.289+0000] {override.py:1829} INFO - Created Permission View: can read on DAG:tutorial_dag
[2024-04-26T15:09:49.332+0000] {logging_mixin.py:188} INFO - [2024-04-26T15:09:49.332+0000] {override.py:1829} INFO - Created Permission View: can edit on DAG:tutorial_dag
[2024-04-26T15:09:49.362+0000] {logging_mixin.py:188} INFO - [2024-04-26T15:09:49.362+0000] {override.py:1829} INFO - Created Permission View: can delete on DAG:tutorial_dag
[2024-04-26T15:09:49.362+0000] {logging_mixin.py:188} INFO - [2024-04-26T15:09:49.362+0000] {dag.py:3096} INFO - Sync 1 DAGs
[2024-04-26T15:09:49.440+0000] {logging_mixin.py:188} INFO - [2024-04-26T15:09:49.440+0000] {dag.py:3118} INFO - Creating ORM DAG for tutorial_dag
[2024-04-26T15:09:49.441+0000] {logging_mixin.py:188} INFO - [2024-04-26T15:09:49.440+0000] {dag.py:3954} INFO - Setting next_dagrun for tutorial_dag to None, run_after=None
[2024-04-26T15:09:49.492+0000] {processor.py:183} INFO - Processing /usr/local/python/3.10.13/lib/python3.10/site-packages/airflow/example_dags/tutorial_dag.py took 0.360 seconds
[2024-04-26T15:11:33.374+0000] {processor.py:161} INFO - Started process (PID=57214) to work on /usr/local/python/3.10.13/lib/python3.10/site-packages/airflow/example_dags/tutorial_dag.py
[2024-04-26T15:11:33.375+0000] {processor.py:830} INFO - Processing file /usr/local/python/3.10.13/lib/python3.10/site-packages/airflow/example_dags/tutorial_dag.py for tasks to queue
[2024-04-26T15:11:33.376+0000] {logging_mixin.py:188} INFO - [2024-04-26T15:11:33.376+0000] {dagbag.py:540} INFO - Filling up the DagBag from /usr/local/python/3.10.13/lib/python3.10/site-packages/airflow/example_dags/tutorial_dag.py
[2024-04-26T15:11:33.384+0000] {processor.py:840} INFO - DAG(s) 'tutorial_dag' retrieved from /usr/local/python/3.10.13/lib/python3.10/site-packages/airflow/example_dags/tutorial_dag.py
[2024-04-26T15:11:33.390+0000] {logging_mixin.py:188} INFO - [2024-04-26T15:11:33.390+0000] {dag.py:3096} INFO - Sync 1 DAGs
[2024-04-26T15:11:33.400+0000] {logging_mixin.py:188} INFO - [2024-04-26T15:11:33.400+0000] {dag.py:3954} INFO - Setting next_dagrun for tutorial_dag to None, run_after=None
[2024-04-26T15:11:33.448+0000] {processor.py:183} INFO - Processing /usr/local/python/3.10.13/lib/python3.10/site-packages/airflow/example_dags/tutorial_dag.py took 0.079 seconds
[2024-04-26T15:12:29.049+0000] {processor.py:161} INFO - Started process (PID=58045) to work on /usr/local/python/3.10.13/lib/python3.10/site-packages/airflow/example_dags/tutorial_dag.py
[2024-04-26T15:12:29.050+0000] {processor.py:830} INFO - Processing file /usr/local/python/3.10.13/lib/python3.10/site-packages/airflow/example_dags/tutorial_dag.py for tasks to queue
[2024-04-26T15:12:29.051+0000] {logging_mixin.py:188} INFO - [2024-04-26T15:12:29.051+0000] {dagbag.py:540} INFO - Filling up the DagBag from /usr/local/python/3.10.13/lib/python3.10/site-packages/airflow/example_dags/tutorial_dag.py
[2024-04-26T15:12:29.056+0000] {processor.py:840} INFO - DAG(s) 'tutorial_dag' retrieved from /usr/local/python/3.10.13/lib/python3.10/site-packages/airflow/example_dags/tutorial_dag.py
[2024-04-26T15:12:29.143+0000] {logging_mixin.py:188} INFO - [2024-04-26T15:12:29.143+0000] {dag.py:3096} INFO - Sync 1 DAGs
[2024-04-26T15:12:29.150+0000] {logging_mixin.py:188} INFO - [2024-04-26T15:12:29.150+0000] {dag.py:3954} INFO - Setting next_dagrun for tutorial_dag to None, run_after=None
[2024-04-26T15:12:29.189+0000] {processor.py:183} INFO - Processing /usr/local/python/3.10.13/lib/python3.10/site-packages/airflow/example_dags/tutorial_dag.py took 0.145 seconds
