[2024-04-26T15:09:49.027+0000] {manager.py:470} INFO - Processing files using up to 1 processes at a time 
[2024-04-26T15:09:49.027+0000] {manager.py:471} INFO - Process each file at most once every 30 seconds
[2024-04-26T15:09:49.028+0000] {manager.py:472} INFO - Checking for new files in /workspaces/AirFlowDB/dags every 300 seconds
[2024-04-26T15:09:49.028+0000] {manager.py:737} INFO - Searching for files in /workspaces/AirFlowDB/dags
[2024-04-26T15:09:49.055+0000] {manager.py:740} INFO - There are 51 files in /workspaces/AirFlowDB/dags
[2024-04-26T15:09:49.544+0000] {manager.py:878} INFO - 
================================================================================
DAG File Processing Stats

File Path                                                                                                                               PID    Runtime      # DAGs    # Errors  Last Runtime    Last Run
--------------------------------------------------------------------------------------------------------------------------------------  -----  ---------  --------  ----------  --------------  -------------------
/usr/local/python/3.10.13/lib/python3.10/site-packages/airflow/example_dags/tutorial_dag.py                                                                      1           0  0.41s           2024-04-26T15:09:49
/usr/local/python/3.10.13/lib/python3.10/site-packages/airflow/example_dags/example_trigger_controller_dag.py                                                    0           0
/usr/local/python/3.10.13/lib/python3.10/site-packages/airflow/example_dags/example_python_decorator.py                                                          0           0
/usr/local/python/3.10.13/lib/python3.10/site-packages/airflow/example_dags/tutorial.py                                                                          0           0
/usr/local/python/3.10.13/lib/python3.10/site-packages/airflow/example_dags/example_kubernetes_executor.py                                                       0           0
/usr/local/python/3.10.13/lib/python3.10/site-packages/airflow/example_dags/example_task_group_decorator.py                                                      0           0
/usr/local/python/3.10.13/lib/python3.10/site-packages/airflow/example_dags/example_subdag_operator.py                                                           0           0
/usr/local/python/3.10.13/lib/python3.10/site-packages/airflow/example_dags/example_params_ui_tutorial.py                                                        0           0
/usr/local/python/3.10.13/lib/python3.10/site-packages/airflow/example_dags/tutorial_taskflow_api.py                                                             0           0
/usr/local/python/3.10.13/lib/python3.10/site-packages/airflow/example_dags/example_setup_teardown.py                                                            0           0
/usr/local/python/3.10.13/lib/python3.10/site-packages/airflow/example_dags/example_skip_dag.py                                                                  0           0
/usr/local/python/3.10.13/lib/python3.10/site-packages/airflow/example_dags/tutorial_taskflow_api_virtualenv.py                                                  0           0
/usr/local/python/3.10.13/lib/python3.10/site-packages/airflow/example_dags/example_external_task_marker_dag.py                                                  0           0
/usr/local/python/3.10.13/lib/python3.10/site-packages/airflow/example_dags/example_short_circuit_decorator.py                                                   0           0
/usr/local/python/3.10.13/lib/python3.10/site-packages/airflow/example_dags/example_latest_only_with_trigger.py                                                  0           0
/usr/local/python/3.10.13/lib/python3.10/site-packages/airflow/example_dags/example_dynamic_task_mapping_with_no_taskflow_operators.py                           0           0
/usr/local/python/3.10.13/lib/python3.10/site-packages/airflow/example_dags/example_bash_operator.py                                                             0           0
/usr/local/python/3.10.13/lib/python3.10/site-packages/airflow/example_dags/example_branch_python_dop_operator_3.py                                              0           0
/usr/local/python/3.10.13/lib/python3.10/site-packages/airflow/example_dags/tutorial_objectstorage.py                                                            0           0
/usr/local/python/3.10.13/lib/python3.10/site-packages/airflow/example_dags/example_time_delta_sensor_async.py                                                   0           0
/usr/local/python/3.10.13/lib/python3.10/site-packages/airflow/example_dags/example_branch_operator_decorator.py                                                 0           0
/usr/local/python/3.10.13/lib/python3.10/site-packages/airflow/example_dags/example_complex.py                                                                   0           0
/usr/local/python/3.10.13/lib/python3.10/site-packages/airflow/example_dags/example_latest_only.py                                                               0           0
/usr/local/python/3.10.13/lib/python3.10/site-packages/airflow/example_dags/example_nested_branch_dag.py                                                         0           0
/usr/local/python/3.10.13/lib/python3.10/site-packages/airflow/example_dags/example_bash_decorator.py                                                            0           0
/usr/local/python/3.10.13/lib/python3.10/site-packages/airflow/example_dags/example_passing_params_via_test_command.py                                           0           0
/usr/local/python/3.10.13/lib/python3.10/site-packages/airflow/example_dags/example_display_name.py                                                              0           0
/usr/local/python/3.10.13/lib/python3.10/site-packages/airflow/example_dags/example_task_group.py                                                                0           0
/usr/local/python/3.10.13/lib/python3.10/site-packages/airflow/example_dags/example_local_kubernetes_executor.py                                                 0           0
/usr/local/python/3.10.13/lib/python3.10/site-packages/airflow/example_dags/example_branch_datetime_operator.py                                                  0           0
/usr/local/python/3.10.13/lib/python3.10/site-packages/airflow/example_dags/example_short_circuit_operator.py                                                    0           0
/usr/local/python/3.10.13/lib/python3.10/site-packages/airflow/example_dags/example_sensors.py                                                                   0           0
/usr/local/python/3.10.13/lib/python3.10/site-packages/airflow/example_dags/example_trigger_target_dag.py                                                        0           0
/usr/local/python/3.10.13/lib/python3.10/site-packages/airflow/example_dags/example_params_trigger_ui.py                                                         0           0
/usr/local/python/3.10.13/lib/python3.10/site-packages/airflow/example_dags/example_sensor_decorator.py                                                          0           0
/usr/local/python/3.10.13/lib/python3.10/site-packages/airflow/example_dags/example_branch_day_of_week_operator.py                                               0           0
/usr/local/python/3.10.13/lib/python3.10/site-packages/airflow/example_dags/example_python_operator.py                                                           0           0
/usr/local/python/3.10.13/lib/python3.10/site-packages/airflow/example_dags/example_dynamic_task_mapping.py                                                      0           0
/usr/local/python/3.10.13/lib/python3.10/site-packages/airflow/example_dags/example_xcomargs.py                                                                  0           0
/usr/local/python/3.10.13/lib/python3.10/site-packages/airflow/example_dags/example_branch_labels.py                                                             0           0
/usr/local/python/3.10.13/lib/python3.10/site-packages/airflow/example_dags/example_setup_teardown_taskflow.py                                                   0           0
/usr/local/python/3.10.13/lib/python3.10/site-packages/airflow/example_dags/example_datasets.py                                                                  0           0
/usr/local/python/3.10.13/lib/python3.10/site-packages/airflow/example_dags/example_branch_operator.py                                                           0           0
/usr/local/python/3.10.13/lib/python3.10/site-packages/airflow/example_dags/example_dag_decorator.py                                                             0           0
/usr/local/python/3.10.13/lib/python3.10/site-packages/airflow/example_dags/example_xcom.py                                                                      0           0
/usr/local/python/3.10.13/lib/python3.10/site-packages/airflow/example_dags/example_sla_dag.py                                                                   0           0
/usr/local/python/3.10.13/lib/python3.10/site-packages/airflow/example_dags/plugins/decreasing_priority_weight_strategy.py                                       0           0
/usr/local/python/3.10.13/lib/python3.10/site-packages/airflow/example_dags/plugins/listener_plugin.py                                                           0           0
/usr/local/python/3.10.13/lib/python3.10/site-packages/airflow/example_dags/plugins/event_listener.py                                                            0           0
/usr/local/python/3.10.13/lib/python3.10/site-packages/airflow/example_dags/plugins/workday.py                                                                   0           0
/usr/local/python/3.10.13/lib/python3.10/site-packages/airflow/example_dags/subdags/subdag.py                                                                    0           0
================================================================================
[2024-04-26T15:10:20.300+0000] {manager.py:878} INFO - 
================================================================================
DAG File Processing Stats

File Path                                                                                                                               PID    Runtime      # DAGs    # Errors  Last Runtime    Last Run
--------------------------------------------------------------------------------------------------------------------------------------  -----  ---------  --------  ----------  --------------  -------------------
/usr/local/python/3.10.13/lib/python3.10/site-packages/airflow/example_dags/tutorial.py                                                                          1           0  1.91s           2024-04-26T15:09:52
/usr/local/python/3.10.13/lib/python3.10/site-packages/airflow/example_dags/example_xcomargs.py                                                                  2           0  0.50s           2024-04-26T15:10:02
/usr/local/python/3.10.13/lib/python3.10/site-packages/airflow/example_dags/tutorial_dag.py                                                                      1           0  0.41s           2024-04-26T15:09:49
/usr/local/python/3.10.13/lib/python3.10/site-packages/airflow/example_dags/tutorial_taskflow_api.py                                                             1           0  0.40s           2024-04-26T15:09:54
/usr/local/python/3.10.13/lib/python3.10/site-packages/airflow/example_dags/example_short_circuit_decorator.py                                                   1           0  0.40s           2024-04-26T15:10:16
/usr/local/python/3.10.13/lib/python3.10/site-packages/airflow/example_dags/tutorial_objectstorage.py                                                            1           0  0.40s           2024-04-26T15:10:00
/usr/local/python/3.10.13/lib/python3.10/site-packages/airflow/example_dags/example_params_ui_tutorial.py                                                        1           0  0.40s           2024-04-26T15:10:12
/usr/local/python/3.10.13/lib/python3.10/site-packages/airflow/example_dags/example_skip_dag.py                                                                  1           0  0.40s           2024-04-26T15:10:14
/usr/local/python/3.10.13/lib/python3.10/site-packages/airflow/example_dags/example_python_decorator.py                                                          1           0  0.40s           2024-04-26T15:10:09
/usr/local/python/3.10.13/lib/python3.10/site-packages/airflow/example_dags/example_task_group_decorator.py                                                      1           0  0.40s           2024-04-26T15:10:09
/usr/local/python/3.10.13/lib/python3.10/site-packages/airflow/example_dags/example_latest_only_with_trigger.py                                                  1           0  0.40s           2024-04-26T15:10:17
/usr/local/python/3.10.13/lib/python3.10/site-packages/airflow/example_dags/example_setup_teardown.py                                                            1           0  0.40s           2024-04-26T15:10:14
/usr/local/python/3.10.13/lib/python3.10/site-packages/airflow/example_dags/plugins/workday.py                                                                   0           0  0.40s           2024-04-26T15:10:05
/usr/local/python/3.10.13/lib/python3.10/site-packages/airflow/example_dags/tutorial_taskflow_api_virtualenv.py                                                  1           0  0.40s           2024-04-26T15:09:59
/usr/local/python/3.10.13/lib/python3.10/site-packages/airflow/example_dags/example_latest_only.py                                                               1           0  0.40s           2024-04-26T15:10:20
/usr/local/python/3.10.13/lib/python3.10/site-packages/airflow/example_dags/example_subdag_operator.py                                                           3           0  0.40s           2024-04-26T15:10:11
/usr/local/python/3.10.13/lib/python3.10/site-packages/airflow/example_dags/example_time_delta_sensor_async.py                                                   1           0  0.40s           2024-04-26T15:10:19
/usr/local/python/3.10.13/lib/python3.10/site-packages/airflow/example_dags/example_trigger_controller_dag.py                                                    1           0  0.40s           2024-04-26T15:10:08
/usr/local/python/3.10.13/lib/python3.10/site-packages/airflow/example_dags/plugins/event_listener.py                                                            0           0  0.10s           2024-04-26T15:10:04
/usr/local/python/3.10.13/lib/python3.10/site-packages/airflow/example_dags/plugins/listener_plugin.py                                                           0           0  0.10s           2024-04-26T15:10:03
/usr/local/python/3.10.13/lib/python3.10/site-packages/airflow/example_dags/plugins/decreasing_priority_weight_strategy.py                                       0           0  0.10s           2024-04-26T15:10:03
/usr/local/python/3.10.13/lib/python3.10/site-packages/airflow/example_dags/subdags/subdag.py                                                                    0           0  0.10s           2024-04-26T15:10:06
/usr/local/python/3.10.13/lib/python3.10/site-packages/airflow/example_dags/example_kubernetes_executor.py                                                       0           0
/usr/local/python/3.10.13/lib/python3.10/site-packages/airflow/example_dags/example_external_task_marker_dag.py                                                  0           0
/usr/local/python/3.10.13/lib/python3.10/site-packages/airflow/example_dags/example_dynamic_task_mapping_with_no_taskflow_operators.py                           0           0
/usr/local/python/3.10.13/lib/python3.10/site-packages/airflow/example_dags/example_bash_operator.py                                                             0           0
/usr/local/python/3.10.13/lib/python3.10/site-packages/airflow/example_dags/example_branch_python_dop_operator_3.py                                              0           0
/usr/local/python/3.10.13/lib/python3.10/site-packages/airflow/example_dags/example_branch_operator_decorator.py                                                 0           0
/usr/local/python/3.10.13/lib/python3.10/site-packages/airflow/example_dags/example_complex.py                                                                   0           0
/usr/local/python/3.10.13/lib/python3.10/site-packages/airflow/example_dags/example_nested_branch_dag.py                                                         0           0
/usr/local/python/3.10.13/lib/python3.10/site-packages/airflow/example_dags/example_bash_decorator.py                                                            0           0
/usr/local/python/3.10.13/lib/python3.10/site-packages/airflow/example_dags/example_passing_params_via_test_command.py                                           0           0
/usr/local/python/3.10.13/lib/python3.10/site-packages/airflow/example_dags/example_display_name.py                                                              0           0
/usr/local/python/3.10.13/lib/python3.10/site-packages/airflow/example_dags/example_task_group.py                                                                0           0
/usr/local/python/3.10.13/lib/python3.10/site-packages/airflow/example_dags/example_local_kubernetes_executor.py                                                 0           0
/usr/local/python/3.10.13/lib/python3.10/site-packages/airflow/example_dags/example_branch_datetime_operator.py                                                  0           0
/usr/local/python/3.10.13/lib/python3.10/site-packages/airflow/example_dags/example_short_circuit_operator.py                                                    0           0
/usr/local/python/3.10.13/lib/python3.10/site-packages/airflow/example_dags/example_sensors.py                                                                   0           0
/usr/local/python/3.10.13/lib/python3.10/site-packages/airflow/example_dags/example_trigger_target_dag.py                                                        0           0
/usr/local/python/3.10.13/lib/python3.10/site-packages/airflow/example_dags/example_params_trigger_ui.py                                                         0           0
/usr/local/python/3.10.13/lib/python3.10/site-packages/airflow/example_dags/example_sensor_decorator.py                                                          0           0
/usr/local/python/3.10.13/lib/python3.10/site-packages/airflow/example_dags/example_branch_day_of_week_operator.py                                               0           0
/usr/local/python/3.10.13/lib/python3.10/site-packages/airflow/example_dags/example_python_operator.py                                                           0           0
/usr/local/python/3.10.13/lib/python3.10/site-packages/airflow/example_dags/example_dynamic_task_mapping.py                                                      0           0
/usr/local/python/3.10.13/lib/python3.10/site-packages/airflow/example_dags/example_branch_labels.py                                                             0           0
/usr/local/python/3.10.13/lib/python3.10/site-packages/airflow/example_dags/example_setup_teardown_taskflow.py                                                   0           0
/usr/local/python/3.10.13/lib/python3.10/site-packages/airflow/example_dags/example_datasets.py                                                                  0           0
/usr/local/python/3.10.13/lib/python3.10/site-packages/airflow/example_dags/example_branch_operator.py                                                           0           0
/usr/local/python/3.10.13/lib/python3.10/site-packages/airflow/example_dags/example_dag_decorator.py                                                             0           0
/usr/local/python/3.10.13/lib/python3.10/site-packages/airflow/example_dags/example_xcom.py                                                                      0           0
/usr/local/python/3.10.13/lib/python3.10/site-packages/airflow/example_dags/example_sla_dag.py                                                                   0           0
================================================================================
[2024-04-26T15:10:51.667+0000] {manager.py:878} INFO - 
================================================================================
DAG File Processing Stats

File Path                                                                                                                               PID    Runtime      # DAGs    # Errors  Last Runtime    Last Run
--------------------------------------------------------------------------------------------------------------------------------------  -----  ---------  --------  ----------  --------------  -------------------
/usr/local/python/3.10.13/lib/python3.10/site-packages/airflow/example_dags/tutorial.py                                                                          1           0  1.91s           2024-04-26T15:09:52
/usr/local/python/3.10.13/lib/python3.10/site-packages/airflow/example_dags/example_branch_datetime_operator.py                                                  3           0  0.60s           2024-04-26T15:10:50
/usr/local/python/3.10.13/lib/python3.10/site-packages/airflow/example_dags/example_xcomargs.py                                                                  2           0  0.50s           2024-04-26T15:10:02
/usr/local/python/3.10.13/lib/python3.10/site-packages/airflow/example_dags/example_external_task_marker_dag.py                                                  2           0  0.50s           2024-04-26T15:10:40
/usr/local/python/3.10.13/lib/python3.10/site-packages/airflow/example_dags/tutorial_dag.py                                                                      1           0  0.41s           2024-04-26T15:09:49
/usr/local/python/3.10.13/lib/python3.10/site-packages/airflow/example_dags/example_task_group.py                                                                1           0  0.41s           2024-04-26T15:10:24
/usr/local/python/3.10.13/lib/python3.10/site-packages/airflow/example_dags/example_sensor_decorator.py                                                          1           0  0.41s           2024-04-26T15:10:32
/usr/local/python/3.10.13/lib/python3.10/site-packages/airflow/example_dags/tutorial_taskflow_api.py                                                             1           0  0.40s           2024-04-26T15:09:54
/usr/local/python/3.10.13/lib/python3.10/site-packages/airflow/example_dags/example_branch_python_dop_operator_3.py                                              1           0  0.40s           2024-04-26T15:10:44
/usr/local/python/3.10.13/lib/python3.10/site-packages/airflow/example_dags/example_short_circuit_decorator.py                                                   1           0  0.40s           2024-04-26T15:10:16
/usr/local/python/3.10.13/lib/python3.10/site-packages/airflow/example_dags/tutorial_objectstorage.py                                                            1           0  0.40s           2024-04-26T15:10:00
/usr/local/python/3.10.13/lib/python3.10/site-packages/airflow/example_dags/example_trigger_target_dag.py                                                        1           0  0.40s           2024-04-26T15:10:29
/usr/local/python/3.10.13/lib/python3.10/site-packages/airflow/example_dags/example_params_ui_tutorial.py                                                        1           0  0.40s           2024-04-26T15:10:12
/usr/local/python/3.10.13/lib/python3.10/site-packages/airflow/example_dags/example_branch_operator_decorator.py                                                 1           0  0.40s           2024-04-26T15:10:45
/usr/local/python/3.10.13/lib/python3.10/site-packages/airflow/example_dags/example_display_name.py                                                              1           0  0.40s           2024-04-26T15:10:49
/usr/local/python/3.10.13/lib/python3.10/site-packages/airflow/example_dags/example_skip_dag.py                                                                  1           0  0.40s           2024-04-26T15:10:14
/usr/local/python/3.10.13/lib/python3.10/site-packages/airflow/example_dags/example_nested_branch_dag.py                                                         1           0  0.40s           2024-04-26T15:10:21
/usr/local/python/3.10.13/lib/python3.10/site-packages/airflow/example_dags/example_python_operator.py                                                           1           0  0.40s           2024-04-26T15:10:33
/usr/local/python/3.10.13/lib/python3.10/site-packages/airflow/example_dags/example_python_decorator.py                                                          1           0  0.40s           2024-04-26T15:10:09
/usr/local/python/3.10.13/lib/python3.10/site-packages/airflow/example_dags/example_sensors.py                                                                   1           0  0.40s           2024-04-26T15:10:28
/usr/local/python/3.10.13/lib/python3.10/site-packages/airflow/example_dags/example_task_group_decorator.py                                                      1           0  0.40s           2024-04-26T15:10:09
/usr/local/python/3.10.13/lib/python3.10/site-packages/airflow/example_dags/example_latest_only_with_trigger.py                                                  1           0  0.40s           2024-04-26T15:10:17
/usr/local/python/3.10.13/lib/python3.10/site-packages/airflow/example_dags/example_short_circuit_operator.py                                                    1           0  0.40s           2024-04-26T15:10:26
/usr/local/python/3.10.13/lib/python3.10/site-packages/airflow/example_dags/example_sla_dag.py                                                                   1           0  0.40s           2024-04-26T15:10:37
/usr/local/python/3.10.13/lib/python3.10/site-packages/airflow/example_dags/example_setup_teardown.py                                                            1           0  0.40s           2024-04-26T15:10:14
/usr/local/python/3.10.13/lib/python3.10/site-packages/airflow/example_dags/plugins/workday.py                                                                   0           0  0.40s           2024-04-26T15:10:05
/usr/local/python/3.10.13/lib/python3.10/site-packages/airflow/example_dags/tutorial_taskflow_api_virtualenv.py                                                  1           0  0.40s           2024-04-26T15:09:59
/usr/local/python/3.10.13/lib/python3.10/site-packages/airflow/example_dags/example_dynamic_task_mapping_with_no_taskflow_operators.py                           1           0  0.40s           2024-04-26T15:10:41
/usr/local/python/3.10.13/lib/python3.10/site-packages/airflow/example_dags/example_latest_only.py                                                               1           0  0.40s           2024-04-26T15:10:20
/usr/local/python/3.10.13/lib/python3.10/site-packages/airflow/example_dags/example_bash_decorator.py                                                            1           0  0.40s           2024-04-26T15:10:48
/usr/local/python/3.10.13/lib/python3.10/site-packages/airflow/example_dags/example_passing_params_via_test_command.py                                           1           0  0.40s           2024-04-26T15:10:23
/usr/local/python/3.10.13/lib/python3.10/site-packages/airflow/example_dags/example_params_trigger_ui.py                                                         1           0  0.40s           2024-04-26T15:10:30
/usr/local/python/3.10.13/lib/python3.10/site-packages/airflow/example_dags/example_setup_teardown_taskflow.py                                                   1           0  0.40s           2024-04-26T15:10:34
/usr/local/python/3.10.13/lib/python3.10/site-packages/airflow/example_dags/example_subdag_operator.py                                                           3           0  0.40s           2024-04-26T15:10:11
/usr/local/python/3.10.13/lib/python3.10/site-packages/airflow/example_dags/example_bash_operator.py                                                             1           0  0.40s           2024-04-26T15:10:42
/usr/local/python/3.10.13/lib/python3.10/site-packages/airflow/example_dags/example_complex.py                                                                   1           0  0.40s           2024-04-26T15:10:46
/usr/local/python/3.10.13/lib/python3.10/site-packages/airflow/example_dags/example_branch_day_of_week_operator.py                                               1           0  0.40s           2024-04-26T15:10:51
/usr/local/python/3.10.13/lib/python3.10/site-packages/airflow/example_dags/example_xcom.py                                                                      1           0  0.40s           2024-04-26T15:10:36
/usr/local/python/3.10.13/lib/python3.10/site-packages/airflow/example_dags/example_time_delta_sensor_async.py                                                   1           0  0.40s           2024-04-26T15:10:19
/usr/local/python/3.10.13/lib/python3.10/site-packages/airflow/example_dags/example_trigger_controller_dag.py                                                    1           0  0.40s           2024-04-26T15:10:08
/usr/local/python/3.10.13/lib/python3.10/site-packages/airflow/example_dags/example_local_kubernetes_executor.py                                                 0           0  0.10s           2024-04-26T15:10:25
/usr/local/python/3.10.13/lib/python3.10/site-packages/airflow/example_dags/example_kubernetes_executor.py                                                       0           0  0.10s           2024-04-26T15:10:38
/usr/local/python/3.10.13/lib/python3.10/site-packages/airflow/example_dags/plugins/event_listener.py                                                            0           0  0.10s           2024-04-26T15:10:04
/usr/local/python/3.10.13/lib/python3.10/site-packages/airflow/example_dags/plugins/listener_plugin.py                                                           0           0  0.10s           2024-04-26T15:10:03
/usr/local/python/3.10.13/lib/python3.10/site-packages/airflow/example_dags/plugins/decreasing_priority_weight_strategy.py                                       0           0  0.10s           2024-04-26T15:10:03
/usr/local/python/3.10.13/lib/python3.10/site-packages/airflow/example_dags/subdags/subdag.py                                                                    0           0  0.10s           2024-04-26T15:10:06
/usr/local/python/3.10.13/lib/python3.10/site-packages/airflow/example_dags/example_dynamic_task_mapping.py                                                      0           0
/usr/local/python/3.10.13/lib/python3.10/site-packages/airflow/example_dags/example_branch_labels.py                                                             0           0
/usr/local/python/3.10.13/lib/python3.10/site-packages/airflow/example_dags/example_datasets.py                                                                  0           0
/usr/local/python/3.10.13/lib/python3.10/site-packages/airflow/example_dags/example_branch_operator.py                                                           0           0
/usr/local/python/3.10.13/lib/python3.10/site-packages/airflow/example_dags/example_dag_decorator.py                                                             0           0
================================================================================
[2024-04-26T15:10:56.978+0000] {manager.py:452} INFO - Exiting gracefully upon receiving signal 15
[2024-04-26T15:11:33.313+0000] {manager.py:470} INFO - Processing files using up to 1 processes at a time 
[2024-04-26T15:11:33.314+0000] {manager.py:471} INFO - Process each file at most once every 30 seconds
[2024-04-26T15:11:33.314+0000] {manager.py:472} INFO - Checking for new files in /workspaces/AirFlowDB/dags every 300 seconds
[2024-04-26T15:11:33.314+0000] {manager.py:737} INFO - Searching for files in /workspaces/AirFlowDB/dags
[2024-04-26T15:11:33.326+0000] {manager.py:740} INFO - There are 51 files in /workspaces/AirFlowDB/dags
[2024-04-26T15:11:33.474+0000] {manager.py:878} INFO - 
================================================================================
DAG File Processing Stats

File Path                                                                                                                               PID    Runtime      # DAGs    # Errors  Last Runtime    Last Run
--------------------------------------------------------------------------------------------------------------------------------------  -----  ---------  --------  ----------  --------------  -------------------
/usr/local/python/3.10.13/lib/python3.10/site-packages/airflow/example_dags/tutorial_dag.py                                                                      1           0  0.10s           2024-04-26T15:11:33
/usr/local/python/3.10.13/lib/python3.10/site-packages/airflow/example_dags/example_trigger_controller_dag.py                                                    0           0
/usr/local/python/3.10.13/lib/python3.10/site-packages/airflow/example_dags/example_python_decorator.py                                                          0           0
/usr/local/python/3.10.13/lib/python3.10/site-packages/airflow/example_dags/tutorial.py                                                                          0           0
/usr/local/python/3.10.13/lib/python3.10/site-packages/airflow/example_dags/example_kubernetes_executor.py                                                       0           0
/usr/local/python/3.10.13/lib/python3.10/site-packages/airflow/example_dags/example_task_group_decorator.py                                                      0           0
/usr/local/python/3.10.13/lib/python3.10/site-packages/airflow/example_dags/example_subdag_operator.py                                                           0           0
/usr/local/python/3.10.13/lib/python3.10/site-packages/airflow/example_dags/example_params_ui_tutorial.py                                                        0           0
/usr/local/python/3.10.13/lib/python3.10/site-packages/airflow/example_dags/tutorial_taskflow_api.py                                                             0           0
/usr/local/python/3.10.13/lib/python3.10/site-packages/airflow/example_dags/example_setup_teardown.py                                                            0           0
/usr/local/python/3.10.13/lib/python3.10/site-packages/airflow/example_dags/example_skip_dag.py                                                                  0           0
/usr/local/python/3.10.13/lib/python3.10/site-packages/airflow/example_dags/tutorial_taskflow_api_virtualenv.py                                                  0           0
/usr/local/python/3.10.13/lib/python3.10/site-packages/airflow/example_dags/example_external_task_marker_dag.py                                                  0           0
/usr/local/python/3.10.13/lib/python3.10/site-packages/airflow/example_dags/example_short_circuit_decorator.py                                                   0           0
/usr/local/python/3.10.13/lib/python3.10/site-packages/airflow/example_dags/example_latest_only_with_trigger.py                                                  0           0
/usr/local/python/3.10.13/lib/python3.10/site-packages/airflow/example_dags/example_dynamic_task_mapping_with_no_taskflow_operators.py                           0           0
/usr/local/python/3.10.13/lib/python3.10/site-packages/airflow/example_dags/example_bash_operator.py                                                             0           0
/usr/local/python/3.10.13/lib/python3.10/site-packages/airflow/example_dags/example_branch_python_dop_operator_3.py                                              0           0
/usr/local/python/3.10.13/lib/python3.10/site-packages/airflow/example_dags/tutorial_objectstorage.py                                                            0           0
/usr/local/python/3.10.13/lib/python3.10/site-packages/airflow/example_dags/example_time_delta_sensor_async.py                                                   0           0
/usr/local/python/3.10.13/lib/python3.10/site-packages/airflow/example_dags/example_branch_operator_decorator.py                                                 0           0
/usr/local/python/3.10.13/lib/python3.10/site-packages/airflow/example_dags/example_complex.py                                                                   0           0
/usr/local/python/3.10.13/lib/python3.10/site-packages/airflow/example_dags/example_latest_only.py                                                               0           0
/usr/local/python/3.10.13/lib/python3.10/site-packages/airflow/example_dags/example_nested_branch_dag.py                                                         0           0
/usr/local/python/3.10.13/lib/python3.10/site-packages/airflow/example_dags/example_bash_decorator.py                                                            0           0
/usr/local/python/3.10.13/lib/python3.10/site-packages/airflow/example_dags/example_passing_params_via_test_command.py                                           0           0
/usr/local/python/3.10.13/lib/python3.10/site-packages/airflow/example_dags/example_display_name.py                                                              0           0
/usr/local/python/3.10.13/lib/python3.10/site-packages/airflow/example_dags/example_task_group.py                                                                0           0
/usr/local/python/3.10.13/lib/python3.10/site-packages/airflow/example_dags/example_local_kubernetes_executor.py                                                 0           0
/usr/local/python/3.10.13/lib/python3.10/site-packages/airflow/example_dags/example_branch_datetime_operator.py                                                  0           0
/usr/local/python/3.10.13/lib/python3.10/site-packages/airflow/example_dags/example_short_circuit_operator.py                                                    0           0
/usr/local/python/3.10.13/lib/python3.10/site-packages/airflow/example_dags/example_sensors.py                                                                   0           0
/usr/local/python/3.10.13/lib/python3.10/site-packages/airflow/example_dags/example_trigger_target_dag.py                                                        0           0
/usr/local/python/3.10.13/lib/python3.10/site-packages/airflow/example_dags/example_params_trigger_ui.py                                                         0           0
/usr/local/python/3.10.13/lib/python3.10/site-packages/airflow/example_dags/example_sensor_decorator.py                                                          0           0
/usr/local/python/3.10.13/lib/python3.10/site-packages/airflow/example_dags/example_branch_day_of_week_operator.py                                               0           0
/usr/local/python/3.10.13/lib/python3.10/site-packages/airflow/example_dags/example_python_operator.py                                                           0           0
/usr/local/python/3.10.13/lib/python3.10/site-packages/airflow/example_dags/example_dynamic_task_mapping.py                                                      0           0
/usr/local/python/3.10.13/lib/python3.10/site-packages/airflow/example_dags/example_xcomargs.py                                                                  0           0
/usr/local/python/3.10.13/lib/python3.10/site-packages/airflow/example_dags/example_branch_labels.py                                                             0           0
/usr/local/python/3.10.13/lib/python3.10/site-packages/airflow/example_dags/example_setup_teardown_taskflow.py                                                   0           0
/usr/local/python/3.10.13/lib/python3.10/site-packages/airflow/example_dags/example_datasets.py                                                                  0           0
/usr/local/python/3.10.13/lib/python3.10/site-packages/airflow/example_dags/example_branch_operator.py                                                           0           0
/usr/local/python/3.10.13/lib/python3.10/site-packages/airflow/example_dags/example_dag_decorator.py                                                             0           0
/usr/local/python/3.10.13/lib/python3.10/site-packages/airflow/example_dags/example_xcom.py                                                                      0           0
/usr/local/python/3.10.13/lib/python3.10/site-packages/airflow/example_dags/example_sla_dag.py                                                                   0           0
/usr/local/python/3.10.13/lib/python3.10/site-packages/airflow/example_dags/plugins/decreasing_priority_weight_strategy.py                                       0           0
/usr/local/python/3.10.13/lib/python3.10/site-packages/airflow/example_dags/plugins/listener_plugin.py                                                           0           0
/usr/local/python/3.10.13/lib/python3.10/site-packages/airflow/example_dags/plugins/event_listener.py                                                            0           0
/usr/local/python/3.10.13/lib/python3.10/site-packages/airflow/example_dags/plugins/workday.py                                                                   0           0
/usr/local/python/3.10.13/lib/python3.10/site-packages/airflow/example_dags/subdags/subdag.py                                                                    0           0
================================================================================
[2024-04-26T15:12:03.692+0000] {manager.py:878} INFO - 
================================================================================
DAG File Processing Stats

File Path                                                                                                                               PID    Runtime      # DAGs    # Errors  Last Runtime    Last Run
--------------------------------------------------------------------------------------------------------------------------------------  -----  ---------  --------  ----------  --------------  -------------------
/usr/local/python/3.10.13/lib/python3.10/site-packages/airflow/example_dags/plugins/workday.py                                                                   0           0  0.40s           2024-04-26T15:11:43
/usr/local/python/3.10.13/lib/python3.10/site-packages/airflow/example_dags/example_passing_params_via_test_command.py                                           1           0  0.30s           2024-04-26T15:11:56
/usr/local/python/3.10.13/lib/python3.10/site-packages/airflow/example_dags/example_params_trigger_ui.py                                                         1           0  0.30s           2024-04-26T15:12:03
/usr/local/python/3.10.13/lib/python3.10/site-packages/airflow/example_dags/example_sensors.py                                                                   1           0  0.30s           2024-04-26T15:12:01
/usr/local/python/3.10.13/lib/python3.10/site-packages/airflow/example_dags/example_skip_dag.py                                                                  1           0  0.20s           2024-04-26T15:11:50
/usr/local/python/3.10.13/lib/python3.10/site-packages/airflow/example_dags/example_short_circuit_decorator.py                                                   1           0  0.20s           2024-04-26T15:11:51
/usr/local/python/3.10.13/lib/python3.10/site-packages/airflow/example_dags/example_nested_branch_dag.py                                                         1           0  0.20s           2024-04-26T15:11:55
/usr/local/python/3.10.13/lib/python3.10/site-packages/airflow/example_dags/example_latest_only_with_trigger.py                                                  1           0  0.20s           2024-04-26T15:11:52
/usr/local/python/3.10.13/lib/python3.10/site-packages/airflow/example_dags/example_task_group.py                                                                1           0  0.20s           2024-04-26T15:11:58
/usr/local/python/3.10.13/lib/python3.10/site-packages/airflow/example_dags/example_setup_teardown.py                                                            1           0  0.20s           2024-04-26T15:11:48
/usr/local/python/3.10.13/lib/python3.10/site-packages/airflow/example_dags/example_short_circuit_operator.py                                                    1           0  0.20s           2024-04-26T15:12:00
/usr/local/python/3.10.13/lib/python3.10/site-packages/airflow/example_dags/example_trigger_target_dag.py                                                        1           0  0.20s           2024-04-26T15:12:03
/usr/local/python/3.10.13/lib/python3.10/site-packages/airflow/example_dags/example_subdag_operator.py                                                           3           0  0.20s           2024-04-26T15:11:47
/usr/local/python/3.10.13/lib/python3.10/site-packages/airflow/example_dags/example_latest_only.py                                                               1           0  0.20s           2024-04-26T15:11:54
/usr/local/python/3.10.13/lib/python3.10/site-packages/airflow/example_dags/example_task_group_decorator.py                                                      1           0  0.20s           2024-04-26T15:11:45
/usr/local/python/3.10.13/lib/python3.10/site-packages/airflow/example_dags/example_params_ui_tutorial.py                                                        1           0  0.10s           2024-04-26T15:11:48
/usr/local/python/3.10.13/lib/python3.10/site-packages/airflow/example_dags/tutorial_dag.py                                                                      1           0  0.10s           2024-04-26T15:11:33
/usr/local/python/3.10.13/lib/python3.10/site-packages/airflow/example_dags/tutorial.py                                                                          1           0  0.10s           2024-04-26T15:11:34
/usr/local/python/3.10.13/lib/python3.10/site-packages/airflow/example_dags/example_python_decorator.py                                                          1           0  0.10s           2024-04-26T15:11:44
/usr/local/python/3.10.13/lib/python3.10/site-packages/airflow/example_dags/example_time_delta_sensor_async.py                                                   1           0  0.10s           2024-04-26T15:11:53
/usr/local/python/3.10.13/lib/python3.10/site-packages/airflow/example_dags/tutorial_objectstorage.py                                                            1           0  0.10s           2024-04-26T15:11:38
/usr/local/python/3.10.13/lib/python3.10/site-packages/airflow/example_dags/subdags/subdag.py                                                                    0           0  0.10s           2024-04-26T15:11:43
/usr/local/python/3.10.13/lib/python3.10/site-packages/airflow/example_dags/tutorial_taskflow_api.py                                                             1           0  0.10s           2024-04-26T15:11:35
/usr/local/python/3.10.13/lib/python3.10/site-packages/airflow/example_dags/plugins/event_listener.py                                                            0           0  0.10s           2024-04-26T15:11:41
/usr/local/python/3.10.13/lib/python3.10/site-packages/airflow/example_dags/plugins/listener_plugin.py                                                           0           0  0.10s           2024-04-26T15:11:40
/usr/local/python/3.10.13/lib/python3.10/site-packages/airflow/example_dags/example_xcomargs.py                                                                  2           0  0.10s           2024-04-26T15:11:38
/usr/local/python/3.10.13/lib/python3.10/site-packages/airflow/example_dags/example_trigger_controller_dag.py                                                    1           0  0.10s           2024-04-26T15:11:43
/usr/local/python/3.10.13/lib/python3.10/site-packages/airflow/example_dags/plugins/decreasing_priority_weight_strategy.py                                       0           0  0.10s           2024-04-26T15:11:39
/usr/local/python/3.10.13/lib/python3.10/site-packages/airflow/example_dags/example_local_kubernetes_executor.py                                                 0           0  0.10s           2024-04-26T15:11:59
/usr/local/python/3.10.13/lib/python3.10/site-packages/airflow/example_dags/tutorial_taskflow_api_virtualenv.py                                                  1           0  0.10s           2024-04-26T15:11:36
/usr/local/python/3.10.13/lib/python3.10/site-packages/airflow/example_dags/example_kubernetes_executor.py                                                       0           0
/usr/local/python/3.10.13/lib/python3.10/site-packages/airflow/example_dags/example_external_task_marker_dag.py                                                  0           0
/usr/local/python/3.10.13/lib/python3.10/site-packages/airflow/example_dags/example_dynamic_task_mapping_with_no_taskflow_operators.py                           0           0
/usr/local/python/3.10.13/lib/python3.10/site-packages/airflow/example_dags/example_bash_operator.py                                                             0           0
/usr/local/python/3.10.13/lib/python3.10/site-packages/airflow/example_dags/example_branch_python_dop_operator_3.py                                              0           0
/usr/local/python/3.10.13/lib/python3.10/site-packages/airflow/example_dags/example_branch_operator_decorator.py                                                 0           0
/usr/local/python/3.10.13/lib/python3.10/site-packages/airflow/example_dags/example_complex.py                                                                   0           0
/usr/local/python/3.10.13/lib/python3.10/site-packages/airflow/example_dags/example_bash_decorator.py                                                            0           0
/usr/local/python/3.10.13/lib/python3.10/site-packages/airflow/example_dags/example_display_name.py                                                              0           0
/usr/local/python/3.10.13/lib/python3.10/site-packages/airflow/example_dags/example_branch_datetime_operator.py                                                  0           0
/usr/local/python/3.10.13/lib/python3.10/site-packages/airflow/example_dags/example_sensor_decorator.py                                                          0           0
/usr/local/python/3.10.13/lib/python3.10/site-packages/airflow/example_dags/example_branch_day_of_week_operator.py                                               0           0
/usr/local/python/3.10.13/lib/python3.10/site-packages/airflow/example_dags/example_python_operator.py                                                           0           0
/usr/local/python/3.10.13/lib/python3.10/site-packages/airflow/example_dags/example_dynamic_task_mapping.py                                                      0           0
/usr/local/python/3.10.13/lib/python3.10/site-packages/airflow/example_dags/example_branch_labels.py                                                             0           0
/usr/local/python/3.10.13/lib/python3.10/site-packages/airflow/example_dags/example_setup_teardown_taskflow.py                                                   0           0
/usr/local/python/3.10.13/lib/python3.10/site-packages/airflow/example_dags/example_datasets.py                                                                  0           0
/usr/local/python/3.10.13/lib/python3.10/site-packages/airflow/example_dags/example_branch_operator.py                                                           0           0
/usr/local/python/3.10.13/lib/python3.10/site-packages/airflow/example_dags/example_dag_decorator.py                                                             0           0
/usr/local/python/3.10.13/lib/python3.10/site-packages/airflow/example_dags/example_xcom.py                                                                      0           0
/usr/local/python/3.10.13/lib/python3.10/site-packages/airflow/example_dags/example_sla_dag.py                                                                   0           0
================================================================================
[2024-04-26T15:12:34.067+0000] {manager.py:878} INFO - 
================================================================================
DAG File Processing Stats

File Path                                                                                                                               PID    Runtime      # DAGs    # Errors  Last Runtime    Last Run
--------------------------------------------------------------------------------------------------------------------------------------  -----  ---------  --------  ----------  --------------  -------------------
/usr/local/python/3.10.13/lib/python3.10/site-packages/airflow/example_dags/plugins/workday.py                                                                   0           0  0.40s           2024-04-26T15:11:43
/usr/local/python/3.10.13/lib/python3.10/site-packages/airflow/example_dags/example_datasets.py                                                                 10           0  0.30s           2024-04-26T15:12:25
/usr/local/python/3.10.13/lib/python3.10/site-packages/airflow/example_dags/example_xcom.py                                                                      1           0  0.30s           2024-04-26T15:12:09
/usr/local/python/3.10.13/lib/python3.10/site-packages/airflow/example_dags/example_passing_params_via_test_command.py                                           1           0  0.30s           2024-04-26T15:11:56
/usr/local/python/3.10.13/lib/python3.10/site-packages/airflow/example_dags/example_setup_teardown_taskflow.py                                                   1           0  0.30s           2024-04-26T15:12:07
/usr/local/python/3.10.13/lib/python3.10/site-packages/airflow/example_dags/example_dynamic_task_mapping_with_no_taskflow_operators.py                           1           0  0.30s           2024-04-26T15:12:13
/usr/local/python/3.10.13/lib/python3.10/site-packages/airflow/example_dags/example_branch_python_dop_operator_3.py                                              1           0  0.30s           2024-04-26T15:12:15
/usr/local/python/3.10.13/lib/python3.10/site-packages/airflow/example_dags/example_bash_operator.py                                                             1           0  0.30s           2024-04-26T15:12:14
/usr/local/python/3.10.13/lib/python3.10/site-packages/airflow/example_dags/example_params_trigger_ui.py                                                         1           0  0.30s           2024-04-26T15:12:03
/usr/local/python/3.10.13/lib/python3.10/site-packages/airflow/example_dags/example_sensors.py                                                                   1           0  0.30s           2024-04-26T15:12:01
/usr/local/python/3.10.13/lib/python3.10/site-packages/airflow/example_dags/example_branch_operator_decorator.py                                                 1           0  0.30s           2024-04-26T15:12:16
/usr/local/python/3.10.13/lib/python3.10/site-packages/airflow/example_dags/example_sla_dag.py                                                                   1           0  0.21s           2024-04-26T15:12:09
/usr/local/python/3.10.13/lib/python3.10/site-packages/airflow/example_dags/example_complex.py                                                                   1           0  0.21s           2024-04-26T15:12:17
/usr/local/python/3.10.13/lib/python3.10/site-packages/airflow/example_dags/example_external_task_marker_dag.py                                                  2           0  0.20s           2024-04-26T15:12:12
/usr/local/python/3.10.13/lib/python3.10/site-packages/airflow/example_dags/example_python_operator.py                                                           1           0  0.20s           2024-04-26T15:12:05
/usr/local/python/3.10.13/lib/python3.10/site-packages/airflow/example_dags/example_branch_labels.py                                                             1           0  0.20s           2024-04-26T15:12:24
/usr/local/python/3.10.13/lib/python3.10/site-packages/airflow/example_dags/example_display_name.py                                                              1           0  0.20s           2024-04-26T15:12:20
/usr/local/python/3.10.13/lib/python3.10/site-packages/airflow/example_dags/tutorial.py                                                                          1           0  0.20s           2024-04-26T15:12:30
/usr/local/python/3.10.13/lib/python3.10/site-packages/airflow/example_dags/example_skip_dag.py                                                                  1           0  0.20s           2024-04-26T15:11:50
/usr/local/python/3.10.13/lib/python3.10/site-packages/airflow/example_dags/example_bash_decorator.py                                                            1           0  0.20s           2024-04-26T15:12:18
/usr/local/python/3.10.13/lib/python3.10/site-packages/airflow/example_dags/example_short_circuit_decorator.py                                                   1           0  0.20s           2024-04-26T15:11:51
/usr/local/python/3.10.13/lib/python3.10/site-packages/airflow/example_dags/example_nested_branch_dag.py                                                         1           0  0.20s           2024-04-26T15:11:55
/usr/local/python/3.10.13/lib/python3.10/site-packages/airflow/example_dags/tutorial_taskflow_api.py                                                             1           0  0.20s           2024-04-26T15:12:30
/usr/local/python/3.10.13/lib/python3.10/site-packages/airflow/example_dags/tutorial_dag.py                                                                      1           0  0.20s           2024-04-26T15:12:29
/usr/local/python/3.10.13/lib/python3.10/site-packages/airflow/example_dags/example_latest_only_with_trigger.py                                                  1           0  0.20s           2024-04-26T15:11:52
/usr/local/python/3.10.13/lib/python3.10/site-packages/airflow/example_dags/example_dag_decorator.py                                                             1           0  0.20s           2024-04-26T15:12:28
/usr/local/python/3.10.13/lib/python3.10/site-packages/airflow/example_dags/example_task_group.py                                                                1           0  0.20s           2024-04-26T15:11:58
/usr/local/python/3.10.13/lib/python3.10/site-packages/airflow/example_dags/example_setup_teardown.py                                                            1           0  0.20s           2024-04-26T15:11:48
/usr/local/python/3.10.13/lib/python3.10/site-packages/airflow/example_dags/example_xcomargs.py                                                                  2           0  0.20s           2024-04-26T15:12:33
/usr/local/python/3.10.13/lib/python3.10/site-packages/airflow/example_dags/example_dynamic_task_mapping.py                                                      1           0  0.20s           2024-04-26T15:12:23
/usr/local/python/3.10.13/lib/python3.10/site-packages/airflow/example_dags/example_sensor_decorator.py                                                          1           0  0.20s           2024-04-26T15:12:04
/usr/local/python/3.10.13/lib/python3.10/site-packages/airflow/example_dags/example_branch_operator.py                                                           1           0  0.20s           2024-04-26T15:12:26
/usr/local/python/3.10.13/lib/python3.10/site-packages/airflow/example_dags/tutorial_objectstorage.py                                                            1           0  0.20s           2024-04-26T15:12:33
/usr/local/python/3.10.13/lib/python3.10/site-packages/airflow/example_dags/example_branch_day_of_week_operator.py                                               1           0  0.20s           2024-04-26T15:12:22
/usr/local/python/3.10.13/lib/python3.10/site-packages/airflow/example_dags/example_short_circuit_operator.py                                                    1           0  0.20s           2024-04-26T15:12:00
/usr/local/python/3.10.13/lib/python3.10/site-packages/airflow/example_dags/tutorial_taskflow_api_virtualenv.py                                                  1           0  0.20s           2024-04-26T15:12:32
/usr/local/python/3.10.13/lib/python3.10/site-packages/airflow/example_dags/example_trigger_target_dag.py                                                        1           0  0.20s           2024-04-26T15:12:03
/usr/local/python/3.10.13/lib/python3.10/site-packages/airflow/example_dags/example_subdag_operator.py                                                           3           0  0.20s           2024-04-26T15:11:47
/usr/local/python/3.10.13/lib/python3.10/site-packages/airflow/example_dags/example_latest_only.py                                                               1           0  0.20s           2024-04-26T15:11:54
/usr/local/python/3.10.13/lib/python3.10/site-packages/airflow/example_dags/example_task_group_decorator.py                                                      1           0  0.20s           2024-04-26T15:11:45
/usr/local/python/3.10.13/lib/python3.10/site-packages/airflow/example_dags/example_branch_datetime_operator.py                                                  3           0  0.20s           2024-04-26T15:12:21
/usr/local/python/3.10.13/lib/python3.10/site-packages/airflow/example_dags/plugins/decreasing_priority_weight_strategy.py                                       0           0  0.10s           2024-04-26T15:12:34
/usr/local/python/3.10.13/lib/python3.10/site-packages/airflow/example_dags/example_params_ui_tutorial.py                                                        1           0  0.10s           2024-04-26T15:11:48
/usr/local/python/3.10.13/lib/python3.10/site-packages/airflow/example_dags/example_python_decorator.py                                                          1           0  0.10s           2024-04-26T15:11:44
/usr/local/python/3.10.13/lib/python3.10/site-packages/airflow/example_dags/example_kubernetes_executor.py                                                       0           0  0.10s           2024-04-26T15:12:10
/usr/local/python/3.10.13/lib/python3.10/site-packages/airflow/example_dags/example_time_delta_sensor_async.py                                                   1           0  0.10s           2024-04-26T15:11:53
/usr/local/python/3.10.13/lib/python3.10/site-packages/airflow/example_dags/subdags/subdag.py                                                                    0           0  0.10s           2024-04-26T15:11:43
/usr/local/python/3.10.13/lib/python3.10/site-packages/airflow/example_dags/plugins/event_listener.py                                                            0           0  0.10s           2024-04-26T15:11:41
/usr/local/python/3.10.13/lib/python3.10/site-packages/airflow/example_dags/plugins/listener_plugin.py                                                           0           0  0.10s           2024-04-26T15:11:40
/usr/local/python/3.10.13/lib/python3.10/site-packages/airflow/example_dags/example_trigger_controller_dag.py                                                    1           0  0.10s           2024-04-26T15:11:43
/usr/local/python/3.10.13/lib/python3.10/site-packages/airflow/example_dags/example_local_kubernetes_executor.py                                                 0           0  0.10s           2024-04-26T15:11:59
================================================================================
[2024-04-26T15:13:04.285+0000] {manager.py:878} INFO - 
================================================================================
DAG File Processing Stats

File Path                                                                                                                               PID    Runtime      # DAGs    # Errors  Last Runtime    Last Run
--------------------------------------------------------------------------------------------------------------------------------------  -----  ---------  --------  ----------  --------------  -------------------
/usr/local/python/3.10.13/lib/python3.10/site-packages/airflow/example_dags/example_datasets.py                                                                 10           0  0.30s           2024-04-26T15:12:25
/usr/local/python/3.10.13/lib/python3.10/site-packages/airflow/example_dags/plugins/workday.py                                                                   0           0  0.30s           2024-04-26T15:12:36
/usr/local/python/3.10.13/lib/python3.10/site-packages/airflow/example_dags/example_dynamic_task_mapping_with_no_taskflow_operators.py                           1           0  0.30s           2024-04-26T15:12:13
/usr/local/python/3.10.13/lib/python3.10/site-packages/airflow/example_dags/example_branch_python_dop_operator_3.py                                              1           0  0.30s           2024-04-26T15:12:15
/usr/local/python/3.10.13/lib/python3.10/site-packages/airflow/example_dags/example_bash_operator.py                                                             1           0  0.30s           2024-04-26T15:12:14
/usr/local/python/3.10.13/lib/python3.10/site-packages/airflow/example_dags/example_branch_operator_decorator.py                                                 1           0  0.30s           2024-04-26T15:12:16
/usr/local/python/3.10.13/lib/python3.10/site-packages/airflow/example_dags/example_complex.py                                                                   1           0  0.21s           2024-04-26T15:12:17
/usr/local/python/3.10.13/lib/python3.10/site-packages/airflow/example_dags/example_params_trigger_ui.py                                                         1           0  0.20s           2024-04-26T15:12:57
/usr/local/python/3.10.13/lib/python3.10/site-packages/airflow/example_dags/example_latest_only_with_trigger.py                                                  1           0  0.20s           2024-04-26T15:12:46
/usr/local/python/3.10.13/lib/python3.10/site-packages/airflow/example_dags/example_branch_labels.py                                                             1           0  0.20s           2024-04-26T15:12:24
/usr/local/python/3.10.13/lib/python3.10/site-packages/airflow/example_dags/example_trigger_controller_dag.py                                                    1           0  0.20s           2024-04-26T15:12:38
/usr/local/python/3.10.13/lib/python3.10/site-packages/airflow/example_dags/example_latest_only.py                                                               1           0  0.20s           2024-04-26T15:12:49
/usr/local/python/3.10.13/lib/python3.10/site-packages/airflow/example_dags/example_setup_teardown.py                                                            1           0  0.20s           2024-04-26T15:12:43
/usr/local/python/3.10.13/lib/python3.10/site-packages/airflow/example_dags/example_skip_dag.py                                                                  1           0  0.20s           2024-04-26T15:12:44
/usr/local/python/3.10.13/lib/python3.10/site-packages/airflow/example_dags/example_passing_params_via_test_command.py                                           1           0  0.20s           2024-04-26T15:12:51
/usr/local/python/3.10.13/lib/python3.10/site-packages/airflow/example_dags/example_display_name.py                                                              1           0  0.20s           2024-04-26T15:12:20
/usr/local/python/3.10.13/lib/python3.10/site-packages/airflow/example_dags/example_short_circuit_decorator.py                                                   1           0  0.20s           2024-04-26T15:12:45
/usr/local/python/3.10.13/lib/python3.10/site-packages/airflow/example_dags/tutorial.py                                                                          1           0  0.20s           2024-04-26T15:12:30
/usr/local/python/3.10.13/lib/python3.10/site-packages/airflow/example_dags/example_bash_decorator.py                                                            1           0  0.20s           2024-04-26T15:12:18
/usr/local/python/3.10.13/lib/python3.10/site-packages/airflow/example_dags/example_task_group.py                                                                1           0  0.20s           2024-04-26T15:12:51
/usr/local/python/3.10.13/lib/python3.10/site-packages/airflow/example_dags/tutorial_taskflow_api.py                                                             1           0  0.20s           2024-04-26T15:12:30
/usr/local/python/3.10.13/lib/python3.10/site-packages/airflow/example_dags/tutorial_dag.py                                                                      1           0  0.20s           2024-04-26T15:12:29
/usr/local/python/3.10.13/lib/python3.10/site-packages/airflow/example_dags/example_subdag_operator.py                                                           3           0  0.20s           2024-04-26T15:12:41
/usr/local/python/3.10.13/lib/python3.10/site-packages/airflow/example_dags/example_time_delta_sensor_async.py                                                   1           0  0.20s           2024-04-26T15:12:47
/usr/local/python/3.10.13/lib/python3.10/site-packages/airflow/example_dags/example_task_group_decorator.py                                                      1           0  0.20s           2024-04-26T15:12:40
/usr/local/python/3.10.13/lib/python3.10/site-packages/airflow/example_dags/example_params_ui_tutorial.py                                                        1           0  0.20s           2024-04-26T15:12:42
/usr/local/python/3.10.13/lib/python3.10/site-packages/airflow/example_dags/example_dag_decorator.py                                                             1           0  0.20s           2024-04-26T15:12:28
/usr/local/python/3.10.13/lib/python3.10/site-packages/airflow/example_dags/example_nested_branch_dag.py                                                         1           0  0.20s           2024-04-26T15:12:50
/usr/local/python/3.10.13/lib/python3.10/site-packages/airflow/example_dags/example_xcomargs.py                                                                  2           0  0.20s           2024-04-26T15:12:33
/usr/local/python/3.10.13/lib/python3.10/site-packages/airflow/example_dags/example_dynamic_task_mapping.py                                                      1           0  0.20s           2024-04-26T15:12:23
/usr/local/python/3.10.13/lib/python3.10/site-packages/airflow/example_dags/example_python_decorator.py                                                          1           0  0.20s           2024-04-26T15:12:39
/usr/local/python/3.10.13/lib/python3.10/site-packages/airflow/example_dags/example_branch_operator.py                                                           1           0  0.20s           2024-04-26T15:12:26
/usr/local/python/3.10.13/lib/python3.10/site-packages/airflow/example_dags/tutorial_objectstorage.py                                                            1           0  0.20s           2024-04-26T15:12:33
/usr/local/python/3.10.13/lib/python3.10/site-packages/airflow/example_dags/example_branch_day_of_week_operator.py                                               1           0  0.20s           2024-04-26T15:12:22
/usr/local/python/3.10.13/lib/python3.10/site-packages/airflow/example_dags/tutorial_taskflow_api_virtualenv.py                                                  1           0  0.20s           2024-04-26T15:12:32
/usr/local/python/3.10.13/lib/python3.10/site-packages/airflow/example_dags/example_short_circuit_operator.py                                                    1           0  0.20s           2024-04-26T15:12:54
/usr/local/python/3.10.13/lib/python3.10/site-packages/airflow/example_dags/example_branch_datetime_operator.py                                                  3           0  0.20s           2024-04-26T15:12:21
/usr/local/python/3.10.13/lib/python3.10/site-packages/airflow/example_dags/plugins/listener_plugin.py                                                           0           0  0.10s           2024-04-26T15:12:34
/usr/local/python/3.10.13/lib/python3.10/site-packages/airflow/example_dags/plugins/event_listener.py                                                            0           0  0.10s           2024-04-26T15:12:35
/usr/local/python/3.10.13/lib/python3.10/site-packages/airflow/example_dags/plugins/decreasing_priority_weight_strategy.py                                       0           0  0.10s           2024-04-26T15:12:34
/usr/local/python/3.10.13/lib/python3.10/site-packages/airflow/example_dags/example_python_operator.py                                                           1           0  0.10s           2024-04-26T15:12:59
/usr/local/python/3.10.13/lib/python3.10/site-packages/airflow/example_dags/subdags/subdag.py                                                                    0           0  0.10s           2024-04-26T15:12:37
/usr/local/python/3.10.13/lib/python3.10/site-packages/airflow/example_dags/example_kubernetes_executor.py                                                       0           0  0.10s           2024-04-26T15:13:03
/usr/local/python/3.10.13/lib/python3.10/site-packages/airflow/example_dags/example_sensors.py                                                                   1           0  0.10s           2024-04-26T15:12:54
/usr/local/python/3.10.13/lib/python3.10/site-packages/airflow/example_dags/example_sensor_decorator.py                                                          1           0  0.10s           2024-04-26T15:12:58
/usr/local/python/3.10.13/lib/python3.10/site-packages/airflow/example_dags/example_xcom.py                                                                      1           0  0.10s           2024-04-26T15:13:01
/usr/local/python/3.10.13/lib/python3.10/site-packages/airflow/example_dags/example_external_task_marker_dag.py                                                  2           0  0.10s           2024-04-26T15:13:04
/usr/local/python/3.10.13/lib/python3.10/site-packages/airflow/example_dags/example_local_kubernetes_executor.py                                                 0           0  0.10s           2024-04-26T15:12:53
/usr/local/python/3.10.13/lib/python3.10/site-packages/airflow/example_dags/example_setup_teardown_taskflow.py                                                   1           0  0.10s           2024-04-26T15:13:00
/usr/local/python/3.10.13/lib/python3.10/site-packages/airflow/example_dags/example_trigger_target_dag.py                                                        1           0  0.10s           2024-04-26T15:12:55
/usr/local/python/3.10.13/lib/python3.10/site-packages/airflow/example_dags/example_sla_dag.py                                                                   1           0  0.10s           2024-04-26T15:13:02
================================================================================
[2024-04-26T15:13:13.616+0000] {manager.py:452} INFO - Exiting gracefully upon receiving signal 15
