[2024-04-24T20:02:11.765+0000] {processor.py:161} INFO - Started process (PID=7405) to work on /usr/local/python/3.10.13/lib/python3.10/site-packages/airflow/example_dags/subdags/subdag.py
[2024-04-24T20:02:11.765+0000] {processor.py:830} INFO - Processing file /usr/local/python/3.10.13/lib/python3.10/site-packages/airflow/example_dags/subdags/subdag.py for tasks to queue
[2024-04-24T20:02:11.769+0000] {logging_mixin.py:188} INFO - [2024-04-24T20:02:11.769+0000] {dagbag.py:540} INFO - Filling up the DagBag from /usr/local/python/3.10.13/lib/python3.10/site-packages/airflow/example_dags/subdags/subdag.py
[2024-04-24T20:02:11.770+0000] {processor.py:842} WARNING - No viable dags retrieved from /usr/local/python/3.10.13/lib/python3.10/site-packages/airflow/example_dags/subdags/subdag.py
[2024-04-24T20:02:11.777+0000] {processor.py:183} INFO - Processing /usr/local/python/3.10.13/lib/python3.10/site-packages/airflow/example_dags/subdags/subdag.py took 0.016 seconds
[2024-04-24T20:03:13.899+0000] {processor.py:161} INFO - Started process (PID=8262) to work on /usr/local/python/3.10.13/lib/python3.10/site-packages/airflow/example_dags/subdags/subdag.py
[2024-04-24T20:03:13.899+0000] {processor.py:830} INFO - Processing file /usr/local/python/3.10.13/lib/python3.10/site-packages/airflow/example_dags/subdags/subdag.py for tasks to queue
[2024-04-24T20:03:13.900+0000] {logging_mixin.py:188} INFO - [2024-04-24T20:03:13.900+0000] {dagbag.py:540} INFO - Filling up the DagBag from /usr/local/python/3.10.13/lib/python3.10/site-packages/airflow/example_dags/subdags/subdag.py
[2024-04-24T20:03:13.902+0000] {processor.py:842} WARNING - No viable dags retrieved from /usr/local/python/3.10.13/lib/python3.10/site-packages/airflow/example_dags/subdags/subdag.py
[2024-04-24T20:03:13.909+0000] {processor.py:183} INFO - Processing /usr/local/python/3.10.13/lib/python3.10/site-packages/airflow/example_dags/subdags/subdag.py took 0.014 seconds
[2024-04-24T20:04:05.741+0000] {processor.py:161} INFO - Started process (PID=8739) to work on /usr/local/python/3.10.13/lib/python3.10/site-packages/airflow/example_dags/subdags/subdag.py
[2024-04-24T20:04:05.742+0000] {processor.py:830} INFO - Processing file /usr/local/python/3.10.13/lib/python3.10/site-packages/airflow/example_dags/subdags/subdag.py for tasks to queue
[2024-04-24T20:04:05.743+0000] {logging_mixin.py:188} INFO - [2024-04-24T20:04:05.743+0000] {dagbag.py:540} INFO - Filling up the DagBag from /usr/local/python/3.10.13/lib/python3.10/site-packages/airflow/example_dags/subdags/subdag.py
[2024-04-24T20:04:05.744+0000] {processor.py:842} WARNING - No viable dags retrieved from /usr/local/python/3.10.13/lib/python3.10/site-packages/airflow/example_dags/subdags/subdag.py
[2024-04-24T20:04:05.751+0000] {processor.py:183} INFO - Processing /usr/local/python/3.10.13/lib/python3.10/site-packages/airflow/example_dags/subdags/subdag.py took 0.015 seconds
[2024-04-24T20:04:50.164+0000] {processor.py:161} INFO - Started process (PID=9109) to work on /usr/local/python/3.10.13/lib/python3.10/site-packages/airflow/example_dags/subdags/subdag.py
[2024-04-24T20:04:50.165+0000] {processor.py:830} INFO - Processing file /usr/local/python/3.10.13/lib/python3.10/site-packages/airflow/example_dags/subdags/subdag.py for tasks to queue
[2024-04-24T20:04:50.166+0000] {logging_mixin.py:188} INFO - [2024-04-24T20:04:50.166+0000] {dagbag.py:540} INFO - Filling up the DagBag from /usr/local/python/3.10.13/lib/python3.10/site-packages/airflow/example_dags/subdags/subdag.py
[2024-04-24T20:04:50.168+0000] {processor.py:842} WARNING - No viable dags retrieved from /usr/local/python/3.10.13/lib/python3.10/site-packages/airflow/example_dags/subdags/subdag.py
[2024-04-24T20:04:50.176+0000] {processor.py:183} INFO - Processing /usr/local/python/3.10.13/lib/python3.10/site-packages/airflow/example_dags/subdags/subdag.py took 0.017 seconds
[2024-04-24T20:05:39.133+0000] {processor.py:161} INFO - Started process (PID=9690) to work on /usr/local/python/3.10.13/lib/python3.10/site-packages/airflow/example_dags/subdags/subdag.py
[2024-04-24T20:05:39.133+0000] {processor.py:830} INFO - Processing file /usr/local/python/3.10.13/lib/python3.10/site-packages/airflow/example_dags/subdags/subdag.py for tasks to queue
[2024-04-24T20:05:39.134+0000] {logging_mixin.py:188} INFO - [2024-04-24T20:05:39.134+0000] {dagbag.py:540} INFO - Filling up the DagBag from /usr/local/python/3.10.13/lib/python3.10/site-packages/airflow/example_dags/subdags/subdag.py
[2024-04-24T20:05:39.136+0000] {processor.py:842} WARNING - No viable dags retrieved from /usr/local/python/3.10.13/lib/python3.10/site-packages/airflow/example_dags/subdags/subdag.py
[2024-04-24T20:05:39.143+0000] {processor.py:183} INFO - Processing /usr/local/python/3.10.13/lib/python3.10/site-packages/airflow/example_dags/subdags/subdag.py took 0.015 seconds
[2024-04-24T20:06:24.908+0000] {processor.py:161} INFO - Started process (PID=10227) to work on /usr/local/python/3.10.13/lib/python3.10/site-packages/airflow/example_dags/subdags/subdag.py
[2024-04-24T20:06:24.909+0000] {processor.py:830} INFO - Processing file /usr/local/python/3.10.13/lib/python3.10/site-packages/airflow/example_dags/subdags/subdag.py for tasks to queue
[2024-04-24T20:06:24.910+0000] {logging_mixin.py:188} INFO - [2024-04-24T20:06:24.910+0000] {dagbag.py:540} INFO - Filling up the DagBag from /usr/local/python/3.10.13/lib/python3.10/site-packages/airflow/example_dags/subdags/subdag.py
[2024-04-24T20:06:24.912+0000] {processor.py:842} WARNING - No viable dags retrieved from /usr/local/python/3.10.13/lib/python3.10/site-packages/airflow/example_dags/subdags/subdag.py
[2024-04-24T20:06:24.918+0000] {processor.py:183} INFO - Processing /usr/local/python/3.10.13/lib/python3.10/site-packages/airflow/example_dags/subdags/subdag.py took 0.015 seconds
[2024-04-24T20:07:11.737+0000] {processor.py:161} INFO - Started process (PID=10803) to work on /usr/local/python/3.10.13/lib/python3.10/site-packages/airflow/example_dags/subdags/subdag.py
[2024-04-24T20:07:11.737+0000] {processor.py:830} INFO - Processing file /usr/local/python/3.10.13/lib/python3.10/site-packages/airflow/example_dags/subdags/subdag.py for tasks to queue
[2024-04-24T20:07:11.739+0000] {logging_mixin.py:188} INFO - [2024-04-24T20:07:11.738+0000] {dagbag.py:540} INFO - Filling up the DagBag from /usr/local/python/3.10.13/lib/python3.10/site-packages/airflow/example_dags/subdags/subdag.py
[2024-04-24T20:07:11.740+0000] {processor.py:842} WARNING - No viable dags retrieved from /usr/local/python/3.10.13/lib/python3.10/site-packages/airflow/example_dags/subdags/subdag.py
[2024-04-24T20:07:11.747+0000] {processor.py:183} INFO - Processing /usr/local/python/3.10.13/lib/python3.10/site-packages/airflow/example_dags/subdags/subdag.py took 0.014 seconds
[2024-04-24T20:07:57.965+0000] {processor.py:161} INFO - Started process (PID=11490) to work on /usr/local/python/3.10.13/lib/python3.10/site-packages/airflow/example_dags/subdags/subdag.py
[2024-04-24T20:07:57.966+0000] {processor.py:830} INFO - Processing file /usr/local/python/3.10.13/lib/python3.10/site-packages/airflow/example_dags/subdags/subdag.py for tasks to queue
[2024-04-24T20:07:57.967+0000] {logging_mixin.py:188} INFO - [2024-04-24T20:07:57.967+0000] {dagbag.py:540} INFO - Filling up the DagBag from /usr/local/python/3.10.13/lib/python3.10/site-packages/airflow/example_dags/subdags/subdag.py
[2024-04-24T20:07:57.968+0000] {processor.py:842} WARNING - No viable dags retrieved from /usr/local/python/3.10.13/lib/python3.10/site-packages/airflow/example_dags/subdags/subdag.py
[2024-04-24T20:07:57.975+0000] {processor.py:183} INFO - Processing /usr/local/python/3.10.13/lib/python3.10/site-packages/airflow/example_dags/subdags/subdag.py took 0.015 seconds
[2024-04-24T20:08:44.314+0000] {processor.py:161} INFO - Started process (PID=11887) to work on /usr/local/python/3.10.13/lib/python3.10/site-packages/airflow/example_dags/subdags/subdag.py
[2024-04-24T20:08:44.315+0000] {processor.py:830} INFO - Processing file /usr/local/python/3.10.13/lib/python3.10/site-packages/airflow/example_dags/subdags/subdag.py for tasks to queue
[2024-04-24T20:08:44.317+0000] {logging_mixin.py:188} INFO - [2024-04-24T20:08:44.316+0000] {dagbag.py:540} INFO - Filling up the DagBag from /usr/local/python/3.10.13/lib/python3.10/site-packages/airflow/example_dags/subdags/subdag.py
[2024-04-24T20:08:44.319+0000] {processor.py:842} WARNING - No viable dags retrieved from /usr/local/python/3.10.13/lib/python3.10/site-packages/airflow/example_dags/subdags/subdag.py
[2024-04-24T20:08:44.329+0000] {processor.py:183} INFO - Processing /usr/local/python/3.10.13/lib/python3.10/site-packages/airflow/example_dags/subdags/subdag.py took 0.021 seconds
[2024-04-24T20:09:27.360+0000] {processor.py:161} INFO - Started process (PID=12251) to work on /usr/local/python/3.10.13/lib/python3.10/site-packages/airflow/example_dags/subdags/subdag.py
[2024-04-24T20:09:27.361+0000] {processor.py:830} INFO - Processing file /usr/local/python/3.10.13/lib/python3.10/site-packages/airflow/example_dags/subdags/subdag.py for tasks to queue
[2024-04-24T20:09:27.363+0000] {logging_mixin.py:188} INFO - [2024-04-24T20:09:27.362+0000] {dagbag.py:540} INFO - Filling up the DagBag from /usr/local/python/3.10.13/lib/python3.10/site-packages/airflow/example_dags/subdags/subdag.py
[2024-04-24T20:09:27.366+0000] {processor.py:842} WARNING - No viable dags retrieved from /usr/local/python/3.10.13/lib/python3.10/site-packages/airflow/example_dags/subdags/subdag.py
[2024-04-24T20:09:27.376+0000] {processor.py:183} INFO - Processing /usr/local/python/3.10.13/lib/python3.10/site-packages/airflow/example_dags/subdags/subdag.py took 0.020 seconds
[2024-04-24T20:10:14.104+0000] {processor.py:161} INFO - Started process (PID=12859) to work on /usr/local/python/3.10.13/lib/python3.10/site-packages/airflow/example_dags/subdags/subdag.py
[2024-04-24T20:10:14.104+0000] {processor.py:830} INFO - Processing file /usr/local/python/3.10.13/lib/python3.10/site-packages/airflow/example_dags/subdags/subdag.py for tasks to queue
[2024-04-24T20:10:14.105+0000] {logging_mixin.py:188} INFO - [2024-04-24T20:10:14.105+0000] {dagbag.py:540} INFO - Filling up the DagBag from /usr/local/python/3.10.13/lib/python3.10/site-packages/airflow/example_dags/subdags/subdag.py
[2024-04-24T20:10:14.107+0000] {processor.py:842} WARNING - No viable dags retrieved from /usr/local/python/3.10.13/lib/python3.10/site-packages/airflow/example_dags/subdags/subdag.py
[2024-04-24T20:10:14.114+0000] {processor.py:183} INFO - Processing /usr/local/python/3.10.13/lib/python3.10/site-packages/airflow/example_dags/subdags/subdag.py took 0.015 seconds
[2024-04-24T20:10:57.060+0000] {processor.py:161} INFO - Started process (PID=13235) to work on /usr/local/python/3.10.13/lib/python3.10/site-packages/airflow/example_dags/subdags/subdag.py
[2024-04-24T20:10:57.061+0000] {processor.py:830} INFO - Processing file /usr/local/python/3.10.13/lib/python3.10/site-packages/airflow/example_dags/subdags/subdag.py for tasks to queue
[2024-04-24T20:10:57.063+0000] {logging_mixin.py:188} INFO - [2024-04-24T20:10:57.063+0000] {dagbag.py:540} INFO - Filling up the DagBag from /usr/local/python/3.10.13/lib/python3.10/site-packages/airflow/example_dags/subdags/subdag.py
[2024-04-24T20:10:57.065+0000] {processor.py:842} WARNING - No viable dags retrieved from /usr/local/python/3.10.13/lib/python3.10/site-packages/airflow/example_dags/subdags/subdag.py
[2024-04-24T20:10:57.075+0000] {processor.py:183} INFO - Processing /usr/local/python/3.10.13/lib/python3.10/site-packages/airflow/example_dags/subdags/subdag.py took 0.021 seconds
[2024-04-24T20:11:43.895+0000] {processor.py:161} INFO - Started process (PID=13555) to work on /usr/local/python/3.10.13/lib/python3.10/site-packages/airflow/example_dags/subdags/subdag.py
[2024-04-24T20:11:43.895+0000] {processor.py:830} INFO - Processing file /usr/local/python/3.10.13/lib/python3.10/site-packages/airflow/example_dags/subdags/subdag.py for tasks to queue
[2024-04-24T20:11:43.896+0000] {logging_mixin.py:188} INFO - [2024-04-24T20:11:43.896+0000] {dagbag.py:540} INFO - Filling up the DagBag from /usr/local/python/3.10.13/lib/python3.10/site-packages/airflow/example_dags/subdags/subdag.py
[2024-04-24T20:11:43.898+0000] {processor.py:842} WARNING - No viable dags retrieved from /usr/local/python/3.10.13/lib/python3.10/site-packages/airflow/example_dags/subdags/subdag.py
[2024-04-24T20:11:43.905+0000] {processor.py:183} INFO - Processing /usr/local/python/3.10.13/lib/python3.10/site-packages/airflow/example_dags/subdags/subdag.py took 0.015 seconds
[2024-04-24T20:12:25.604+0000] {processor.py:161} INFO - Started process (PID=13971) to work on /usr/local/python/3.10.13/lib/python3.10/site-packages/airflow/example_dags/subdags/subdag.py
[2024-04-24T20:12:25.605+0000] {processor.py:830} INFO - Processing file /usr/local/python/3.10.13/lib/python3.10/site-packages/airflow/example_dags/subdags/subdag.py for tasks to queue
[2024-04-24T20:12:25.606+0000] {logging_mixin.py:188} INFO - [2024-04-24T20:12:25.606+0000] {dagbag.py:540} INFO - Filling up the DagBag from /usr/local/python/3.10.13/lib/python3.10/site-packages/airflow/example_dags/subdags/subdag.py
[2024-04-24T20:12:25.608+0000] {processor.py:842} WARNING - No viable dags retrieved from /usr/local/python/3.10.13/lib/python3.10/site-packages/airflow/example_dags/subdags/subdag.py
[2024-04-24T20:12:25.617+0000] {processor.py:183} INFO - Processing /usr/local/python/3.10.13/lib/python3.10/site-packages/airflow/example_dags/subdags/subdag.py took 0.019 seconds
[2024-04-24T20:13:13.089+0000] {processor.py:161} INFO - Started process (PID=14369) to work on /usr/local/python/3.10.13/lib/python3.10/site-packages/airflow/example_dags/subdags/subdag.py
[2024-04-24T20:13:13.090+0000] {processor.py:830} INFO - Processing file /usr/local/python/3.10.13/lib/python3.10/site-packages/airflow/example_dags/subdags/subdag.py for tasks to queue
[2024-04-24T20:13:13.091+0000] {logging_mixin.py:188} INFO - [2024-04-24T20:13:13.091+0000] {dagbag.py:540} INFO - Filling up the DagBag from /usr/local/python/3.10.13/lib/python3.10/site-packages/airflow/example_dags/subdags/subdag.py
[2024-04-24T20:13:13.092+0000] {processor.py:842} WARNING - No viable dags retrieved from /usr/local/python/3.10.13/lib/python3.10/site-packages/airflow/example_dags/subdags/subdag.py
[2024-04-24T20:13:13.099+0000] {processor.py:183} INFO - Processing /usr/local/python/3.10.13/lib/python3.10/site-packages/airflow/example_dags/subdags/subdag.py took 0.015 seconds
[2024-04-24T20:13:58.112+0000] {processor.py:161} INFO - Started process (PID=14823) to work on /usr/local/python/3.10.13/lib/python3.10/site-packages/airflow/example_dags/subdags/subdag.py
[2024-04-24T20:13:58.113+0000] {processor.py:830} INFO - Processing file /usr/local/python/3.10.13/lib/python3.10/site-packages/airflow/example_dags/subdags/subdag.py for tasks to queue
[2024-04-24T20:13:58.114+0000] {logging_mixin.py:188} INFO - [2024-04-24T20:13:58.114+0000] {dagbag.py:540} INFO - Filling up the DagBag from /usr/local/python/3.10.13/lib/python3.10/site-packages/airflow/example_dags/subdags/subdag.py
[2024-04-24T20:13:58.116+0000] {processor.py:842} WARNING - No viable dags retrieved from /usr/local/python/3.10.13/lib/python3.10/site-packages/airflow/example_dags/subdags/subdag.py
[2024-04-24T20:13:58.127+0000] {processor.py:183} INFO - Processing /usr/local/python/3.10.13/lib/python3.10/site-packages/airflow/example_dags/subdags/subdag.py took 0.019 seconds
[2024-04-24T20:14:43.036+0000] {processor.py:161} INFO - Started process (PID=15252) to work on /usr/local/python/3.10.13/lib/python3.10/site-packages/airflow/example_dags/subdags/subdag.py
[2024-04-24T20:14:43.037+0000] {processor.py:830} INFO - Processing file /usr/local/python/3.10.13/lib/python3.10/site-packages/airflow/example_dags/subdags/subdag.py for tasks to queue
[2024-04-24T20:14:43.038+0000] {logging_mixin.py:188} INFO - [2024-04-24T20:14:43.038+0000] {dagbag.py:540} INFO - Filling up the DagBag from /usr/local/python/3.10.13/lib/python3.10/site-packages/airflow/example_dags/subdags/subdag.py
[2024-04-24T20:14:43.040+0000] {processor.py:842} WARNING - No viable dags retrieved from /usr/local/python/3.10.13/lib/python3.10/site-packages/airflow/example_dags/subdags/subdag.py
[2024-04-24T20:14:43.047+0000] {processor.py:183} INFO - Processing /usr/local/python/3.10.13/lib/python3.10/site-packages/airflow/example_dags/subdags/subdag.py took 0.015 seconds
[2024-04-24T20:15:26.569+0000] {processor.py:161} INFO - Started process (PID=15613) to work on /usr/local/python/3.10.13/lib/python3.10/site-packages/airflow/example_dags/subdags/subdag.py
[2024-04-24T20:15:26.569+0000] {processor.py:830} INFO - Processing file /usr/local/python/3.10.13/lib/python3.10/site-packages/airflow/example_dags/subdags/subdag.py for tasks to queue
[2024-04-24T20:15:26.571+0000] {logging_mixin.py:188} INFO - [2024-04-24T20:15:26.570+0000] {dagbag.py:540} INFO - Filling up the DagBag from /usr/local/python/3.10.13/lib/python3.10/site-packages/airflow/example_dags/subdags/subdag.py
[2024-04-24T20:15:26.572+0000] {processor.py:842} WARNING - No viable dags retrieved from /usr/local/python/3.10.13/lib/python3.10/site-packages/airflow/example_dags/subdags/subdag.py
[2024-04-24T20:15:26.579+0000] {processor.py:183} INFO - Processing /usr/local/python/3.10.13/lib/python3.10/site-packages/airflow/example_dags/subdags/subdag.py took 0.015 seconds
