[2024-04-24T20:02:06.120+0000] {local_task_job_runner.py:120} INFO - ::group::Pre task execution logs
[2024-04-24T20:02:06.136+0000] {taskinstance.py:2073} INFO - Dependencies all met for dep_context=non-requeueable deps ti=<TaskInstance: example_bash_operator.this_will_skip scheduled__2024-04-23T00:00:00+00:00 [queued]>
[2024-04-24T20:02:06.140+0000] {taskinstance.py:2073} INFO - Dependencies all met for dep_context=requeueable deps ti=<TaskInstance: example_bash_operator.this_will_skip scheduled__2024-04-23T00:00:00+00:00 [queued]>
[2024-04-24T20:02:06.140+0000] {taskinstance.py:2303} INFO - Starting attempt 1 of 1
[2024-04-24T20:02:06.173+0000] {taskinstance.py:2327} INFO - Executing <Task(BashOperator): this_will_skip> on 2024-04-23 00:00:00+00:00
[2024-04-24T20:02:06.176+0000] {standard_task_runner.py:63} INFO - Started process 7289 to run task
[2024-04-24T20:02:06.179+0000] {standard_task_runner.py:90} INFO - Running: ['airflow', 'tasks', 'run', 'example_bash_operator', 'this_will_skip', 'scheduled__2024-04-23T00:00:00+00:00', '--job-id', '37', '--raw', '--subdir', '/usr/local/python/3.10.13/lib/python3.10/site-packages/airflow/example_dags/example_bash_operator.py', '--cfg-path', '/tmp/tmpuu7sdb4v']
[2024-04-24T20:02:06.180+0000] {standard_task_runner.py:91} INFO - Job 37: Subtask this_will_skip
[2024-04-24T20:02:06.230+0000] {task_command.py:426} INFO - Running <TaskInstance: example_bash_operator.this_will_skip scheduled__2024-04-23T00:00:00+00:00 [running]> on host codespaces-04f84a
[2024-04-24T20:02:06.321+0000] {taskinstance.py:2644} INFO - Exporting env vars: AIRFLOW_CTX_DAG_OWNER='airflow' AIRFLOW_CTX_DAG_ID='example_bash_operator' AIRFLOW_CTX_TASK_ID='this_will_skip' AIRFLOW_CTX_EXECUTION_DATE='2024-04-23T00:00:00+00:00' AIRFLOW_CTX_TRY_NUMBER='1' AIRFLOW_CTX_DAG_RUN_ID='scheduled__2024-04-23T00:00:00+00:00'
[2024-04-24T20:02:06.322+0000] {taskinstance.py:430} INFO - ::endgroup::
[2024-04-24T20:02:06.323+0000] {subprocess.py:63} INFO - Tmp dir root location: /tmp
[2024-04-24T20:02:06.323+0000] {subprocess.py:75} INFO - Running command: ['/usr/bin/bash', '-c', 'echo "hello world"; exit 99;']
[2024-04-24T20:02:06.329+0000] {subprocess.py:86} INFO - Output:
[2024-04-24T20:02:06.330+0000] {subprocess.py:93} INFO - hello world
[2024-04-24T20:02:06.330+0000] {subprocess.py:97} INFO - Command exited with return code 99
[2024-04-24T20:02:06.331+0000] {taskinstance.py:441} INFO - ::group::Post task execution logs
[2024-04-24T20:02:06.331+0000] {taskinstance.py:2502} INFO - Bash command returned exit code 99. Skipping.
[2024-04-24T20:02:06.335+0000] {taskinstance.py:1205} INFO - Marking task as SKIPPED. dag_id=example_bash_operator, task_id=this_will_skip, execution_date=20240423T000000, start_date=20240424T200206, end_date=20240424T200206
[2024-04-24T20:02:06.390+0000] {local_task_job_runner.py:240} INFO - Task exited with return code 0
[2024-04-24T20:02:06.403+0000] {taskinstance.py:3482} INFO - 0 downstream tasks scheduled from follow-on schedule check
[2024-04-24T20:02:06.430+0000] {local_task_job_runner.py:222} INFO - ::endgroup::
