[2024-04-24T20:02:08.845+0000] {local_task_job_runner.py:120} INFO - ::group::Pre task execution logs
[2024-04-24T20:02:08.862+0000] {taskinstance.py:2073} INFO - Dependencies all met for dep_context=non-requeueable deps ti=<TaskInstance: example_bash_operator.run_after_loop scheduled__2024-04-23T00:00:00+00:00 [queued]>
[2024-04-24T20:02:08.867+0000] {taskinstance.py:2073} INFO - Dependencies all met for dep_context=requeueable deps ti=<TaskInstance: example_bash_operator.run_after_loop scheduled__2024-04-23T00:00:00+00:00 [queued]>
[2024-04-24T20:02:08.867+0000] {taskinstance.py:2303} INFO - Starting attempt 1 of 1
[2024-04-24T20:02:08.900+0000] {taskinstance.py:2327} INFO - Executing <Task(BashOperator): run_after_loop> on 2024-04-23 00:00:00+00:00
[2024-04-24T20:02:08.903+0000] {standard_task_runner.py:63} INFO - Started process 7325 to run task
[2024-04-24T20:02:08.905+0000] {standard_task_runner.py:90} INFO - Running: ['airflow', 'tasks', 'run', 'example_bash_operator', 'run_after_loop', 'scheduled__2024-04-23T00:00:00+00:00', '--job-id', '38', '--raw', '--subdir', '/usr/local/python/3.10.13/lib/python3.10/site-packages/airflow/example_dags/example_bash_operator.py', '--cfg-path', '/tmp/tmpsexcaudp']
[2024-04-24T20:02:08.907+0000] {standard_task_runner.py:91} INFO - Job 38: Subtask run_after_loop
[2024-04-24T20:02:08.954+0000] {task_command.py:426} INFO - Running <TaskInstance: example_bash_operator.run_after_loop scheduled__2024-04-23T00:00:00+00:00 [running]> on host codespaces-04f84a
[2024-04-24T20:02:09.049+0000] {taskinstance.py:2644} INFO - Exporting env vars: AIRFLOW_CTX_DAG_OWNER='airflow' AIRFLOW_CTX_DAG_ID='example_bash_operator' AIRFLOW_CTX_TASK_ID='run_after_loop' AIRFLOW_CTX_EXECUTION_DATE='2024-04-23T00:00:00+00:00' AIRFLOW_CTX_TRY_NUMBER='1' AIRFLOW_CTX_DAG_RUN_ID='scheduled__2024-04-23T00:00:00+00:00'
[2024-04-24T20:02:09.050+0000] {taskinstance.py:430} INFO - ::endgroup::
[2024-04-24T20:02:09.051+0000] {subprocess.py:63} INFO - Tmp dir root location: /tmp
[2024-04-24T20:02:09.052+0000] {subprocess.py:75} INFO - Running command: ['/usr/bin/bash', '-c', "ls -alh --color=always / && echo https://airflow.apache.org/  && echo 'some <code>html</code>'"]
[2024-04-24T20:02:09.059+0000] {subprocess.py:86} INFO - Output:
[2024-04-24T20:02:09.063+0000] {subprocess.py:93} INFO - total 96K
[2024-04-24T20:02:09.063+0000] {subprocess.py:93} INFO - drwxr-xr-x    1 root      root   4.0K Apr 24 19:06 [0m[01;34m.[0m
[2024-04-24T20:02:09.063+0000] {subprocess.py:93} INFO - drwxr-xr-x    1 root      root   4.0K Apr 24 19:06 [01;34m..[0m
[2024-04-24T20:02:09.063+0000] {subprocess.py:93} INFO - drwxr-xr-x    3 root      root   4.0K Apr 24 19:06 [01;34m.codespaces[0m
[2024-04-24T20:02:09.063+0000] {subprocess.py:93} INFO - -rwxr-xr-x    1 root      root      0 Apr 24 19:06 [01;32m.dockerenv[0m
[2024-04-24T20:02:09.063+0000] {subprocess.py:93} INFO - lrwxrwxrwx    1 root      root      7 Feb 16 08:22 [01;36mbin[0m -> [01;34musr/bin[0m
[2024-04-24T20:02:09.064+0000] {subprocess.py:93} INFO - drwxr-xr-x    2 root      root   4.0K Apr 15  2020 [01;34mboot[0m
[2024-04-24T20:02:09.064+0000] {subprocess.py:93} INFO - drwxr-xr-x   13 root      root   3.9K Apr 24 19:45 [01;34mdev[0m
[2024-04-24T20:02:09.064+0000] {subprocess.py:93} INFO - drwxr-xr-x    1 root      root   4.0K Apr 24 19:06 [01;34metc[0m
[2024-04-24T20:02:09.064+0000] {subprocess.py:93} INFO - drwxrwsr-x    3 codespace golang 4.0K Apr  3 17:03 [01;34mgo[0m
[2024-04-24T20:02:09.064+0000] {subprocess.py:93} INFO - drwxr-xr-x    1 root      root   4.0K Apr 24 19:06 [01;34mhome[0m
[2024-04-24T20:02:09.064+0000] {subprocess.py:93} INFO - lrwxrwxrwx    1 root      root      7 Feb 16 08:22 [01;36mlib[0m -> [01;34musr/lib[0m
[2024-04-24T20:02:09.064+0000] {subprocess.py:93} INFO - lrwxrwxrwx    1 root      root      9 Feb 16 08:22 [01;36mlib32[0m -> [01;34musr/lib32[0m
[2024-04-24T20:02:09.064+0000] {subprocess.py:93} INFO - lrwxrwxrwx    1 root      root      9 Feb 16 08:22 [01;36mlib64[0m -> [01;34musr/lib64[0m
[2024-04-24T20:02:09.065+0000] {subprocess.py:93} INFO - lrwxrwxrwx    1 root      root     10 Feb 16 08:22 [01;36mlibx32[0m -> [01;34musr/libx32[0m
[2024-04-24T20:02:09.065+0000] {subprocess.py:93} INFO - drwxr-xr-x    2 root      root   4.0K Feb 16 08:23 [01;34mmedia[0m
[2024-04-24T20:02:09.065+0000] {subprocess.py:93} INFO - drwxr-xr-x    2 root      root   4.0K Feb 16 08:23 [01;34mmnt[0m
[2024-04-24T20:02:09.065+0000] {subprocess.py:93} INFO - drwxrwsr-x    1 codespace oryx   4.0K Apr 24 19:06 [01;34mopt[0m
[2024-04-24T20:02:09.065+0000] {subprocess.py:93} INFO - dr-xr-xr-x  248 root      root      0 Apr 24 19:45 [01;34mproc[0m
[2024-04-24T20:02:09.065+0000] {subprocess.py:93} INFO - drwx------    1 root      root   4.0K Apr  3 17:07 [01;34mroot[0m
[2024-04-24T20:02:09.065+0000] {subprocess.py:93} INFO - drwxr-xr-x    1 root      root   4.0K Apr 24 19:46 [01;34mrun[0m
[2024-04-24T20:02:09.066+0000] {subprocess.py:93} INFO - lrwxrwxrwx    1 root      root      8 Feb 16 08:22 [01;36msbin[0m -> [01;34musr/sbin[0m
[2024-04-24T20:02:09.066+0000] {subprocess.py:93} INFO - drwxr-xr-x    2 root      root   4.0K Feb 16 08:23 [01;34msrv[0m
[2024-04-24T20:02:09.066+0000] {subprocess.py:93} INFO - dr-xr-xr-x   12 root      root      0 Apr 24 18:58 [01;34msys[0m
[2024-04-24T20:02:09.066+0000] {subprocess.py:93} INFO - drwxr-xrwt+   3 root      root   4.0K Apr 24 20:02 [30;42mtmp[0m
[2024-04-24T20:02:09.066+0000] {subprocess.py:93} INFO - drwxr-xr-x    1 root      root   4.0K Apr  3 16:50 [01;34musr[0m
[2024-04-24T20:02:09.066+0000] {subprocess.py:93} INFO - drwxr-xr-x    1 root      root   4.0K Apr 24 19:06 [01;34mvar[0m
[2024-04-24T20:02:09.066+0000] {subprocess.py:93} INFO - drwxr-xr-x    5 root      root   4.0K Apr 24 19:00 [01;34mvscode[0m
[2024-04-24T20:02:09.066+0000] {subprocess.py:93} INFO - drwxr-xrwx+   5 codespace root   4.0K Apr 24 19:06 [34;42mworkspaces[0m
[2024-04-24T20:02:09.067+0000] {subprocess.py:93} INFO - https://airflow.apache.org/
[2024-04-24T20:02:09.067+0000] {subprocess.py:93} INFO - some <code>html</code>
[2024-04-24T20:02:09.067+0000] {subprocess.py:97} INFO - Command exited with return code 0
[2024-04-24T20:02:09.068+0000] {taskinstance.py:441} INFO - ::group::Post task execution logs
[2024-04-24T20:02:09.110+0000] {taskinstance.py:1205} INFO - Marking task as SUCCESS. dag_id=example_bash_operator, task_id=run_after_loop, execution_date=20240423T000000, start_date=20240424T200208, end_date=20240424T200209
[2024-04-24T20:02:09.157+0000] {local_task_job_runner.py:240} INFO - Task exited with return code 0
[2024-04-24T20:02:09.167+0000] {taskinstance.py:3482} INFO - 0 downstream tasks scheduled from follow-on schedule check
[2024-04-24T20:02:09.167+0000] {local_task_job_runner.py:222} INFO - ::endgroup::
